-- The C compiler identification is GNU 9.4.0
-- The CXX compiler identification is GNU 9.4.0
-- Check for working C compiler: /usr/bin/cc
-- Check for working C compiler: /usr/bin/cc -- works
-- Detecting C compiler ABI info
-- Detecting C compiler ABI info - done
-- Detecting C compile features
-- Detecting C compile features - done
-- Check for working CXX compiler: /usr/bin/c++
-- Check for working CXX compiler: /usr/bin/c++ -- works
-- Detecting CXX compiler ABI info
-- Detecting CXX compiler ABI info - done
-- Detecting CXX compile features
-- Detecting CXX compile features - done
-- Found ament_cmake: 0.9.11 (/opt/ros/foxy/share/ament_cmake/cmake)
-- Found PythonInterp: /usr/bin/python3 (found suitable version "3.8.10", minimum required is "3") 
-- Using PYTHON_EXECUTABLE: /usr/bin/python3
-- Found rclcpp: 2.4.2 (/opt/ros/foxy/share/rclcpp/cmake)
-- Using all available rosidl_typesupport_c: rosidl_typesupport_fastrtps_c;rosidl_typesupport_introspection_c
-- Found rosidl_adapter: 1.3.0 (/opt/ros/foxy/share/rosidl_adapter/cmake)
-- Found OpenSSL: /usr/lib/aarch64-linux-gnu/libcrypto.so (found version "1.1.1f")  
-- Found FastRTPS: /opt/ros/foxy/include  
-- Using all available rosidl_typesupport_cpp: rosidl_typesupport_fastrtps_cpp;rosidl_typesupport_introspection_cpp
-- Found rmw_implementation_cmake: 1.0.3 (/opt/ros/foxy/share/rmw_implementation_cmake/cmake)
-- Using RMW implementation 'rmw_fastrtps_cpp' as default
-- Looking for pthread.h
-- Looking for pthread.h - found
-- Performing Test CMAKE_HAVE_LIBC_PTHREAD
-- Performing Test CMAKE_HAVE_LIBC_PTHREAD - Failed
-- Looking for pthread_create in pthreads
-- Looking for pthread_create in pthreads - not found
-- Looking for pthread_create in pthread
-- Looking for pthread_create in pthread - found
-- Found Threads: TRUE  
-- Found scion_types: 0.0.0 (/home/mechatronics/master/Mechatronics-2023/ros2_ws/install/scion_types/share/scion_types/cmake)
-- Configuring done
-- Generating done
-- Build files have been written to: /home/mechatronics/master/Mechatronics-2023/ros2_ws/build/pid_node
[35m[1mScanning dependencies of target pid_exec[0m
[ 33%] [32mBuilding CXX object CMakeFiles/pid_exec.dir/src/mbox_can.cpp.o[0m
[ 33%] [32mBuilding CXX object CMakeFiles/pid_exec.dir/home/mechatronics/master/Mechatronics-2023/classes/pid_controller/src/pid_params.cpp.o[0m
[ 66%] [32mBuilding CXX object CMakeFiles/pid_exec.dir/home/mechatronics/master/Mechatronics-2023/classes/pid_controller/src/pid_controller.cpp.o[0m
[ 66%] [32mBuilding CXX object CMakeFiles/pid_exec.dir/home/mechatronics/master/Mechatronics-2023/classes/pid_controller/src/scion_pid_controller.cpp.o[0m
[ 83%] [32mBuilding CXX object CMakeFiles/pid_exec.dir/src/pid_controller_node.cpp.o[0m
[01m[K/home/mechatronics/master/Mechatronics-2023/ros2_ws/src/pid_node/src/pid_controller_node.cpp:187:1:[m[K [01;35m[Kwarning: [m[K"/*" within comment [[01;35m[K-Wcomment[m[K]
  187 | /**
      |  
[01m[K/home/mechatronics/master/Mechatronics-2023/ros2_ws/src/pid_node/src/pid_controller_node.cpp:[m[K In member function ‘[01m[Kvoid Controller::make_CAN_request(std::vector<float>)[m[K’:
[01m[K/home/mechatronics/master/Mechatronics-2023/ros2_ws/src/pid_node/src/pid_controller_node.cpp:171:46:[m[K [01;35m[Kwarning: [m[Knarrowing conversion of ‘[01m[K(thrust0 & 255)[m[K’ from ‘[01m[Kint[m[K’ to ‘[01m[Kunsigned char[m[K’ [[01;35m[K-Wnarrowing[m[K]
  171 |                                     [01;35m[K(thrust0 & 0xFF)[m[K,
      |                                     [01;35m[K~~~~~~~~~^~~~~~~[m[K
[01m[K/home/mechatronics/master/Mechatronics-2023/ros2_ws/src/pid_node/src/pid_controller_node.cpp:172:46:[m[K [01;35m[Kwarning: [m[Knarrowing conversion of ‘[01m[K(thrust1 & 255)[m[K’ from ‘[01m[Kint[m[K’ to ‘[01m[Kunsigned char[m[K’ [[01;35m[K-Wnarrowing[m[K]
  172 |                                     [01;35m[K(thrust1 & 0xFF)[m[K,
      |                                     [01;35m[K~~~~~~~~~^~~~~~~[m[K
[01m[K/home/mechatronics/master/Mechatronics-2023/ros2_ws/src/pid_node/src/pid_controller_node.cpp:173:46:[m[K [01;35m[Kwarning: [m[Knarrowing conversion of ‘[01m[K(thrust2 & 255)[m[K’ from ‘[01m[Kint[m[K’ to ‘[01m[Kunsigned char[m[K’ [[01;35m[K-Wnarrowing[m[K]
  173 |                                     [01;35m[K(thrust2 & 0xFF)[m[K,
      |                                     [01;35m[K~~~~~~~~~^~~~~~~[m[K
[01m[K/home/mechatronics/master/Mechatronics-2023/ros2_ws/src/pid_node/src/pid_controller_node.cpp:174:46:[m[K [01;35m[Kwarning: [m[Knarrowing conversion of ‘[01m[K(thrust3 & 255)[m[K’ from ‘[01m[Kint[m[K’ to ‘[01m[Kunsigned char[m[K’ [[01;35m[K-Wnarrowing[m[K]
  174 |                                     [01;35m[K(thrust3 & 0xFF)[m[K,
      |                                     [01;35m[K~~~~~~~~~^~~~~~~[m[K
[01m[K/home/mechatronics/master/Mechatronics-2023/ros2_ws/src/pid_node/src/pid_controller_node.cpp:175:46:[m[K [01;35m[Kwarning: [m[Knarrowing conversion of ‘[01m[K(thrust4 & 255)[m[K’ from ‘[01m[Kint[m[K’ to ‘[01m[Kunsigned char[m[K’ [[01;35m[K-Wnarrowing[m[K]
  175 |                                     [01;35m[K(thrust4 & 0xFF)[m[K,
      |                                     [01;35m[K~~~~~~~~~^~~~~~~[m[K
[01m[K/home/mechatronics/master/Mechatronics-2023/ros2_ws/src/pid_node/src/pid_controller_node.cpp:176:46:[m[K [01;35m[Kwarning: [m[Knarrowing conversion of ‘[01m[K(thrust5 & 255)[m[K’ from ‘[01m[Kint[m[K’ to ‘[01m[Kunsigned char[m[K’ [[01;35m[K-Wnarrowing[m[K]
  176 |                                     [01;35m[K(thrust5 & 0xFF)[m[K,
      |                                     [01;35m[K~~~~~~~~~^~~~~~~[m[K
[01m[K/home/mechatronics/master/Mechatronics-2023/ros2_ws/src/pid_node/src/pid_controller_node.cpp:177:46:[m[K [01;35m[Kwarning: [m[Knarrowing conversion of ‘[01m[K(thrust6 & 255)[m[K’ from ‘[01m[Kint[m[K’ to ‘[01m[Kunsigned char[m[K’ [[01;35m[K-Wnarrowing[m[K]
  177 |                                     [01;35m[K(thrust6 & 0xFF)[m[K,
      |                                     [01;35m[K~~~~~~~~~^~~~~~~[m[K
[01m[K/home/mechatronics/master/Mechatronics-2023/ros2_ws/src/pid_node/src/pid_controller_node.cpp:178:46:[m[K [01;35m[Kwarning: [m[Knarrowing conversion of ‘[01m[K(thrust7 & 255)[m[K’ from ‘[01m[Kint[m[K’ to ‘[01m[Kunsigned char[m[K’ [[01;35m[K-Wnarrowing[m[K]
  178 |                                     [01;35m[K(thrust7 & 0xFF)[m[K
      |                                     [01;35m[K~~~~~~~~~^~~~~~~[m[K
[100%] [32m[1mLinking CXX executable pid_exec[0m
[100%] Built target pid_exec
-- Install configuration: ""
-- Installing: /home/mechatronics/master/Mechatronics-2023/ros2_ws/install/pid_node/lib/pid_node/pid_exec
-- Set runtime path of "/home/mechatronics/master/Mechatronics-2023/ros2_ws/install/pid_node/lib/pid_node/pid_exec" to ""
-- Installing: /home/mechatronics/master/Mechatronics-2023/ros2_ws/install/pid_node/share/ament_index/resource_index/package_run_dependencies/pid_node
-- Installing: /home/mechatronics/master/Mechatronics-2023/ros2_ws/install/pid_node/share/ament_index/resource_index/parent_prefix_path/pid_node
-- Installing: /home/mechatronics/master/Mechatronics-2023/ros2_ws/install/pid_node/share/pid_node/environment/ament_prefix_path.sh
-- Installing: /home/mechatronics/master/Mechatronics-2023/ros2_ws/install/pid_node/share/pid_node/environment/ament_prefix_path.dsv
-- Installing: /home/mechatronics/master/Mechatronics-2023/ros2_ws/install/pid_node/share/pid_node/environment/path.sh
-- Installing: /home/mechatronics/master/Mechatronics-2023/ros2_ws/install/pid_node/share/pid_node/environment/path.dsv
-- Installing: /home/mechatronics/master/Mechatronics-2023/ros2_ws/install/pid_node/share/pid_node/local_setup.bash
-- Installing: /home/mechatronics/master/Mechatronics-2023/ros2_ws/install/pid_node/share/pid_node/local_setup.sh
-- Installing: /home/mechatronics/master/Mechatronics-2023/ros2_ws/install/pid_node/share/pid_node/local_setup.zsh
-- Installing: /home/mechatronics/master/Mechatronics-2023/ros2_ws/install/pid_node/share/pid_node/local_setup.dsv
-- Installing: /home/mechatronics/master/Mechatronics-2023/ros2_ws/install/pid_node/share/pid_node/package.dsv
-- Installing: /home/mechatronics/master/Mechatronics-2023/ros2_ws/install/pid_node/share/ament_index/resource_index/packages/pid_node
-- Installing: /home/mechatronics/master/Mechatronics-2023/ros2_ws/install/pid_node/share/pid_node/cmake/pid_nodeConfig.cmake
-- Installing: /home/mechatronics/master/Mechatronics-2023/ros2_ws/install/pid_node/share/pid_node/cmake/pid_nodeConfig-version.cmake
-- Installing: /home/mechatronics/master/Mechatronics-2023/ros2_ws/install/pid_node/share/pid_node/package.xml
