[0.078s] Invoking command in '/home/mechatronics/master/Mechatronics-2023/ros2_ws/build/dres_ms5837_decode': CMAKE_PREFIX_PATH=${CMAKE_PREFIX_PATH}:/home/mechatronics/master/Mechatronics-2023/ros2_ws/install/zed_vision_node:/home/mechatronics/master/Mechatronics-2023/ros2_ws/install/ahrs_node:/home/mechatronics/junebug_workspace/install/zed_temp:/home/mechatronics/junebug_workspace/install/zed_imu2:/home/mechatronics/junebug_workspace/install/zed_imu:/home/mechatronics/junebug_workspace/install/top_view_package:/home/mechatronics/junebug_workspace/install/py_pubsub:/home/mechatronics/junebug_workspace/install/object_detection_package:/home/mechatronics/junebug_workspace/install/mapping_package:/home/mechatronics/junebug_workspace/install/depth_package:/home/mechatronics/junebug_workspace/install/controller_translator:/home/mechatronics/junebug_workspace/install/cam_track_package:/home/mechatronics/junebug_workspace/install/body_track_package:/home/mechatronics/junebug_workspace/install/ahr:/opt/ros/foxy /usr/bin/cmake --build /home/mechatronics/master/Mechatronics-2023/ros2_ws/build/dres_ms5837_decode -- -j12 -l12
[0.123s] -- Found ament_cmake: 0.9.11 (/opt/ros/foxy/share/ament_cmake/cmake)
[0.187s] -- Using PYTHON_EXECUTABLE: /usr/bin/python3
[0.569s] -- Found rclcpp: 2.4.2 (/opt/ros/foxy/share/rclcpp/cmake)
[0.623s] -- Using all available rosidl_typesupport_c: rosidl_typesupport_fastrtps_c;rosidl_typesupport_introspection_c
[0.627s] -- Found rosidl_adapter: 1.3.0 (/opt/ros/foxy/share/rosidl_adapter/cmake)
[0.828s] -- Using all available rosidl_typesupport_cpp: rosidl_typesupport_fastrtps_cpp;rosidl_typesupport_introspection_cpp
[0.887s] -- Found rmw_implementation_cmake: 1.0.3 (/opt/ros/foxy/share/rmw_implementation_cmake/cmake)
[0.891s] -- Using RMW implementation 'rmw_fastrtps_cpp' as default
[1.071s] -- Found scion_types: 0.0.0 (/home/mechatronics/master/Mechatronics-2023/ros2_ws/install/scion_types/share/scion_types/cmake)
[1.103s] -- Found can2ros_driver: 0.0.2 (/home/mechatronics/master/Mechatronics-2023/ros2_ws/install/can2ros_driver/share/can2ros_driver/cmake)
[1.205s] -- Configuring done
[1.218s] -- Generating done
[1.218s] -- Build files have been written to: /home/mechatronics/master/Mechatronics-2023/ros2_ws/build/dres_ms5837_decode
[1.304s] [ 25%] [32m[1mLinking CXX executable dres_ms5837_decode[0m
[1.746s] [100%] Built target dres_ms5837_decode
[2.377s] Invoked command in '/home/mechatronics/master/Mechatronics-2023/ros2_ws/build/dres_ms5837_decode' returned '0': CMAKE_PREFIX_PATH=${CMAKE_PREFIX_PATH}:/home/mechatronics/master/Mechatronics-2023/ros2_ws/install/zed_vision_node:/home/mechatronics/master/Mechatronics-2023/ros2_ws/install/ahrs_node:/home/mechatronics/junebug_workspace/install/zed_temp:/home/mechatronics/junebug_workspace/install/zed_imu2:/home/mechatronics/junebug_workspace/install/zed_imu:/home/mechatronics/junebug_workspace/install/top_view_package:/home/mechatronics/junebug_workspace/install/py_pubsub:/home/mechatronics/junebug_workspace/install/object_detection_package:/home/mechatronics/junebug_workspace/install/mapping_package:/home/mechatronics/junebug_workspace/install/depth_package:/home/mechatronics/junebug_workspace/install/controller_translator:/home/mechatronics/junebug_workspace/install/cam_track_package:/home/mechatronics/junebug_workspace/install/body_track_package:/home/mechatronics/junebug_workspace/install/ahr:/opt/ros/foxy /usr/bin/cmake --build /home/mechatronics/master/Mechatronics-2023/ros2_ws/build/dres_ms5837_decode -- -j12 -l12
[2.494s] Invoking command in '/home/mechatronics/master/Mechatronics-2023/ros2_ws/build/dres_ms5837_decode': CMAKE_PREFIX_PATH=${CMAKE_PREFIX_PATH}:/home/mechatronics/master/Mechatronics-2023/ros2_ws/install/zed_vision_node:/home/mechatronics/master/Mechatronics-2023/ros2_ws/install/ahrs_node:/home/mechatronics/junebug_workspace/install/zed_temp:/home/mechatronics/junebug_workspace/install/zed_imu2:/home/mechatronics/junebug_workspace/install/zed_imu:/home/mechatronics/junebug_workspace/install/top_view_package:/home/mechatronics/junebug_workspace/install/py_pubsub:/home/mechatronics/junebug_workspace/install/object_detection_package:/home/mechatronics/junebug_workspace/install/mapping_package:/home/mechatronics/junebug_workspace/install/depth_package:/home/mechatronics/junebug_workspace/install/controller_translator:/home/mechatronics/junebug_workspace/install/cam_track_package:/home/mechatronics/junebug_workspace/install/body_track_package:/home/mechatronics/junebug_workspace/install/ahr:/opt/ros/foxy /usr/bin/cmake --install /home/mechatronics/master/Mechatronics-2023/ros2_ws/build/dres_ms5837_decode
[2.528s] -- Install configuration: ""
[2.528s] -- Installing: /home/mechatronics/master/Mechatronics-2023/ros2_ws/install/dres_ms5837_decode/lib/dres_ms5837_decode/dres_ms5837_decode
[2.529s] -- Set runtime path of "/home/mechatronics/master/Mechatronics-2023/ros2_ws/install/dres_ms5837_decode/lib/dres_ms5837_decode/dres_ms5837_decode" to ""
[2.529s] -- Up-to-date: /home/mechatronics/master/Mechatronics-2023/ros2_ws/install/dres_ms5837_decode/share/ament_index/resource_index/package_run_dependencies/dres_ms5837_decode
[2.529s] -- Up-to-date: /home/mechatronics/master/Mechatronics-2023/ros2_ws/install/dres_ms5837_decode/share/ament_index/resource_index/parent_prefix_path/dres_ms5837_decode
[2.530s] -- Up-to-date: /home/mechatronics/master/Mechatronics-2023/ros2_ws/install/dres_ms5837_decode/share/dres_ms5837_decode/environment/ament_prefix_path.sh
[2.530s] -- Installing: /home/mechatronics/master/Mechatronics-2023/ros2_ws/install/dres_ms5837_decode/share/dres_ms5837_decode/environment/ament_prefix_path.dsv
[2.530s] -- Up-to-date: /home/mechatronics/master/Mechatronics-2023/ros2_ws/install/dres_ms5837_decode/share/dres_ms5837_decode/environment/path.sh
[2.530s] -- Installing: /home/mechatronics/master/Mechatronics-2023/ros2_ws/install/dres_ms5837_decode/share/dres_ms5837_decode/environment/path.dsv
[2.530s] -- Up-to-date: /home/mechatronics/master/Mechatronics-2023/ros2_ws/install/dres_ms5837_decode/share/dres_ms5837_decode/local_setup.bash
[2.530s] -- Up-to-date: /home/mechatronics/master/Mechatronics-2023/ros2_ws/install/dres_ms5837_decode/share/dres_ms5837_decode/local_setup.sh
[2.530s] -- Up-to-date: /home/mechatronics/master/Mechatronics-2023/ros2_ws/install/dres_ms5837_decode/share/dres_ms5837_decode/local_setup.zsh
[2.530s] -- Installing: /home/mechatronics/master/Mechatronics-2023/ros2_ws/install/dres_ms5837_decode/share/dres_ms5837_decode/local_setup.dsv
[2.530s] -- Installing: /home/mechatronics/master/Mechatronics-2023/ros2_ws/install/dres_ms5837_decode/share/dres_ms5837_decode/package.dsv
[2.531s] -- Up-to-date: /home/mechatronics/master/Mechatronics-2023/ros2_ws/install/dres_ms5837_decode/share/ament_index/resource_index/packages/dres_ms5837_decode
[2.531s] -- Up-to-date: /home/mechatronics/master/Mechatronics-2023/ros2_ws/install/dres_ms5837_decode/share/dres_ms5837_decode/cmake/dres_ms5837_decodeConfig.cmake
[2.531s] -- Up-to-date: /home/mechatronics/master/Mechatronics-2023/ros2_ws/install/dres_ms5837_decode/share/dres_ms5837_decode/cmake/dres_ms5837_decodeConfig-version.cmake
[2.531s] -- Up-to-date: /home/mechatronics/master/Mechatronics-2023/ros2_ws/install/dres_ms5837_decode/share/dres_ms5837_decode/package.xml
[2.559s] Invoked command in '/home/mechatronics/master/Mechatronics-2023/ros2_ws/build/dres_ms5837_decode' returned '0': CMAKE_PREFIX_PATH=${CMAKE_PREFIX_PATH}:/home/mechatronics/master/Mechatronics-2023/ros2_ws/install/zed_vision_node:/home/mechatronics/master/Mechatronics-2023/ros2_ws/install/ahrs_node:/home/mechatronics/junebug_workspace/install/zed_temp:/home/mechatronics/junebug_workspace/install/zed_imu2:/home/mechatronics/junebug_workspace/install/zed_imu:/home/mechatronics/junebug_workspace/install/top_view_package:/home/mechatronics/junebug_workspace/install/py_pubsub:/home/mechatronics/junebug_workspace/install/object_detection_package:/home/mechatronics/junebug_workspace/install/mapping_package:/home/mechatronics/junebug_workspace/install/depth_package:/home/mechatronics/junebug_workspace/install/controller_translator:/home/mechatronics/junebug_workspace/install/cam_track_package:/home/mechatronics/junebug_workspace/install/body_track_package:/home/mechatronics/junebug_workspace/install/ahr:/opt/ros/foxy /usr/bin/cmake --install /home/mechatronics/master/Mechatronics-2023/ros2_ws/build/dres_ms5837_decode
