[0.040s] Invoking command in '/home/mechatronics/master/Mechatronics-2023/ros2_ws/build/scion_types': CMAKE_PREFIX_PATH=${CMAKE_PREFIX_PATH}:/home/mechatronics/master/Mechatronics-2023/ros2_ws/install/zed_vision_node:/home/mechatronics/master/Mechatronics-2023/ros2_ws/install/ahrs_node:/home/mechatronics/junebug_workspace/install/zed_temp:/home/mechatronics/junebug_workspace/install/zed_imu2:/home/mechatronics/junebug_workspace/install/zed_imu:/home/mechatronics/junebug_workspace/install/top_view_package:/home/mechatronics/junebug_workspace/install/py_pubsub:/home/mechatronics/junebug_workspace/install/object_detection_package:/home/mechatronics/junebug_workspace/install/mapping_package:/home/mechatronics/junebug_workspace/install/depth_package:/home/mechatronics/junebug_workspace/install/controller_translator:/home/mechatronics/junebug_workspace/install/cam_track_package:/home/mechatronics/junebug_workspace/install/body_track_package:/home/mechatronics/junebug_workspace/install/ahr:/opt/ros/foxy /usr/bin/cmake /home/mechatronics/master/Mechatronics-2023/ros2_ws/src/scion_types -DCMAKE_INSTALL_PREFIX=/home/mechatronics/master/Mechatronics-2023/ros2_ws/install/scion_types
[0.135s] -- The C compiler identification is GNU 9.4.0
[0.224s] -- The CXX compiler identification is GNU 9.4.0
[0.232s] -- Check for working C compiler: /usr/bin/cc
[0.360s] -- Check for working C compiler: /usr/bin/cc -- works
[0.361s] -- Detecting C compiler ABI info
[0.477s] -- Detecting C compiler ABI info - done
[0.506s] -- Detecting C compile features
[0.507s] -- Detecting C compile features - done
[0.512s] -- Check for working CXX compiler: /usr/bin/c++
[0.653s] -- Check for working CXX compiler: /usr/bin/c++ -- works
[0.654s] -- Detecting CXX compiler ABI info
[0.791s] -- Detecting CXX compiler ABI info - done
[0.822s] -- Detecting CXX compile features
[0.823s] -- Detecting CXX compile features - done
[0.834s] -- Found ament_cmake: 0.9.11 (/opt/ros/foxy/share/ament_cmake/cmake)
[0.903s] -- Found PythonInterp: /usr/bin/python3 (found suitable version "3.8.10", minimum required is "3") 
[0.903s] -- Using PYTHON_EXECUTABLE: /usr/bin/python3
[1.335s] -- Found rclcpp: 2.4.2 (/opt/ros/foxy/share/rclcpp/cmake)
[1.435s] -- Using all available rosidl_typesupport_c: rosidl_typesupport_fastrtps_c;rosidl_typesupport_introspection_c
[1.454s] -- Found rosidl_adapter: 1.3.0 (/opt/ros/foxy/share/rosidl_adapter/cmake)
[1.633s] -- Found OpenSSL: /usr/lib/aarch64-linux-gnu/libcrypto.so (found version "1.1.1f")  
[1.683s] -- Found FastRTPS: /opt/ros/foxy/include  
[1.826s] -- Using all available rosidl_typesupport_cpp: rosidl_typesupport_fastrtps_cpp;rosidl_typesupport_introspection_cpp
[1.924s] -- Found rmw_implementation_cmake: 1.0.3 (/opt/ros/foxy/share/rmw_implementation_cmake/cmake)
[1.928s] -- Using RMW implementation 'rmw_fastrtps_cpp' as default
[1.930s] -- Looking for pthread.h
[2.055s] -- Looking for pthread.h - found
[2.055s] -- Performing Test CMAKE_HAVE_LIBC_PTHREAD
[2.194s] -- Performing Test CMAKE_HAVE_LIBC_PTHREAD - Failed
[2.195s] -- Looking for pthread_create in pthreads
[2.305s] -- Looking for pthread_create in pthreads - not found
[2.306s] -- Looking for pthread_create in pthread
[2.447s] -- Looking for pthread_create in pthread - found
[2.451s] -- Found Threads: TRUE  
[2.691s] -- Found geometry_msgs: 2.0.5 (/opt/ros/foxy/share/geometry_msgs/cmake)
[2.738s] -- Found shape_msgs: 2.0.5 (/opt/ros/foxy/share/shape_msgs/cmake)
[2.820s] -- Found rosidl_default_generators: 1.0.1 (/opt/ros/foxy/share/rosidl_default_generators/cmake)
[2.901s] -- Found PythonInterp: /usr/bin/python3 (found version "3.8.10") 
[3.154s] -- Found ament_cmake_ros: 0.9.2 (/opt/ros/foxy/share/ament_cmake_ros/cmake)
[3.341s] -- Using all available rosidl_typesupport_c: rosidl_typesupport_fastrtps_c;rosidl_typesupport_introspection_c
[3.357s] -- Using all available rosidl_typesupport_cpp: rosidl_typesupport_fastrtps_cpp;rosidl_typesupport_introspection_cpp
[3.417s] -- Found PythonInterp: /usr/bin/python3 (found suitable version "3.8.10", minimum required is "3.5") 
[3.422s] -- Found python_cmake_module: 0.8.1 (/opt/ros/foxy/share/python_cmake_module/cmake)
[3.488s] -- Found PythonLibs: /usr/lib/aarch64-linux-gnu/libpython3.8.so (found suitable version "3.8.10", minimum required is "3.5") 
[3.488s] -- Using PYTHON_EXECUTABLE: /usr/bin/python3
[3.489s] -- Using PYTHON_INCLUDE_DIRS: /usr/include/python3.8
[3.489s] -- Using PYTHON_LIBRARIES: /usr/lib/aarch64-linux-gnu/libpython3.8.so
[3.542s] -- Found PythonExtra: .so  
[3.651s] -- Configuring done
[3.705s] -- Generating done
[3.709s] -- Build files have been written to: /home/mechatronics/master/Mechatronics-2023/ros2_ws/build/scion_types
[3.730s] Invoked command in '/home/mechatronics/master/Mechatronics-2023/ros2_ws/build/scion_types' returned '0': CMAKE_PREFIX_PATH=${CMAKE_PREFIX_PATH}:/home/mechatronics/master/Mechatronics-2023/ros2_ws/install/zed_vision_node:/home/mechatronics/master/Mechatronics-2023/ros2_ws/install/ahrs_node:/home/mechatronics/junebug_workspace/install/zed_temp:/home/mechatronics/junebug_workspace/install/zed_imu2:/home/mechatronics/junebug_workspace/install/zed_imu:/home/mechatronics/junebug_workspace/install/top_view_package:/home/mechatronics/junebug_workspace/install/py_pubsub:/home/mechatronics/junebug_workspace/install/object_detection_package:/home/mechatronics/junebug_workspace/install/mapping_package:/home/mechatronics/junebug_workspace/install/depth_package:/home/mechatronics/junebug_workspace/install/controller_translator:/home/mechatronics/junebug_workspace/install/cam_track_package:/home/mechatronics/junebug_workspace/install/body_track_package:/home/mechatronics/junebug_workspace/install/ahr:/opt/ros/foxy /usr/bin/cmake /home/mechatronics/master/Mechatronics-2023/ros2_ws/src/scion_types -DCMAKE_INSTALL_PREFIX=/home/mechatronics/master/Mechatronics-2023/ros2_ws/install/scion_types
[3.736s] Invoking command in '/home/mechatronics/master/Mechatronics-2023/ros2_ws/build/scion_types': CMAKE_PREFIX_PATH=${CMAKE_PREFIX_PATH}:/home/mechatronics/master/Mechatronics-2023/ros2_ws/install/zed_vision_node:/home/mechatronics/master/Mechatronics-2023/ros2_ws/install/ahrs_node:/home/mechatronics/junebug_workspace/install/zed_temp:/home/mechatronics/junebug_workspace/install/zed_imu2:/home/mechatronics/junebug_workspace/install/zed_imu:/home/mechatronics/junebug_workspace/install/top_view_package:/home/mechatronics/junebug_workspace/install/py_pubsub:/home/mechatronics/junebug_workspace/install/object_detection_package:/home/mechatronics/junebug_workspace/install/mapping_package:/home/mechatronics/junebug_workspace/install/depth_package:/home/mechatronics/junebug_workspace/install/controller_translator:/home/mechatronics/junebug_workspace/install/cam_track_package:/home/mechatronics/junebug_workspace/install/body_track_package:/home/mechatronics/junebug_workspace/install/ahr:/opt/ros/foxy /usr/bin/cmake --build /home/mechatronics/master/Mechatronics-2023/ros2_ws/build/scion_types -- -j12 -l12
[3.817s] [  1%] [34m[1mGenerating C code for ROS interfaces[0m
[3.817s] [35m[1mScanning dependencies of target scion_types__cpp[0m
[3.840s] [  3%] [34m[1mGenerating C++ code for ROS interfaces[0m
[4.411s] [  3%] Built target scion_types__cpp
[4.431s] [  4%] [34m[1mGenerating C++ type support for eProsima Fast-RTPS[0m
[4.431s] [  6%] [34m[1mGenerating C++ type support dispatch for ROS interfaces[0m
[4.438s] [  7%] [34m[1mGenerating C++ introspection for ROS interfaces[0m
[4.466s] [35m[1mScanning dependencies of target scion_types__rosidl_generator_c[0m
[4.492s] [ 14%] [32mBuilding C object CMakeFiles/scion_types__rosidl_generator_c.dir/rosidl_generator_c/scion_types/msg/detail/can_frame__functions.c.o[0m
[4.492s] [ 14%] [32mBuilding C object CMakeFiles/scion_types__rosidl_generator_c.dir/rosidl_generator_c/scion_types/msg/detail/desired_state__functions.c.o[0m
[4.492s] [ 15%] [32mBuilding C object CMakeFiles/scion_types__rosidl_generator_c.dir/rosidl_generator_c/scion_types/srv/detail/send_frame__functions.c.o[0m
[4.493s] [ 15%] [32mBuilding C object CMakeFiles/scion_types__rosidl_generator_c.dir/rosidl_generator_c/scion_types/msg/detail/orientation__functions.c.o[0m
[4.493s] [ 15%] [32mBuilding C object CMakeFiles/scion_types__rosidl_generator_c.dir/rosidl_generator_c/scion_types/msg/detail/position__functions.c.o[0m
[4.589s] [ 17%] [32m[1mLinking C shared library libscion_types__rosidl_generator_c.so[0m
[4.647s] [ 17%] Built target scion_types__rosidl_generator_c
[4.667s] [ 20%] [34m[1mGenerating C type support dispatch for ROS interfaces[0m
[4.668s] [ 20%] [34m[1mGenerating C introspection for ROS interfaces[0m
[4.870s] [35m[1mScanning dependencies of target scion_types__rosidl_typesupport_cpp[0m
[4.894s] [ 25%] [32mBuilding CXX object CMakeFiles/scion_types__rosidl_typesupport_cpp.dir/rosidl_typesupport_cpp/scion_types/msg/desired_state__type_support.cpp.o[0m
[4.895s] [ 25%] [32mBuilding CXX object CMakeFiles/scion_types__rosidl_typesupport_cpp.dir/rosidl_typesupport_cpp/scion_types/srv/send_frame__type_support.cpp.o[0m
[4.895s] [ 26%] [32mBuilding CXX object CMakeFiles/scion_types__rosidl_typesupport_cpp.dir/rosidl_typesupport_cpp/scion_types/msg/orientation__type_support.cpp.o[0m
[4.895s] [ 28%] [32mBuilding CXX object CMakeFiles/scion_types__rosidl_typesupport_cpp.dir/rosidl_typesupport_cpp/scion_types/msg/can_frame__type_support.cpp.o[0m
[4.895s] [ 28%] [32mBuilding CXX object CMakeFiles/scion_types__rosidl_typesupport_cpp.dir/rosidl_typesupport_cpp/scion_types/msg/position__type_support.cpp.o[0m
[4.980s] [35m[1mScanning dependencies of target scion_types__rosidl_typesupport_introspection_cpp[0m
[5.007s] [ 30%] [32mBuilding CXX object CMakeFiles/scion_types__rosidl_typesupport_introspection_cpp.dir/rosidl_typesupport_introspection_cpp/scion_types/msg/detail/can_frame__type_support.cpp.o[0m
[5.024s] [ 33%] [32mBuilding CXX object CMakeFiles/scion_types__rosidl_typesupport_introspection_cpp.dir/rosidl_typesupport_introspection_cpp/scion_types/msg/detail/orientation__type_support.cpp.o[0m
[5.025s] [ 33%] [32mBuilding CXX object CMakeFiles/scion_types__rosidl_typesupport_introspection_cpp.dir/rosidl_typesupport_introspection_cpp/scion_types/msg/detail/desired_state__type_support.cpp.o[0m
[5.030s] [ 34%] [32mBuilding CXX object CMakeFiles/scion_types__rosidl_typesupport_introspection_cpp.dir/rosidl_typesupport_introspection_cpp/scion_types/msg/detail/position__type_support.cpp.o[0m
[5.043s] [35m[1mScanning dependencies of target scion_types__rosidl_typesupport_fastrtps_cpp[0m
[5.104s] [ 36%] [32mBuilding CXX object CMakeFiles/scion_types__rosidl_typesupport_fastrtps_cpp.dir/rosidl_typesupport_fastrtps_cpp/scion_types/msg/detail/dds_fastrtps/can_frame__type_support.cpp.o[0m
[5.187s] [35m[1mScanning dependencies of target scion_types__rosidl_typesupport_c[0m
[5.232s] [ 38%] [32mBuilding CXX object CMakeFiles/scion_types__rosidl_typesupport_c.dir/rosidl_typesupport_c/scion_types/msg/can_frame__type_support.cpp.o[0m
[5.290s] [ 39%] [32mBuilding CXX object CMakeFiles/scion_types__rosidl_typesupport_c.dir/rosidl_typesupport_c/scion_types/msg/orientation__type_support.cpp.o[0m
[5.355s] [ 41%] [32mBuilding CXX object CMakeFiles/scion_types__rosidl_typesupport_c.dir/rosidl_typesupport_c/scion_types/msg/desired_state__type_support.cpp.o[0m
[5.370s] [ 42%] [32mBuilding CXX object CMakeFiles/scion_types__rosidl_typesupport_c.dir/rosidl_typesupport_c/scion_types/msg/position__type_support.cpp.o[0m
[5.376s] [ 44%] [32mBuilding CXX object CMakeFiles/scion_types__rosidl_typesupport_introspection_cpp.dir/rosidl_typesupport_introspection_cpp/scion_types/srv/detail/send_frame__type_support.cpp.o[0m
[5.380s] [ 46%] [32mBuilding CXX object CMakeFiles/scion_types__rosidl_typesupport_c.dir/rosidl_typesupport_c/scion_types/srv/send_frame__type_support.cpp.o[0m
[5.388s] [ 47%] [32mBuilding CXX object CMakeFiles/scion_types__rosidl_typesupport_fastrtps_cpp.dir/rosidl_typesupport_fastrtps_cpp/scion_types/msg/detail/dds_fastrtps/orientation__type_support.cpp.o[0m
[5.389s] [ 49%] [32m[1mLinking CXX shared library libscion_types__rosidl_typesupport_cpp.so[0m
[5.393s] [35m[1mScanning dependencies of target scion_types__rosidl_typesupport_introspection_c[0m
[5.414s] [ 50%] [32mBuilding CXX object CMakeFiles/scion_types__rosidl_typesupport_fastrtps_cpp.dir/rosidl_typesupport_fastrtps_cpp/scion_types/msg/detail/dds_fastrtps/desired_state__type_support.cpp.o[0m
[5.424s] [ 52%] [32mBuilding C object CMakeFiles/scion_types__rosidl_typesupport_introspection_c.dir/rosidl_typesupport_introspection_c/scion_types/msg/detail/can_frame__type_support.c.o[0m
[5.435s] [ 53%] [32mBuilding C object CMakeFiles/scion_types__rosidl_typesupport_introspection_c.dir/rosidl_typesupport_introspection_c/scion_types/msg/detail/orientation__type_support.c.o[0m
[5.453s] [ 55%] [32m[1mLinking CXX shared library libscion_types__rosidl_typesupport_c.so[0m
[5.476s] [ 55%] Built target scion_types__rosidl_typesupport_cpp
[5.491s] [ 57%] [32mBuilding C object CMakeFiles/scion_types__rosidl_typesupport_introspection_c.dir/rosidl_typesupport_introspection_c/scion_types/msg/detail/desired_state__type_support.c.o[0m
[5.496s] [ 58%] [32mBuilding C object CMakeFiles/scion_types__rosidl_typesupport_introspection_c.dir/rosidl_typesupport_introspection_c/scion_types/msg/detail/position__type_support.c.o[0m
[5.500s] [ 60%] [32mBuilding C object CMakeFiles/scion_types__rosidl_typesupport_introspection_c.dir/rosidl_typesupport_introspection_c/scion_types/srv/detail/send_frame__type_support.c.o[0m
[5.527s] [ 61%] [32mBuilding CXX object CMakeFiles/scion_types__rosidl_typesupport_fastrtps_cpp.dir/rosidl_typesupport_fastrtps_cpp/scion_types/msg/detail/dds_fastrtps/position__type_support.cpp.o[0m
[5.543s] [ 61%] Built target scion_types__rosidl_typesupport_c
[5.559s] [ 63%] [32mBuilding CXX object CMakeFiles/scion_types__rosidl_typesupport_fastrtps_cpp.dir/rosidl_typesupport_fastrtps_cpp/scion_types/srv/detail/dds_fastrtps/send_frame__type_support.cpp.o[0m
[5.568s] [ 65%] [32m[1mLinking C shared library libscion_types__rosidl_typesupport_introspection_c.so[0m
[5.623s] [ 65%] Built target scion_types__rosidl_typesupport_introspection_c
[5.872s] [ 66%] [32m[1mLinking CXX shared library libscion_types__rosidl_typesupport_introspection_cpp.so[0m
[5.996s] [ 66%] Built target scion_types__rosidl_typesupport_introspection_cpp
[6.257s] [ 68%] [32m[1mLinking CXX shared library libscion_types__rosidl_typesupport_fastrtps_cpp.so[0m
[6.390s] [ 68%] Built target scion_types__rosidl_typesupport_fastrtps_cpp
[6.410s] [ 69%] [34m[1mGenerating C type support for eProsima Fast-RTPS[0m
[6.934s] [35m[1mScanning dependencies of target scion_types__rosidl_typesupport_fastrtps_c[0m
[6.966s] [ 77%] [32mBuilding CXX object CMakeFiles/scion_types__rosidl_typesupport_fastrtps_c.dir/rosidl_typesupport_fastrtps_c/scion_types/msg/detail/can_frame__type_support_c.cpp.o[0m
[6.966s] [ 77%] [32mBuilding CXX object CMakeFiles/scion_types__rosidl_typesupport_fastrtps_c.dir/rosidl_typesupport_fastrtps_c/scion_types/msg/detail/desired_state__type_support_c.cpp.o[0m
[6.967s] [ 77%] [32mBuilding CXX object CMakeFiles/scion_types__rosidl_typesupport_fastrtps_c.dir/rosidl_typesupport_fastrtps_c/scion_types/msg/detail/position__type_support_c.cpp.o[0m
[6.967s] [ 77%] [32mBuilding CXX object CMakeFiles/scion_types__rosidl_typesupport_fastrtps_c.dir/rosidl_typesupport_fastrtps_c/scion_types/msg/detail/orientation__type_support_c.cpp.o[0m
[6.967s] [ 77%] [32mBuilding CXX object CMakeFiles/scion_types__rosidl_typesupport_fastrtps_c.dir/rosidl_typesupport_fastrtps_c/scion_types/srv/detail/send_frame__type_support_c.cpp.o[0m
[7.557s] [ 79%] [32m[1mLinking CXX shared library libscion_types__rosidl_typesupport_fastrtps_c.so[0m
[7.691s] [ 79%] Built target scion_types__rosidl_typesupport_fastrtps_c
[7.712s] [35m[1mScanning dependencies of target scion_types[0m
[7.735s] [ 79%] Built target scion_types
[7.755s] [35m[1mScanning dependencies of target scion_types__py[0m
[7.775s] [ 80%] [34m[1mGenerating Python code for ROS interfaces[0m
[8.772s] [ 80%] Built target scion_types__py
[8.793s] [35m[1mScanning dependencies of target scion_types__python[0m
[8.836s] [ 85%] [32mBuilding C object CMakeFiles/scion_types__python.dir/rosidl_generator_py/scion_types/msg/_desired_state_s.c.o[0m
[8.836s] [ 85%] [32mBuilding C object CMakeFiles/scion_types__python.dir/rosidl_generator_py/scion_types/msg/_can_frame_s.c.o[0m
[8.836s] [ 85%] [32mBuilding C object CMakeFiles/scion_types__python.dir/rosidl_generator_py/scion_types/msg/_orientation_s.c.o[0m
[8.839s] [ 88%] [32mBuilding C object CMakeFiles/scion_types__python.dir/rosidl_generator_py/scion_types/srv/_send_frame_s.c.o[0m
[8.839s] [ 88%] [32mBuilding C object CMakeFiles/scion_types__python.dir/rosidl_generator_py/scion_types/msg/_position_s.c.o[0m
[8.994s] [ 90%] [32m[1mLinking C shared library rosidl_generator_py/scion_types/libscion_types__python.so[0m
[9.076s] [ 90%] Built target scion_types__python
[9.095s] [35m[1mScanning dependencies of target scion_types__rosidl_typesupport_fastrtps_c__pyext[0m
[9.095s] [35m[1mScanning dependencies of target scion_types__rosidl_typesupport_c__pyext[0m
[9.095s] [35m[1mScanning dependencies of target scion_types__rosidl_typesupport_introspection_c__pyext[0m
[9.128s] [ 93%] [32mBuilding C object CMakeFiles/scion_types__rosidl_typesupport_fastrtps_c__pyext.dir/rosidl_generator_py/scion_types/_scion_types_s.ep.rosidl_typesupport_fastrtps_c.c.o[0m
[9.128s] [ 93%] [32mBuilding C object CMakeFiles/scion_types__rosidl_typesupport_introspection_c__pyext.dir/rosidl_generator_py/scion_types/_scion_types_s.ep.rosidl_typesupport_introspection_c.c.o[0m
[9.128s] [ 95%] [32mBuilding C object CMakeFiles/scion_types__rosidl_typesupport_c__pyext.dir/rosidl_generator_py/scion_types/_scion_types_s.ep.rosidl_typesupport_c.c.o[0m
[9.272s] [ 98%] [32m[1mLinking C shared library rosidl_generator_py/scion_types/scion_types_s__rosidl_typesupport_c.cpython-38-aarch64-linux-gnu.so[0m
[9.272s] [ 98%] [32m[1mLinking C shared library rosidl_generator_py/scion_types/scion_types_s__rosidl_typesupport_introspection_c.cpython-38-aarch64-linux-gnu.so[0m
[9.273s] [100%] [32m[1mLinking CXX shared library rosidl_generator_py/scion_types/scion_types_s__rosidl_typesupport_fastrtps_c.cpython-38-aarch64-linux-gnu.so[0m
[9.328s] [100%] Built target scion_types__rosidl_typesupport_c__pyext
[9.328s] [100%] Built target scion_types__rosidl_typesupport_introspection_c__pyext
[9.366s] [100%] Built target scion_types__rosidl_typesupport_fastrtps_c__pyext
[9.390s] Invoked command in '/home/mechatronics/master/Mechatronics-2023/ros2_ws/build/scion_types' returned '0': CMAKE_PREFIX_PATH=${CMAKE_PREFIX_PATH}:/home/mechatronics/master/Mechatronics-2023/ros2_ws/install/zed_vision_node:/home/mechatronics/master/Mechatronics-2023/ros2_ws/install/ahrs_node:/home/mechatronics/junebug_workspace/install/zed_temp:/home/mechatronics/junebug_workspace/install/zed_imu2:/home/mechatronics/junebug_workspace/install/zed_imu:/home/mechatronics/junebug_workspace/install/top_view_package:/home/mechatronics/junebug_workspace/install/py_pubsub:/home/mechatronics/junebug_workspace/install/object_detection_package:/home/mechatronics/junebug_workspace/install/mapping_package:/home/mechatronics/junebug_workspace/install/depth_package:/home/mechatronics/junebug_workspace/install/controller_translator:/home/mechatronics/junebug_workspace/install/cam_track_package:/home/mechatronics/junebug_workspace/install/body_track_package:/home/mechatronics/junebug_workspace/install/ahr:/opt/ros/foxy /usr/bin/cmake --build /home/mechatronics/master/Mechatronics-2023/ros2_ws/build/scion_types -- -j12 -l12
[9.613s] Invoking command in '/home/mechatronics/master/Mechatronics-2023/ros2_ws/build/scion_types': CMAKE_PREFIX_PATH=${CMAKE_PREFIX_PATH}:/home/mechatronics/master/Mechatronics-2023/ros2_ws/install/zed_vision_node:/home/mechatronics/master/Mechatronics-2023/ros2_ws/install/ahrs_node:/home/mechatronics/junebug_workspace/install/zed_temp:/home/mechatronics/junebug_workspace/install/zed_imu2:/home/mechatronics/junebug_workspace/install/zed_imu:/home/mechatronics/junebug_workspace/install/top_view_package:/home/mechatronics/junebug_workspace/install/py_pubsub:/home/mechatronics/junebug_workspace/install/object_detection_package:/home/mechatronics/junebug_workspace/install/mapping_package:/home/mechatronics/junebug_workspace/install/depth_package:/home/mechatronics/junebug_workspace/install/controller_translator:/home/mechatronics/junebug_workspace/install/cam_track_package:/home/mechatronics/junebug_workspace/install/body_track_package:/home/mechatronics/junebug_workspace/install/ahr:/opt/ros/foxy /usr/bin/cmake --install /home/mechatronics/master/Mechatronics-2023/ros2_ws/build/scion_types
[9.632s] -- Install configuration: ""
[9.632s] -- Installing: /home/mechatronics/master/Mechatronics-2023/ros2_ws/install/scion_types/share/ament_index/resource_index/rosidl_interfaces/scion_types
[9.632s] -- Installing: /home/mechatronics/master/Mechatronics-2023/ros2_ws/install/scion_types/include/scion_types
[9.633s] -- Installing: /home/mechatronics/master/Mechatronics-2023/ros2_ws/install/scion_types/include/scion_types/srv
[9.633s] -- Installing: /home/mechatronics/master/Mechatronics-2023/ros2_ws/install/scion_types/include/scion_types/srv/send_frame.h
[9.633s] -- Installing: /home/mechatronics/master/Mechatronics-2023/ros2_ws/install/scion_types/include/scion_types/srv/detail
[9.633s] -- Installing: /home/mechatronics/master/Mechatronics-2023/ros2_ws/install/scion_types/include/scion_types/srv/detail/send_frame__functions.c
[9.633s] -- Installing: /home/mechatronics/master/Mechatronics-2023/ros2_ws/install/scion_types/include/scion_types/srv/detail/send_frame__struct.h
[9.633s] -- Installing: /home/mechatronics/master/Mechatronics-2023/ros2_ws/install/scion_types/include/scion_types/srv/detail/send_frame__functions.h
[9.634s] -- Installing: /home/mechatronics/master/Mechatronics-2023/ros2_ws/install/scion_types/include/scion_types/srv/detail/send_frame__type_support.h
[9.634s] -- Installing: /home/mechatronics/master/Mechatronics-2023/ros2_ws/install/scion_types/include/scion_types/msg
[9.634s] -- Installing: /home/mechatronics/master/Mechatronics-2023/ros2_ws/install/scion_types/include/scion_types/msg/can_frame.h
[9.634s] -- Installing: /home/mechatronics/master/Mechatronics-2023/ros2_ws/install/scion_types/include/scion_types/msg/rosidl_generator_c__visibility_control.h
[9.634s] -- Installing: /home/mechatronics/master/Mechatronics-2023/ros2_ws/install/scion_types/include/scion_types/msg/detail
[9.634s] -- Installing: /home/mechatronics/master/Mechatronics-2023/ros2_ws/install/scion_types/include/scion_types/msg/detail/desired_state__functions.h
[9.635s] -- Installing: /home/mechatronics/master/Mechatronics-2023/ros2_ws/install/scion_types/include/scion_types/msg/detail/can_frame__functions.h
[9.635s] -- Installing: /home/mechatronics/master/Mechatronics-2023/ros2_ws/install/scion_types/include/scion_types/msg/detail/desired_state__struct.h
[9.635s] -- Installing: /home/mechatronics/master/Mechatronics-2023/ros2_ws/install/scion_types/include/scion_types/msg/detail/position__type_support.h
[9.635s] -- Installing: /home/mechatronics/master/Mechatronics-2023/ros2_ws/install/scion_types/include/scion_types/msg/detail/position__struct.h
[9.635s] -- Installing: /home/mechatronics/master/Mechatronics-2023/ros2_ws/install/scion_types/include/scion_types/msg/detail/can_frame__functions.c
[9.635s] -- Installing: /home/mechatronics/master/Mechatronics-2023/ros2_ws/install/scion_types/include/scion_types/msg/detail/can_frame__type_support.h
[9.635s] -- Installing: /home/mechatronics/master/Mechatronics-2023/ros2_ws/install/scion_types/include/scion_types/msg/detail/can_frame__struct.h
[9.636s] -- Installing: /home/mechatronics/master/Mechatronics-2023/ros2_ws/install/scion_types/include/scion_types/msg/detail/orientation__struct.h
[9.636s] -- Installing: /home/mechatronics/master/Mechatronics-2023/ros2_ws/install/scion_types/include/scion_types/msg/detail/desired_state__functions.c
[9.636s] -- Installing: /home/mechatronics/master/Mechatronics-2023/ros2_ws/install/scion_types/include/scion_types/msg/detail/orientation__type_support.h
[9.636s] -- Installing: /home/mechatronics/master/Mechatronics-2023/ros2_ws/install/scion_types/include/scion_types/msg/detail/position__functions.h
[9.636s] -- Installing: /home/mechatronics/master/Mechatronics-2023/ros2_ws/install/scion_types/include/scion_types/msg/detail/position__functions.c
[9.636s] -- Installing: /home/mechatronics/master/Mechatronics-2023/ros2_ws/install/scion_types/include/scion_types/msg/detail/orientation__functions.h
[9.637s] -- Installing: /home/mechatronics/master/Mechatronics-2023/ros2_ws/install/scion_types/include/scion_types/msg/detail/orientation__functions.c
[9.637s] -- Installing: /home/mechatronics/master/Mechatronics-2023/ros2_ws/install/scion_types/include/scion_types/msg/detail/desired_state__type_support.h
[9.637s] -- Installing: /home/mechatronics/master/Mechatronics-2023/ros2_ws/install/scion_types/include/scion_types/msg/orientation.h
[9.637s] -- Installing: /home/mechatronics/master/Mechatronics-2023/ros2_ws/install/scion_types/include/scion_types/msg/position.h
[9.637s] -- Installing: /home/mechatronics/master/Mechatronics-2023/ros2_ws/install/scion_types/include/scion_types/msg/desired_state.h
[9.637s] -- Installing: /home/mechatronics/master/Mechatronics-2023/ros2_ws/install/scion_types/share/scion_types/environment/library_path.sh
[9.637s] -- Installing: /home/mechatronics/master/Mechatronics-2023/ros2_ws/install/scion_types/share/scion_types/environment/library_path.dsv
[9.638s] -- Installing: /home/mechatronics/master/Mechatronics-2023/ros2_ws/install/scion_types/lib/libscion_types__rosidl_generator_c.so
[9.638s] -- Set runtime path of "/home/mechatronics/master/Mechatronics-2023/ros2_ws/install/scion_types/lib/libscion_types__rosidl_generator_c.so" to ""
[9.638s] -- Up-to-date: /home/mechatronics/master/Mechatronics-2023/ros2_ws/install/scion_types/include/scion_types
[9.639s] -- Up-to-date: /home/mechatronics/master/Mechatronics-2023/ros2_ws/install/scion_types/include/scion_types/srv
[9.639s] -- Up-to-date: /home/mechatronics/master/Mechatronics-2023/ros2_ws/install/scion_types/include/scion_types/srv/detail
[9.639s] -- Installing: /home/mechatronics/master/Mechatronics-2023/ros2_ws/install/scion_types/include/scion_types/srv/detail/send_frame__rosidl_typesupport_fastrtps_c.h
[9.639s] -- Up-to-date: /home/mechatronics/master/Mechatronics-2023/ros2_ws/install/scion_types/include/scion_types/msg
[9.639s] -- Installing: /home/mechatronics/master/Mechatronics-2023/ros2_ws/install/scion_types/include/scion_types/msg/rosidl_typesupport_fastrtps_c__visibility_control.h
[9.639s] -- Up-to-date: /home/mechatronics/master/Mechatronics-2023/ros2_ws/install/scion_types/include/scion_types/msg/detail
[9.639s] -- Installing: /home/mechatronics/master/Mechatronics-2023/ros2_ws/install/scion_types/include/scion_types/msg/detail/can_frame__rosidl_typesupport_fastrtps_c.h
[9.640s] -- Installing: /home/mechatronics/master/Mechatronics-2023/ros2_ws/install/scion_types/include/scion_types/msg/detail/position__rosidl_typesupport_fastrtps_c.h
[9.640s] -- Installing: /home/mechatronics/master/Mechatronics-2023/ros2_ws/install/scion_types/include/scion_types/msg/detail/desired_state__rosidl_typesupport_fastrtps_c.h
[9.640s] -- Installing: /home/mechatronics/master/Mechatronics-2023/ros2_ws/install/scion_types/include/scion_types/msg/detail/orientation__rosidl_typesupport_fastrtps_c.h
[9.640s] -- Installing: /home/mechatronics/master/Mechatronics-2023/ros2_ws/install/scion_types/lib/libscion_types__rosidl_typesupport_fastrtps_c.so
[9.640s] -- Set runtime path of "/home/mechatronics/master/Mechatronics-2023/ros2_ws/install/scion_types/lib/libscion_types__rosidl_typesupport_fastrtps_c.so" to ""
[9.640s] -- Up-to-date: /home/mechatronics/master/Mechatronics-2023/ros2_ws/install/scion_types/include/scion_types
[9.641s] -- Up-to-date: /home/mechatronics/master/Mechatronics-2023/ros2_ws/install/scion_types/include/scion_types/srv
[9.641s] -- Up-to-date: /home/mechatronics/master/Mechatronics-2023/ros2_ws/install/scion_types/include/scion_types/srv/detail
[9.641s] -- Installing: /home/mechatronics/master/Mechatronics-2023/ros2_ws/install/scion_types/include/scion_types/srv/detail/send_frame__rosidl_typesupport_fastrtps_cpp.hpp
[9.641s] -- Installing: /home/mechatronics/master/Mechatronics-2023/ros2_ws/install/scion_types/include/scion_types/srv/detail/dds_fastrtps
[9.641s] -- Up-to-date: /home/mechatronics/master/Mechatronics-2023/ros2_ws/install/scion_types/include/scion_types/msg
[9.641s] -- Up-to-date: /home/mechatronics/master/Mechatronics-2023/ros2_ws/install/scion_types/include/scion_types/msg/detail
[9.641s] -- Installing: /home/mechatronics/master/Mechatronics-2023/ros2_ws/install/scion_types/include/scion_types/msg/detail/desired_state__rosidl_typesupport_fastrtps_cpp.hpp
[9.642s] -- Installing: /home/mechatronics/master/Mechatronics-2023/ros2_ws/install/scion_types/include/scion_types/msg/detail/dds_fastrtps
[9.642s] -- Installing: /home/mechatronics/master/Mechatronics-2023/ros2_ws/install/scion_types/include/scion_types/msg/detail/position__rosidl_typesupport_fastrtps_cpp.hpp
[9.642s] -- Installing: /home/mechatronics/master/Mechatronics-2023/ros2_ws/install/scion_types/include/scion_types/msg/detail/can_frame__rosidl_typesupport_fastrtps_cpp.hpp
[9.642s] -- Installing: /home/mechatronics/master/Mechatronics-2023/ros2_ws/install/scion_types/include/scion_types/msg/detail/orientation__rosidl_typesupport_fastrtps_cpp.hpp
[9.642s] -- Installing: /home/mechatronics/master/Mechatronics-2023/ros2_ws/install/scion_types/include/scion_types/msg/rosidl_typesupport_fastrtps_cpp__visibility_control.h
[9.642s] -- Installing: /home/mechatronics/master/Mechatronics-2023/ros2_ws/install/scion_types/lib/libscion_types__rosidl_typesupport_fastrtps_cpp.so
[9.642s] -- Set runtime path of "/home/mechatronics/master/Mechatronics-2023/ros2_ws/install/scion_types/lib/libscion_types__rosidl_typesupport_fastrtps_cpp.so" to ""
[9.643s] -- Up-to-date: /home/mechatronics/master/Mechatronics-2023/ros2_ws/install/scion_types/include/scion_types
[9.643s] -- Up-to-date: /home/mechatronics/master/Mechatronics-2023/ros2_ws/install/scion_types/include/scion_types/srv
[9.643s] -- Up-to-date: /home/mechatronics/master/Mechatronics-2023/ros2_ws/install/scion_types/include/scion_types/srv/detail
[9.643s] -- Installing: /home/mechatronics/master/Mechatronics-2023/ros2_ws/install/scion_types/include/scion_types/srv/detail/send_frame__type_support.c
[9.643s] -- Installing: /home/mechatronics/master/Mechatronics-2023/ros2_ws/install/scion_types/include/scion_types/srv/detail/send_frame__rosidl_typesupport_introspection_c.h
[9.643s] -- Up-to-date: /home/mechatronics/master/Mechatronics-2023/ros2_ws/install/scion_types/include/scion_types/msg
[9.643s] -- Up-to-date: /home/mechatronics/master/Mechatronics-2023/ros2_ws/install/scion_types/include/scion_types/msg/detail
[9.643s] -- Installing: /home/mechatronics/master/Mechatronics-2023/ros2_ws/install/scion_types/include/scion_types/msg/detail/can_frame__type_support.c
[9.644s] -- Installing: /home/mechatronics/master/Mechatronics-2023/ros2_ws/install/scion_types/include/scion_types/msg/detail/desired_state__type_support.c
[9.644s] -- Installing: /home/mechatronics/master/Mechatronics-2023/ros2_ws/install/scion_types/include/scion_types/msg/detail/position__type_support.c
[9.644s] -- Installing: /home/mechatronics/master/Mechatronics-2023/ros2_ws/install/scion_types/include/scion_types/msg/detail/position__rosidl_typesupport_introspection_c.h
[9.644s] -- Installing: /home/mechatronics/master/Mechatronics-2023/ros2_ws/install/scion_types/include/scion_types/msg/detail/orientation__type_support.c
[9.644s] -- Installing: /home/mechatronics/master/Mechatronics-2023/ros2_ws/install/scion_types/include/scion_types/msg/detail/can_frame__rosidl_typesupport_introspection_c.h
[9.644s] -- Installing: /home/mechatronics/master/Mechatronics-2023/ros2_ws/install/scion_types/include/scion_types/msg/detail/desired_state__rosidl_typesupport_introspection_c.h
[9.644s] -- Installing: /home/mechatronics/master/Mechatronics-2023/ros2_ws/install/scion_types/include/scion_types/msg/detail/orientation__rosidl_typesupport_introspection_c.h
[9.645s] -- Installing: /home/mechatronics/master/Mechatronics-2023/ros2_ws/install/scion_types/include/scion_types/msg/rosidl_typesupport_introspection_c__visibility_control.h
[9.645s] -- Installing: /home/mechatronics/master/Mechatronics-2023/ros2_ws/install/scion_types/lib/libscion_types__rosidl_typesupport_introspection_c.so
[9.645s] -- Set runtime path of "/home/mechatronics/master/Mechatronics-2023/ros2_ws/install/scion_types/lib/libscion_types__rosidl_typesupport_introspection_c.so" to ""
[9.645s] -- Installing: /home/mechatronics/master/Mechatronics-2023/ros2_ws/install/scion_types/lib/libscion_types__rosidl_typesupport_c.so
[9.645s] -- Set runtime path of "/home/mechatronics/master/Mechatronics-2023/ros2_ws/install/scion_types/lib/libscion_types__rosidl_typesupport_c.so" to ""
[9.646s] -- Up-to-date: /home/mechatronics/master/Mechatronics-2023/ros2_ws/install/scion_types/include/scion_types
[9.646s] -- Up-to-date: /home/mechatronics/master/Mechatronics-2023/ros2_ws/install/scion_types/include/scion_types/srv
[9.646s] -- Installing: /home/mechatronics/master/Mechatronics-2023/ros2_ws/install/scion_types/include/scion_types/srv/send_frame.hpp
[9.646s] -- Up-to-date: /home/mechatronics/master/Mechatronics-2023/ros2_ws/install/scion_types/include/scion_types/srv/detail
[9.646s] -- Installing: /home/mechatronics/master/Mechatronics-2023/ros2_ws/install/scion_types/include/scion_types/srv/detail/send_frame__struct.hpp
[9.646s] -- Installing: /home/mechatronics/master/Mechatronics-2023/ros2_ws/install/scion_types/include/scion_types/srv/detail/send_frame__builder.hpp
[9.646s] -- Installing: /home/mechatronics/master/Mechatronics-2023/ros2_ws/install/scion_types/include/scion_types/srv/detail/send_frame__traits.hpp
[9.647s] -- Up-to-date: /home/mechatronics/master/Mechatronics-2023/ros2_ws/install/scion_types/include/scion_types/msg
[9.647s] -- Installing: /home/mechatronics/master/Mechatronics-2023/ros2_ws/install/scion_types/include/scion_types/msg/desired_state.hpp
[9.647s] -- Installing: /home/mechatronics/master/Mechatronics-2023/ros2_ws/install/scion_types/include/scion_types/msg/can_frame.hpp
[9.647s] -- Up-to-date: /home/mechatronics/master/Mechatronics-2023/ros2_ws/install/scion_types/include/scion_types/msg/detail
[9.647s] -- Installing: /home/mechatronics/master/Mechatronics-2023/ros2_ws/install/scion_types/include/scion_types/msg/detail/can_frame__traits.hpp
[9.647s] -- Installing: /home/mechatronics/master/Mechatronics-2023/ros2_ws/install/scion_types/include/scion_types/msg/detail/can_frame__struct.hpp
[9.647s] -- Installing: /home/mechatronics/master/Mechatronics-2023/ros2_ws/install/scion_types/include/scion_types/msg/detail/position__traits.hpp
[9.647s] -- Installing: /home/mechatronics/master/Mechatronics-2023/ros2_ws/install/scion_types/include/scion_types/msg/detail/can_frame__builder.hpp
[9.648s] -- Installing: /home/mechatronics/master/Mechatronics-2023/ros2_ws/install/scion_types/include/scion_types/msg/detail/position__builder.hpp
[9.648s] -- Installing: /home/mechatronics/master/Mechatronics-2023/ros2_ws/install/scion_types/include/scion_types/msg/detail/orientation__builder.hpp
[9.648s] -- Installing: /home/mechatronics/master/Mechatronics-2023/ros2_ws/install/scion_types/include/scion_types/msg/detail/orientation__traits.hpp
[9.648s] -- Installing: /home/mechatronics/master/Mechatronics-2023/ros2_ws/install/scion_types/include/scion_types/msg/detail/desired_state__traits.hpp
[9.648s] -- Installing: /home/mechatronics/master/Mechatronics-2023/ros2_ws/install/scion_types/include/scion_types/msg/detail/orientation__struct.hpp
[9.648s] -- Installing: /home/mechatronics/master/Mechatronics-2023/ros2_ws/install/scion_types/include/scion_types/msg/detail/desired_state__builder.hpp
[9.648s] -- Installing: /home/mechatronics/master/Mechatronics-2023/ros2_ws/install/scion_types/include/scion_types/msg/detail/position__struct.hpp
[9.649s] -- Installing: /home/mechatronics/master/Mechatronics-2023/ros2_ws/install/scion_types/include/scion_types/msg/detail/desired_state__struct.hpp
[9.649s] -- Installing: /home/mechatronics/master/Mechatronics-2023/ros2_ws/install/scion_types/include/scion_types/msg/position.hpp
[9.649s] -- Installing: /home/mechatronics/master/Mechatronics-2023/ros2_ws/install/scion_types/include/scion_types/msg/orientation.hpp
[9.649s] -- Up-to-date: /home/mechatronics/master/Mechatronics-2023/ros2_ws/install/scion_types/include/scion_types
[9.649s] -- Up-to-date: /home/mechatronics/master/Mechatronics-2023/ros2_ws/install/scion_types/include/scion_types/srv
[9.649s] -- Up-to-date: /home/mechatronics/master/Mechatronics-2023/ros2_ws/install/scion_types/include/scion_types/srv/detail
[9.649s] -- Installing: /home/mechatronics/master/Mechatronics-2023/ros2_ws/install/scion_types/include/scion_types/srv/detail/send_frame__rosidl_typesupport_introspection_cpp.hpp
[9.650s] -- Installing: /home/mechatronics/master/Mechatronics-2023/ros2_ws/install/scion_types/include/scion_types/srv/detail/send_frame__type_support.cpp
[9.650s] -- Up-to-date: /home/mechatronics/master/Mechatronics-2023/ros2_ws/install/scion_types/include/scion_types/msg
[9.650s] -- Up-to-date: /home/mechatronics/master/Mechatronics-2023/ros2_ws/install/scion_types/include/scion_types/msg/detail
[9.650s] -- Installing: /home/mechatronics/master/Mechatronics-2023/ros2_ws/install/scion_types/include/scion_types/msg/detail/position__rosidl_typesupport_introspection_cpp.hpp
[9.650s] -- Installing: /home/mechatronics/master/Mechatronics-2023/ros2_ws/install/scion_types/include/scion_types/msg/detail/can_frame__type_support.cpp
[9.650s] -- Installing: /home/mechatronics/master/Mechatronics-2023/ros2_ws/install/scion_types/include/scion_types/msg/detail/desired_state__rosidl_typesupport_introspection_cpp.hpp
[9.650s] -- Installing: /home/mechatronics/master/Mechatronics-2023/ros2_ws/install/scion_types/include/scion_types/msg/detail/position__type_support.cpp
[9.650s] -- Installing: /home/mechatronics/master/Mechatronics-2023/ros2_ws/install/scion_types/include/scion_types/msg/detail/orientation__rosidl_typesupport_introspection_cpp.hpp
[9.651s] -- Installing: /home/mechatronics/master/Mechatronics-2023/ros2_ws/install/scion_types/include/scion_types/msg/detail/desired_state__type_support.cpp
[9.651s] -- Installing: /home/mechatronics/master/Mechatronics-2023/ros2_ws/install/scion_types/include/scion_types/msg/detail/orientation__type_support.cpp
[9.651s] -- Installing: /home/mechatronics/master/Mechatronics-2023/ros2_ws/install/scion_types/include/scion_types/msg/detail/can_frame__rosidl_typesupport_introspection_cpp.hpp
[9.651s] -- Installing: /home/mechatronics/master/Mechatronics-2023/ros2_ws/install/scion_types/lib/libscion_types__rosidl_typesupport_introspection_cpp.so
[9.652s] -- Set runtime path of "/home/mechatronics/master/Mechatronics-2023/ros2_ws/install/scion_types/lib/libscion_types__rosidl_typesupport_introspection_cpp.so" to ""
[9.652s] -- Installing: /home/mechatronics/master/Mechatronics-2023/ros2_ws/install/scion_types/lib/libscion_types__rosidl_typesupport_cpp.so
[9.652s] -- Set runtime path of "/home/mechatronics/master/Mechatronics-2023/ros2_ws/install/scion_types/lib/libscion_types__rosidl_typesupport_cpp.so" to ""
[9.652s] -- Installing: /home/mechatronics/master/Mechatronics-2023/ros2_ws/install/scion_types/share/scion_types/environment/pythonpath.sh
[9.652s] -- Installing: /home/mechatronics/master/Mechatronics-2023/ros2_ws/install/scion_types/share/scion_types/environment/pythonpath.dsv
[9.653s] -- Installing: /home/mechatronics/master/Mechatronics-2023/ros2_ws/install/scion_types/lib/python3.8/site-packages/scion_types/__init__.py
[9.719s] Compiling '/home/mechatronics/master/Mechatronics-2023/ros2_ws/install/scion_types/lib/python3.8/site-packages/scion_types/__init__.py'...
[9.727s] -- Installing: /home/mechatronics/master/Mechatronics-2023/ros2_ws/install/scion_types/lib/python3.8/site-packages/scion_types/msg
[9.727s] -- Installing: /home/mechatronics/master/Mechatronics-2023/ros2_ws/install/scion_types/lib/python3.8/site-packages/scion_types/msg/_position_s.c
[9.727s] -- Installing: /home/mechatronics/master/Mechatronics-2023/ros2_ws/install/scion_types/lib/python3.8/site-packages/scion_types/msg/_orientation_s.c
[9.727s] -- Installing: /home/mechatronics/master/Mechatronics-2023/ros2_ws/install/scion_types/lib/python3.8/site-packages/scion_types/msg/_desired_state_s.c
[9.727s] -- Installing: /home/mechatronics/master/Mechatronics-2023/ros2_ws/install/scion_types/lib/python3.8/site-packages/scion_types/msg/_can_frame.py
[9.728s] -- Installing: /home/mechatronics/master/Mechatronics-2023/ros2_ws/install/scion_types/lib/python3.8/site-packages/scion_types/msg/__init__.py
[9.728s] -- Installing: /home/mechatronics/master/Mechatronics-2023/ros2_ws/install/scion_types/lib/python3.8/site-packages/scion_types/msg/_desired_state.py
[9.728s] -- Installing: /home/mechatronics/master/Mechatronics-2023/ros2_ws/install/scion_types/lib/python3.8/site-packages/scion_types/msg/_position.py
[9.728s] -- Installing: /home/mechatronics/master/Mechatronics-2023/ros2_ws/install/scion_types/lib/python3.8/site-packages/scion_types/msg/_can_frame_s.c
[9.728s] -- Installing: /home/mechatronics/master/Mechatronics-2023/ros2_ws/install/scion_types/lib/python3.8/site-packages/scion_types/msg/_orientation.py
[9.728s] -- Installing: /home/mechatronics/master/Mechatronics-2023/ros2_ws/install/scion_types/lib/python3.8/site-packages/scion_types/srv
[9.729s] -- Installing: /home/mechatronics/master/Mechatronics-2023/ros2_ws/install/scion_types/lib/python3.8/site-packages/scion_types/srv/__init__.py
[9.729s] -- Installing: /home/mechatronics/master/Mechatronics-2023/ros2_ws/install/scion_types/lib/python3.8/site-packages/scion_types/srv/_send_frame.py
[9.729s] -- Installing: /home/mechatronics/master/Mechatronics-2023/ros2_ws/install/scion_types/lib/python3.8/site-packages/scion_types/srv/_send_frame_s.c
[9.729s] -- Installing: /home/mechatronics/master/Mechatronics-2023/ros2_ws/install/scion_types/lib/python3.8/site-packages/scion_types/scion_types_s__rosidl_typesupport_fastrtps_c.cpython-38-aarch64-linux-gnu.so
[9.730s] -- Set runtime path of "/home/mechatronics/master/Mechatronics-2023/ros2_ws/install/scion_types/lib/python3.8/site-packages/scion_types/scion_types_s__rosidl_typesupport_fastrtps_c.cpython-38-aarch64-linux-gnu.so" to ""
[9.730s] -- Installing: /home/mechatronics/master/Mechatronics-2023/ros2_ws/install/scion_types/lib/python3.8/site-packages/scion_types/scion_types_s__rosidl_typesupport_introspection_c.cpython-38-aarch64-linux-gnu.so
[9.731s] -- Set runtime path of "/home/mechatronics/master/Mechatronics-2023/ros2_ws/install/scion_types/lib/python3.8/site-packages/scion_types/scion_types_s__rosidl_typesupport_introspection_c.cpython-38-aarch64-linux-gnu.so" to ""
[9.731s] -- Installing: /home/mechatronics/master/Mechatronics-2023/ros2_ws/install/scion_types/lib/python3.8/site-packages/scion_types/scion_types_s__rosidl_typesupport_c.cpython-38-aarch64-linux-gnu.so
[9.732s] -- Set runtime path of "/home/mechatronics/master/Mechatronics-2023/ros2_ws/install/scion_types/lib/python3.8/site-packages/scion_types/scion_types_s__rosidl_typesupport_c.cpython-38-aarch64-linux-gnu.so" to ""
[9.732s] -- Installing: /home/mechatronics/master/Mechatronics-2023/ros2_ws/install/scion_types/lib/libscion_types__python.so
[9.732s] -- Set runtime path of "/home/mechatronics/master/Mechatronics-2023/ros2_ws/install/scion_types/lib/libscion_types__python.so" to ""
[9.733s] -- Installing: /home/mechatronics/master/Mechatronics-2023/ros2_ws/install/scion_types/share/scion_types/msg/CanFrame.idl
[9.733s] -- Installing: /home/mechatronics/master/Mechatronics-2023/ros2_ws/install/scion_types/share/scion_types/msg/Orientation.idl
[9.733s] -- Installing: /home/mechatronics/master/Mechatronics-2023/ros2_ws/install/scion_types/share/scion_types/msg/DesiredState.idl
[9.733s] -- Installing: /home/mechatronics/master/Mechatronics-2023/ros2_ws/install/scion_types/share/scion_types/msg/Position.idl
[9.733s] -- Installing: /home/mechatronics/master/Mechatronics-2023/ros2_ws/install/scion_types/share/scion_types/srv/SendFrame.idl
[9.734s] -- Installing: /home/mechatronics/master/Mechatronics-2023/ros2_ws/install/scion_types/share/scion_types/msg/CanFrame.msg
[9.734s] -- Installing: /home/mechatronics/master/Mechatronics-2023/ros2_ws/install/scion_types/share/scion_types/msg/Orientation.msg
[9.734s] -- Installing: /home/mechatronics/master/Mechatronics-2023/ros2_ws/install/scion_types/share/scion_types/msg/DesiredState.msg
[9.734s] -- Installing: /home/mechatronics/master/Mechatronics-2023/ros2_ws/install/scion_types/share/scion_types/msg/Position.msg
[9.734s] -- Installing: /home/mechatronics/master/Mechatronics-2023/ros2_ws/install/scion_types/share/scion_types/srv/SendFrame.srv
[9.735s] -- Installing: /home/mechatronics/master/Mechatronics-2023/ros2_ws/install/scion_types/share/scion_types/srv/SendFrame_Request.msg
[9.735s] -- Installing: /home/mechatronics/master/Mechatronics-2023/ros2_ws/install/scion_types/share/scion_types/srv/SendFrame_Response.msg
[9.735s] -- Installing: /home/mechatronics/master/Mechatronics-2023/ros2_ws/install/scion_types/share/ament_index/resource_index/package_run_dependencies/scion_types
[9.735s] -- Installing: /home/mechatronics/master/Mechatronics-2023/ros2_ws/install/scion_types/share/ament_index/resource_index/parent_prefix_path/scion_types
[9.736s] -- Installing: /home/mechatronics/master/Mechatronics-2023/ros2_ws/install/scion_types/share/scion_types/environment/ament_prefix_path.sh
[9.736s] -- Installing: /home/mechatronics/master/Mechatronics-2023/ros2_ws/install/scion_types/share/scion_types/environment/ament_prefix_path.dsv
[9.736s] -- Installing: /home/mechatronics/master/Mechatronics-2023/ros2_ws/install/scion_types/share/scion_types/environment/path.sh
[9.736s] -- Installing: /home/mechatronics/master/Mechatronics-2023/ros2_ws/install/scion_types/share/scion_types/environment/path.dsv
[9.736s] -- Installing: /home/mechatronics/master/Mechatronics-2023/ros2_ws/install/scion_types/share/scion_types/local_setup.bash
[9.737s] -- Installing: /home/mechatronics/master/Mechatronics-2023/ros2_ws/install/scion_types/share/scion_types/local_setup.sh
[9.737s] -- Installing: /home/mechatronics/master/Mechatronics-2023/ros2_ws/install/scion_types/share/scion_types/local_setup.zsh
[9.737s] -- Installing: /home/mechatronics/master/Mechatronics-2023/ros2_ws/install/scion_types/share/scion_types/local_setup.dsv
[9.737s] -- Installing: /home/mechatronics/master/Mechatronics-2023/ros2_ws/install/scion_types/share/scion_types/package.dsv
[9.738s] -- Installing: /home/mechatronics/master/Mechatronics-2023/ros2_ws/install/scion_types/share/ament_index/resource_index/packages/scion_types
[9.738s] -- Installing: /home/mechatronics/master/Mechatronics-2023/ros2_ws/install/scion_types/share/scion_types/cmake/scion_types__rosidl_generator_cExport.cmake
[9.738s] -- Installing: /home/mechatronics/master/Mechatronics-2023/ros2_ws/install/scion_types/share/scion_types/cmake/scion_types__rosidl_generator_cExport-noconfig.cmake
[9.738s] -- Installing: /home/mechatronics/master/Mechatronics-2023/ros2_ws/install/scion_types/share/scion_types/cmake/scion_types__rosidl_typesupport_introspection_cExport.cmake
[9.739s] -- Installing: /home/mechatronics/master/Mechatronics-2023/ros2_ws/install/scion_types/share/scion_types/cmake/scion_types__rosidl_typesupport_introspection_cExport-noconfig.cmake
[9.739s] -- Installing: /home/mechatronics/master/Mechatronics-2023/ros2_ws/install/scion_types/share/scion_types/cmake/scion_types__rosidl_typesupport_cExport.cmake
[9.739s] -- Installing: /home/mechatronics/master/Mechatronics-2023/ros2_ws/install/scion_types/share/scion_types/cmake/scion_types__rosidl_typesupport_cExport-noconfig.cmake
[9.739s] -- Installing: /home/mechatronics/master/Mechatronics-2023/ros2_ws/install/scion_types/share/scion_types/cmake/scion_types__rosidl_generator_cppExport.cmake
[9.740s] -- Installing: /home/mechatronics/master/Mechatronics-2023/ros2_ws/install/scion_types/share/scion_types/cmake/scion_types__rosidl_typesupport_introspection_cppExport.cmake
[9.740s] -- Installing: /home/mechatronics/master/Mechatronics-2023/ros2_ws/install/scion_types/share/scion_types/cmake/scion_types__rosidl_typesupport_introspection_cppExport-noconfig.cmake
[9.740s] -- Installing: /home/mechatronics/master/Mechatronics-2023/ros2_ws/install/scion_types/share/scion_types/cmake/scion_types__rosidl_typesupport_cppExport.cmake
[9.740s] -- Installing: /home/mechatronics/master/Mechatronics-2023/ros2_ws/install/scion_types/share/scion_types/cmake/scion_types__rosidl_typesupport_cppExport-noconfig.cmake
[9.741s] -- Installing: /home/mechatronics/master/Mechatronics-2023/ros2_ws/install/scion_types/share/scion_types/cmake/rosidl_cmake-extras.cmake
[9.741s] -- Installing: /home/mechatronics/master/Mechatronics-2023/ros2_ws/install/scion_types/share/scion_types/cmake/ament_cmake_export_dependencies-extras.cmake
[9.741s] -- Installing: /home/mechatronics/master/Mechatronics-2023/ros2_ws/install/scion_types/share/scion_types/cmake/ament_cmake_export_libraries-extras.cmake
[9.741s] -- Installing: /home/mechatronics/master/Mechatronics-2023/ros2_ws/install/scion_types/share/scion_types/cmake/ament_cmake_export_targets-extras.cmake
[9.741s] -- Installing: /home/mechatronics/master/Mechatronics-2023/ros2_ws/install/scion_types/share/scion_types/cmake/ament_cmake_export_include_directories-extras.cmake
[9.742s] -- Installing: /home/mechatronics/master/Mechatronics-2023/ros2_ws/install/scion_types/share/scion_types/cmake/rosidl_cmake_export_typesupport_libraries-extras.cmake
[9.742s] -- Installing: /home/mechatronics/master/Mechatronics-2023/ros2_ws/install/scion_types/share/scion_types/cmake/rosidl_cmake_export_typesupport_targets-extras.cmake
[9.742s] -- Installing: /home/mechatronics/master/Mechatronics-2023/ros2_ws/install/scion_types/share/scion_types/cmake/scion_typesConfig.cmake
[9.742s] -- Installing: /home/mechatronics/master/Mechatronics-2023/ros2_ws/install/scion_types/share/scion_types/cmake/scion_typesConfig-version.cmake
[9.742s] -- Installing: /home/mechatronics/master/Mechatronics-2023/ros2_ws/install/scion_types/share/scion_types/package.xml
[9.748s] Invoked command in '/home/mechatronics/master/Mechatronics-2023/ros2_ws/build/scion_types' returned '0': CMAKE_PREFIX_PATH=${CMAKE_PREFIX_PATH}:/home/mechatronics/master/Mechatronics-2023/ros2_ws/install/zed_vision_node:/home/mechatronics/master/Mechatronics-2023/ros2_ws/install/ahrs_node:/home/mechatronics/junebug_workspace/install/zed_temp:/home/mechatronics/junebug_workspace/install/zed_imu2:/home/mechatronics/junebug_workspace/install/zed_imu:/home/mechatronics/junebug_workspace/install/top_view_package:/home/mechatronics/junebug_workspace/install/py_pubsub:/home/mechatronics/junebug_workspace/install/object_detection_package:/home/mechatronics/junebug_workspace/install/mapping_package:/home/mechatronics/junebug_workspace/install/depth_package:/home/mechatronics/junebug_workspace/install/controller_translator:/home/mechatronics/junebug_workspace/install/cam_track_package:/home/mechatronics/junebug_workspace/install/body_track_package:/home/mechatronics/junebug_workspace/install/ahr:/opt/ros/foxy /usr/bin/cmake --install /home/mechatronics/master/Mechatronics-2023/ros2_ws/build/scion_types
