running egg_info
creating ../../build/zed_vision_node/zed_vision_node.egg-info
writing ../../build/zed_vision_node/zed_vision_node.egg-info/PKG-INFO
writing dependency_links to ../../build/zed_vision_node/zed_vision_node.egg-info/dependency_links.txt
writing entry points to ../../build/zed_vision_node/zed_vision_node.egg-info/entry_points.txt
writing requirements to ../../build/zed_vision_node/zed_vision_node.egg-info/requires.txt
writing top-level names to ../../build/zed_vision_node/zed_vision_node.egg-info/top_level.txt
writing manifest file '../../build/zed_vision_node/zed_vision_node.egg-info/SOURCES.txt'
reading manifest file '../../build/zed_vision_node/zed_vision_node.egg-info/SOURCES.txt'
writing manifest file '../../build/zed_vision_node/zed_vision_node.egg-info/SOURCES.txt'
running build
running build_py
creating /home/mechatronics/master/Mechatronics-2023/ros2_ws/build/zed_vision_node/build
creating /home/mechatronics/master/Mechatronics-2023/ros2_ws/build/zed_vision_node/build/lib
creating /home/mechatronics/master/Mechatronics-2023/ros2_ws/build/zed_vision_node/build/lib/zed_vision_node
copying zed_vision_node/zed_vision_node.py -> /home/mechatronics/master/Mechatronics-2023/ros2_ws/build/zed_vision_node/build/lib/zed_vision_node
copying zed_vision_node/__init__.py -> /home/mechatronics/master/Mechatronics-2023/ros2_ws/build/zed_vision_node/build/lib/zed_vision_node
running install
running install_lib
creating /home/mechatronics/master/Mechatronics-2023/ros2_ws/install/zed_vision_node/lib/python3.8/site-packages/zed_vision_node
copying /home/mechatronics/master/Mechatronics-2023/ros2_ws/build/zed_vision_node/build/lib/zed_vision_node/zed_vision_node.py -> /home/mechatronics/master/Mechatronics-2023/ros2_ws/install/zed_vision_node/lib/python3.8/site-packages/zed_vision_node
copying /home/mechatronics/master/Mechatronics-2023/ros2_ws/build/zed_vision_node/build/lib/zed_vision_node/__init__.py -> /home/mechatronics/master/Mechatronics-2023/ros2_ws/install/zed_vision_node/lib/python3.8/site-packages/zed_vision_node
byte-compiling /home/mechatronics/master/Mechatronics-2023/ros2_ws/install/zed_vision_node/lib/python3.8/site-packages/zed_vision_node/zed_vision_node.py to zed_vision_node.cpython-38.pyc
byte-compiling /home/mechatronics/master/Mechatronics-2023/ros2_ws/install/zed_vision_node/lib/python3.8/site-packages/zed_vision_node/__init__.py to __init__.cpython-38.pyc
running install_data
creating /home/mechatronics/master/Mechatronics-2023/ros2_ws/install/zed_vision_node/share/ament_index
creating /home/mechatronics/master/Mechatronics-2023/ros2_ws/install/zed_vision_node/share/ament_index/resource_index
creating /home/mechatronics/master/Mechatronics-2023/ros2_ws/install/zed_vision_node/share/ament_index/resource_index/packages
copying resource/zed_vision_node -> /home/mechatronics/master/Mechatronics-2023/ros2_ws/install/zed_vision_node/share/ament_index/resource_index/packages
copying package.xml -> /home/mechatronics/master/Mechatronics-2023/ros2_ws/install/zed_vision_node/share/zed_vision_node
running install_egg_info
Copying ../../build/zed_vision_node/zed_vision_node.egg-info to /home/mechatronics/master/Mechatronics-2023/ros2_ws/install/zed_vision_node/lib/python3.8/site-packages/zed_vision_node-0.0.0-py3.8.egg-info
running install_scripts
Installing zed_vision_exec script to /home/mechatronics/master/Mechatronics-2023/ros2_ws/install/zed_vision_node/lib/zed_vision_node
writing list of installed files to '/home/mechatronics/master/Mechatronics-2023/ros2_ws/build/zed_vision_node/install.log'
