[1.341s] Invoking command in '/home/mechatronics/master/Mechatronics-2023/ros2_ws/src/zed_vision_node': AMENT_PREFIX_PATH=/home/mechatronics/master/Mechatronics-2023/ros2_ws/install/scion_types:${AMENT_PREFIX_PATH} CMAKE_PREFIX_PATH=/home/mechatronics/master/Mechatronics-2023/ros2_ws/install/scion_types:${CMAKE_PREFIX_PATH} LD_LIBRARY_PATH=/home/mechatronics/master/Mechatronics-2023/ros2_ws/install/scion_types/lib:/home/mechatronics/master/Mechatronics-2023/install/scion_types/lib:/home/mechatronics/junebug_workspace/install/zed_topic_benchmark_interfaces/lib:/home/mechatronics/junebug_workspace/install/zed_rgb_convert/lib:/home/mechatronics/junebug_workspace/install/zed_components/lib:/home/mechatronics/junebug_workspace/install/rviz_plugin_zed_od/lib:/home/mechatronics/junebug_workspace/install/zed_interfaces/lib:/home/mechatronics/junebug_workspace/install/can_msg_interfaces/lib:/home/mechatronics/junebug_workspace/install/can_msg_interface/lib:/home/mechatronics/candriver_1.19.23/install/can_msg_interfaces/lib:/opt/ros/foxy/opt/yaml_cpp_vendor/lib:/opt/ros/foxy/opt/rviz_ogre_vendor/lib:/opt/ros/foxy/lib/aarch64-linux-gnu:/opt/ros/foxy/lib:/usr/local/cuda-11.4/lib64 PYTHONPATH=/home/mechatronics/master/Mechatronics-2023/ros2_ws/build/zed_vision_node/prefix_override:/home/mechatronics/master/Mechatronics-2023/ros2_ws/install/zed_vision_node/lib/python3.8/site-packages:/home/mechatronics/master/Mechatronics-2023/ros2_ws/install/scion_types/lib/python3.8/site-packages:${PYTHONPATH} /usr/bin/python3 setup.py egg_info --egg-base ../../build/zed_vision_node build --build-base /home/mechatronics/master/Mechatronics-2023/ros2_ws/build/zed_vision_node/build install --record /home/mechatronics/master/Mechatronics-2023/ros2_ws/build/zed_vision_node/install.log --install-scripts $base/lib/zed_vision_node --single-version-externally-managed
[1.745s] /home/mechatronics/.local/lib/python3.8/site-packages/setuptools/dist.py:717: UserWarning: Usage of dash-separated 'script-dir' will not be supported in future versions. Please use the underscore name 'script_dir' instead
[1.745s]   warnings.warn(
[1.790s] running egg_info
[1.790s] creating ../../build/zed_vision_node/zed_vision_node.egg-info
[1.791s] writing ../../build/zed_vision_node/zed_vision_node.egg-info/PKG-INFO
[1.791s] writing dependency_links to ../../build/zed_vision_node/zed_vision_node.egg-info/dependency_links.txt
[1.791s] writing entry points to ../../build/zed_vision_node/zed_vision_node.egg-info/entry_points.txt
[1.791s] writing requirements to ../../build/zed_vision_node/zed_vision_node.egg-info/requires.txt
[1.792s] writing top-level names to ../../build/zed_vision_node/zed_vision_node.egg-info/top_level.txt
[1.794s] writing manifest file '../../build/zed_vision_node/zed_vision_node.egg-info/SOURCES.txt'
[1.797s] reading manifest file '../../build/zed_vision_node/zed_vision_node.egg-info/SOURCES.txt'
[1.798s] writing manifest file '../../build/zed_vision_node/zed_vision_node.egg-info/SOURCES.txt'
[1.798s] running build
[1.799s] running build_py
[1.799s] creating /home/mechatronics/master/Mechatronics-2023/ros2_ws/build/zed_vision_node/build
[1.799s] creating /home/mechatronics/master/Mechatronics-2023/ros2_ws/build/zed_vision_node/build/lib
[1.799s] creating /home/mechatronics/master/Mechatronics-2023/ros2_ws/build/zed_vision_node/build/lib/zed_vision_node
[1.799s] copying zed_vision_node/zed_vision_node.py -> /home/mechatronics/master/Mechatronics-2023/ros2_ws/build/zed_vision_node/build/lib/zed_vision_node
[1.799s] copying zed_vision_node/__init__.py -> /home/mechatronics/master/Mechatronics-2023/ros2_ws/build/zed_vision_node/build/lib/zed_vision_node
[1.799s] running install
[1.800s] /home/mechatronics/.local/lib/python3.8/site-packages/setuptools/command/install.py:34: SetuptoolsDeprecationWarning: setup.py install is deprecated. Use build and pip and other standards-based tools.
[1.800s]   warnings.warn(
[1.801s] running install_lib
[1.802s] creating /home/mechatronics/master/Mechatronics-2023/ros2_ws/install/zed_vision_node/lib/python3.8/site-packages/zed_vision_node
[1.803s] copying /home/mechatronics/master/Mechatronics-2023/ros2_ws/build/zed_vision_node/build/lib/zed_vision_node/zed_vision_node.py -> /home/mechatronics/master/Mechatronics-2023/ros2_ws/install/zed_vision_node/lib/python3.8/site-packages/zed_vision_node
[1.803s] copying /home/mechatronics/master/Mechatronics-2023/ros2_ws/build/zed_vision_node/build/lib/zed_vision_node/__init__.py -> /home/mechatronics/master/Mechatronics-2023/ros2_ws/install/zed_vision_node/lib/python3.8/site-packages/zed_vision_node
[1.804s] byte-compiling /home/mechatronics/master/Mechatronics-2023/ros2_ws/install/zed_vision_node/lib/python3.8/site-packages/zed_vision_node/zed_vision_node.py to zed_vision_node.cpython-38.pyc
[1.805s] byte-compiling /home/mechatronics/master/Mechatronics-2023/ros2_ws/install/zed_vision_node/lib/python3.8/site-packages/zed_vision_node/__init__.py to __init__.cpython-38.pyc
[1.805s] running install_data
[1.806s] creating /home/mechatronics/master/Mechatronics-2023/ros2_ws/install/zed_vision_node/share/ament_index
[1.806s] creating /home/mechatronics/master/Mechatronics-2023/ros2_ws/install/zed_vision_node/share/ament_index/resource_index
[1.806s] creating /home/mechatronics/master/Mechatronics-2023/ros2_ws/install/zed_vision_node/share/ament_index/resource_index/packages
[1.807s] copying resource/zed_vision_node -> /home/mechatronics/master/Mechatronics-2023/ros2_ws/install/zed_vision_node/share/ament_index/resource_index/packages
[1.807s] copying package.xml -> /home/mechatronics/master/Mechatronics-2023/ros2_ws/install/zed_vision_node/share/zed_vision_node
[1.807s] running install_egg_info
[1.810s] Copying ../../build/zed_vision_node/zed_vision_node.egg-info to /home/mechatronics/master/Mechatronics-2023/ros2_ws/install/zed_vision_node/lib/python3.8/site-packages/zed_vision_node-0.0.0-py3.8.egg-info
[1.812s] running install_scripts
[1.844s] Installing zed_vision_exec script to /home/mechatronics/master/Mechatronics-2023/ros2_ws/install/zed_vision_node/lib/zed_vision_node
[1.845s] writing list of installed files to '/home/mechatronics/master/Mechatronics-2023/ros2_ws/build/zed_vision_node/install.log'
[1.907s] Invoked command in '/home/mechatronics/master/Mechatronics-2023/ros2_ws/src/zed_vision_node' returned '0': AMENT_PREFIX_PATH=/home/mechatronics/master/Mechatronics-2023/ros2_ws/install/scion_types:${AMENT_PREFIX_PATH} CMAKE_PREFIX_PATH=/home/mechatronics/master/Mechatronics-2023/ros2_ws/install/scion_types:${CMAKE_PREFIX_PATH} LD_LIBRARY_PATH=/home/mechatronics/master/Mechatronics-2023/ros2_ws/install/scion_types/lib:/home/mechatronics/master/Mechatronics-2023/install/scion_types/lib:/home/mechatronics/junebug_workspace/install/zed_topic_benchmark_interfaces/lib:/home/mechatronics/junebug_workspace/install/zed_rgb_convert/lib:/home/mechatronics/junebug_workspace/install/zed_components/lib:/home/mechatronics/junebug_workspace/install/rviz_plugin_zed_od/lib:/home/mechatronics/junebug_workspace/install/zed_interfaces/lib:/home/mechatronics/junebug_workspace/install/can_msg_interfaces/lib:/home/mechatronics/junebug_workspace/install/can_msg_interface/lib:/home/mechatronics/candriver_1.19.23/install/can_msg_interfaces/lib:/opt/ros/foxy/opt/yaml_cpp_vendor/lib:/opt/ros/foxy/opt/rviz_ogre_vendor/lib:/opt/ros/foxy/lib/aarch64-linux-gnu:/opt/ros/foxy/lib:/usr/local/cuda-11.4/lib64 PYTHONPATH=/home/mechatronics/master/Mechatronics-2023/ros2_ws/build/zed_vision_node/prefix_override:/home/mechatronics/master/Mechatronics-2023/ros2_ws/install/zed_vision_node/lib/python3.8/site-packages:/home/mechatronics/master/Mechatronics-2023/ros2_ws/install/scion_types/lib/python3.8/site-packages:${PYTHONPATH} /usr/bin/python3 setup.py egg_info --egg-base ../../build/zed_vision_node build --build-base /home/mechatronics/master/Mechatronics-2023/ros2_ws/build/zed_vision_node/build install --record /home/mechatronics/master/Mechatronics-2023/ros2_ws/build/zed_vision_node/install.log --install-scripts $base/lib/zed_vision_node --single-version-externally-managed
