-- Found ament_cmake: 0.9.11 (/opt/ros/foxy/share/ament_cmake/cmake)
-- Using PYTHON_EXECUTABLE: /usr/bin/python3
-- Found rclcpp: 2.4.2 (/opt/ros/foxy/share/rclcpp/cmake)
-- Using all available rosidl_typesupport_c: rosidl_typesupport_fastrtps_c;rosidl_typesupport_introspection_c
-- Found rosidl_adapter: 1.3.0 (/opt/ros/foxy/share/rosidl_adapter/cmake)
-- Using all available rosidl_typesupport_cpp: rosidl_typesupport_fastrtps_cpp;rosidl_typesupport_introspection_cpp
-- Found rmw_implementation_cmake: 1.0.3 (/opt/ros/foxy/share/rmw_implementation_cmake/cmake)
-- Using RMW implementation 'rmw_fastrtps_cpp' as default
-- Found geometry_msgs: 2.0.5 (/opt/ros/foxy/share/geometry_msgs/cmake)
-- Found scion_types: 0.0.0 (/home/mechatronics/master/Mechatronics-2023/ros2_ws/install/scion_types/share/scion_types/cmake)
-- Found rosidl_default_generators: 1.0.1 (/opt/ros/foxy/share/rosidl_default_generators/cmake)
-- Configuring done
-- Generating done
-- Build files have been written to: /home/mechatronics/master/Mechatronics-2023/ros2_ws/build/zed_pos_node
[ 50%] [32m[1mLinking CXX executable zed_pos_exec[0m
[100%] Built target zed_pos_exec
-- Install configuration: ""
-- Installing: /home/mechatronics/master/Mechatronics-2023/ros2_ws/install/zed_pos_node/lib/zed_pos_node/zed_pos_exec
-- Set runtime path of "/home/mechatronics/master/Mechatronics-2023/ros2_ws/install/zed_pos_node/lib/zed_pos_node/zed_pos_exec" to ""
-- Up-to-date: /home/mechatronics/master/Mechatronics-2023/ros2_ws/install/zed_pos_node/share/ament_index/resource_index/package_run_dependencies/zed_pos_node
-- Installing: /home/mechatronics/master/Mechatronics-2023/ros2_ws/install/zed_pos_node/share/ament_index/resource_index/parent_prefix_path/zed_pos_node
-- Up-to-date: /home/mechatronics/master/Mechatronics-2023/ros2_ws/install/zed_pos_node/share/zed_pos_node/environment/ament_prefix_path.sh
-- Installing: /home/mechatronics/master/Mechatronics-2023/ros2_ws/install/zed_pos_node/share/zed_pos_node/environment/ament_prefix_path.dsv
-- Up-to-date: /home/mechatronics/master/Mechatronics-2023/ros2_ws/install/zed_pos_node/share/zed_pos_node/environment/path.sh
-- Installing: /home/mechatronics/master/Mechatronics-2023/ros2_ws/install/zed_pos_node/share/zed_pos_node/environment/path.dsv
-- Up-to-date: /home/mechatronics/master/Mechatronics-2023/ros2_ws/install/zed_pos_node/share/zed_pos_node/local_setup.bash
-- Up-to-date: /home/mechatronics/master/Mechatronics-2023/ros2_ws/install/zed_pos_node/share/zed_pos_node/local_setup.sh
-- Up-to-date: /home/mechatronics/master/Mechatronics-2023/ros2_ws/install/zed_pos_node/share/zed_pos_node/local_setup.zsh
-- Installing: /home/mechatronics/master/Mechatronics-2023/ros2_ws/install/zed_pos_node/share/zed_pos_node/local_setup.dsv
-- Installing: /home/mechatronics/master/Mechatronics-2023/ros2_ws/install/zed_pos_node/share/zed_pos_node/package.dsv
-- Up-to-date: /home/mechatronics/master/Mechatronics-2023/ros2_ws/install/zed_pos_node/share/ament_index/resource_index/packages/zed_pos_node
-- Up-to-date: /home/mechatronics/master/Mechatronics-2023/ros2_ws/install/zed_pos_node/share/zed_pos_node/cmake/zed_pos_nodeConfig.cmake
-- Up-to-date: /home/mechatronics/master/Mechatronics-2023/ros2_ws/install/zed_pos_node/share/zed_pos_node/cmake/zed_pos_nodeConfig-version.cmake
-- Up-to-date: /home/mechatronics/master/Mechatronics-2023/ros2_ws/install/zed_pos_node/share/zed_pos_node/package.xml
