-- The C compiler identification is GNU 9.4.0
-- The CXX compiler identification is GNU 9.4.0
-- Check for working C compiler: /usr/bin/cc
-- Check for working C compiler: /usr/bin/cc -- works
-- Detecting C compiler ABI info
-- Detecting C compiler ABI info - done
-- Detecting C compile features
-- Detecting C compile features - done
-- Check for working CXX compiler: /usr/bin/c++
-- Check for working CXX compiler: /usr/bin/c++ -- works
-- Detecting CXX compiler ABI info
-- Detecting CXX compiler ABI info - done
-- Detecting CXX compile features
-- Detecting CXX compile features - done
-- Found ament_cmake: 0.9.11 (/opt/ros/foxy/share/ament_cmake/cmake)
-- Found PythonInterp: /usr/bin/python3 (found suitable version "3.8.10", minimum required is "3") 
-- Using PYTHON_EXECUTABLE: /usr/bin/python3
-- Found rclcpp: 2.4.2 (/opt/ros/foxy/share/rclcpp/cmake)
-- Using all available rosidl_typesupport_c: rosidl_typesupport_fastrtps_c;rosidl_typesupport_introspection_c
-- Found rosidl_adapter: 1.3.0 (/opt/ros/foxy/share/rosidl_adapter/cmake)
-- Found OpenSSL: /usr/lib/aarch64-linux-gnu/libcrypto.so (found version "1.1.1f")  
-- Found FastRTPS: /opt/ros/foxy/include  
-- Using all available rosidl_typesupport_cpp: rosidl_typesupport_fastrtps_cpp;rosidl_typesupport_introspection_cpp
-- Found rmw_implementation_cmake: 1.0.3 (/opt/ros/foxy/share/rmw_implementation_cmake/cmake)
-- Using RMW implementation 'rmw_fastrtps_cpp' as default
-- Looking for pthread.h
-- Looking for pthread.h - found
-- Performing Test CMAKE_HAVE_LIBC_PTHREAD
-- Performing Test CMAKE_HAVE_LIBC_PTHREAD - Failed
-- Looking for pthread_create in pthreads
-- Looking for pthread_create in pthreads - not found
-- Looking for pthread_create in pthread
-- Looking for pthread_create in pthread - found
-- Found Threads: TRUE  
-- Found scion_types: 0.0.0 (/home/mechatronics/master/Mechatronics-2023/install/scion_types/share/scion_types/cmake)
-- Configuring done
-- Generating done
-- Build files have been written to: /home/mechatronics/master/Mechatronics-2023/ros2_ws/build/can2ros_driver
[35m[1mScanning dependencies of target can2ros_driver[0m
[ 60%] [32mBuilding CXX object CMakeFiles/can2ros_driver.dir/src/can_mailbox_topic.cpp.o[0m
[ 60%] [32mBuilding CXX object CMakeFiles/can2ros_driver.dir/src/can_mbox_pub.cpp.o[0m
[ 80%] [32mBuilding CXX object CMakeFiles/can2ros_driver.dir/src/can_send_service.cpp.o[0m
[ 80%] [32mBuilding CXX object CMakeFiles/can2ros_driver.dir/src/mbox_can.cpp.o[0m
[100%] [32m[1mLinking CXX executable can2ros_driver[0m
[100%] Built target can2ros_driver
-- Install configuration: ""
-- Installing: /home/mechatronics/master/Mechatronics-2023/ros2_ws/install/can2ros_driver/lib/can2ros_driver/can2ros_driver
-- Set runtime path of "/home/mechatronics/master/Mechatronics-2023/ros2_ws/install/can2ros_driver/lib/can2ros_driver/can2ros_driver" to ""
-- Installing: /home/mechatronics/master/Mechatronics-2023/ros2_ws/install/can2ros_driver/share/ament_index/resource_index/package_run_dependencies/can2ros_driver
-- Installing: /home/mechatronics/master/Mechatronics-2023/ros2_ws/install/can2ros_driver/share/ament_index/resource_index/parent_prefix_path/can2ros_driver
-- Installing: /home/mechatronics/master/Mechatronics-2023/ros2_ws/install/can2ros_driver/share/can2ros_driver/environment/ament_prefix_path.sh
-- Installing: /home/mechatronics/master/Mechatronics-2023/ros2_ws/install/can2ros_driver/share/can2ros_driver/environment/ament_prefix_path.dsv
-- Installing: /home/mechatronics/master/Mechatronics-2023/ros2_ws/install/can2ros_driver/share/can2ros_driver/environment/path.sh
-- Installing: /home/mechatronics/master/Mechatronics-2023/ros2_ws/install/can2ros_driver/share/can2ros_driver/environment/path.dsv
-- Installing: /home/mechatronics/master/Mechatronics-2023/ros2_ws/install/can2ros_driver/share/can2ros_driver/local_setup.bash
-- Installing: /home/mechatronics/master/Mechatronics-2023/ros2_ws/install/can2ros_driver/share/can2ros_driver/local_setup.sh
-- Installing: /home/mechatronics/master/Mechatronics-2023/ros2_ws/install/can2ros_driver/share/can2ros_driver/local_setup.zsh
-- Installing: /home/mechatronics/master/Mechatronics-2023/ros2_ws/install/can2ros_driver/share/can2ros_driver/local_setup.dsv
-- Installing: /home/mechatronics/master/Mechatronics-2023/ros2_ws/install/can2ros_driver/share/can2ros_driver/package.dsv
-- Installing: /home/mechatronics/master/Mechatronics-2023/ros2_ws/install/can2ros_driver/share/ament_index/resource_index/packages/can2ros_driver
-- Installing: /home/mechatronics/master/Mechatronics-2023/ros2_ws/install/can2ros_driver/share/can2ros_driver/cmake/can2ros_driverConfig.cmake
-- Installing: /home/mechatronics/master/Mechatronics-2023/ros2_ws/install/can2ros_driver/share/can2ros_driver/cmake/can2ros_driverConfig-version.cmake
-- Installing: /home/mechatronics/master/Mechatronics-2023/ros2_ws/install/can2ros_driver/share/can2ros_driver/package.xml
