[0.610s] Invoking command in '/home/mechatronics/master/Mechatronics-2023/ros2_ws/build/can2ros_driver': CMAKE_PREFIX_PATH=${CMAKE_PREFIX_PATH}:/home/mechatronics/master/Mechatronics-2023/install/zed_vision_node:/home/mechatronics/master/Mechatronics-2023/install/ahrs_node:/home/mechatronics/junebug_workspace/install/zed_temp:/home/mechatronics/junebug_workspace/install/zed_imu2:/home/mechatronics/junebug_workspace/install/zed_imu:/home/mechatronics/junebug_workspace/install/top_view_package:/home/mechatronics/junebug_workspace/install/py_pubsub:/home/mechatronics/junebug_workspace/install/object_detection_package:/home/mechatronics/junebug_workspace/install/mapping_package:/home/mechatronics/junebug_workspace/install/depth_package:/home/mechatronics/junebug_workspace/install/controller_translator:/home/mechatronics/junebug_workspace/install/cam_track_package:/home/mechatronics/junebug_workspace/install/body_track_package:/home/mechatronics/junebug_workspace/install/ahr:/opt/ros/foxy /usr/bin/cmake /home/mechatronics/master/Mechatronics-2023/ros2_ws/src/can2ros_driver -DCMAKE_INSTALL_PREFIX=/home/mechatronics/master/Mechatronics-2023/ros2_ws/install/can2ros_driver
[0.700s] -- The C compiler identification is GNU 9.4.0
[0.794s] -- The CXX compiler identification is GNU 9.4.0
[0.804s] -- Check for working C compiler: /usr/bin/cc
[0.929s] -- Check for working C compiler: /usr/bin/cc -- works
[0.931s] -- Detecting C compiler ABI info
[1.044s] -- Detecting C compiler ABI info - done
[1.057s] -- Detecting C compile features
[1.058s] -- Detecting C compile features - done
[1.061s] -- Check for working CXX compiler: /usr/bin/c++
[1.192s] -- Check for working CXX compiler: /usr/bin/c++ -- works
[1.194s] -- Detecting CXX compiler ABI info
[1.333s] -- Detecting CXX compiler ABI info - done
[1.340s] -- Detecting CXX compile features
[1.340s] -- Detecting CXX compile features - done
[1.350s] -- Found ament_cmake: 0.9.11 (/opt/ros/foxy/share/ament_cmake/cmake)
[1.419s] -- Found PythonInterp: /usr/bin/python3 (found suitable version "3.8.10", minimum required is "3") 
[1.419s] -- Using PYTHON_EXECUTABLE: /usr/bin/python3
[1.856s] -- Found rclcpp: 2.4.2 (/opt/ros/foxy/share/rclcpp/cmake)
[1.959s] -- Using all available rosidl_typesupport_c: rosidl_typesupport_fastrtps_c;rosidl_typesupport_introspection_c
[1.978s] -- Found rosidl_adapter: 1.3.0 (/opt/ros/foxy/share/rosidl_adapter/cmake)
[2.147s] -- Found OpenSSL: /usr/lib/aarch64-linux-gnu/libcrypto.so (found version "1.1.1f")  
[2.196s] -- Found FastRTPS: /opt/ros/foxy/include  
[2.338s] -- Using all available rosidl_typesupport_cpp: rosidl_typesupport_fastrtps_cpp;rosidl_typesupport_introspection_cpp
[2.440s] -- Found rmw_implementation_cmake: 1.0.3 (/opt/ros/foxy/share/rmw_implementation_cmake/cmake)
[2.444s] -- Using RMW implementation 'rmw_fastrtps_cpp' as default
[2.445s] -- Looking for pthread.h
[2.564s] -- Looking for pthread.h - found
[2.565s] -- Performing Test CMAKE_HAVE_LIBC_PTHREAD
[2.691s] -- Performing Test CMAKE_HAVE_LIBC_PTHREAD - Failed
[2.691s] -- Looking for pthread_create in pthreads
[2.792s] -- Looking for pthread_create in pthreads - not found
[2.792s] -- Looking for pthread_create in pthread
[2.908s] -- Looking for pthread_create in pthread - found
[2.910s] -- Found Threads: TRUE  
[3.140s] -- Found scion_types: 0.0.0 (/home/mechatronics/master/Mechatronics-2023/install/scion_types/share/scion_types/cmake)
[3.279s] -- Configuring done
[3.292s] -- Generating done
[3.294s] -- Build files have been written to: /home/mechatronics/master/Mechatronics-2023/ros2_ws/build/can2ros_driver
[3.311s] Invoked command in '/home/mechatronics/master/Mechatronics-2023/ros2_ws/build/can2ros_driver' returned '0': CMAKE_PREFIX_PATH=${CMAKE_PREFIX_PATH}:/home/mechatronics/master/Mechatronics-2023/install/zed_vision_node:/home/mechatronics/master/Mechatronics-2023/install/ahrs_node:/home/mechatronics/junebug_workspace/install/zed_temp:/home/mechatronics/junebug_workspace/install/zed_imu2:/home/mechatronics/junebug_workspace/install/zed_imu:/home/mechatronics/junebug_workspace/install/top_view_package:/home/mechatronics/junebug_workspace/install/py_pubsub:/home/mechatronics/junebug_workspace/install/object_detection_package:/home/mechatronics/junebug_workspace/install/mapping_package:/home/mechatronics/junebug_workspace/install/depth_package:/home/mechatronics/junebug_workspace/install/controller_translator:/home/mechatronics/junebug_workspace/install/cam_track_package:/home/mechatronics/junebug_workspace/install/body_track_package:/home/mechatronics/junebug_workspace/install/ahr:/opt/ros/foxy /usr/bin/cmake /home/mechatronics/master/Mechatronics-2023/ros2_ws/src/can2ros_driver -DCMAKE_INSTALL_PREFIX=/home/mechatronics/master/Mechatronics-2023/ros2_ws/install/can2ros_driver
[3.315s] Invoking command in '/home/mechatronics/master/Mechatronics-2023/ros2_ws/build/can2ros_driver': CMAKE_PREFIX_PATH=${CMAKE_PREFIX_PATH}:/home/mechatronics/master/Mechatronics-2023/install/zed_vision_node:/home/mechatronics/master/Mechatronics-2023/install/ahrs_node:/home/mechatronics/junebug_workspace/install/zed_temp:/home/mechatronics/junebug_workspace/install/zed_imu2:/home/mechatronics/junebug_workspace/install/zed_imu:/home/mechatronics/junebug_workspace/install/top_view_package:/home/mechatronics/junebug_workspace/install/py_pubsub:/home/mechatronics/junebug_workspace/install/object_detection_package:/home/mechatronics/junebug_workspace/install/mapping_package:/home/mechatronics/junebug_workspace/install/depth_package:/home/mechatronics/junebug_workspace/install/controller_translator:/home/mechatronics/junebug_workspace/install/cam_track_package:/home/mechatronics/junebug_workspace/install/body_track_package:/home/mechatronics/junebug_workspace/install/ahr:/opt/ros/foxy /usr/bin/cmake --build /home/mechatronics/master/Mechatronics-2023/ros2_ws/build/can2ros_driver -- -j12 -l12
[3.393s] [35m[1mScanning dependencies of target can2ros_driver[0m
[3.459s] [ 60%] [32mBuilding CXX object CMakeFiles/can2ros_driver.dir/src/can_mailbox_topic.cpp.o[0m
[3.459s] [ 60%] [32mBuilding CXX object CMakeFiles/can2ros_driver.dir/src/can_mbox_pub.cpp.o[0m
[3.459s] [ 80%] [32mBuilding CXX object CMakeFiles/can2ros_driver.dir/src/can_send_service.cpp.o[0m
[3.459s] [ 80%] [32mBuilding CXX object CMakeFiles/can2ros_driver.dir/src/mbox_can.cpp.o[0m
[9.457s] [100%] [32m[1mLinking CXX executable can2ros_driver[0m
[9.828s] [100%] Built target can2ros_driver
[9.854s] Invoked command in '/home/mechatronics/master/Mechatronics-2023/ros2_ws/build/can2ros_driver' returned '0': CMAKE_PREFIX_PATH=${CMAKE_PREFIX_PATH}:/home/mechatronics/master/Mechatronics-2023/install/zed_vision_node:/home/mechatronics/master/Mechatronics-2023/install/ahrs_node:/home/mechatronics/junebug_workspace/install/zed_temp:/home/mechatronics/junebug_workspace/install/zed_imu2:/home/mechatronics/junebug_workspace/install/zed_imu:/home/mechatronics/junebug_workspace/install/top_view_package:/home/mechatronics/junebug_workspace/install/py_pubsub:/home/mechatronics/junebug_workspace/install/object_detection_package:/home/mechatronics/junebug_workspace/install/mapping_package:/home/mechatronics/junebug_workspace/install/depth_package:/home/mechatronics/junebug_workspace/install/controller_translator:/home/mechatronics/junebug_workspace/install/cam_track_package:/home/mechatronics/junebug_workspace/install/body_track_package:/home/mechatronics/junebug_workspace/install/ahr:/opt/ros/foxy /usr/bin/cmake --build /home/mechatronics/master/Mechatronics-2023/ros2_ws/build/can2ros_driver -- -j12 -l12
[10.419s] Invoking command in '/home/mechatronics/master/Mechatronics-2023/ros2_ws/build/can2ros_driver': CMAKE_PREFIX_PATH=${CMAKE_PREFIX_PATH}:/home/mechatronics/master/Mechatronics-2023/install/zed_vision_node:/home/mechatronics/master/Mechatronics-2023/install/ahrs_node:/home/mechatronics/junebug_workspace/install/zed_temp:/home/mechatronics/junebug_workspace/install/zed_imu2:/home/mechatronics/junebug_workspace/install/zed_imu:/home/mechatronics/junebug_workspace/install/top_view_package:/home/mechatronics/junebug_workspace/install/py_pubsub:/home/mechatronics/junebug_workspace/install/object_detection_package:/home/mechatronics/junebug_workspace/install/mapping_package:/home/mechatronics/junebug_workspace/install/depth_package:/home/mechatronics/junebug_workspace/install/controller_translator:/home/mechatronics/junebug_workspace/install/cam_track_package:/home/mechatronics/junebug_workspace/install/body_track_package:/home/mechatronics/junebug_workspace/install/ahr:/opt/ros/foxy /usr/bin/cmake --install /home/mechatronics/master/Mechatronics-2023/ros2_ws/build/can2ros_driver
[10.474s] -- Install configuration: ""
[10.475s] -- Installing: /home/mechatronics/master/Mechatronics-2023/ros2_ws/install/can2ros_driver/lib/can2ros_driver/can2ros_driver
[10.477s] -- Set runtime path of "/home/mechatronics/master/Mechatronics-2023/ros2_ws/install/can2ros_driver/lib/can2ros_driver/can2ros_driver" to ""
[10.478s] -- Installing: /home/mechatronics/master/Mechatronics-2023/ros2_ws/install/can2ros_driver/share/ament_index/resource_index/package_run_dependencies/can2ros_driver
[10.478s] -- Installing: /home/mechatronics/master/Mechatronics-2023/ros2_ws/install/can2ros_driver/share/ament_index/resource_index/parent_prefix_path/can2ros_driver
[10.479s] -- Installing: /home/mechatronics/master/Mechatronics-2023/ros2_ws/install/can2ros_driver/share/can2ros_driver/environment/ament_prefix_path.sh
[10.479s] -- Installing: /home/mechatronics/master/Mechatronics-2023/ros2_ws/install/can2ros_driver/share/can2ros_driver/environment/ament_prefix_path.dsv
[10.480s] -- Installing: /home/mechatronics/master/Mechatronics-2023/ros2_ws/install/can2ros_driver/share/can2ros_driver/environment/path.sh
[10.480s] -- Installing: /home/mechatronics/master/Mechatronics-2023/ros2_ws/install/can2ros_driver/share/can2ros_driver/environment/path.dsv
[10.480s] -- Installing: /home/mechatronics/master/Mechatronics-2023/ros2_ws/install/can2ros_driver/share/can2ros_driver/local_setup.bash
[10.481s] -- Installing: /home/mechatronics/master/Mechatronics-2023/ros2_ws/install/can2ros_driver/share/can2ros_driver/local_setup.sh
[10.481s] -- Installing: /home/mechatronics/master/Mechatronics-2023/ros2_ws/install/can2ros_driver/share/can2ros_driver/local_setup.zsh
[10.481s] -- Installing: /home/mechatronics/master/Mechatronics-2023/ros2_ws/install/can2ros_driver/share/can2ros_driver/local_setup.dsv
[10.482s] -- Installing: /home/mechatronics/master/Mechatronics-2023/ros2_ws/install/can2ros_driver/share/can2ros_driver/package.dsv
[10.482s] -- Installing: /home/mechatronics/master/Mechatronics-2023/ros2_ws/install/can2ros_driver/share/ament_index/resource_index/packages/can2ros_driver
[10.483s] -- Installing: /home/mechatronics/master/Mechatronics-2023/ros2_ws/install/can2ros_driver/share/can2ros_driver/cmake/can2ros_driverConfig.cmake
[10.483s] -- Installing: /home/mechatronics/master/Mechatronics-2023/ros2_ws/install/can2ros_driver/share/can2ros_driver/cmake/can2ros_driverConfig-version.cmake
[10.483s] -- Installing: /home/mechatronics/master/Mechatronics-2023/ros2_ws/install/can2ros_driver/share/can2ros_driver/package.xml
[10.497s] Invoked command in '/home/mechatronics/master/Mechatronics-2023/ros2_ws/build/can2ros_driver' returned '0': CMAKE_PREFIX_PATH=${CMAKE_PREFIX_PATH}:/home/mechatronics/master/Mechatronics-2023/install/zed_vision_node:/home/mechatronics/master/Mechatronics-2023/install/ahrs_node:/home/mechatronics/junebug_workspace/install/zed_temp:/home/mechatronics/junebug_workspace/install/zed_imu2:/home/mechatronics/junebug_workspace/install/zed_imu:/home/mechatronics/junebug_workspace/install/top_view_package:/home/mechatronics/junebug_workspace/install/py_pubsub:/home/mechatronics/junebug_workspace/install/object_detection_package:/home/mechatronics/junebug_workspace/install/mapping_package:/home/mechatronics/junebug_workspace/install/depth_package:/home/mechatronics/junebug_workspace/install/controller_translator:/home/mechatronics/junebug_workspace/install/cam_track_package:/home/mechatronics/junebug_workspace/install/body_track_package:/home/mechatronics/junebug_workspace/install/ahr:/opt/ros/foxy /usr/bin/cmake --install /home/mechatronics/master/Mechatronics-2023/ros2_ws/build/can2ros_driver
