[1.472s] Invoking command in '/home/mechatronics/master/Mechatronics-2023/ros2_ws/src/ahrs_node': PYTHONPATH=/home/mechatronics/master/Mechatronics-2023/ros2_ws/build/ahrs_node/prefix_override:/home/mechatronics/master/Mechatronics-2023/ros2_ws/install/ahrs_node/lib/python3.8/site-packages:${PYTHONPATH} /usr/bin/python3 setup.py egg_info --egg-base ../../build/ahrs_node build --build-base /home/mechatronics/master/Mechatronics-2023/ros2_ws/build/ahrs_node/build install --record /home/mechatronics/master/Mechatronics-2023/ros2_ws/build/ahrs_node/install.log --install-scripts $base/lib/ahrs_node --single-version-externally-managed
[1.886s] /home/mechatronics/.local/lib/python3.8/site-packages/setuptools/dist.py:717: UserWarning: Usage of dash-separated 'script-dir' will not be supported in future versions. Please use the underscore name 'script_dir' instead
[1.886s]   warnings.warn(
[1.928s] running egg_info
[1.928s] creating ../../build/ahrs_node/ahrs_node.egg-info
[1.929s] writing ../../build/ahrs_node/ahrs_node.egg-info/PKG-INFO
[1.929s] writing dependency_links to ../../build/ahrs_node/ahrs_node.egg-info/dependency_links.txt
[1.929s] writing entry points to ../../build/ahrs_node/ahrs_node.egg-info/entry_points.txt
[1.929s] writing requirements to ../../build/ahrs_node/ahrs_node.egg-info/requires.txt
[1.929s] writing top-level names to ../../build/ahrs_node/ahrs_node.egg-info/top_level.txt
[1.932s] writing manifest file '../../build/ahrs_node/ahrs_node.egg-info/SOURCES.txt'
[1.935s] reading manifest file '../../build/ahrs_node/ahrs_node.egg-info/SOURCES.txt'
[1.936s] writing manifest file '../../build/ahrs_node/ahrs_node.egg-info/SOURCES.txt'
[1.936s] running build
[1.936s] running build_py
[1.936s] creating /home/mechatronics/master/Mechatronics-2023/ros2_ws/build/ahrs_node/build
[1.937s] creating /home/mechatronics/master/Mechatronics-2023/ros2_ws/build/ahrs_node/build/lib
[1.937s] creating /home/mechatronics/master/Mechatronics-2023/ros2_ws/build/ahrs_node/build/lib/ahrs_node
[1.937s] copying ahrs_node/__init__.py -> /home/mechatronics/master/Mechatronics-2023/ros2_ws/build/ahrs_node/build/lib/ahrs_node
[1.937s] copying ahrs_node/ahrs_publisher.py -> /home/mechatronics/master/Mechatronics-2023/ros2_ws/build/ahrs_node/build/lib/ahrs_node
[1.937s] running install
[1.937s] /home/mechatronics/.local/lib/python3.8/site-packages/setuptools/command/install.py:34: SetuptoolsDeprecationWarning: setup.py install is deprecated. Use build and pip and other standards-based tools.
[1.938s]   warnings.warn(
[1.939s] running install_lib
[1.940s] creating /home/mechatronics/master/Mechatronics-2023/ros2_ws/install/ahrs_node/lib/python3.8/site-packages/ahrs_node
[1.940s] copying /home/mechatronics/master/Mechatronics-2023/ros2_ws/build/ahrs_node/build/lib/ahrs_node/__init__.py -> /home/mechatronics/master/Mechatronics-2023/ros2_ws/install/ahrs_node/lib/python3.8/site-packages/ahrs_node
[1.941s] copying /home/mechatronics/master/Mechatronics-2023/ros2_ws/build/ahrs_node/build/lib/ahrs_node/ahrs_publisher.py -> /home/mechatronics/master/Mechatronics-2023/ros2_ws/install/ahrs_node/lib/python3.8/site-packages/ahrs_node
[1.942s] byte-compiling /home/mechatronics/master/Mechatronics-2023/ros2_ws/install/ahrs_node/lib/python3.8/site-packages/ahrs_node/__init__.py to __init__.cpython-38.pyc
[1.942s] byte-compiling /home/mechatronics/master/Mechatronics-2023/ros2_ws/install/ahrs_node/lib/python3.8/site-packages/ahrs_node/ahrs_publisher.py to ahrs_publisher.cpython-38.pyc
[1.943s] running install_data
[1.944s] creating /home/mechatronics/master/Mechatronics-2023/ros2_ws/install/ahrs_node/share/ament_index
[1.944s] creating /home/mechatronics/master/Mechatronics-2023/ros2_ws/install/ahrs_node/share/ament_index/resource_index
[1.944s] creating /home/mechatronics/master/Mechatronics-2023/ros2_ws/install/ahrs_node/share/ament_index/resource_index/packages
[1.944s] copying resource/ahrs_node -> /home/mechatronics/master/Mechatronics-2023/ros2_ws/install/ahrs_node/share/ament_index/resource_index/packages
[1.944s] copying package.xml -> /home/mechatronics/master/Mechatronics-2023/ros2_ws/install/ahrs_node/share/ahrs_node
[1.944s] running install_egg_info
[1.948s] Copying ../../build/ahrs_node/ahrs_node.egg-info to /home/mechatronics/master/Mechatronics-2023/ros2_ws/install/ahrs_node/lib/python3.8/site-packages/ahrs_node-0.0.0-py3.8.egg-info
[1.949s] running install_scripts
[1.979s] Installing ahrs_exec script to /home/mechatronics/master/Mechatronics-2023/ros2_ws/install/ahrs_node/lib/ahrs_node
[1.979s] writing list of installed files to '/home/mechatronics/master/Mechatronics-2023/ros2_ws/build/ahrs_node/install.log'
[2.032s] Invoked command in '/home/mechatronics/master/Mechatronics-2023/ros2_ws/src/ahrs_node' returned '0': PYTHONPATH=/home/mechatronics/master/Mechatronics-2023/ros2_ws/build/ahrs_node/prefix_override:/home/mechatronics/master/Mechatronics-2023/ros2_ws/install/ahrs_node/lib/python3.8/site-packages:${PYTHONPATH} /usr/bin/python3 setup.py egg_info --egg-base ../../build/ahrs_node build --build-base /home/mechatronics/master/Mechatronics-2023/ros2_ws/build/ahrs_node/build install --record /home/mechatronics/master/Mechatronics-2023/ros2_ws/build/ahrs_node/install.log --install-scripts $base/lib/ahrs_node --single-version-externally-managed
