-- Found ament_cmake: 0.9.11 (/opt/ros/foxy/share/ament_cmake/cmake)
-- Using PYTHON_EXECUTABLE: /usr/bin/python3
-- Found rclcpp: 2.4.2 (/opt/ros/foxy/share/rclcpp/cmake)
-- Using all available rosidl_typesupport_c: rosidl_typesupport_fastrtps_c;rosidl_typesupport_introspection_c
-- Found rosidl_adapter: 1.3.0 (/opt/ros/foxy/share/rosidl_adapter/cmake)
-- Using all available rosidl_typesupport_cpp: rosidl_typesupport_fastrtps_cpp;rosidl_typesupport_introspection_cpp
-- Found rmw_implementation_cmake: 1.0.3 (/opt/ros/foxy/share/rmw_implementation_cmake/cmake)
-- Using RMW implementation 'rmw_fastrtps_cpp' as default
-- Found scion_types: 0.0.0 (/home/mechatronics/master/Mechatronics-2023/ros2_ws/install/scion_types/share/scion_types/cmake)
-- Configuring done
-- Generating done
-- Build files have been written to: /home/mechatronics/master/Mechatronics-2023/ros2_ws/build/pid_node
[ 16%] [32m[1mLinking CXX executable pid_exec[0m
[100%] Built target pid_exec
-- Install configuration: ""
-- Installing: /home/mechatronics/master/Mechatronics-2023/ros2_ws/install/pid_node/lib/pid_node/pid_exec
-- Set runtime path of "/home/mechatronics/master/Mechatronics-2023/ros2_ws/install/pid_node/lib/pid_node/pid_exec" to ""
-- Up-to-date: /home/mechatronics/master/Mechatronics-2023/ros2_ws/install/pid_node/share/ament_index/resource_index/package_run_dependencies/pid_node
-- Installing: /home/mechatronics/master/Mechatronics-2023/ros2_ws/install/pid_node/share/ament_index/resource_index/parent_prefix_path/pid_node
-- Up-to-date: /home/mechatronics/master/Mechatronics-2023/ros2_ws/install/pid_node/share/pid_node/environment/ament_prefix_path.sh
-- Installing: /home/mechatronics/master/Mechatronics-2023/ros2_ws/install/pid_node/share/pid_node/environment/ament_prefix_path.dsv
-- Up-to-date: /home/mechatronics/master/Mechatronics-2023/ros2_ws/install/pid_node/share/pid_node/environment/path.sh
-- Installing: /home/mechatronics/master/Mechatronics-2023/ros2_ws/install/pid_node/share/pid_node/environment/path.dsv
-- Up-to-date: /home/mechatronics/master/Mechatronics-2023/ros2_ws/install/pid_node/share/pid_node/local_setup.bash
-- Up-to-date: /home/mechatronics/master/Mechatronics-2023/ros2_ws/install/pid_node/share/pid_node/local_setup.sh
-- Up-to-date: /home/mechatronics/master/Mechatronics-2023/ros2_ws/install/pid_node/share/pid_node/local_setup.zsh
-- Installing: /home/mechatronics/master/Mechatronics-2023/ros2_ws/install/pid_node/share/pid_node/local_setup.dsv
-- Installing: /home/mechatronics/master/Mechatronics-2023/ros2_ws/install/pid_node/share/pid_node/package.dsv
-- Up-to-date: /home/mechatronics/master/Mechatronics-2023/ros2_ws/install/pid_node/share/ament_index/resource_index/packages/pid_node
-- Up-to-date: /home/mechatronics/master/Mechatronics-2023/ros2_ws/install/pid_node/share/pid_node/cmake/pid_nodeConfig.cmake
-- Up-to-date: /home/mechatronics/master/Mechatronics-2023/ros2_ws/install/pid_node/share/pid_node/cmake/pid_nodeConfig-version.cmake
-- Up-to-date: /home/mechatronics/master/Mechatronics-2023/ros2_ws/install/pid_node/share/pid_node/package.xml
