[0.034s] Invoking command in '/home/conner/nodes/Mechatronics-2023/ros2_ws/src/build/scion_types': CMAKE_PREFIX_PATH=${CMAKE_PREFIX_PATH}:/home/conner/ahrs_node/Mechatronics-2023/install/ahrs_node:/opt/ros/foxy /usr/bin/cmake /home/conner/nodes/Mechatronics-2023/ros2_ws/src/scion_types -DCMAKE_INSTALL_PREFIX=/home/conner/nodes/Mechatronics-2023/ros2_ws/src/install/scion_types
[0.050s] -- Found ament_cmake: 0.9.11 (/opt/ros/foxy/share/ament_cmake/cmake)
[0.099s] -- Using PYTHON_EXECUTABLE: /usr/bin/python3
[0.386s] -- Found rclcpp: 2.4.2 (/opt/ros/foxy/share/rclcpp/cmake)
[2.082s] -- Using all available rosidl_typesupport_c: rosidl_typesupport_fastrtps_c;rosidl_typesupport_introspection_c
[2.100s] -- Found rosidl_adapter: 1.3.0 (/opt/ros/foxy/share/rosidl_adapter/cmake)
[5.121s] -- Found OpenSSL: /usr/lib/x86_64-linux-gnu/libcrypto.so (found version "1.1.1f")  
[8.248s] -- Found FastRTPS: /opt/ros/foxy/include  
[13.665s] -- Using all available rosidl_typesupport_cpp: rosidl_typesupport_fastrtps_cpp;rosidl_typesupport_introspection_cpp
[13.809s] -- Found rmw_implementation_cmake: 1.0.3 (/opt/ros/foxy/share/rmw_implementation_cmake/cmake)
[13.816s] -- Using RMW implementation 'rmw_fastrtps_cpp' as default
[13.824s] -- Looking for pthread.h
[14.112s] -- Looking for pthread.h - found
[14.113s] -- Performing Test CMAKE_HAVE_LIBC_PTHREAD
[14.399s] -- Performing Test CMAKE_HAVE_LIBC_PTHREAD - Failed
[14.399s] -- Looking for pthread_create in pthreads
[14.751s] -- Looking for pthread_create in pthreads - not found
[14.751s] -- Looking for pthread_create in pthread
[15.081s] -- Looking for pthread_create in pthread - found
[15.083s] -- Found Threads: TRUE  
[15.479s] -- Found rosidl_default_generators: 1.0.1 (/opt/ros/foxy/share/rosidl_default_generators/cmake)
[15.538s] -- Found PythonInterp: /usr/bin/python3 (found version "3.8.10") 
[15.789s] -- Found ament_cmake_ros: 0.9.2 (/opt/ros/foxy/share/ament_cmake_ros/cmake)
[26.972s] -- Using all available rosidl_typesupport_c: rosidl_typesupport_fastrtps_c;rosidl_typesupport_introspection_c
[27.000s] -- Using all available rosidl_typesupport_cpp: rosidl_typesupport_fastrtps_cpp;rosidl_typesupport_introspection_cpp
[27.036s] -- Found PythonInterp: /usr/bin/python3 (found suitable version "3.8.10", minimum required is "3.5") 
[27.043s] -- Found python_cmake_module: 0.8.1 (/opt/ros/foxy/share/python_cmake_module/cmake)
[27.980s] -- Found PythonLibs: /usr/lib/x86_64-linux-gnu/libpython3.8.so (found suitable version "3.8.10", minimum required is "3.5") 
[27.981s] -- Using PYTHON_EXECUTABLE: /usr/bin/python3
[27.981s] -- Using PYTHON_INCLUDE_DIRS: /usr/include/python3.8
[27.981s] -- Using PYTHON_LIBRARIES: /usr/lib/x86_64-linux-gnu/libpython3.8.so
[28.025s] -- Found PythonExtra: .so  
[28.190s] -- Configuring done
[28.267s] -- Generating done
[28.272s] -- Build files have been written to: /home/conner/nodes/Mechatronics-2023/ros2_ws/src/build/scion_types
[28.283s] Invoked command in '/home/conner/nodes/Mechatronics-2023/ros2_ws/src/build/scion_types' returned '0': CMAKE_PREFIX_PATH=${CMAKE_PREFIX_PATH}:/home/conner/ahrs_node/Mechatronics-2023/install/ahrs_node:/opt/ros/foxy /usr/bin/cmake /home/conner/nodes/Mechatronics-2023/ros2_ws/src/scion_types -DCMAKE_INSTALL_PREFIX=/home/conner/nodes/Mechatronics-2023/ros2_ws/src/install/scion_types
[28.289s] Invoking command in '/home/conner/nodes/Mechatronics-2023/ros2_ws/src/build/scion_types': CMAKE_PREFIX_PATH=${CMAKE_PREFIX_PATH}:/home/conner/ahrs_node/Mechatronics-2023/install/ahrs_node:/opt/ros/foxy /usr/bin/cmake --build /home/conner/nodes/Mechatronics-2023/ros2_ws/src/build/scion_types -- -j8 -l8
[28.366s] [35m[1mScanning dependencies of target scion_types__cpp[0m
[28.367s] [  1%] [34m[1mGenerating C code for ROS interfaces[0m
[28.389s] [  3%] [34m[1mGenerating C++ code for ROS interfaces[0m
[29.047s] [  3%] Built target scion_types__cpp
[29.062s] [  5%] [34m[1mGenerating C++ type support for eProsima Fast-RTPS[0m
[29.068s] [  9%] [34m[1mGenerating C++ introspection for ROS interfaces[0m
[29.068s] [  9%] [34m[1mGenerating C++ type support dispatch for ROS interfaces[0m
[29.196s] [35m[1mScanning dependencies of target scion_types__rosidl_generator_c[0m
[29.254s] [ 10%] [32mBuilding C object CMakeFiles/scion_types__rosidl_generator_c.dir/rosidl_generator_c/scion_types/msg/detail/can_frame__functions.c.o[0m
[29.257s] [ 12%] [32mBuilding C object CMakeFiles/scion_types__rosidl_generator_c.dir/rosidl_generator_c/scion_types/msg/detail/orientation__functions.c.o[0m
[29.276s] [ 14%] [32mBuilding C object CMakeFiles/scion_types__rosidl_generator_c.dir/rosidl_generator_c/scion_types/msg/detail/position__functions.c.o[0m
[29.276s] [ 16%] [32mBuilding C object CMakeFiles/scion_types__rosidl_generator_c.dir/rosidl_generator_c/scion_types/srv/detail/send_frame__functions.c.o[0m
[29.425s] [ 18%] [32m[1mLinking C shared library libscion_types__rosidl_generator_c.so[0m
[29.627s] [ 18%] Built target scion_types__rosidl_generator_c
[29.652s] [ 20%] [34m[1mGenerating C type support dispatch for ROS interfaces[0m
[29.653s] [ 21%] [34m[1mGenerating C introspection for ROS interfaces[0m
[29.780s] [35m[1mScanning dependencies of target scion_types__rosidl_typesupport_cpp[0m
[29.829s] [ 23%] [32mBuilding CXX object CMakeFiles/scion_types__rosidl_typesupport_cpp.dir/rosidl_typesupport_cpp/scion_types/msg/can_frame__type_support.cpp.o[0m
[29.831s] [ 25%] [32mBuilding CXX object CMakeFiles/scion_types__rosidl_typesupport_cpp.dir/rosidl_typesupport_cpp/scion_types/msg/orientation__type_support.cpp.o[0m
[29.852s] [ 27%] [32mBuilding CXX object CMakeFiles/scion_types__rosidl_typesupport_cpp.dir/rosidl_typesupport_cpp/scion_types/srv/send_frame__type_support.cpp.o[0m
[29.864s] [ 29%] [32mBuilding CXX object CMakeFiles/scion_types__rosidl_typesupport_cpp.dir/rosidl_typesupport_cpp/scion_types/msg/position__type_support.cpp.o[0m
[30.259s] [35m[1mScanning dependencies of target scion_types__rosidl_typesupport_fastrtps_cpp[0m
[30.289s] [35m[1mScanning dependencies of target scion_types__rosidl_typesupport_introspection_cpp[0m
[30.452s] [ 30%] [32mBuilding CXX object CMakeFiles/scion_types__rosidl_typesupport_introspection_cpp.dir/rosidl_typesupport_introspection_cpp/scion_types/msg/detail/can_frame__type_support.cpp.o[0m
[30.536s] [ 32%] [32mBuilding CXX object CMakeFiles/scion_types__rosidl_typesupport_fastrtps_cpp.dir/rosidl_typesupport_fastrtps_cpp/scion_types/msg/detail/dds_fastrtps/can_frame__type_support.cpp.o[0m
[30.694s] [35m[1mScanning dependencies of target scion_types__rosidl_typesupport_c[0m
[30.800s] [ 34%] [32mBuilding CXX object CMakeFiles/scion_types__rosidl_typesupport_c.dir/rosidl_typesupport_c/scion_types/msg/can_frame__type_support.cpp.o[0m
[30.850s] [ 36%] [32mBuilding CXX object CMakeFiles/scion_types__rosidl_typesupport_fastrtps_cpp.dir/rosidl_typesupport_fastrtps_cpp/scion_types/msg/detail/dds_fastrtps/orientation__type_support.cpp.o[0m
[30.881s] [ 38%] [32mBuilding CXX object CMakeFiles/scion_types__rosidl_typesupport_c.dir/rosidl_typesupport_c/scion_types/msg/orientation__type_support.cpp.o[0m
[30.929s] [ 40%] [32mBuilding CXX object CMakeFiles/scion_types__rosidl_typesupport_c.dir/rosidl_typesupport_c/scion_types/msg/position__type_support.cpp.o[0m
[30.961s] [ 41%] [32mBuilding CXX object CMakeFiles/scion_types__rosidl_typesupport_c.dir/rosidl_typesupport_c/scion_types/srv/send_frame__type_support.cpp.o[0m
[30.973s] [35m[1mScanning dependencies of target scion_types__rosidl_typesupport_introspection_c[0m
[30.992s] [ 43%] [32mBuilding CXX object CMakeFiles/scion_types__rosidl_typesupport_fastrtps_cpp.dir/rosidl_typesupport_fastrtps_cpp/scion_types/msg/detail/dds_fastrtps/position__type_support.cpp.o[0m
[31.016s] [ 45%] [32mBuilding C object CMakeFiles/scion_types__rosidl_typesupport_introspection_c.dir/rosidl_typesupport_introspection_c/scion_types/msg/detail/can_frame__type_support.c.o[0m
[31.022s] [ 47%] [32mBuilding CXX object CMakeFiles/scion_types__rosidl_typesupport_fastrtps_cpp.dir/rosidl_typesupport_fastrtps_cpp/scion_types/srv/detail/dds_fastrtps/send_frame__type_support.cpp.o[0m
[31.042s] [ 49%] [32m[1mLinking CXX shared library libscion_types__rosidl_typesupport_cpp.so[0m
[31.088s] [ 50%] [32m[1mLinking CXX shared library libscion_types__rosidl_typesupport_c.so[0m
[31.104s] [ 52%] [32mBuilding C object CMakeFiles/scion_types__rosidl_typesupport_introspection_c.dir/rosidl_typesupport_introspection_c/scion_types/msg/detail/orientation__type_support.c.o[0m
[31.276s] [ 54%] [32mBuilding C object CMakeFiles/scion_types__rosidl_typesupport_introspection_c.dir/rosidl_typesupport_introspection_c/scion_types/msg/detail/position__type_support.c.o[0m
[31.372s] [ 54%] Built target scion_types__rosidl_typesupport_cpp
[31.397s] [ 56%] [32mBuilding C object CMakeFiles/scion_types__rosidl_typesupport_introspection_c.dir/rosidl_typesupport_introspection_c/scion_types/srv/detail/send_frame__type_support.c.o[0m
[31.409s] [ 58%] [32mBuilding CXX object CMakeFiles/scion_types__rosidl_typesupport_introspection_cpp.dir/rosidl_typesupport_introspection_cpp/scion_types/msg/detail/orientation__type_support.cpp.o[0m
[31.472s] [ 58%] Built target scion_types__rosidl_typesupport_c
[31.503s] [ 60%] [32mBuilding CXX object CMakeFiles/scion_types__rosidl_typesupport_introspection_cpp.dir/rosidl_typesupport_introspection_cpp/scion_types/msg/detail/position__type_support.cpp.o[0m
[31.521s] [ 61%] [32mBuilding CXX object CMakeFiles/scion_types__rosidl_typesupport_introspection_cpp.dir/rosidl_typesupport_introspection_cpp/scion_types/srv/detail/send_frame__type_support.cpp.o[0m
[31.526s] [ 63%] [32m[1mLinking C shared library libscion_types__rosidl_typesupport_introspection_c.so[0m
[31.988s] [ 63%] Built target scion_types__rosidl_typesupport_introspection_c
[32.670s] [ 65%] [32m[1mLinking CXX shared library libscion_types__rosidl_typesupport_fastrtps_cpp.so[0m
[32.742s] [ 67%] [32m[1mLinking CXX shared library libscion_types__rosidl_typesupport_introspection_cpp.so[0m
[33.023s] [ 67%] Built target scion_types__rosidl_typesupport_fastrtps_cpp
[33.042s] [ 69%] [34m[1mGenerating C type support for eProsima Fast-RTPS[0m
[33.069s] [ 69%] Built target scion_types__rosidl_typesupport_introspection_cpp
[33.619s] [35m[1mScanning dependencies of target scion_types__rosidl_typesupport_fastrtps_c[0m
[33.656s] [ 70%] [32mBuilding CXX object CMakeFiles/scion_types__rosidl_typesupport_fastrtps_c.dir/rosidl_typesupport_fastrtps_c/scion_types/msg/detail/can_frame__type_support_c.cpp.o[0m
[33.656s] [ 72%] [32mBuilding CXX object CMakeFiles/scion_types__rosidl_typesupport_fastrtps_c.dir/rosidl_typesupport_fastrtps_c/scion_types/msg/detail/orientation__type_support_c.cpp.o[0m
[33.657s] [ 74%] [32mBuilding CXX object CMakeFiles/scion_types__rosidl_typesupport_fastrtps_c.dir/rosidl_typesupport_fastrtps_c/scion_types/msg/detail/position__type_support_c.cpp.o[0m
[33.659s] [ 76%] [32mBuilding CXX object CMakeFiles/scion_types__rosidl_typesupport_fastrtps_c.dir/rosidl_typesupport_fastrtps_c/scion_types/srv/detail/send_frame__type_support_c.cpp.o[0m
[34.543s] [ 78%] [32m[1mLinking CXX shared library libscion_types__rosidl_typesupport_fastrtps_c.so[0m
[34.836s] [ 78%] Built target scion_types__rosidl_typesupport_fastrtps_c
[34.855s] [35m[1mScanning dependencies of target scion_types[0m
[34.869s] [ 78%] Built target scion_types
[34.882s] [35m[1mScanning dependencies of target scion_types__py[0m
[34.898s] [ 80%] [34m[1mGenerating Python code for ROS interfaces[0m
[36.096s] [ 80%] Built target scion_types__py
[36.110s] [35m[1mScanning dependencies of target scion_types__python[0m
[36.261s] [ 81%] [32mBuilding C object CMakeFiles/scion_types__python.dir/rosidl_generator_py/scion_types/msg/_position_s.c.o[0m
[36.262s] [ 85%] [32mBuilding C object CMakeFiles/scion_types__python.dir/rosidl_generator_py/scion_types/msg/_can_frame_s.c.o[0m
[36.263s] [ 85%] [32mBuilding C object CMakeFiles/scion_types__python.dir/rosidl_generator_py/scion_types/msg/_orientation_s.c.o[0m
[36.264s] [ 87%] [32mBuilding C object CMakeFiles/scion_types__python.dir/rosidl_generator_py/scion_types/srv/_send_frame_s.c.o[0m
[36.471s] [ 89%] [32m[1mLinking C shared library rosidl_generator_py/scion_types/libscion_types__python.so[0m
[36.774s] [ 89%] Built target scion_types__python
[36.790s] [35m[1mScanning dependencies of target scion_types__rosidl_typesupport_c__pyext[0m
[36.794s] [35m[1mScanning dependencies of target scion_types__rosidl_typesupport_fastrtps_c__pyext[0m
[36.796s] [35m[1mScanning dependencies of target scion_types__rosidl_typesupport_introspection_c__pyext[0m
[36.827s] [ 90%] [32mBuilding C object CMakeFiles/scion_types__rosidl_typesupport_c__pyext.dir/rosidl_generator_py/scion_types/_scion_types_s.ep.rosidl_typesupport_c.c.o[0m
[36.832s] [ 94%] [32mBuilding C object CMakeFiles/scion_types__rosidl_typesupport_fastrtps_c__pyext.dir/rosidl_generator_py/scion_types/_scion_types_s.ep.rosidl_typesupport_fastrtps_c.c.o[0m
[36.832s] [ 94%] [32mBuilding C object CMakeFiles/scion_types__rosidl_typesupport_introspection_c__pyext.dir/rosidl_generator_py/scion_types/_scion_types_s.ep.rosidl_typesupport_introspection_c.c.o[0m
[37.014s] [ 96%] [32m[1mLinking C shared library rosidl_generator_py/scion_types/scion_types_s__rosidl_typesupport_c.cpython-38-x86_64-linux-gnu.so[0m
[37.020s] [ 98%] [32m[1mLinking C shared library rosidl_generator_py/scion_types/scion_types_s__rosidl_typesupport_introspection_c.cpython-38-x86_64-linux-gnu.so[0m
[37.035s] [100%] [32m[1mLinking CXX shared library rosidl_generator_py/scion_types/scion_types_s__rosidl_typesupport_fastrtps_c.cpython-38-x86_64-linux-gnu.so[0m
[37.254s] [100%] Built target scion_types__rosidl_typesupport_introspection_c__pyext
[37.261s] [100%] Built target scion_types__rosidl_typesupport_c__pyext
[37.382s] [100%] Built target scion_types__rosidl_typesupport_fastrtps_c__pyext
[37.401s] Invoked command in '/home/conner/nodes/Mechatronics-2023/ros2_ws/src/build/scion_types' returned '0': CMAKE_PREFIX_PATH=${CMAKE_PREFIX_PATH}:/home/conner/ahrs_node/Mechatronics-2023/install/ahrs_node:/opt/ros/foxy /usr/bin/cmake --build /home/conner/nodes/Mechatronics-2023/ros2_ws/src/build/scion_types -- -j8 -l8
[37.634s] Invoking command in '/home/conner/nodes/Mechatronics-2023/ros2_ws/src/build/scion_types': CMAKE_PREFIX_PATH=${CMAKE_PREFIX_PATH}:/home/conner/ahrs_node/Mechatronics-2023/install/ahrs_node:/opt/ros/foxy /usr/bin/cmake --install /home/conner/nodes/Mechatronics-2023/ros2_ws/src/build/scion_types
[37.645s] -- Install configuration: ""
[37.646s] -- Installing: /home/conner/nodes/Mechatronics-2023/ros2_ws/src/install/scion_types/share/ament_index/resource_index/rosidl_interfaces/scion_types
[37.646s] -- Installing: /home/conner/nodes/Mechatronics-2023/ros2_ws/src/install/scion_types/include/scion_types
[37.647s] -- Installing: /home/conner/nodes/Mechatronics-2023/ros2_ws/src/install/scion_types/include/scion_types/srv
[37.647s] -- Installing: /home/conner/nodes/Mechatronics-2023/ros2_ws/src/install/scion_types/include/scion_types/srv/send_frame.h
[37.648s] -- Installing: /home/conner/nodes/Mechatronics-2023/ros2_ws/src/install/scion_types/include/scion_types/srv/detail
[37.648s] -- Installing: /home/conner/nodes/Mechatronics-2023/ros2_ws/src/install/scion_types/include/scion_types/srv/detail/send_frame__struct.h
[37.648s] -- Installing: /home/conner/nodes/Mechatronics-2023/ros2_ws/src/install/scion_types/include/scion_types/srv/detail/send_frame__type_support.h
[37.649s] -- Installing: /home/conner/nodes/Mechatronics-2023/ros2_ws/src/install/scion_types/include/scion_types/srv/detail/send_frame__functions.c
[37.649s] -- Installing: /home/conner/nodes/Mechatronics-2023/ros2_ws/src/install/scion_types/include/scion_types/srv/detail/send_frame__functions.h
[37.649s] -- Installing: /home/conner/nodes/Mechatronics-2023/ros2_ws/src/install/scion_types/include/scion_types/msg
[37.650s] -- Installing: /home/conner/nodes/Mechatronics-2023/ros2_ws/src/install/scion_types/include/scion_types/msg/can_frame.h
[37.650s] -- Installing: /home/conner/nodes/Mechatronics-2023/ros2_ws/src/install/scion_types/include/scion_types/msg/orientation.h
[37.650s] -- Installing: /home/conner/nodes/Mechatronics-2023/ros2_ws/src/install/scion_types/include/scion_types/msg/rosidl_generator_c__visibility_control.h
[37.651s] -- Installing: /home/conner/nodes/Mechatronics-2023/ros2_ws/src/install/scion_types/include/scion_types/msg/detail
[37.651s] -- Installing: /home/conner/nodes/Mechatronics-2023/ros2_ws/src/install/scion_types/include/scion_types/msg/detail/orientation__type_support.h
[37.652s] -- Installing: /home/conner/nodes/Mechatronics-2023/ros2_ws/src/install/scion_types/include/scion_types/msg/detail/position__functions.c
[37.652s] -- Installing: /home/conner/nodes/Mechatronics-2023/ros2_ws/src/install/scion_types/include/scion_types/msg/detail/can_frame__functions.h
[37.652s] -- Installing: /home/conner/nodes/Mechatronics-2023/ros2_ws/src/install/scion_types/include/scion_types/msg/detail/orientation__functions.c
[37.652s] -- Installing: /home/conner/nodes/Mechatronics-2023/ros2_ws/src/install/scion_types/include/scion_types/msg/detail/can_frame__struct.h
[37.653s] -- Installing: /home/conner/nodes/Mechatronics-2023/ros2_ws/src/install/scion_types/include/scion_types/msg/detail/position__functions.h
[37.653s] -- Installing: /home/conner/nodes/Mechatronics-2023/ros2_ws/src/install/scion_types/include/scion_types/msg/detail/can_frame__functions.c
[37.653s] -- Installing: /home/conner/nodes/Mechatronics-2023/ros2_ws/src/install/scion_types/include/scion_types/msg/detail/orientation__struct.h
[37.653s] -- Installing: /home/conner/nodes/Mechatronics-2023/ros2_ws/src/install/scion_types/include/scion_types/msg/detail/orientation__functions.h
[37.654s] -- Installing: /home/conner/nodes/Mechatronics-2023/ros2_ws/src/install/scion_types/include/scion_types/msg/detail/can_frame__type_support.h
[37.654s] -- Installing: /home/conner/nodes/Mechatronics-2023/ros2_ws/src/install/scion_types/include/scion_types/msg/detail/position__struct.h
[37.654s] -- Installing: /home/conner/nodes/Mechatronics-2023/ros2_ws/src/install/scion_types/include/scion_types/msg/detail/position__type_support.h
[37.655s] -- Installing: /home/conner/nodes/Mechatronics-2023/ros2_ws/src/install/scion_types/include/scion_types/msg/position.h
[37.655s] -- Installing: /home/conner/nodes/Mechatronics-2023/ros2_ws/src/install/scion_types/share/scion_types/environment/library_path.sh
[37.656s] -- Installing: /home/conner/nodes/Mechatronics-2023/ros2_ws/src/install/scion_types/share/scion_types/environment/library_path.dsv
[37.656s] -- Installing: /home/conner/nodes/Mechatronics-2023/ros2_ws/src/install/scion_types/lib/libscion_types__rosidl_generator_c.so
[37.656s] -- Set runtime path of "/home/conner/nodes/Mechatronics-2023/ros2_ws/src/install/scion_types/lib/libscion_types__rosidl_generator_c.so" to ""
[37.657s] -- Up-to-date: /home/conner/nodes/Mechatronics-2023/ros2_ws/src/install/scion_types/include/scion_types
[37.657s] -- Up-to-date: /home/conner/nodes/Mechatronics-2023/ros2_ws/src/install/scion_types/include/scion_types/srv
[37.657s] -- Up-to-date: /home/conner/nodes/Mechatronics-2023/ros2_ws/src/install/scion_types/include/scion_types/srv/detail
[37.658s] -- Installing: /home/conner/nodes/Mechatronics-2023/ros2_ws/src/install/scion_types/include/scion_types/srv/detail/send_frame__rosidl_typesupport_fastrtps_c.h
[37.658s] -- Up-to-date: /home/conner/nodes/Mechatronics-2023/ros2_ws/src/install/scion_types/include/scion_types/msg
[37.658s] -- Installing: /home/conner/nodes/Mechatronics-2023/ros2_ws/src/install/scion_types/include/scion_types/msg/rosidl_typesupport_fastrtps_c__visibility_control.h
[37.659s] -- Up-to-date: /home/conner/nodes/Mechatronics-2023/ros2_ws/src/install/scion_types/include/scion_types/msg/detail
[37.659s] -- Installing: /home/conner/nodes/Mechatronics-2023/ros2_ws/src/install/scion_types/include/scion_types/msg/detail/position__rosidl_typesupport_fastrtps_c.h
[37.659s] -- Installing: /home/conner/nodes/Mechatronics-2023/ros2_ws/src/install/scion_types/include/scion_types/msg/detail/orientation__rosidl_typesupport_fastrtps_c.h
[37.659s] -- Installing: /home/conner/nodes/Mechatronics-2023/ros2_ws/src/install/scion_types/include/scion_types/msg/detail/can_frame__rosidl_typesupport_fastrtps_c.h
[37.659s] -- Installing: /home/conner/nodes/Mechatronics-2023/ros2_ws/src/install/scion_types/lib/libscion_types__rosidl_typesupport_fastrtps_c.so
[37.659s] -- Set runtime path of "/home/conner/nodes/Mechatronics-2023/ros2_ws/src/install/scion_types/lib/libscion_types__rosidl_typesupport_fastrtps_c.so" to ""
[37.660s] -- Up-to-date: /home/conner/nodes/Mechatronics-2023/ros2_ws/src/install/scion_types/include/scion_types
[37.660s] -- Up-to-date: /home/conner/nodes/Mechatronics-2023/ros2_ws/src/install/scion_types/include/scion_types/srv
[37.660s] -- Up-to-date: /home/conner/nodes/Mechatronics-2023/ros2_ws/src/install/scion_types/include/scion_types/srv/detail
[37.660s] -- Installing: /home/conner/nodes/Mechatronics-2023/ros2_ws/src/install/scion_types/include/scion_types/srv/detail/send_frame__rosidl_typesupport_fastrtps_cpp.hpp
[37.661s] -- Installing: /home/conner/nodes/Mechatronics-2023/ros2_ws/src/install/scion_types/include/scion_types/srv/detail/dds_fastrtps
[37.661s] -- Up-to-date: /home/conner/nodes/Mechatronics-2023/ros2_ws/src/install/scion_types/include/scion_types/msg
[37.661s] -- Installing: /home/conner/nodes/Mechatronics-2023/ros2_ws/src/install/scion_types/include/scion_types/msg/rosidl_typesupport_fastrtps_cpp__visibility_control.h
[37.662s] -- Up-to-date: /home/conner/nodes/Mechatronics-2023/ros2_ws/src/install/scion_types/include/scion_types/msg/detail
[37.662s] -- Installing: /home/conner/nodes/Mechatronics-2023/ros2_ws/src/install/scion_types/include/scion_types/msg/detail/orientation__rosidl_typesupport_fastrtps_cpp.hpp
[37.663s] -- Installing: /home/conner/nodes/Mechatronics-2023/ros2_ws/src/install/scion_types/include/scion_types/msg/detail/position__rosidl_typesupport_fastrtps_cpp.hpp
[37.663s] -- Installing: /home/conner/nodes/Mechatronics-2023/ros2_ws/src/install/scion_types/include/scion_types/msg/detail/dds_fastrtps
[37.663s] -- Installing: /home/conner/nodes/Mechatronics-2023/ros2_ws/src/install/scion_types/include/scion_types/msg/detail/can_frame__rosidl_typesupport_fastrtps_cpp.hpp
[37.664s] -- Installing: /home/conner/nodes/Mechatronics-2023/ros2_ws/src/install/scion_types/lib/libscion_types__rosidl_typesupport_fastrtps_cpp.so
[37.664s] -- Set runtime path of "/home/conner/nodes/Mechatronics-2023/ros2_ws/src/install/scion_types/lib/libscion_types__rosidl_typesupport_fastrtps_cpp.so" to ""
[37.665s] -- Up-to-date: /home/conner/nodes/Mechatronics-2023/ros2_ws/src/install/scion_types/include/scion_types
[37.665s] -- Up-to-date: /home/conner/nodes/Mechatronics-2023/ros2_ws/src/install/scion_types/include/scion_types/srv
[37.666s] -- Up-to-date: /home/conner/nodes/Mechatronics-2023/ros2_ws/src/install/scion_types/include/scion_types/srv/detail
[37.666s] -- Installing: /home/conner/nodes/Mechatronics-2023/ros2_ws/src/install/scion_types/include/scion_types/srv/detail/send_frame__rosidl_typesupport_introspection_c.h
[37.666s] -- Installing: /home/conner/nodes/Mechatronics-2023/ros2_ws/src/install/scion_types/include/scion_types/srv/detail/send_frame__type_support.c
[37.667s] -- Up-to-date: /home/conner/nodes/Mechatronics-2023/ros2_ws/src/install/scion_types/include/scion_types/msg
[37.667s] -- Installing: /home/conner/nodes/Mechatronics-2023/ros2_ws/src/install/scion_types/include/scion_types/msg/rosidl_typesupport_introspection_c__visibility_control.h
[37.667s] -- Up-to-date: /home/conner/nodes/Mechatronics-2023/ros2_ws/src/install/scion_types/include/scion_types/msg/detail
[37.668s] -- Installing: /home/conner/nodes/Mechatronics-2023/ros2_ws/src/install/scion_types/include/scion_types/msg/detail/orientation__rosidl_typesupport_introspection_c.h
[37.668s] -- Installing: /home/conner/nodes/Mechatronics-2023/ros2_ws/src/install/scion_types/include/scion_types/msg/detail/position__type_support.c
[37.668s] -- Installing: /home/conner/nodes/Mechatronics-2023/ros2_ws/src/install/scion_types/include/scion_types/msg/detail/can_frame__type_support.c
[37.669s] -- Installing: /home/conner/nodes/Mechatronics-2023/ros2_ws/src/install/scion_types/include/scion_types/msg/detail/orientation__type_support.c
[37.669s] -- Installing: /home/conner/nodes/Mechatronics-2023/ros2_ws/src/install/scion_types/include/scion_types/msg/detail/can_frame__rosidl_typesupport_introspection_c.h
[37.669s] -- Installing: /home/conner/nodes/Mechatronics-2023/ros2_ws/src/install/scion_types/include/scion_types/msg/detail/position__rosidl_typesupport_introspection_c.h
[37.670s] -- Installing: /home/conner/nodes/Mechatronics-2023/ros2_ws/src/install/scion_types/lib/libscion_types__rosidl_typesupport_introspection_c.so
[37.670s] -- Set runtime path of "/home/conner/nodes/Mechatronics-2023/ros2_ws/src/install/scion_types/lib/libscion_types__rosidl_typesupport_introspection_c.so" to ""
[37.671s] -- Installing: /home/conner/nodes/Mechatronics-2023/ros2_ws/src/install/scion_types/lib/libscion_types__rosidl_typesupport_c.so
[37.671s] -- Set runtime path of "/home/conner/nodes/Mechatronics-2023/ros2_ws/src/install/scion_types/lib/libscion_types__rosidl_typesupport_c.so" to ""
[37.671s] -- Up-to-date: /home/conner/nodes/Mechatronics-2023/ros2_ws/src/install/scion_types/include/scion_types
[37.671s] -- Up-to-date: /home/conner/nodes/Mechatronics-2023/ros2_ws/src/install/scion_types/include/scion_types/srv
[37.671s] -- Installing: /home/conner/nodes/Mechatronics-2023/ros2_ws/src/install/scion_types/include/scion_types/srv/send_frame.hpp
[37.672s] -- Up-to-date: /home/conner/nodes/Mechatronics-2023/ros2_ws/src/install/scion_types/include/scion_types/srv/detail
[37.672s] -- Installing: /home/conner/nodes/Mechatronics-2023/ros2_ws/src/install/scion_types/include/scion_types/srv/detail/send_frame__traits.hpp
[37.672s] -- Installing: /home/conner/nodes/Mechatronics-2023/ros2_ws/src/install/scion_types/include/scion_types/srv/detail/send_frame__builder.hpp
[37.673s] -- Installing: /home/conner/nodes/Mechatronics-2023/ros2_ws/src/install/scion_types/include/scion_types/srv/detail/send_frame__struct.hpp
[37.673s] -- Up-to-date: /home/conner/nodes/Mechatronics-2023/ros2_ws/src/install/scion_types/include/scion_types/msg
[37.673s] -- Installing: /home/conner/nodes/Mechatronics-2023/ros2_ws/src/install/scion_types/include/scion_types/msg/can_frame.hpp
[37.674s] -- Up-to-date: /home/conner/nodes/Mechatronics-2023/ros2_ws/src/install/scion_types/include/scion_types/msg/detail
[37.674s] -- Installing: /home/conner/nodes/Mechatronics-2023/ros2_ws/src/install/scion_types/include/scion_types/msg/detail/can_frame__struct.hpp
[37.674s] -- Installing: /home/conner/nodes/Mechatronics-2023/ros2_ws/src/install/scion_types/include/scion_types/msg/detail/position__traits.hpp
[37.674s] -- Installing: /home/conner/nodes/Mechatronics-2023/ros2_ws/src/install/scion_types/include/scion_types/msg/detail/position__struct.hpp
[37.674s] -- Installing: /home/conner/nodes/Mechatronics-2023/ros2_ws/src/install/scion_types/include/scion_types/msg/detail/position__builder.hpp
[37.675s] -- Installing: /home/conner/nodes/Mechatronics-2023/ros2_ws/src/install/scion_types/include/scion_types/msg/detail/orientation__struct.hpp
[37.675s] -- Installing: /home/conner/nodes/Mechatronics-2023/ros2_ws/src/install/scion_types/include/scion_types/msg/detail/can_frame__traits.hpp
[37.675s] -- Installing: /home/conner/nodes/Mechatronics-2023/ros2_ws/src/install/scion_types/include/scion_types/msg/detail/orientation__traits.hpp
[37.675s] -- Installing: /home/conner/nodes/Mechatronics-2023/ros2_ws/src/install/scion_types/include/scion_types/msg/detail/can_frame__builder.hpp
[37.675s] -- Installing: /home/conner/nodes/Mechatronics-2023/ros2_ws/src/install/scion_types/include/scion_types/msg/detail/orientation__builder.hpp
[37.676s] -- Installing: /home/conner/nodes/Mechatronics-2023/ros2_ws/src/install/scion_types/include/scion_types/msg/position.hpp
[37.676s] -- Installing: /home/conner/nodes/Mechatronics-2023/ros2_ws/src/install/scion_types/include/scion_types/msg/orientation.hpp
[37.676s] -- Up-to-date: /home/conner/nodes/Mechatronics-2023/ros2_ws/src/install/scion_types/include/scion_types
[37.676s] -- Up-to-date: /home/conner/nodes/Mechatronics-2023/ros2_ws/src/install/scion_types/include/scion_types/srv
[37.676s] -- Up-to-date: /home/conner/nodes/Mechatronics-2023/ros2_ws/src/install/scion_types/include/scion_types/srv/detail
[37.676s] -- Installing: /home/conner/nodes/Mechatronics-2023/ros2_ws/src/install/scion_types/include/scion_types/srv/detail/send_frame__type_support.cpp
[37.676s] -- Installing: /home/conner/nodes/Mechatronics-2023/ros2_ws/src/install/scion_types/include/scion_types/srv/detail/send_frame__rosidl_typesupport_introspection_cpp.hpp
[37.676s] -- Up-to-date: /home/conner/nodes/Mechatronics-2023/ros2_ws/src/install/scion_types/include/scion_types/msg
[37.677s] -- Up-to-date: /home/conner/nodes/Mechatronics-2023/ros2_ws/src/install/scion_types/include/scion_types/msg/detail
[37.677s] -- Installing: /home/conner/nodes/Mechatronics-2023/ros2_ws/src/install/scion_types/include/scion_types/msg/detail/position__type_support.cpp
[37.677s] -- Installing: /home/conner/nodes/Mechatronics-2023/ros2_ws/src/install/scion_types/include/scion_types/msg/detail/orientation__type_support.cpp
[37.677s] -- Installing: /home/conner/nodes/Mechatronics-2023/ros2_ws/src/install/scion_types/include/scion_types/msg/detail/can_frame__type_support.cpp
[37.677s] -- Installing: /home/conner/nodes/Mechatronics-2023/ros2_ws/src/install/scion_types/include/scion_types/msg/detail/position__rosidl_typesupport_introspection_cpp.hpp
[37.677s] -- Installing: /home/conner/nodes/Mechatronics-2023/ros2_ws/src/install/scion_types/include/scion_types/msg/detail/orientation__rosidl_typesupport_introspection_cpp.hpp
[37.677s] -- Installing: /home/conner/nodes/Mechatronics-2023/ros2_ws/src/install/scion_types/include/scion_types/msg/detail/can_frame__rosidl_typesupport_introspection_cpp.hpp
[37.678s] -- Installing: /home/conner/nodes/Mechatronics-2023/ros2_ws/src/install/scion_types/lib/libscion_types__rosidl_typesupport_introspection_cpp.so
[37.678s] -- Set runtime path of "/home/conner/nodes/Mechatronics-2023/ros2_ws/src/install/scion_types/lib/libscion_types__rosidl_typesupport_introspection_cpp.so" to ""
[37.678s] -- Installing: /home/conner/nodes/Mechatronics-2023/ros2_ws/src/install/scion_types/lib/libscion_types__rosidl_typesupport_cpp.so
[37.678s] -- Set runtime path of "/home/conner/nodes/Mechatronics-2023/ros2_ws/src/install/scion_types/lib/libscion_types__rosidl_typesupport_cpp.so" to ""
[37.678s] -- Installing: /home/conner/nodes/Mechatronics-2023/ros2_ws/src/install/scion_types/share/scion_types/environment/pythonpath.sh
[37.678s] -- Installing: /home/conner/nodes/Mechatronics-2023/ros2_ws/src/install/scion_types/share/scion_types/environment/pythonpath.dsv
[37.678s] -- Installing: /home/conner/nodes/Mechatronics-2023/ros2_ws/src/install/scion_types/lib/python3.8/site-packages/scion_types/__init__.py
[37.724s] Compiling '/home/conner/nodes/Mechatronics-2023/ros2_ws/src/install/scion_types/lib/python3.8/site-packages/scion_types/__init__.py'...
[37.732s] -- Installing: /home/conner/nodes/Mechatronics-2023/ros2_ws/src/install/scion_types/lib/python3.8/site-packages/scion_types/msg
[37.733s] -- Installing: /home/conner/nodes/Mechatronics-2023/ros2_ws/src/install/scion_types/lib/python3.8/site-packages/scion_types/msg/_position.py
[37.734s] -- Installing: /home/conner/nodes/Mechatronics-2023/ros2_ws/src/install/scion_types/lib/python3.8/site-packages/scion_types/msg/_orientation_s.c
[37.734s] -- Installing: /home/conner/nodes/Mechatronics-2023/ros2_ws/src/install/scion_types/lib/python3.8/site-packages/scion_types/msg/_orientation.py
[37.735s] -- Installing: /home/conner/nodes/Mechatronics-2023/ros2_ws/src/install/scion_types/lib/python3.8/site-packages/scion_types/msg/_position_s.c
[37.735s] -- Installing: /home/conner/nodes/Mechatronics-2023/ros2_ws/src/install/scion_types/lib/python3.8/site-packages/scion_types/msg/__init__.py
[37.736s] -- Installing: /home/conner/nodes/Mechatronics-2023/ros2_ws/src/install/scion_types/lib/python3.8/site-packages/scion_types/msg/_can_frame_s.c
[37.736s] -- Installing: /home/conner/nodes/Mechatronics-2023/ros2_ws/src/install/scion_types/lib/python3.8/site-packages/scion_types/msg/_can_frame.py
[37.736s] -- Installing: /home/conner/nodes/Mechatronics-2023/ros2_ws/src/install/scion_types/lib/python3.8/site-packages/scion_types/srv
[37.737s] -- Installing: /home/conner/nodes/Mechatronics-2023/ros2_ws/src/install/scion_types/lib/python3.8/site-packages/scion_types/srv/_send_frame.py
[37.737s] -- Installing: /home/conner/nodes/Mechatronics-2023/ros2_ws/src/install/scion_types/lib/python3.8/site-packages/scion_types/srv/_send_frame_s.c
[37.737s] -- Installing: /home/conner/nodes/Mechatronics-2023/ros2_ws/src/install/scion_types/lib/python3.8/site-packages/scion_types/srv/__init__.py
[37.737s] -- Installing: /home/conner/nodes/Mechatronics-2023/ros2_ws/src/install/scion_types/lib/python3.8/site-packages/scion_types/scion_types_s__rosidl_typesupport_fastrtps_c.cpython-38-x86_64-linux-gnu.so
[37.738s] -- Set runtime path of "/home/conner/nodes/Mechatronics-2023/ros2_ws/src/install/scion_types/lib/python3.8/site-packages/scion_types/scion_types_s__rosidl_typesupport_fastrtps_c.cpython-38-x86_64-linux-gnu.so" to ""
[37.738s] -- Installing: /home/conner/nodes/Mechatronics-2023/ros2_ws/src/install/scion_types/lib/python3.8/site-packages/scion_types/scion_types_s__rosidl_typesupport_introspection_c.cpython-38-x86_64-linux-gnu.so
[37.739s] -- Set runtime path of "/home/conner/nodes/Mechatronics-2023/ros2_ws/src/install/scion_types/lib/python3.8/site-packages/scion_types/scion_types_s__rosidl_typesupport_introspection_c.cpython-38-x86_64-linux-gnu.so" to ""
[37.739s] -- Installing: /home/conner/nodes/Mechatronics-2023/ros2_ws/src/install/scion_types/lib/python3.8/site-packages/scion_types/scion_types_s__rosidl_typesupport_c.cpython-38-x86_64-linux-gnu.so
[37.740s] -- Set runtime path of "/home/conner/nodes/Mechatronics-2023/ros2_ws/src/install/scion_types/lib/python3.8/site-packages/scion_types/scion_types_s__rosidl_typesupport_c.cpython-38-x86_64-linux-gnu.so" to ""
[37.740s] -- Installing: /home/conner/nodes/Mechatronics-2023/ros2_ws/src/install/scion_types/lib/libscion_types__python.so
[37.741s] -- Set runtime path of "/home/conner/nodes/Mechatronics-2023/ros2_ws/src/install/scion_types/lib/libscion_types__python.so" to ""
[37.741s] -- Installing: /home/conner/nodes/Mechatronics-2023/ros2_ws/src/install/scion_types/share/scion_types/msg/CanFrame.idl
[37.742s] -- Installing: /home/conner/nodes/Mechatronics-2023/ros2_ws/src/install/scion_types/share/scion_types/msg/Orientation.idl
[37.742s] -- Installing: /home/conner/nodes/Mechatronics-2023/ros2_ws/src/install/scion_types/share/scion_types/msg/Position.idl
[37.743s] -- Installing: /home/conner/nodes/Mechatronics-2023/ros2_ws/src/install/scion_types/share/scion_types/srv/SendFrame.idl
[37.743s] -- Installing: /home/conner/nodes/Mechatronics-2023/ros2_ws/src/install/scion_types/share/scion_types/msg/CanFrame.msg
[37.744s] -- Installing: /home/conner/nodes/Mechatronics-2023/ros2_ws/src/install/scion_types/share/scion_types/msg/Orientation.msg
[37.745s] -- Installing: /home/conner/nodes/Mechatronics-2023/ros2_ws/src/install/scion_types/share/scion_types/msg/Position.msg
[37.745s] -- Installing: /home/conner/nodes/Mechatronics-2023/ros2_ws/src/install/scion_types/share/scion_types/srv/SendFrame.srv
[37.745s] -- Installing: /home/conner/nodes/Mechatronics-2023/ros2_ws/src/install/scion_types/share/scion_types/srv/SendFrame_Request.msg
[37.746s] -- Installing: /home/conner/nodes/Mechatronics-2023/ros2_ws/src/install/scion_types/share/scion_types/srv/SendFrame_Response.msg
[37.746s] -- Installing: /home/conner/nodes/Mechatronics-2023/ros2_ws/src/install/scion_types/share/ament_index/resource_index/package_run_dependencies/scion_types
[37.746s] -- Installing: /home/conner/nodes/Mechatronics-2023/ros2_ws/src/install/scion_types/share/ament_index/resource_index/parent_prefix_path/scion_types
[37.747s] -- Installing: /home/conner/nodes/Mechatronics-2023/ros2_ws/src/install/scion_types/share/scion_types/environment/ament_prefix_path.sh
[37.747s] -- Installing: /home/conner/nodes/Mechatronics-2023/ros2_ws/src/install/scion_types/share/scion_types/environment/ament_prefix_path.dsv
[37.748s] -- Installing: /home/conner/nodes/Mechatronics-2023/ros2_ws/src/install/scion_types/share/scion_types/environment/path.sh
[37.748s] -- Installing: /home/conner/nodes/Mechatronics-2023/ros2_ws/src/install/scion_types/share/scion_types/environment/path.dsv
[37.749s] -- Installing: /home/conner/nodes/Mechatronics-2023/ros2_ws/src/install/scion_types/share/scion_types/local_setup.bash
[37.749s] -- Installing: /home/conner/nodes/Mechatronics-2023/ros2_ws/src/install/scion_types/share/scion_types/local_setup.sh
[37.749s] -- Installing: /home/conner/nodes/Mechatronics-2023/ros2_ws/src/install/scion_types/share/scion_types/local_setup.zsh
[37.750s] -- Installing: /home/conner/nodes/Mechatronics-2023/ros2_ws/src/install/scion_types/share/scion_types/local_setup.dsv
[37.750s] -- Installing: /home/conner/nodes/Mechatronics-2023/ros2_ws/src/install/scion_types/share/scion_types/package.dsv
[37.751s] -- Installing: /home/conner/nodes/Mechatronics-2023/ros2_ws/src/install/scion_types/share/ament_index/resource_index/packages/scion_types
[37.751s] -- Installing: /home/conner/nodes/Mechatronics-2023/ros2_ws/src/install/scion_types/share/scion_types/cmake/scion_types__rosidl_generator_cExport.cmake
[37.752s] -- Installing: /home/conner/nodes/Mechatronics-2023/ros2_ws/src/install/scion_types/share/scion_types/cmake/scion_types__rosidl_generator_cExport-noconfig.cmake
[37.752s] -- Installing: /home/conner/nodes/Mechatronics-2023/ros2_ws/src/install/scion_types/share/scion_types/cmake/scion_types__rosidl_typesupport_introspection_cExport.cmake
[37.753s] -- Installing: /home/conner/nodes/Mechatronics-2023/ros2_ws/src/install/scion_types/share/scion_types/cmake/scion_types__rosidl_typesupport_introspection_cExport-noconfig.cmake
[37.753s] -- Installing: /home/conner/nodes/Mechatronics-2023/ros2_ws/src/install/scion_types/share/scion_types/cmake/scion_types__rosidl_typesupport_cExport.cmake
[37.753s] -- Installing: /home/conner/nodes/Mechatronics-2023/ros2_ws/src/install/scion_types/share/scion_types/cmake/scion_types__rosidl_typesupport_cExport-noconfig.cmake
[37.753s] -- Installing: /home/conner/nodes/Mechatronics-2023/ros2_ws/src/install/scion_types/share/scion_types/cmake/scion_types__rosidl_generator_cppExport.cmake
[37.755s] -- Installing: /home/conner/nodes/Mechatronics-2023/ros2_ws/src/install/scion_types/share/scion_types/cmake/scion_types__rosidl_typesupport_introspection_cppExport.cmake
[37.755s] -- Installing: /home/conner/nodes/Mechatronics-2023/ros2_ws/src/install/scion_types/share/scion_types/cmake/scion_types__rosidl_typesupport_introspection_cppExport-noconfig.cmake
[37.756s] -- Installing: /home/conner/nodes/Mechatronics-2023/ros2_ws/src/install/scion_types/share/scion_types/cmake/scion_types__rosidl_typesupport_cppExport.cmake
[37.756s] -- Installing: /home/conner/nodes/Mechatronics-2023/ros2_ws/src/install/scion_types/share/scion_types/cmake/scion_types__rosidl_typesupport_cppExport-noconfig.cmake
[37.756s] -- Installing: /home/conner/nodes/Mechatronics-2023/ros2_ws/src/install/scion_types/share/scion_types/cmake/rosidl_cmake-extras.cmake
[37.757s] -- Installing: /home/conner/nodes/Mechatronics-2023/ros2_ws/src/install/scion_types/share/scion_types/cmake/ament_cmake_export_dependencies-extras.cmake
[37.757s] -- Installing: /home/conner/nodes/Mechatronics-2023/ros2_ws/src/install/scion_types/share/scion_types/cmake/ament_cmake_export_libraries-extras.cmake
[37.758s] -- Installing: /home/conner/nodes/Mechatronics-2023/ros2_ws/src/install/scion_types/share/scion_types/cmake/ament_cmake_export_targets-extras.cmake
[37.759s] -- Installing: /home/conner/nodes/Mechatronics-2023/ros2_ws/src/install/scion_types/share/scion_types/cmake/ament_cmake_export_include_directories-extras.cmake
[37.759s] -- Installing: /home/conner/nodes/Mechatronics-2023/ros2_ws/src/install/scion_types/share/scion_types/cmake/rosidl_cmake_export_typesupport_libraries-extras.cmake
[37.760s] -- Installing: /home/conner/nodes/Mechatronics-2023/ros2_ws/src/install/scion_types/share/scion_types/cmake/rosidl_cmake_export_typesupport_targets-extras.cmake
[37.760s] -- Installing: /home/conner/nodes/Mechatronics-2023/ros2_ws/src/install/scion_types/share/scion_types/cmake/scion_typesConfig.cmake
[37.761s] -- Installing: /home/conner/nodes/Mechatronics-2023/ros2_ws/src/install/scion_types/share/scion_types/cmake/scion_typesConfig-version.cmake
[37.761s] -- Installing: /home/conner/nodes/Mechatronics-2023/ros2_ws/src/install/scion_types/share/scion_types/package.xml
[37.765s] Invoked command in '/home/conner/nodes/Mechatronics-2023/ros2_ws/src/build/scion_types' returned '0': CMAKE_PREFIX_PATH=${CMAKE_PREFIX_PATH}:/home/conner/ahrs_node/Mechatronics-2023/install/ahrs_node:/opt/ros/foxy /usr/bin/cmake --install /home/conner/nodes/Mechatronics-2023/ros2_ws/src/build/scion_types
