[0.589s] Invoking command in '/home/mechatronics/master/Mechatronics-2023/ros2_ws/build/dres_dvl_decode': CMAKE_PREFIX_PATH=${CMAKE_PREFIX_PATH}:/home/mechatronics/master/Mechatronics-2023/install/zed_vision_node:/home/mechatronics/master/Mechatronics-2023/install/ahrs_node:/home/mechatronics/junebug_workspace/install/zed_temp:/home/mechatronics/junebug_workspace/install/zed_imu2:/home/mechatronics/junebug_workspace/install/zed_imu:/home/mechatronics/junebug_workspace/install/top_view_package:/home/mechatronics/junebug_workspace/install/py_pubsub:/home/mechatronics/junebug_workspace/install/object_detection_package:/home/mechatronics/junebug_workspace/install/mapping_package:/home/mechatronics/junebug_workspace/install/depth_package:/home/mechatronics/junebug_workspace/install/controller_translator:/home/mechatronics/junebug_workspace/install/cam_track_package:/home/mechatronics/junebug_workspace/install/body_track_package:/home/mechatronics/junebug_workspace/install/ahr:/opt/ros/foxy /usr/bin/cmake /home/mechatronics/master/Mechatronics-2023/ros2_ws/src/dres_dvl_decode -DCMAKE_INSTALL_PREFIX=/home/mechatronics/master/Mechatronics-2023/ros2_ws/install/dres_dvl_decode
[0.678s] -- The C compiler identification is GNU 9.4.0
[0.774s] -- The CXX compiler identification is GNU 9.4.0
[0.783s] -- Check for working C compiler: /usr/bin/cc
[0.901s] -- Check for working C compiler: /usr/bin/cc -- works
[0.903s] -- Detecting C compiler ABI info
[1.017s] -- Detecting C compiler ABI info - done
[1.031s] -- Detecting C compile features
[1.032s] -- Detecting C compile features - done
[1.037s] -- Check for working CXX compiler: /usr/bin/c++
[1.163s] -- Check for working CXX compiler: /usr/bin/c++ -- works
[1.165s] -- Detecting CXX compiler ABI info
[1.297s] -- Detecting CXX compiler ABI info - done
[1.312s] -- Detecting CXX compile features
[1.312s] -- Detecting CXX compile features - done
[1.322s] -- Found ament_cmake: 0.9.11 (/opt/ros/foxy/share/ament_cmake/cmake)
[1.392s] -- Found PythonInterp: /usr/bin/python3 (found suitable version "3.8.10", minimum required is "3") 
[1.392s] -- Using PYTHON_EXECUTABLE: /usr/bin/python3
[1.836s] -- Found rclcpp: 2.4.2 (/opt/ros/foxy/share/rclcpp/cmake)
[1.936s] -- Using all available rosidl_typesupport_c: rosidl_typesupport_fastrtps_c;rosidl_typesupport_introspection_c
[1.956s] -- Found rosidl_adapter: 1.3.0 (/opt/ros/foxy/share/rosidl_adapter/cmake)
[2.126s] -- Found OpenSSL: /usr/lib/aarch64-linux-gnu/libcrypto.so (found version "1.1.1f")  
[2.177s] -- Found FastRTPS: /opt/ros/foxy/include  
[2.318s] -- Using all available rosidl_typesupport_cpp: rosidl_typesupport_fastrtps_cpp;rosidl_typesupport_introspection_cpp
[2.419s] -- Found rmw_implementation_cmake: 1.0.3 (/opt/ros/foxy/share/rmw_implementation_cmake/cmake)
[2.425s] -- Using RMW implementation 'rmw_fastrtps_cpp' as default
[2.425s] -- Looking for pthread.h
[2.539s] -- Looking for pthread.h - found
[2.539s] -- Performing Test CMAKE_HAVE_LIBC_PTHREAD
[2.662s] -- Performing Test CMAKE_HAVE_LIBC_PTHREAD - Failed
[2.662s] -- Looking for pthread_create in pthreads
[2.764s] -- Looking for pthread_create in pthreads - not found
[2.764s] -- Looking for pthread_create in pthread
[2.882s] -- Looking for pthread_create in pthread - found
[2.882s] -- Found Threads: TRUE  
[3.104s] -- Found scion_types: 0.0.0 (/home/mechatronics/master/Mechatronics-2023/install/scion_types/share/scion_types/cmake)
[3.114s] -- Found can2ros_driver: 0.0.2 (/home/mechatronics/master/Mechatronics-2023/install/can2ros_driver/share/can2ros_driver/cmake)
[3.245s] -- Configuring done
[3.256s] -- Generating done
[3.258s] -- Build files have been written to: /home/mechatronics/master/Mechatronics-2023/ros2_ws/build/dres_dvl_decode
[3.273s] Invoked command in '/home/mechatronics/master/Mechatronics-2023/ros2_ws/build/dres_dvl_decode' returned '0': CMAKE_PREFIX_PATH=${CMAKE_PREFIX_PATH}:/home/mechatronics/master/Mechatronics-2023/install/zed_vision_node:/home/mechatronics/master/Mechatronics-2023/install/ahrs_node:/home/mechatronics/junebug_workspace/install/zed_temp:/home/mechatronics/junebug_workspace/install/zed_imu2:/home/mechatronics/junebug_workspace/install/zed_imu:/home/mechatronics/junebug_workspace/install/top_view_package:/home/mechatronics/junebug_workspace/install/py_pubsub:/home/mechatronics/junebug_workspace/install/object_detection_package:/home/mechatronics/junebug_workspace/install/mapping_package:/home/mechatronics/junebug_workspace/install/depth_package:/home/mechatronics/junebug_workspace/install/controller_translator:/home/mechatronics/junebug_workspace/install/cam_track_package:/home/mechatronics/junebug_workspace/install/body_track_package:/home/mechatronics/junebug_workspace/install/ahr:/opt/ros/foxy /usr/bin/cmake /home/mechatronics/master/Mechatronics-2023/ros2_ws/src/dres_dvl_decode -DCMAKE_INSTALL_PREFIX=/home/mechatronics/master/Mechatronics-2023/ros2_ws/install/dres_dvl_decode
[3.278s] Invoking command in '/home/mechatronics/master/Mechatronics-2023/ros2_ws/build/dres_dvl_decode': CMAKE_PREFIX_PATH=${CMAKE_PREFIX_PATH}:/home/mechatronics/master/Mechatronics-2023/install/zed_vision_node:/home/mechatronics/master/Mechatronics-2023/install/ahrs_node:/home/mechatronics/junebug_workspace/install/zed_temp:/home/mechatronics/junebug_workspace/install/zed_imu2:/home/mechatronics/junebug_workspace/install/zed_imu:/home/mechatronics/junebug_workspace/install/top_view_package:/home/mechatronics/junebug_workspace/install/py_pubsub:/home/mechatronics/junebug_workspace/install/object_detection_package:/home/mechatronics/junebug_workspace/install/mapping_package:/home/mechatronics/junebug_workspace/install/depth_package:/home/mechatronics/junebug_workspace/install/controller_translator:/home/mechatronics/junebug_workspace/install/cam_track_package:/home/mechatronics/junebug_workspace/install/body_track_package:/home/mechatronics/junebug_workspace/install/ahr:/opt/ros/foxy /usr/bin/cmake --build /home/mechatronics/master/Mechatronics-2023/ros2_ws/build/dres_dvl_decode -- -j12 -l12
[3.356s] [35m[1mScanning dependencies of target dres_dvl_decode[0m
[3.416s] [ 75%] [32mBuilding CXX object CMakeFiles/dres_dvl_decode.dir/src/dres_decode_node.cpp.o[0m
[3.416s] [ 75%] [32mBuilding CXX object CMakeFiles/dres_dvl_decode.dir/src/dvl_handler.cpp.o[0m
[3.416s] [ 75%] [32mBuilding CXX object CMakeFiles/dres_dvl_decode.dir/src/mbox_can.cpp.o[0m
[17.875s] [100%] [32m[1mLinking CXX executable dres_dvl_decode[0m
[18.315s] [100%] Built target dres_dvl_decode
[18.337s] Invoked command in '/home/mechatronics/master/Mechatronics-2023/ros2_ws/build/dres_dvl_decode' returned '0': CMAKE_PREFIX_PATH=${CMAKE_PREFIX_PATH}:/home/mechatronics/master/Mechatronics-2023/install/zed_vision_node:/home/mechatronics/master/Mechatronics-2023/install/ahrs_node:/home/mechatronics/junebug_workspace/install/zed_temp:/home/mechatronics/junebug_workspace/install/zed_imu2:/home/mechatronics/junebug_workspace/install/zed_imu:/home/mechatronics/junebug_workspace/install/top_view_package:/home/mechatronics/junebug_workspace/install/py_pubsub:/home/mechatronics/junebug_workspace/install/object_detection_package:/home/mechatronics/junebug_workspace/install/mapping_package:/home/mechatronics/junebug_workspace/install/depth_package:/home/mechatronics/junebug_workspace/install/controller_translator:/home/mechatronics/junebug_workspace/install/cam_track_package:/home/mechatronics/junebug_workspace/install/body_track_package:/home/mechatronics/junebug_workspace/install/ahr:/opt/ros/foxy /usr/bin/cmake --build /home/mechatronics/master/Mechatronics-2023/ros2_ws/build/dres_dvl_decode -- -j12 -l12
[18.392s] Invoking command in '/home/mechatronics/master/Mechatronics-2023/ros2_ws/build/dres_dvl_decode': CMAKE_PREFIX_PATH=${CMAKE_PREFIX_PATH}:/home/mechatronics/master/Mechatronics-2023/install/zed_vision_node:/home/mechatronics/master/Mechatronics-2023/install/ahrs_node:/home/mechatronics/junebug_workspace/install/zed_temp:/home/mechatronics/junebug_workspace/install/zed_imu2:/home/mechatronics/junebug_workspace/install/zed_imu:/home/mechatronics/junebug_workspace/install/top_view_package:/home/mechatronics/junebug_workspace/install/py_pubsub:/home/mechatronics/junebug_workspace/install/object_detection_package:/home/mechatronics/junebug_workspace/install/mapping_package:/home/mechatronics/junebug_workspace/install/depth_package:/home/mechatronics/junebug_workspace/install/controller_translator:/home/mechatronics/junebug_workspace/install/cam_track_package:/home/mechatronics/junebug_workspace/install/body_track_package:/home/mechatronics/junebug_workspace/install/ahr:/opt/ros/foxy /usr/bin/cmake --install /home/mechatronics/master/Mechatronics-2023/ros2_ws/build/dres_dvl_decode
[18.409s] -- Install configuration: ""
[18.409s] -- Installing: /home/mechatronics/master/Mechatronics-2023/ros2_ws/install/dres_dvl_decode/lib/dres_dvl_decode/dres_dvl_decode
[18.413s] -- Set runtime path of "/home/mechatronics/master/Mechatronics-2023/ros2_ws/install/dres_dvl_decode/lib/dres_dvl_decode/dres_dvl_decode" to ""
[18.413s] -- Installing: /home/mechatronics/master/Mechatronics-2023/ros2_ws/install/dres_dvl_decode/share/ament_index/resource_index/package_run_dependencies/dres_dvl_decode
[18.413s] -- Installing: /home/mechatronics/master/Mechatronics-2023/ros2_ws/install/dres_dvl_decode/share/ament_index/resource_index/parent_prefix_path/dres_dvl_decode
[18.413s] -- Installing: /home/mechatronics/master/Mechatronics-2023/ros2_ws/install/dres_dvl_decode/share/dres_dvl_decode/environment/ament_prefix_path.sh
[18.413s] -- Installing: /home/mechatronics/master/Mechatronics-2023/ros2_ws/install/dres_dvl_decode/share/dres_dvl_decode/environment/ament_prefix_path.dsv
[18.414s] -- Installing: /home/mechatronics/master/Mechatronics-2023/ros2_ws/install/dres_dvl_decode/share/dres_dvl_decode/environment/path.sh
[18.414s] -- Installing: /home/mechatronics/master/Mechatronics-2023/ros2_ws/install/dres_dvl_decode/share/dres_dvl_decode/environment/path.dsv
[18.414s] -- Installing: /home/mechatronics/master/Mechatronics-2023/ros2_ws/install/dres_dvl_decode/share/dres_dvl_decode/local_setup.bash
[18.414s] -- Installing: /home/mechatronics/master/Mechatronics-2023/ros2_ws/install/dres_dvl_decode/share/dres_dvl_decode/local_setup.sh
[18.415s] -- Installing: /home/mechatronics/master/Mechatronics-2023/ros2_ws/install/dres_dvl_decode/share/dres_dvl_decode/local_setup.zsh
[18.415s] -- Installing: /home/mechatronics/master/Mechatronics-2023/ros2_ws/install/dres_dvl_decode/share/dres_dvl_decode/local_setup.dsv
[18.415s] -- Installing: /home/mechatronics/master/Mechatronics-2023/ros2_ws/install/dres_dvl_decode/share/dres_dvl_decode/package.dsv
[18.415s] -- Installing: /home/mechatronics/master/Mechatronics-2023/ros2_ws/install/dres_dvl_decode/share/ament_index/resource_index/packages/dres_dvl_decode
[18.416s] -- Installing: /home/mechatronics/master/Mechatronics-2023/ros2_ws/install/dres_dvl_decode/share/dres_dvl_decode/cmake/dres_dvl_decodeConfig.cmake
[18.416s] -- Installing: /home/mechatronics/master/Mechatronics-2023/ros2_ws/install/dres_dvl_decode/share/dres_dvl_decode/cmake/dres_dvl_decodeConfig-version.cmake
[18.416s] -- Installing: /home/mechatronics/master/Mechatronics-2023/ros2_ws/install/dres_dvl_decode/share/dres_dvl_decode/package.xml
[18.428s] Invoked command in '/home/mechatronics/master/Mechatronics-2023/ros2_ws/build/dres_dvl_decode' returned '0': CMAKE_PREFIX_PATH=${CMAKE_PREFIX_PATH}:/home/mechatronics/master/Mechatronics-2023/install/zed_vision_node:/home/mechatronics/master/Mechatronics-2023/install/ahrs_node:/home/mechatronics/junebug_workspace/install/zed_temp:/home/mechatronics/junebug_workspace/install/zed_imu2:/home/mechatronics/junebug_workspace/install/zed_imu:/home/mechatronics/junebug_workspace/install/top_view_package:/home/mechatronics/junebug_workspace/install/py_pubsub:/home/mechatronics/junebug_workspace/install/object_detection_package:/home/mechatronics/junebug_workspace/install/mapping_package:/home/mechatronics/junebug_workspace/install/depth_package:/home/mechatronics/junebug_workspace/install/controller_translator:/home/mechatronics/junebug_workspace/install/cam_track_package:/home/mechatronics/junebug_workspace/install/body_track_package:/home/mechatronics/junebug_workspace/install/ahr:/opt/ros/foxy /usr/bin/cmake --install /home/mechatronics/master/Mechatronics-2023/ros2_ws/build/dres_dvl_decode
