[  4%] Built target scion_types__cpp
[ 12%] Built target scion_types__rosidl_generator_c
[ 34%] Built target scion_types__rosidl_typesupport_c
[ 34%] Built target scion_types__rosidl_typesupport_introspection_c
[ 46%] Built target scion_types__rosidl_typesupport_cpp
[ 57%] Built target scion_types__rosidl_typesupport_fastrtps_cpp
[ 68%] Built target scion_types__rosidl_typesupport_introspection_cpp
[ 79%] Built target scion_types__rosidl_typesupport_fastrtps_c
[ 79%] Built target scion_types
[ 80%] Built target scion_types__py
[ 90%] Built target scion_types__python
[100%] Built target scion_types__rosidl_typesupport_fastrtps_c__pyext
[100%] Built target scion_types__rosidl_typesupport_introspection_c__pyext
[100%] Built target scion_types__rosidl_typesupport_c__pyext
-- Install configuration: ""
-- Up-to-date: /home/mechatronics/master/Mechatronics-2023/ros2_ws/install/scion_types/share/ament_index/resource_index/rosidl_interfaces/scion_types
-- Up-to-date: /home/mechatronics/master/Mechatronics-2023/ros2_ws/install/scion_types/include/scion_types
-- Up-to-date: /home/mechatronics/master/Mechatronics-2023/ros2_ws/install/scion_types/include/scion_types/srv
-- Up-to-date: /home/mechatronics/master/Mechatronics-2023/ros2_ws/install/scion_types/include/scion_types/srv/send_frame.h
-- Up-to-date: /home/mechatronics/master/Mechatronics-2023/ros2_ws/install/scion_types/include/scion_types/srv/detail
-- Up-to-date: /home/mechatronics/master/Mechatronics-2023/ros2_ws/install/scion_types/include/scion_types/srv/detail/send_frame__functions.c
-- Up-to-date: /home/mechatronics/master/Mechatronics-2023/ros2_ws/install/scion_types/include/scion_types/srv/detail/send_frame__struct.h
-- Up-to-date: /home/mechatronics/master/Mechatronics-2023/ros2_ws/install/scion_types/include/scion_types/srv/detail/send_frame__functions.h
-- Up-to-date: /home/mechatronics/master/Mechatronics-2023/ros2_ws/install/scion_types/include/scion_types/srv/detail/send_frame__type_support.h
-- Up-to-date: /home/mechatronics/master/Mechatronics-2023/ros2_ws/install/scion_types/include/scion_types/msg
-- Up-to-date: /home/mechatronics/master/Mechatronics-2023/ros2_ws/install/scion_types/include/scion_types/msg/can_frame.h
-- Up-to-date: /home/mechatronics/master/Mechatronics-2023/ros2_ws/install/scion_types/include/scion_types/msg/bounding_box3_d.h
-- Up-to-date: /home/mechatronics/master/Mechatronics-2023/ros2_ws/install/scion_types/include/scion_types/msg/rosidl_generator_c__visibility_control.h
-- Up-to-date: /home/mechatronics/master/Mechatronics-2023/ros2_ws/install/scion_types/include/scion_types/msg/depth_info_stamped.h
-- Up-to-date: /home/mechatronics/master/Mechatronics-2023/ros2_ws/install/scion_types/include/scion_types/msg/keypoint2_di.h
-- Up-to-date: /home/mechatronics/master/Mechatronics-2023/ros2_ws/install/scion_types/include/scion_types/msg/keypoint2_df.h
-- Up-to-date: /home/mechatronics/master/Mechatronics-2023/ros2_ws/install/scion_types/include/scion_types/msg/object.h
-- Up-to-date: /home/mechatronics/master/Mechatronics-2023/ros2_ws/install/scion_types/include/scion_types/msg/detail
-- Up-to-date: /home/mechatronics/master/Mechatronics-2023/ros2_ws/install/scion_types/include/scion_types/msg/detail/keypoint3_d__type_support.h
-- Up-to-date: /home/mechatronics/master/Mechatronics-2023/ros2_ws/install/scion_types/include/scion_types/msg/detail/keypoint3_d__functions.c
-- Up-to-date: /home/mechatronics/master/Mechatronics-2023/ros2_ws/install/scion_types/include/scion_types/msg/detail/bounding_box3_d__type_support.h
-- Up-to-date: /home/mechatronics/master/Mechatronics-2023/ros2_ws/install/scion_types/include/scion_types/msg/detail/desired_state__functions.h
-- Up-to-date: /home/mechatronics/master/Mechatronics-2023/ros2_ws/install/scion_types/include/scion_types/msg/detail/can_frame__functions.h
-- Up-to-date: /home/mechatronics/master/Mechatronics-2023/ros2_ws/install/scion_types/include/scion_types/msg/detail/object__type_support.h
-- Up-to-date: /home/mechatronics/master/Mechatronics-2023/ros2_ws/install/scion_types/include/scion_types/msg/detail/bounding_box3_d__functions.c
-- Up-to-date: /home/mechatronics/master/Mechatronics-2023/ros2_ws/install/scion_types/include/scion_types/msg/detail/objects_stamped__functions.h
-- Up-to-date: /home/mechatronics/master/Mechatronics-2023/ros2_ws/install/scion_types/include/scion_types/msg/detail/keypoint2_df__type_support.h
-- Up-to-date: /home/mechatronics/master/Mechatronics-2023/ros2_ws/install/scion_types/include/scion_types/msg/detail/bounding_box2_df__functions.c
-- Up-to-date: /home/mechatronics/master/Mechatronics-2023/ros2_ws/install/scion_types/include/scion_types/msg/detail/bounding_box2_df__type_support.h
-- Up-to-date: /home/mechatronics/master/Mechatronics-2023/ros2_ws/install/scion_types/include/scion_types/msg/detail/desired_state__struct.h
-- Up-to-date: /home/mechatronics/master/Mechatronics-2023/ros2_ws/install/scion_types/include/scion_types/msg/detail/keypoint2_df__functions.h
-- Up-to-date: /home/mechatronics/master/Mechatronics-2023/ros2_ws/install/scion_types/include/scion_types/msg/detail/position__type_support.h
-- Up-to-date: /home/mechatronics/master/Mechatronics-2023/ros2_ws/install/scion_types/include/scion_types/msg/detail/position__struct.h
-- Up-to-date: /home/mechatronics/master/Mechatronics-2023/ros2_ws/install/scion_types/include/scion_types/msg/detail/skeleton3_d__functions.c
-- Up-to-date: /home/mechatronics/master/Mechatronics-2023/ros2_ws/install/scion_types/include/scion_types/msg/detail/bounding_box2_di__struct.h
-- Up-to-date: /home/mechatronics/master/Mechatronics-2023/ros2_ws/install/scion_types/include/scion_types/msg/detail/object__functions.c
-- Up-to-date: /home/mechatronics/master/Mechatronics-2023/ros2_ws/install/scion_types/include/scion_types/msg/detail/skeleton2_d__functions.c
-- Up-to-date: /home/mechatronics/master/Mechatronics-2023/ros2_ws/install/scion_types/include/scion_types/msg/detail/can_frame__functions.c
-- Up-to-date: /home/mechatronics/master/Mechatronics-2023/ros2_ws/install/scion_types/include/scion_types/msg/detail/keypoint2_di__type_support.h
-- Up-to-date: /home/mechatronics/master/Mechatronics-2023/ros2_ws/install/scion_types/include/scion_types/msg/detail/skeleton2_d__struct.h
-- Up-to-date: /home/mechatronics/master/Mechatronics-2023/ros2_ws/install/scion_types/include/scion_types/msg/detail/plane_stamped__type_support.h
-- Up-to-date: /home/mechatronics/master/Mechatronics-2023/ros2_ws/install/scion_types/include/scion_types/msg/detail/object__struct.h
-- Up-to-date: /home/mechatronics/master/Mechatronics-2023/ros2_ws/install/scion_types/include/scion_types/msg/detail/keypoint3_d__functions.h
-- Up-to-date: /home/mechatronics/master/Mechatronics-2023/ros2_ws/install/scion_types/include/scion_types/msg/detail/plane_stamped__struct.h
-- Up-to-date: /home/mechatronics/master/Mechatronics-2023/ros2_ws/install/scion_types/include/scion_types/msg/detail/can_frame__type_support.h
-- Up-to-date: /home/mechatronics/master/Mechatronics-2023/ros2_ws/install/scion_types/include/scion_types/msg/detail/can_frame__struct.h
-- Up-to-date: /home/mechatronics/master/Mechatronics-2023/ros2_ws/install/scion_types/include/scion_types/msg/detail/keypoint2_di__functions.h
-- Up-to-date: /home/mechatronics/master/Mechatronics-2023/ros2_ws/install/scion_types/include/scion_types/msg/detail/orientation__struct.h
-- Up-to-date: /home/mechatronics/master/Mechatronics-2023/ros2_ws/install/scion_types/include/scion_types/msg/detail/keypoint2_df__functions.c
-- Up-to-date: /home/mechatronics/master/Mechatronics-2023/ros2_ws/install/scion_types/include/scion_types/msg/detail/object__functions.h
-- Up-to-date: /home/mechatronics/master/Mechatronics-2023/ros2_ws/install/scion_types/include/scion_types/msg/detail/skeleton2_d__functions.h
-- Up-to-date: /home/mechatronics/master/Mechatronics-2023/ros2_ws/install/scion_types/include/scion_types/msg/detail/bounding_box2_df__struct.h
-- Up-to-date: /home/mechatronics/master/Mechatronics-2023/ros2_ws/install/scion_types/include/scion_types/msg/detail/skeleton2_d__type_support.h
-- Up-to-date: /home/mechatronics/master/Mechatronics-2023/ros2_ws/install/scion_types/include/scion_types/msg/detail/bounding_box3_d__functions.h
-- Up-to-date: /home/mechatronics/master/Mechatronics-2023/ros2_ws/install/scion_types/include/scion_types/msg/detail/keypoint2_di__struct.h
-- Up-to-date: /home/mechatronics/master/Mechatronics-2023/ros2_ws/install/scion_types/include/scion_types/msg/detail/bounding_box2_di__functions.c
-- Up-to-date: /home/mechatronics/master/Mechatronics-2023/ros2_ws/install/scion_types/include/scion_types/msg/detail/desired_state__functions.c
-- Up-to-date: /home/mechatronics/master/Mechatronics-2023/ros2_ws/install/scion_types/include/scion_types/msg/detail/orientation__type_support.h
-- Up-to-date: /home/mechatronics/master/Mechatronics-2023/ros2_ws/install/scion_types/include/scion_types/msg/detail/skeleton3_d__functions.h
-- Up-to-date: /home/mechatronics/master/Mechatronics-2023/ros2_ws/install/scion_types/include/scion_types/msg/detail/skeleton3_d__struct.h
-- Up-to-date: /home/mechatronics/master/Mechatronics-2023/ros2_ws/install/scion_types/include/scion_types/msg/detail/keypoint2_di__functions.c
-- Up-to-date: /home/mechatronics/master/Mechatronics-2023/ros2_ws/install/scion_types/include/scion_types/msg/detail/depth_info_stamped__functions.h
-- Up-to-date: /home/mechatronics/master/Mechatronics-2023/ros2_ws/install/scion_types/include/scion_types/msg/detail/position__functions.h
-- Up-to-date: /home/mechatronics/master/Mechatronics-2023/ros2_ws/install/scion_types/include/scion_types/msg/detail/depth_info_stamped__struct.h
-- Up-to-date: /home/mechatronics/master/Mechatronics-2023/ros2_ws/install/scion_types/include/scion_types/msg/detail/bounding_box2_di__type_support.h
-- Up-to-date: /home/mechatronics/master/Mechatronics-2023/ros2_ws/install/scion_types/include/scion_types/msg/detail/bounding_box3_d__struct.h
-- Up-to-date: /home/mechatronics/master/Mechatronics-2023/ros2_ws/install/scion_types/include/scion_types/msg/detail/skeleton3_d__type_support.h
-- Up-to-date: /home/mechatronics/master/Mechatronics-2023/ros2_ws/install/scion_types/include/scion_types/msg/detail/depth_info_stamped__functions.c
-- Up-to-date: /home/mechatronics/master/Mechatronics-2023/ros2_ws/install/scion_types/include/scion_types/msg/detail/keypoint3_d__struct.h
-- Up-to-date: /home/mechatronics/master/Mechatronics-2023/ros2_ws/install/scion_types/include/scion_types/msg/detail/objects_stamped__struct.h
-- Up-to-date: /home/mechatronics/master/Mechatronics-2023/ros2_ws/install/scion_types/include/scion_types/msg/detail/plane_stamped__functions.h
-- Up-to-date: /home/mechatronics/master/Mechatronics-2023/ros2_ws/install/scion_types/include/scion_types/msg/detail/position__functions.c
-- Up-to-date: /home/mechatronics/master/Mechatronics-2023/ros2_ws/install/scion_types/include/scion_types/msg/detail/bounding_box2_di__functions.h
-- Up-to-date: /home/mechatronics/master/Mechatronics-2023/ros2_ws/install/scion_types/include/scion_types/msg/detail/orientation__functions.h
-- Up-to-date: /home/mechatronics/master/Mechatronics-2023/ros2_ws/install/scion_types/include/scion_types/msg/detail/orientation__functions.c
-- Up-to-date: /home/mechatronics/master/Mechatronics-2023/ros2_ws/install/scion_types/include/scion_types/msg/detail/bounding_box2_df__functions.h
-- Up-to-date: /home/mechatronics/master/Mechatronics-2023/ros2_ws/install/scion_types/include/scion_types/msg/detail/objects_stamped__type_support.h
-- Up-to-date: /home/mechatronics/master/Mechatronics-2023/ros2_ws/install/scion_types/include/scion_types/msg/detail/objects_stamped__functions.c
-- Up-to-date: /home/mechatronics/master/Mechatronics-2023/ros2_ws/install/scion_types/include/scion_types/msg/detail/keypoint2_df__struct.h
-- Up-to-date: /home/mechatronics/master/Mechatronics-2023/ros2_ws/install/scion_types/include/scion_types/msg/detail/desired_state__type_support.h
-- Up-to-date: /home/mechatronics/master/Mechatronics-2023/ros2_ws/install/scion_types/include/scion_types/msg/detail/plane_stamped__functions.c
-- Up-to-date: /home/mechatronics/master/Mechatronics-2023/ros2_ws/install/scion_types/include/scion_types/msg/detail/depth_info_stamped__type_support.h
-- Up-to-date: /home/mechatronics/master/Mechatronics-2023/ros2_ws/install/scion_types/include/scion_types/msg/keypoint3_d.h
-- Up-to-date: /home/mechatronics/master/Mechatronics-2023/ros2_ws/install/scion_types/include/scion_types/msg/objects_stamped.h
-- Up-to-date: /home/mechatronics/master/Mechatronics-2023/ros2_ws/install/scion_types/include/scion_types/msg/orientation.h
-- Up-to-date: /home/mechatronics/master/Mechatronics-2023/ros2_ws/install/scion_types/include/scion_types/msg/bounding_box2_di.h
-- Up-to-date: /home/mechatronics/master/Mechatronics-2023/ros2_ws/install/scion_types/include/scion_types/msg/position.h
-- Up-to-date: /home/mechatronics/master/Mechatronics-2023/ros2_ws/install/scion_types/include/scion_types/msg/desired_state.h
-- Up-to-date: /home/mechatronics/master/Mechatronics-2023/ros2_ws/install/scion_types/include/scion_types/msg/skeleton2_d.h
-- Up-to-date: /home/mechatronics/master/Mechatronics-2023/ros2_ws/install/scion_types/include/scion_types/msg/skeleton3_d.h
-- Up-to-date: /home/mechatronics/master/Mechatronics-2023/ros2_ws/install/scion_types/include/scion_types/msg/bounding_box2_df.h
-- Up-to-date: /home/mechatronics/master/Mechatronics-2023/ros2_ws/install/scion_types/include/scion_types/msg/plane_stamped.h
-- Up-to-date: /home/mechatronics/master/Mechatronics-2023/ros2_ws/install/scion_types/share/scion_types/environment/library_path.sh
-- Up-to-date: /home/mechatronics/master/Mechatronics-2023/ros2_ws/install/scion_types/share/scion_types/environment/library_path.dsv
-- Up-to-date: /home/mechatronics/master/Mechatronics-2023/ros2_ws/install/scion_types/lib/libscion_types__rosidl_generator_c.so
-- Up-to-date: /home/mechatronics/master/Mechatronics-2023/ros2_ws/install/scion_types/include/scion_types
-- Up-to-date: /home/mechatronics/master/Mechatronics-2023/ros2_ws/install/scion_types/include/scion_types/srv
-- Up-to-date: /home/mechatronics/master/Mechatronics-2023/ros2_ws/install/scion_types/include/scion_types/srv/detail
-- Up-to-date: /home/mechatronics/master/Mechatronics-2023/ros2_ws/install/scion_types/include/scion_types/srv/detail/send_frame__rosidl_typesupport_fastrtps_c.h
-- Up-to-date: /home/mechatronics/master/Mechatronics-2023/ros2_ws/install/scion_types/include/scion_types/msg
-- Up-to-date: /home/mechatronics/master/Mechatronics-2023/ros2_ws/install/scion_types/include/scion_types/msg/rosidl_typesupport_fastrtps_c__visibility_control.h
-- Up-to-date: /home/mechatronics/master/Mechatronics-2023/ros2_ws/install/scion_types/include/scion_types/msg/detail
-- Up-to-date: /home/mechatronics/master/Mechatronics-2023/ros2_ws/install/scion_types/include/scion_types/msg/detail/can_frame__rosidl_typesupport_fastrtps_c.h
-- Up-to-date: /home/mechatronics/master/Mechatronics-2023/ros2_ws/install/scion_types/include/scion_types/msg/detail/skeleton2_d__rosidl_typesupport_fastrtps_c.h
-- Up-to-date: /home/mechatronics/master/Mechatronics-2023/ros2_ws/install/scion_types/include/scion_types/msg/detail/bounding_box3_d__rosidl_typesupport_fastrtps_c.h
-- Up-to-date: /home/mechatronics/master/Mechatronics-2023/ros2_ws/install/scion_types/include/scion_types/msg/detail/plane_stamped__rosidl_typesupport_fastrtps_c.h
-- Up-to-date: /home/mechatronics/master/Mechatronics-2023/ros2_ws/install/scion_types/include/scion_types/msg/detail/position__rosidl_typesupport_fastrtps_c.h
-- Up-to-date: /home/mechatronics/master/Mechatronics-2023/ros2_ws/install/scion_types/include/scion_types/msg/detail/object__rosidl_typesupport_fastrtps_c.h
-- Up-to-date: /home/mechatronics/master/Mechatronics-2023/ros2_ws/install/scion_types/include/scion_types/msg/detail/bounding_box2_di__rosidl_typesupport_fastrtps_c.h
-- Up-to-date: /home/mechatronics/master/Mechatronics-2023/ros2_ws/install/scion_types/include/scion_types/msg/detail/bounding_box2_df__rosidl_typesupport_fastrtps_c.h
-- Up-to-date: /home/mechatronics/master/Mechatronics-2023/ros2_ws/install/scion_types/include/scion_types/msg/detail/keypoint2_di__rosidl_typesupport_fastrtps_c.h
-- Up-to-date: /home/mechatronics/master/Mechatronics-2023/ros2_ws/install/scion_types/include/scion_types/msg/detail/desired_state__rosidl_typesupport_fastrtps_c.h
-- Up-to-date: /home/mechatronics/master/Mechatronics-2023/ros2_ws/install/scion_types/include/scion_types/msg/detail/depth_info_stamped__rosidl_typesupport_fastrtps_c.h
-- Up-to-date: /home/mechatronics/master/Mechatronics-2023/ros2_ws/install/scion_types/include/scion_types/msg/detail/skeleton3_d__rosidl_typesupport_fastrtps_c.h
-- Up-to-date: /home/mechatronics/master/Mechatronics-2023/ros2_ws/install/scion_types/include/scion_types/msg/detail/keypoint2_df__rosidl_typesupport_fastrtps_c.h
-- Up-to-date: /home/mechatronics/master/Mechatronics-2023/ros2_ws/install/scion_types/include/scion_types/msg/detail/orientation__rosidl_typesupport_fastrtps_c.h
-- Up-to-date: /home/mechatronics/master/Mechatronics-2023/ros2_ws/install/scion_types/include/scion_types/msg/detail/objects_stamped__rosidl_typesupport_fastrtps_c.h
-- Up-to-date: /home/mechatronics/master/Mechatronics-2023/ros2_ws/install/scion_types/include/scion_types/msg/detail/keypoint3_d__rosidl_typesupport_fastrtps_c.h
-- Up-to-date: /home/mechatronics/master/Mechatronics-2023/ros2_ws/install/scion_types/lib/libscion_types__rosidl_typesupport_fastrtps_c.so
-- Up-to-date: /home/mechatronics/master/Mechatronics-2023/ros2_ws/install/scion_types/include/scion_types
-- Up-to-date: /home/mechatronics/master/Mechatronics-2023/ros2_ws/install/scion_types/include/scion_types/srv
-- Up-to-date: /home/mechatronics/master/Mechatronics-2023/ros2_ws/install/scion_types/include/scion_types/srv/detail
-- Up-to-date: /home/mechatronics/master/Mechatronics-2023/ros2_ws/install/scion_types/include/scion_types/srv/detail/send_frame__rosidl_typesupport_fastrtps_cpp.hpp
-- Up-to-date: /home/mechatronics/master/Mechatronics-2023/ros2_ws/install/scion_types/include/scion_types/srv/detail/dds_fastrtps
-- Up-to-date: /home/mechatronics/master/Mechatronics-2023/ros2_ws/install/scion_types/include/scion_types/msg
-- Up-to-date: /home/mechatronics/master/Mechatronics-2023/ros2_ws/install/scion_types/include/scion_types/msg/detail
-- Up-to-date: /home/mechatronics/master/Mechatronics-2023/ros2_ws/install/scion_types/include/scion_types/msg/detail/object__rosidl_typesupport_fastrtps_cpp.hpp
-- Up-to-date: /home/mechatronics/master/Mechatronics-2023/ros2_ws/install/scion_types/include/scion_types/msg/detail/keypoint2_di__rosidl_typesupport_fastrtps_cpp.hpp
-- Up-to-date: /home/mechatronics/master/Mechatronics-2023/ros2_ws/install/scion_types/include/scion_types/msg/detail/keypoint3_d__rosidl_typesupport_fastrtps_cpp.hpp
-- Up-to-date: /home/mechatronics/master/Mechatronics-2023/ros2_ws/install/scion_types/include/scion_types/msg/detail/skeleton2_d__rosidl_typesupport_fastrtps_cpp.hpp
-- Up-to-date: /home/mechatronics/master/Mechatronics-2023/ros2_ws/install/scion_types/include/scion_types/msg/detail/plane_stamped__rosidl_typesupport_fastrtps_cpp.hpp
-- Up-to-date: /home/mechatronics/master/Mechatronics-2023/ros2_ws/install/scion_types/include/scion_types/msg/detail/desired_state__rosidl_typesupport_fastrtps_cpp.hpp
-- Up-to-date: /home/mechatronics/master/Mechatronics-2023/ros2_ws/install/scion_types/include/scion_types/msg/detail/dds_fastrtps
-- Up-to-date: /home/mechatronics/master/Mechatronics-2023/ros2_ws/install/scion_types/include/scion_types/msg/detail/skeleton3_d__rosidl_typesupport_fastrtps_cpp.hpp
-- Up-to-date: /home/mechatronics/master/Mechatronics-2023/ros2_ws/install/scion_types/include/scion_types/msg/detail/position__rosidl_typesupport_fastrtps_cpp.hpp
-- Up-to-date: /home/mechatronics/master/Mechatronics-2023/ros2_ws/install/scion_types/include/scion_types/msg/detail/bounding_box2_df__rosidl_typesupport_fastrtps_cpp.hpp
-- Up-to-date: /home/mechatronics/master/Mechatronics-2023/ros2_ws/install/scion_types/include/scion_types/msg/detail/can_frame__rosidl_typesupport_fastrtps_cpp.hpp
-- Up-to-date: /home/mechatronics/master/Mechatronics-2023/ros2_ws/install/scion_types/include/scion_types/msg/detail/bounding_box2_di__rosidl_typesupport_fastrtps_cpp.hpp
-- Up-to-date: /home/mechatronics/master/Mechatronics-2023/ros2_ws/install/scion_types/include/scion_types/msg/detail/orientation__rosidl_typesupport_fastrtps_cpp.hpp
-- Up-to-date: /home/mechatronics/master/Mechatronics-2023/ros2_ws/install/scion_types/include/scion_types/msg/detail/bounding_box3_d__rosidl_typesupport_fastrtps_cpp.hpp
-- Up-to-date: /home/mechatronics/master/Mechatronics-2023/ros2_ws/install/scion_types/include/scion_types/msg/detail/keypoint2_df__rosidl_typesupport_fastrtps_cpp.hpp
-- Up-to-date: /home/mechatronics/master/Mechatronics-2023/ros2_ws/install/scion_types/include/scion_types/msg/detail/depth_info_stamped__rosidl_typesupport_fastrtps_cpp.hpp
-- Up-to-date: /home/mechatronics/master/Mechatronics-2023/ros2_ws/install/scion_types/include/scion_types/msg/detail/objects_stamped__rosidl_typesupport_fastrtps_cpp.hpp
-- Up-to-date: /home/mechatronics/master/Mechatronics-2023/ros2_ws/install/scion_types/include/scion_types/msg/rosidl_typesupport_fastrtps_cpp__visibility_control.h
-- Up-to-date: /home/mechatronics/master/Mechatronics-2023/ros2_ws/install/scion_types/lib/libscion_types__rosidl_typesupport_fastrtps_cpp.so
-- Up-to-date: /home/mechatronics/master/Mechatronics-2023/ros2_ws/install/scion_types/include/scion_types
-- Up-to-date: /home/mechatronics/master/Mechatronics-2023/ros2_ws/install/scion_types/include/scion_types/srv
-- Up-to-date: /home/mechatronics/master/Mechatronics-2023/ros2_ws/install/scion_types/include/scion_types/srv/detail
-- Up-to-date: /home/mechatronics/master/Mechatronics-2023/ros2_ws/install/scion_types/include/scion_types/srv/detail/send_frame__type_support.c
-- Up-to-date: /home/mechatronics/master/Mechatronics-2023/ros2_ws/install/scion_types/include/scion_types/srv/detail/send_frame__rosidl_typesupport_introspection_c.h
-- Up-to-date: /home/mechatronics/master/Mechatronics-2023/ros2_ws/install/scion_types/include/scion_types/msg
-- Up-to-date: /home/mechatronics/master/Mechatronics-2023/ros2_ws/install/scion_types/include/scion_types/msg/detail
-- Up-to-date: /home/mechatronics/master/Mechatronics-2023/ros2_ws/install/scion_types/include/scion_types/msg/detail/keypoint2_di__rosidl_typesupport_introspection_c.h
-- Up-to-date: /home/mechatronics/master/Mechatronics-2023/ros2_ws/install/scion_types/include/scion_types/msg/detail/objects_stamped__type_support.c
-- Up-to-date: /home/mechatronics/master/Mechatronics-2023/ros2_ws/install/scion_types/include/scion_types/msg/detail/object__type_support.c
-- Up-to-date: /home/mechatronics/master/Mechatronics-2023/ros2_ws/install/scion_types/include/scion_types/msg/detail/can_frame__type_support.c
-- Up-to-date: /home/mechatronics/master/Mechatronics-2023/ros2_ws/install/scion_types/include/scion_types/msg/detail/desired_state__type_support.c
-- Up-to-date: /home/mechatronics/master/Mechatronics-2023/ros2_ws/install/scion_types/include/scion_types/msg/detail/bounding_box3_d__type_support.c
-- Up-to-date: /home/mechatronics/master/Mechatronics-2023/ros2_ws/install/scion_types/include/scion_types/msg/detail/position__type_support.c
-- Up-to-date: /home/mechatronics/master/Mechatronics-2023/ros2_ws/install/scion_types/include/scion_types/msg/detail/object__rosidl_typesupport_introspection_c.h
-- Up-to-date: /home/mechatronics/master/Mechatronics-2023/ros2_ws/install/scion_types/include/scion_types/msg/detail/keypoint2_df__type_support.c
-- Up-to-date: /home/mechatronics/master/Mechatronics-2023/ros2_ws/install/scion_types/include/scion_types/msg/detail/bounding_box2_df__type_support.c
-- Up-to-date: /home/mechatronics/master/Mechatronics-2023/ros2_ws/install/scion_types/include/scion_types/msg/detail/position__rosidl_typesupport_introspection_c.h
-- Up-to-date: /home/mechatronics/master/Mechatronics-2023/ros2_ws/install/scion_types/include/scion_types/msg/detail/bounding_box3_d__rosidl_typesupport_introspection_c.h
-- Up-to-date: /home/mechatronics/master/Mechatronics-2023/ros2_ws/install/scion_types/include/scion_types/msg/detail/skeleton3_d__type_support.c
-- Up-to-date: /home/mechatronics/master/Mechatronics-2023/ros2_ws/install/scion_types/include/scion_types/msg/detail/orientation__type_support.c
-- Up-to-date: /home/mechatronics/master/Mechatronics-2023/ros2_ws/install/scion_types/include/scion_types/msg/detail/skeleton3_d__rosidl_typesupport_introspection_c.h
-- Up-to-date: /home/mechatronics/master/Mechatronics-2023/ros2_ws/install/scion_types/include/scion_types/msg/detail/keypoint3_d__rosidl_typesupport_introspection_c.h
-- Up-to-date: /home/mechatronics/master/Mechatronics-2023/ros2_ws/install/scion_types/include/scion_types/msg/detail/keypoint2_di__type_support.c
-- Up-to-date: /home/mechatronics/master/Mechatronics-2023/ros2_ws/install/scion_types/include/scion_types/msg/detail/skeleton2_d__type_support.c
-- Up-to-date: /home/mechatronics/master/Mechatronics-2023/ros2_ws/install/scion_types/include/scion_types/msg/detail/keypoint2_df__rosidl_typesupport_introspection_c.h
-- Up-to-date: /home/mechatronics/master/Mechatronics-2023/ros2_ws/install/scion_types/include/scion_types/msg/detail/can_frame__rosidl_typesupport_introspection_c.h
-- Up-to-date: /home/mechatronics/master/Mechatronics-2023/ros2_ws/install/scion_types/include/scion_types/msg/detail/depth_info_stamped__rosidl_typesupport_introspection_c.h
-- Up-to-date: /home/mechatronics/master/Mechatronics-2023/ros2_ws/install/scion_types/include/scion_types/msg/detail/desired_state__rosidl_typesupport_introspection_c.h
-- Up-to-date: /home/mechatronics/master/Mechatronics-2023/ros2_ws/install/scion_types/include/scion_types/msg/detail/objects_stamped__rosidl_typesupport_introspection_c.h
-- Up-to-date: /home/mechatronics/master/Mechatronics-2023/ros2_ws/install/scion_types/include/scion_types/msg/detail/plane_stamped__rosidl_typesupport_introspection_c.h
-- Up-to-date: /home/mechatronics/master/Mechatronics-2023/ros2_ws/install/scion_types/include/scion_types/msg/detail/bounding_box2_df__rosidl_typesupport_introspection_c.h
-- Up-to-date: /home/mechatronics/master/Mechatronics-2023/ros2_ws/install/scion_types/include/scion_types/msg/detail/bounding_box2_di__type_support.c
-- Up-to-date: /home/mechatronics/master/Mechatronics-2023/ros2_ws/install/scion_types/include/scion_types/msg/detail/orientation__rosidl_typesupport_introspection_c.h
-- Up-to-date: /home/mechatronics/master/Mechatronics-2023/ros2_ws/install/scion_types/include/scion_types/msg/detail/skeleton2_d__rosidl_typesupport_introspection_c.h
-- Up-to-date: /home/mechatronics/master/Mechatronics-2023/ros2_ws/install/scion_types/include/scion_types/msg/detail/keypoint3_d__type_support.c
-- Up-to-date: /home/mechatronics/master/Mechatronics-2023/ros2_ws/install/scion_types/include/scion_types/msg/detail/depth_info_stamped__type_support.c
-- Up-to-date: /home/mechatronics/master/Mechatronics-2023/ros2_ws/install/scion_types/include/scion_types/msg/detail/plane_stamped__type_support.c
-- Up-to-date: /home/mechatronics/master/Mechatronics-2023/ros2_ws/install/scion_types/include/scion_types/msg/detail/bounding_box2_di__rosidl_typesupport_introspection_c.h
-- Up-to-date: /home/mechatronics/master/Mechatronics-2023/ros2_ws/install/scion_types/include/scion_types/msg/rosidl_typesupport_introspection_c__visibility_control.h
-- Up-to-date: /home/mechatronics/master/Mechatronics-2023/ros2_ws/install/scion_types/lib/libscion_types__rosidl_typesupport_introspection_c.so
-- Up-to-date: /home/mechatronics/master/Mechatronics-2023/ros2_ws/install/scion_types/lib/libscion_types__rosidl_typesupport_c.so
-- Up-to-date: /home/mechatronics/master/Mechatronics-2023/ros2_ws/install/scion_types/include/scion_types
-- Up-to-date: /home/mechatronics/master/Mechatronics-2023/ros2_ws/install/scion_types/include/scion_types/srv
-- Up-to-date: /home/mechatronics/master/Mechatronics-2023/ros2_ws/install/scion_types/include/scion_types/srv/send_frame.hpp
-- Up-to-date: /home/mechatronics/master/Mechatronics-2023/ros2_ws/install/scion_types/include/scion_types/srv/detail
-- Up-to-date: /home/mechatronics/master/Mechatronics-2023/ros2_ws/install/scion_types/include/scion_types/srv/detail/send_frame__struct.hpp
-- Up-to-date: /home/mechatronics/master/Mechatronics-2023/ros2_ws/install/scion_types/include/scion_types/srv/detail/send_frame__builder.hpp
-- Up-to-date: /home/mechatronics/master/Mechatronics-2023/ros2_ws/install/scion_types/include/scion_types/srv/detail/send_frame__traits.hpp
-- Up-to-date: /home/mechatronics/master/Mechatronics-2023/ros2_ws/install/scion_types/include/scion_types/msg
-- Up-to-date: /home/mechatronics/master/Mechatronics-2023/ros2_ws/install/scion_types/include/scion_types/msg/objects_stamped.hpp
-- Up-to-date: /home/mechatronics/master/Mechatronics-2023/ros2_ws/install/scion_types/include/scion_types/msg/bounding_box3_d.hpp
-- Up-to-date: /home/mechatronics/master/Mechatronics-2023/ros2_ws/install/scion_types/include/scion_types/msg/desired_state.hpp
-- Up-to-date: /home/mechatronics/master/Mechatronics-2023/ros2_ws/install/scion_types/include/scion_types/msg/depth_info_stamped.hpp
-- Up-to-date: /home/mechatronics/master/Mechatronics-2023/ros2_ws/install/scion_types/include/scion_types/msg/bounding_box2_df.hpp
-- Up-to-date: /home/mechatronics/master/Mechatronics-2023/ros2_ws/install/scion_types/include/scion_types/msg/bounding_box2_di.hpp
-- Up-to-date: /home/mechatronics/master/Mechatronics-2023/ros2_ws/install/scion_types/include/scion_types/msg/can_frame.hpp
-- Up-to-date: /home/mechatronics/master/Mechatronics-2023/ros2_ws/install/scion_types/include/scion_types/msg/detail
-- Up-to-date: /home/mechatronics/master/Mechatronics-2023/ros2_ws/install/scion_types/include/scion_types/msg/detail/keypoint2_df__builder.hpp
-- Up-to-date: /home/mechatronics/master/Mechatronics-2023/ros2_ws/install/scion_types/include/scion_types/msg/detail/bounding_box3_d__builder.hpp
-- Up-to-date: /home/mechatronics/master/Mechatronics-2023/ros2_ws/install/scion_types/include/scion_types/msg/detail/can_frame__traits.hpp
-- Up-to-date: /home/mechatronics/master/Mechatronics-2023/ros2_ws/install/scion_types/include/scion_types/msg/detail/can_frame__struct.hpp
-- Up-to-date: /home/mechatronics/master/Mechatronics-2023/ros2_ws/install/scion_types/include/scion_types/msg/detail/bounding_box2_di__traits.hpp
-- Up-to-date: /home/mechatronics/master/Mechatronics-2023/ros2_ws/install/scion_types/include/scion_types/msg/detail/skeleton3_d__traits.hpp
-- Up-to-date: /home/mechatronics/master/Mechatronics-2023/ros2_ws/install/scion_types/include/scion_types/msg/detail/position__traits.hpp
-- Up-to-date: /home/mechatronics/master/Mechatronics-2023/ros2_ws/install/scion_types/include/scion_types/msg/detail/keypoint2_di__traits.hpp
-- Up-to-date: /home/mechatronics/master/Mechatronics-2023/ros2_ws/install/scion_types/include/scion_types/msg/detail/can_frame__builder.hpp
-- Up-to-date: /home/mechatronics/master/Mechatronics-2023/ros2_ws/install/scion_types/include/scion_types/msg/detail/skeleton3_d__builder.hpp
-- Up-to-date: /home/mechatronics/master/Mechatronics-2023/ros2_ws/install/scion_types/include/scion_types/msg/detail/objects_stamped__builder.hpp
-- Up-to-date: /home/mechatronics/master/Mechatronics-2023/ros2_ws/install/scion_types/include/scion_types/msg/detail/bounding_box2_df__builder.hpp
-- Up-to-date: /home/mechatronics/master/Mechatronics-2023/ros2_ws/install/scion_types/include/scion_types/msg/detail/skeleton2_d__traits.hpp
-- Up-to-date: /home/mechatronics/master/Mechatronics-2023/ros2_ws/install/scion_types/include/scion_types/msg/detail/plane_stamped__builder.hpp
-- Up-to-date: /home/mechatronics/master/Mechatronics-2023/ros2_ws/install/scion_types/include/scion_types/msg/detail/bounding_box2_di__struct.hpp
-- Up-to-date: /home/mechatronics/master/Mechatronics-2023/ros2_ws/install/scion_types/include/scion_types/msg/detail/keypoint3_d__struct.hpp
-- Up-to-date: /home/mechatronics/master/Mechatronics-2023/ros2_ws/install/scion_types/include/scion_types/msg/detail/position__builder.hpp
-- Up-to-date: /home/mechatronics/master/Mechatronics-2023/ros2_ws/install/scion_types/include/scion_types/msg/detail/objects_stamped__struct.hpp
-- Up-to-date: /home/mechatronics/master/Mechatronics-2023/ros2_ws/install/scion_types/include/scion_types/msg/detail/bounding_box2_df__struct.hpp
-- Up-to-date: /home/mechatronics/master/Mechatronics-2023/ros2_ws/install/scion_types/include/scion_types/msg/detail/orientation__builder.hpp
-- Up-to-date: /home/mechatronics/master/Mechatronics-2023/ros2_ws/install/scion_types/include/scion_types/msg/detail/objects_stamped__traits.hpp
-- Up-to-date: /home/mechatronics/master/Mechatronics-2023/ros2_ws/install/scion_types/include/scion_types/msg/detail/object__builder.hpp
-- Up-to-date: /home/mechatronics/master/Mechatronics-2023/ros2_ws/install/scion_types/include/scion_types/msg/detail/keypoint2_di__builder.hpp
-- Up-to-date: /home/mechatronics/master/Mechatronics-2023/ros2_ws/install/scion_types/include/scion_types/msg/detail/orientation__traits.hpp
-- Up-to-date: /home/mechatronics/master/Mechatronics-2023/ros2_ws/install/scion_types/include/scion_types/msg/detail/bounding_box2_df__traits.hpp
-- Up-to-date: /home/mechatronics/master/Mechatronics-2023/ros2_ws/install/scion_types/include/scion_types/msg/detail/depth_info_stamped__struct.hpp
-- Up-to-date: /home/mechatronics/master/Mechatronics-2023/ros2_ws/install/scion_types/include/scion_types/msg/detail/bounding_box3_d__struct.hpp
-- Up-to-date: /home/mechatronics/master/Mechatronics-2023/ros2_ws/install/scion_types/include/scion_types/msg/detail/bounding_box3_d__traits.hpp
-- Up-to-date: /home/mechatronics/master/Mechatronics-2023/ros2_ws/install/scion_types/include/scion_types/msg/detail/desired_state__traits.hpp
-- Up-to-date: /home/mechatronics/master/Mechatronics-2023/ros2_ws/install/scion_types/include/scion_types/msg/detail/object__struct.hpp
-- Up-to-date: /home/mechatronics/master/Mechatronics-2023/ros2_ws/install/scion_types/include/scion_types/msg/detail/orientation__struct.hpp
-- Up-to-date: /home/mechatronics/master/Mechatronics-2023/ros2_ws/install/scion_types/include/scion_types/msg/detail/keypoint2_df__traits.hpp
-- Up-to-date: /home/mechatronics/master/Mechatronics-2023/ros2_ws/install/scion_types/include/scion_types/msg/detail/bounding_box2_di__builder.hpp
-- Up-to-date: /home/mechatronics/master/Mechatronics-2023/ros2_ws/install/scion_types/include/scion_types/msg/detail/object__traits.hpp
-- Up-to-date: /home/mechatronics/master/Mechatronics-2023/ros2_ws/install/scion_types/include/scion_types/msg/detail/desired_state__builder.hpp
-- Up-to-date: /home/mechatronics/master/Mechatronics-2023/ros2_ws/install/scion_types/include/scion_types/msg/detail/position__struct.hpp
-- Up-to-date: /home/mechatronics/master/Mechatronics-2023/ros2_ws/install/scion_types/include/scion_types/msg/detail/depth_info_stamped__traits.hpp
-- Up-to-date: /home/mechatronics/master/Mechatronics-2023/ros2_ws/install/scion_types/include/scion_types/msg/detail/skeleton2_d__struct.hpp
-- Up-to-date: /home/mechatronics/master/Mechatronics-2023/ros2_ws/install/scion_types/include/scion_types/msg/detail/plane_stamped__traits.hpp
-- Up-to-date: /home/mechatronics/master/Mechatronics-2023/ros2_ws/install/scion_types/include/scion_types/msg/detail/keypoint2_df__struct.hpp
-- Up-to-date: /home/mechatronics/master/Mechatronics-2023/ros2_ws/install/scion_types/include/scion_types/msg/detail/desired_state__struct.hpp
-- Up-to-date: /home/mechatronics/master/Mechatronics-2023/ros2_ws/install/scion_types/include/scion_types/msg/detail/skeleton2_d__builder.hpp
-- Up-to-date: /home/mechatronics/master/Mechatronics-2023/ros2_ws/install/scion_types/include/scion_types/msg/detail/keypoint2_di__struct.hpp
-- Up-to-date: /home/mechatronics/master/Mechatronics-2023/ros2_ws/install/scion_types/include/scion_types/msg/detail/plane_stamped__struct.hpp
-- Up-to-date: /home/mechatronics/master/Mechatronics-2023/ros2_ws/install/scion_types/include/scion_types/msg/detail/keypoint3_d__traits.hpp
-- Up-to-date: /home/mechatronics/master/Mechatronics-2023/ros2_ws/install/scion_types/include/scion_types/msg/detail/depth_info_stamped__builder.hpp
-- Up-to-date: /home/mechatronics/master/Mechatronics-2023/ros2_ws/install/scion_types/include/scion_types/msg/detail/keypoint3_d__builder.hpp
-- Up-to-date: /home/mechatronics/master/Mechatronics-2023/ros2_ws/install/scion_types/include/scion_types/msg/detail/skeleton3_d__struct.hpp
-- Up-to-date: /home/mechatronics/master/Mechatronics-2023/ros2_ws/install/scion_types/include/scion_types/msg/object.hpp
-- Up-to-date: /home/mechatronics/master/Mechatronics-2023/ros2_ws/install/scion_types/include/scion_types/msg/skeleton2_d.hpp
-- Up-to-date: /home/mechatronics/master/Mechatronics-2023/ros2_ws/install/scion_types/include/scion_types/msg/keypoint2_di.hpp
-- Up-to-date: /home/mechatronics/master/Mechatronics-2023/ros2_ws/install/scion_types/include/scion_types/msg/keypoint3_d.hpp
-- Up-to-date: /home/mechatronics/master/Mechatronics-2023/ros2_ws/install/scion_types/include/scion_types/msg/position.hpp
-- Up-to-date: /home/mechatronics/master/Mechatronics-2023/ros2_ws/install/scion_types/include/scion_types/msg/plane_stamped.hpp
-- Up-to-date: /home/mechatronics/master/Mechatronics-2023/ros2_ws/install/scion_types/include/scion_types/msg/skeleton3_d.hpp
-- Up-to-date: /home/mechatronics/master/Mechatronics-2023/ros2_ws/install/scion_types/include/scion_types/msg/keypoint2_df.hpp
-- Up-to-date: /home/mechatronics/master/Mechatronics-2023/ros2_ws/install/scion_types/include/scion_types/msg/orientation.hpp
-- Up-to-date: /home/mechatronics/master/Mechatronics-2023/ros2_ws/install/scion_types/include/scion_types
-- Up-to-date: /home/mechatronics/master/Mechatronics-2023/ros2_ws/install/scion_types/include/scion_types/srv
-- Up-to-date: /home/mechatronics/master/Mechatronics-2023/ros2_ws/install/scion_types/include/scion_types/srv/detail
-- Up-to-date: /home/mechatronics/master/Mechatronics-2023/ros2_ws/install/scion_types/include/scion_types/srv/detail/send_frame__rosidl_typesupport_introspection_cpp.hpp
-- Up-to-date: /home/mechatronics/master/Mechatronics-2023/ros2_ws/install/scion_types/include/scion_types/srv/detail/send_frame__type_support.cpp
-- Up-to-date: /home/mechatronics/master/Mechatronics-2023/ros2_ws/install/scion_types/include/scion_types/msg
-- Up-to-date: /home/mechatronics/master/Mechatronics-2023/ros2_ws/install/scion_types/include/scion_types/msg/detail
-- Up-to-date: /home/mechatronics/master/Mechatronics-2023/ros2_ws/install/scion_types/include/scion_types/msg/detail/keypoint2_df__rosidl_typesupport_introspection_cpp.hpp
-- Up-to-date: /home/mechatronics/master/Mechatronics-2023/ros2_ws/install/scion_types/include/scion_types/msg/detail/position__rosidl_typesupport_introspection_cpp.hpp
-- Up-to-date: /home/mechatronics/master/Mechatronics-2023/ros2_ws/install/scion_types/include/scion_types/msg/detail/keypoint2_di__rosidl_typesupport_introspection_cpp.hpp
-- Up-to-date: /home/mechatronics/master/Mechatronics-2023/ros2_ws/install/scion_types/include/scion_types/msg/detail/keypoint2_di__type_support.cpp
-- Up-to-date: /home/mechatronics/master/Mechatronics-2023/ros2_ws/install/scion_types/include/scion_types/msg/detail/skeleton3_d__rosidl_typesupport_introspection_cpp.hpp
-- Up-to-date: /home/mechatronics/master/Mechatronics-2023/ros2_ws/install/scion_types/include/scion_types/msg/detail/skeleton2_d__type_support.cpp
-- Up-to-date: /home/mechatronics/master/Mechatronics-2023/ros2_ws/install/scion_types/include/scion_types/msg/detail/bounding_box2_di__type_support.cpp
-- Up-to-date: /home/mechatronics/master/Mechatronics-2023/ros2_ws/install/scion_types/include/scion_types/msg/detail/plane_stamped__type_support.cpp
-- Up-to-date: /home/mechatronics/master/Mechatronics-2023/ros2_ws/install/scion_types/include/scion_types/msg/detail/bounding_box3_d__rosidl_typesupport_introspection_cpp.hpp
-- Up-to-date: /home/mechatronics/master/Mechatronics-2023/ros2_ws/install/scion_types/include/scion_types/msg/detail/depth_info_stamped__type_support.cpp
-- Up-to-date: /home/mechatronics/master/Mechatronics-2023/ros2_ws/install/scion_types/include/scion_types/msg/detail/bounding_box2_df__type_support.cpp
-- Up-to-date: /home/mechatronics/master/Mechatronics-2023/ros2_ws/install/scion_types/include/scion_types/msg/detail/object__type_support.cpp
-- Up-to-date: /home/mechatronics/master/Mechatronics-2023/ros2_ws/install/scion_types/include/scion_types/msg/detail/bounding_box2_di__rosidl_typesupport_introspection_cpp.hpp
-- Up-to-date: /home/mechatronics/master/Mechatronics-2023/ros2_ws/install/scion_types/include/scion_types/msg/detail/objects_stamped__rosidl_typesupport_introspection_cpp.hpp
-- Up-to-date: /home/mechatronics/master/Mechatronics-2023/ros2_ws/install/scion_types/include/scion_types/msg/detail/bounding_box2_df__rosidl_typesupport_introspection_cpp.hpp
-- Up-to-date: /home/mechatronics/master/Mechatronics-2023/ros2_ws/install/scion_types/include/scion_types/msg/detail/can_frame__type_support.cpp
-- Up-to-date: /home/mechatronics/master/Mechatronics-2023/ros2_ws/install/scion_types/include/scion_types/msg/detail/skeleton3_d__type_support.cpp
-- Up-to-date: /home/mechatronics/master/Mechatronics-2023/ros2_ws/install/scion_types/include/scion_types/msg/detail/desired_state__rosidl_typesupport_introspection_cpp.hpp
-- Up-to-date: /home/mechatronics/master/Mechatronics-2023/ros2_ws/install/scion_types/include/scion_types/msg/detail/objects_stamped__type_support.cpp
-- Up-to-date: /home/mechatronics/master/Mechatronics-2023/ros2_ws/install/scion_types/include/scion_types/msg/detail/bounding_box3_d__type_support.cpp
-- Up-to-date: /home/mechatronics/master/Mechatronics-2023/ros2_ws/install/scion_types/include/scion_types/msg/detail/depth_info_stamped__rosidl_typesupport_introspection_cpp.hpp
-- Up-to-date: /home/mechatronics/master/Mechatronics-2023/ros2_ws/install/scion_types/include/scion_types/msg/detail/keypoint3_d__rosidl_typesupport_introspection_cpp.hpp
-- Up-to-date: /home/mechatronics/master/Mechatronics-2023/ros2_ws/install/scion_types/include/scion_types/msg/detail/keypoint2_df__type_support.cpp
-- Up-to-date: /home/mechatronics/master/Mechatronics-2023/ros2_ws/install/scion_types/include/scion_types/msg/detail/position__type_support.cpp
-- Up-to-date: /home/mechatronics/master/Mechatronics-2023/ros2_ws/install/scion_types/include/scion_types/msg/detail/skeleton2_d__rosidl_typesupport_introspection_cpp.hpp
-- Up-to-date: /home/mechatronics/master/Mechatronics-2023/ros2_ws/install/scion_types/include/scion_types/msg/detail/object__rosidl_typesupport_introspection_cpp.hpp
-- Up-to-date: /home/mechatronics/master/Mechatronics-2023/ros2_ws/install/scion_types/include/scion_types/msg/detail/orientation__rosidl_typesupport_introspection_cpp.hpp
-- Up-to-date: /home/mechatronics/master/Mechatronics-2023/ros2_ws/install/scion_types/include/scion_types/msg/detail/desired_state__type_support.cpp
-- Up-to-date: /home/mechatronics/master/Mechatronics-2023/ros2_ws/install/scion_types/include/scion_types/msg/detail/orientation__type_support.cpp
-- Up-to-date: /home/mechatronics/master/Mechatronics-2023/ros2_ws/install/scion_types/include/scion_types/msg/detail/can_frame__rosidl_typesupport_introspection_cpp.hpp
-- Up-to-date: /home/mechatronics/master/Mechatronics-2023/ros2_ws/install/scion_types/include/scion_types/msg/detail/plane_stamped__rosidl_typesupport_introspection_cpp.hpp
-- Up-to-date: /home/mechatronics/master/Mechatronics-2023/ros2_ws/install/scion_types/include/scion_types/msg/detail/keypoint3_d__type_support.cpp
-- Up-to-date: /home/mechatronics/master/Mechatronics-2023/ros2_ws/install/scion_types/lib/libscion_types__rosidl_typesupport_introspection_cpp.so
-- Up-to-date: /home/mechatronics/master/Mechatronics-2023/ros2_ws/install/scion_types/lib/libscion_types__rosidl_typesupport_cpp.so
-- Up-to-date: /home/mechatronics/master/Mechatronics-2023/ros2_ws/install/scion_types/share/scion_types/environment/pythonpath.sh
-- Up-to-date: /home/mechatronics/master/Mechatronics-2023/ros2_ws/install/scion_types/share/scion_types/environment/pythonpath.dsv
-- Up-to-date: /home/mechatronics/master/Mechatronics-2023/ros2_ws/install/scion_types/lib/python3.8/site-packages/scion_types/__init__.py
-- Up-to-date: /home/mechatronics/master/Mechatronics-2023/ros2_ws/install/scion_types/lib/python3.8/site-packages/scion_types/msg
-- Up-to-date: /home/mechatronics/master/Mechatronics-2023/ros2_ws/install/scion_types/lib/python3.8/site-packages/scion_types/msg/_skeleton2_d.py
-- Up-to-date: /home/mechatronics/master/Mechatronics-2023/ros2_ws/install/scion_types/lib/python3.8/site-packages/scion_types/msg/_position_s.c
-- Up-to-date: /home/mechatronics/master/Mechatronics-2023/ros2_ws/install/scion_types/lib/python3.8/site-packages/scion_types/msg/_orientation_s.c
-- Up-to-date: /home/mechatronics/master/Mechatronics-2023/ros2_ws/install/scion_types/lib/python3.8/site-packages/scion_types/msg/_bounding_box2_di.py
-- Up-to-date: /home/mechatronics/master/Mechatronics-2023/ros2_ws/install/scion_types/lib/python3.8/site-packages/scion_types/msg/_desired_state_s.c
-- Up-to-date: /home/mechatronics/master/Mechatronics-2023/ros2_ws/install/scion_types/lib/python3.8/site-packages/scion_types/msg/_plane_stamped_s.c
-- Up-to-date: /home/mechatronics/master/Mechatronics-2023/ros2_ws/install/scion_types/lib/python3.8/site-packages/scion_types/msg/_can_frame.py
-- Up-to-date: /home/mechatronics/master/Mechatronics-2023/ros2_ws/install/scion_types/lib/python3.8/site-packages/scion_types/msg/__init__.py
-- Up-to-date: /home/mechatronics/master/Mechatronics-2023/ros2_ws/install/scion_types/lib/python3.8/site-packages/scion_types/msg/_objects_stamped_s.c
-- Up-to-date: /home/mechatronics/master/Mechatronics-2023/ros2_ws/install/scion_types/lib/python3.8/site-packages/scion_types/msg/_bounding_box3_d_s.c
-- Up-to-date: /home/mechatronics/master/Mechatronics-2023/ros2_ws/install/scion_types/lib/python3.8/site-packages/scion_types/msg/_desired_state.py
-- Up-to-date: /home/mechatronics/master/Mechatronics-2023/ros2_ws/install/scion_types/lib/python3.8/site-packages/scion_types/msg/_position.py
-- Up-to-date: /home/mechatronics/master/Mechatronics-2023/ros2_ws/install/scion_types/lib/python3.8/site-packages/scion_types/msg/_skeleton3_d.py
-- Up-to-date: /home/mechatronics/master/Mechatronics-2023/ros2_ws/install/scion_types/lib/python3.8/site-packages/scion_types/msg/_keypoint3_d_s.c
-- Up-to-date: /home/mechatronics/master/Mechatronics-2023/ros2_ws/install/scion_types/lib/python3.8/site-packages/scion_types/msg/_depth_info_stamped_s.c
-- Up-to-date: /home/mechatronics/master/Mechatronics-2023/ros2_ws/install/scion_types/lib/python3.8/site-packages/scion_types/msg/_bounding_box3_d.py
-- Up-to-date: /home/mechatronics/master/Mechatronics-2023/ros2_ws/install/scion_types/lib/python3.8/site-packages/scion_types/msg/_can_frame_s.c
-- Up-to-date: /home/mechatronics/master/Mechatronics-2023/ros2_ws/install/scion_types/lib/python3.8/site-packages/scion_types/msg/_objects_stamped.py
-- Up-to-date: /home/mechatronics/master/Mechatronics-2023/ros2_ws/install/scion_types/lib/python3.8/site-packages/scion_types/msg/_bounding_box2_df_s.c
-- Up-to-date: /home/mechatronics/master/Mechatronics-2023/ros2_ws/install/scion_types/lib/python3.8/site-packages/scion_types/msg/_keypoint2_di_s.c
-- Up-to-date: /home/mechatronics/master/Mechatronics-2023/ros2_ws/install/scion_types/lib/python3.8/site-packages/scion_types/msg/_object_s.c
-- Up-to-date: /home/mechatronics/master/Mechatronics-2023/ros2_ws/install/scion_types/lib/python3.8/site-packages/scion_types/msg/_skeleton2_d_s.c
-- Up-to-date: /home/mechatronics/master/Mechatronics-2023/ros2_ws/install/scion_types/lib/python3.8/site-packages/scion_types/msg/_depth_info_stamped.py
-- Up-to-date: /home/mechatronics/master/Mechatronics-2023/ros2_ws/install/scion_types/lib/python3.8/site-packages/scion_types/msg/_plane_stamped.py
-- Up-to-date: /home/mechatronics/master/Mechatronics-2023/ros2_ws/install/scion_types/lib/python3.8/site-packages/scion_types/msg/_skeleton3_d_s.c
-- Up-to-date: /home/mechatronics/master/Mechatronics-2023/ros2_ws/install/scion_types/lib/python3.8/site-packages/scion_types/msg/_bounding_box2_df.py
-- Up-to-date: /home/mechatronics/master/Mechatronics-2023/ros2_ws/install/scion_types/lib/python3.8/site-packages/scion_types/msg/_orientation.py
-- Up-to-date: /home/mechatronics/master/Mechatronics-2023/ros2_ws/install/scion_types/lib/python3.8/site-packages/scion_types/msg/_keypoint2_di.py
-- Up-to-date: /home/mechatronics/master/Mechatronics-2023/ros2_ws/install/scion_types/lib/python3.8/site-packages/scion_types/msg/_keypoint3_d.py
-- Up-to-date: /home/mechatronics/master/Mechatronics-2023/ros2_ws/install/scion_types/lib/python3.8/site-packages/scion_types/msg/_object.py
-- Up-to-date: /home/mechatronics/master/Mechatronics-2023/ros2_ws/install/scion_types/lib/python3.8/site-packages/scion_types/msg/_keypoint2_df_s.c
-- Up-to-date: /home/mechatronics/master/Mechatronics-2023/ros2_ws/install/scion_types/lib/python3.8/site-packages/scion_types/msg/_bounding_box2_di_s.c
-- Up-to-date: /home/mechatronics/master/Mechatronics-2023/ros2_ws/install/scion_types/lib/python3.8/site-packages/scion_types/msg/_keypoint2_df.py
-- Up-to-date: /home/mechatronics/master/Mechatronics-2023/ros2_ws/install/scion_types/lib/python3.8/site-packages/scion_types/srv
-- Up-to-date: /home/mechatronics/master/Mechatronics-2023/ros2_ws/install/scion_types/lib/python3.8/site-packages/scion_types/srv/__init__.py
-- Up-to-date: /home/mechatronics/master/Mechatronics-2023/ros2_ws/install/scion_types/lib/python3.8/site-packages/scion_types/srv/_send_frame.py
-- Up-to-date: /home/mechatronics/master/Mechatronics-2023/ros2_ws/install/scion_types/lib/python3.8/site-packages/scion_types/srv/_send_frame_s.c
-- Up-to-date: /home/mechatronics/master/Mechatronics-2023/ros2_ws/install/scion_types/lib/python3.8/site-packages/scion_types/scion_types_s__rosidl_typesupport_fastrtps_c.cpython-38-aarch64-linux-gnu.so
-- Up-to-date: /home/mechatronics/master/Mechatronics-2023/ros2_ws/install/scion_types/lib/python3.8/site-packages/scion_types/scion_types_s__rosidl_typesupport_introspection_c.cpython-38-aarch64-linux-gnu.so
-- Up-to-date: /home/mechatronics/master/Mechatronics-2023/ros2_ws/install/scion_types/lib/python3.8/site-packages/scion_types/scion_types_s__rosidl_typesupport_c.cpython-38-aarch64-linux-gnu.so
-- Up-to-date: /home/mechatronics/master/Mechatronics-2023/ros2_ws/install/scion_types/lib/libscion_types__python.so
-- Up-to-date: /home/mechatronics/master/Mechatronics-2023/ros2_ws/install/scion_types/share/scion_types/msg/CanFrame.idl
-- Up-to-date: /home/mechatronics/master/Mechatronics-2023/ros2_ws/install/scion_types/share/scion_types/msg/Orientation.idl
-- Up-to-date: /home/mechatronics/master/Mechatronics-2023/ros2_ws/install/scion_types/share/scion_types/msg/DesiredState.idl
-- Up-to-date: /home/mechatronics/master/Mechatronics-2023/ros2_ws/install/scion_types/share/scion_types/msg/Position.idl
-- Up-to-date: /home/mechatronics/master/Mechatronics-2023/ros2_ws/install/scion_types/share/scion_types/srv/SendFrame.idl
-- Up-to-date: /home/mechatronics/master/Mechatronics-2023/ros2_ws/install/scion_types/share/scion_types/msg/CanFrame.msg
-- Up-to-date: /home/mechatronics/master/Mechatronics-2023/ros2_ws/install/scion_types/share/scion_types/msg/Orientation.msg
-- Up-to-date: /home/mechatronics/master/Mechatronics-2023/ros2_ws/install/scion_types/share/scion_types/msg/DesiredState.msg
-- Up-to-date: /home/mechatronics/master/Mechatronics-2023/ros2_ws/install/scion_types/share/scion_types/msg/Position.msg
-- Up-to-date: /home/mechatronics/master/Mechatronics-2023/ros2_ws/install/scion_types/share/scion_types/srv/SendFrame.srv
-- Up-to-date: /home/mechatronics/master/Mechatronics-2023/ros2_ws/install/scion_types/share/scion_types/srv/SendFrame_Request.msg
-- Up-to-date: /home/mechatronics/master/Mechatronics-2023/ros2_ws/install/scion_types/share/scion_types/srv/SendFrame_Response.msg
-- Up-to-date: /home/mechatronics/master/Mechatronics-2023/ros2_ws/install/scion_types/share/ament_index/resource_index/package_run_dependencies/scion_types
-- Up-to-date: /home/mechatronics/master/Mechatronics-2023/ros2_ws/install/scion_types/share/ament_index/resource_index/parent_prefix_path/scion_types
-- Up-to-date: /home/mechatronics/master/Mechatronics-2023/ros2_ws/install/scion_types/share/scion_types/environment/ament_prefix_path.sh
-- Up-to-date: /home/mechatronics/master/Mechatronics-2023/ros2_ws/install/scion_types/share/scion_types/environment/ament_prefix_path.dsv
-- Up-to-date: /home/mechatronics/master/Mechatronics-2023/ros2_ws/install/scion_types/share/scion_types/environment/path.sh
-- Up-to-date: /home/mechatronics/master/Mechatronics-2023/ros2_ws/install/scion_types/share/scion_types/environment/path.dsv
-- Up-to-date: /home/mechatronics/master/Mechatronics-2023/ros2_ws/install/scion_types/share/scion_types/local_setup.bash
-- Up-to-date: /home/mechatronics/master/Mechatronics-2023/ros2_ws/install/scion_types/share/scion_types/local_setup.sh
-- Up-to-date: /home/mechatronics/master/Mechatronics-2023/ros2_ws/install/scion_types/share/scion_types/local_setup.zsh
-- Up-to-date: /home/mechatronics/master/Mechatronics-2023/ros2_ws/install/scion_types/share/scion_types/local_setup.dsv
-- Installing: /home/mechatronics/master/Mechatronics-2023/ros2_ws/install/scion_types/share/scion_types/package.dsv
-- Up-to-date: /home/mechatronics/master/Mechatronics-2023/ros2_ws/install/scion_types/share/ament_index/resource_index/packages/scion_types
-- Up-to-date: /home/mechatronics/master/Mechatronics-2023/ros2_ws/install/scion_types/share/scion_types/cmake/scion_types__rosidl_generator_cExport.cmake
-- Up-to-date: /home/mechatronics/master/Mechatronics-2023/ros2_ws/install/scion_types/share/scion_types/cmake/scion_types__rosidl_generator_cExport-noconfig.cmake
-- Up-to-date: /home/mechatronics/master/Mechatronics-2023/ros2_ws/install/scion_types/share/scion_types/cmake/scion_types__rosidl_typesupport_introspection_cExport.cmake
-- Up-to-date: /home/mechatronics/master/Mechatronics-2023/ros2_ws/install/scion_types/share/scion_types/cmake/scion_types__rosidl_typesupport_introspection_cExport-noconfig.cmake
-- Up-to-date: /home/mechatronics/master/Mechatronics-2023/ros2_ws/install/scion_types/share/scion_types/cmake/scion_types__rosidl_typesupport_cExport.cmake
-- Up-to-date: /home/mechatronics/master/Mechatronics-2023/ros2_ws/install/scion_types/share/scion_types/cmake/scion_types__rosidl_typesupport_cExport-noconfig.cmake
-- Up-to-date: /home/mechatronics/master/Mechatronics-2023/ros2_ws/install/scion_types/share/scion_types/cmake/scion_types__rosidl_generator_cppExport.cmake
-- Up-to-date: /home/mechatronics/master/Mechatronics-2023/ros2_ws/install/scion_types/share/scion_types/cmake/scion_types__rosidl_typesupport_introspection_cppExport.cmake
-- Up-to-date: /home/mechatronics/master/Mechatronics-2023/ros2_ws/install/scion_types/share/scion_types/cmake/scion_types__rosidl_typesupport_introspection_cppExport-noconfig.cmake
-- Up-to-date: /home/mechatronics/master/Mechatronics-2023/ros2_ws/install/scion_types/share/scion_types/cmake/scion_types__rosidl_typesupport_cppExport.cmake
-- Up-to-date: /home/mechatronics/master/Mechatronics-2023/ros2_ws/install/scion_types/share/scion_types/cmake/scion_types__rosidl_typesupport_cppExport-noconfig.cmake
-- Up-to-date: /home/mechatronics/master/Mechatronics-2023/ros2_ws/install/scion_types/share/scion_types/cmake/rosidl_cmake-extras.cmake
-- Up-to-date: /home/mechatronics/master/Mechatronics-2023/ros2_ws/install/scion_types/share/scion_types/cmake/ament_cmake_export_dependencies-extras.cmake
-- Up-to-date: /home/mechatronics/master/Mechatronics-2023/ros2_ws/install/scion_types/share/scion_types/cmake/ament_cmake_export_libraries-extras.cmake
-- Up-to-date: /home/mechatronics/master/Mechatronics-2023/ros2_ws/install/scion_types/share/scion_types/cmake/ament_cmake_export_targets-extras.cmake
-- Up-to-date: /home/mechatronics/master/Mechatronics-2023/ros2_ws/install/scion_types/share/scion_types/cmake/ament_cmake_export_include_directories-extras.cmake
-- Up-to-date: /home/mechatronics/master/Mechatronics-2023/ros2_ws/install/scion_types/share/scion_types/cmake/rosidl_cmake_export_typesupport_libraries-extras.cmake
-- Up-to-date: /home/mechatronics/master/Mechatronics-2023/ros2_ws/install/scion_types/share/scion_types/cmake/rosidl_cmake_export_typesupport_targets-extras.cmake
-- Up-to-date: /home/mechatronics/master/Mechatronics-2023/ros2_ws/install/scion_types/share/scion_types/cmake/scion_typesConfig.cmake
-- Up-to-date: /home/mechatronics/master/Mechatronics-2023/ros2_ws/install/scion_types/share/scion_types/cmake/scion_typesConfig-version.cmake
-- Up-to-date: /home/mechatronics/master/Mechatronics-2023/ros2_ws/install/scion_types/share/scion_types/package.xml
