[0.156s] Invoking command in '/home/mechatronics/master/Mechatronics-2023/ros2_ws/build/scion_types': CMAKE_PREFIX_PATH=${CMAKE_PREFIX_PATH}:/home/mechatronics/master/Mechatronics-2023/ros2_ws/install/zed_vision_node:/home/mechatronics/master/Mechatronics-2023/ros2_ws/install/ahrs_node:/home/mechatronics/junebug_workspace/install/zed_temp:/home/mechatronics/junebug_workspace/install/zed_imu2:/home/mechatronics/junebug_workspace/install/zed_imu:/home/mechatronics/junebug_workspace/install/top_view_package:/home/mechatronics/junebug_workspace/install/py_pubsub:/home/mechatronics/junebug_workspace/install/object_detection_package:/home/mechatronics/junebug_workspace/install/mapping_package:/home/mechatronics/junebug_workspace/install/depth_package:/home/mechatronics/junebug_workspace/install/controller_translator:/home/mechatronics/junebug_workspace/install/cam_track_package:/home/mechatronics/junebug_workspace/install/body_track_package:/home/mechatronics/junebug_workspace/install/ahr:/opt/ros/foxy /usr/bin/cmake --build /home/mechatronics/master/Mechatronics-2023/ros2_ws/build/scion_types -- -j12 -l12
[0.262s] [  4%] Built target scion_types__cpp
[0.262s] [ 12%] Built target scion_types__rosidl_generator_c
[0.321s] [ 34%] Built target scion_types__rosidl_typesupport_c
[0.322s] [ 34%] Built target scion_types__rosidl_typesupport_introspection_c
[0.324s] [ 46%] Built target scion_types__rosidl_typesupport_cpp
[0.325s] [ 57%] Built target scion_types__rosidl_typesupport_fastrtps_cpp
[0.327s] [ 68%] Built target scion_types__rosidl_typesupport_introspection_cpp
[0.379s] [ 79%] Built target scion_types__rosidl_typesupport_fastrtps_c
[0.416s] [ 79%] Built target scion_types
[0.462s] [ 80%] Built target scion_types__py
[0.503s] [ 90%] Built target scion_types__python
[0.552s] [100%] Built target scion_types__rosidl_typesupport_fastrtps_c__pyext
[0.552s] [100%] Built target scion_types__rosidl_typesupport_introspection_c__pyext
[0.553s] [100%] Built target scion_types__rosidl_typesupport_c__pyext
[0.576s] Invoked command in '/home/mechatronics/master/Mechatronics-2023/ros2_ws/build/scion_types' returned '0': CMAKE_PREFIX_PATH=${CMAKE_PREFIX_PATH}:/home/mechatronics/master/Mechatronics-2023/ros2_ws/install/zed_vision_node:/home/mechatronics/master/Mechatronics-2023/ros2_ws/install/ahrs_node:/home/mechatronics/junebug_workspace/install/zed_temp:/home/mechatronics/junebug_workspace/install/zed_imu2:/home/mechatronics/junebug_workspace/install/zed_imu:/home/mechatronics/junebug_workspace/install/top_view_package:/home/mechatronics/junebug_workspace/install/py_pubsub:/home/mechatronics/junebug_workspace/install/object_detection_package:/home/mechatronics/junebug_workspace/install/mapping_package:/home/mechatronics/junebug_workspace/install/depth_package:/home/mechatronics/junebug_workspace/install/controller_translator:/home/mechatronics/junebug_workspace/install/cam_track_package:/home/mechatronics/junebug_workspace/install/body_track_package:/home/mechatronics/junebug_workspace/install/ahr:/opt/ros/foxy /usr/bin/cmake --build /home/mechatronics/master/Mechatronics-2023/ros2_ws/build/scion_types -- -j12 -l12
[0.791s] Invoking command in '/home/mechatronics/master/Mechatronics-2023/ros2_ws/build/scion_types': CMAKE_PREFIX_PATH=${CMAKE_PREFIX_PATH}:/home/mechatronics/master/Mechatronics-2023/ros2_ws/install/zed_vision_node:/home/mechatronics/master/Mechatronics-2023/ros2_ws/install/ahrs_node:/home/mechatronics/junebug_workspace/install/zed_temp:/home/mechatronics/junebug_workspace/install/zed_imu2:/home/mechatronics/junebug_workspace/install/zed_imu:/home/mechatronics/junebug_workspace/install/top_view_package:/home/mechatronics/junebug_workspace/install/py_pubsub:/home/mechatronics/junebug_workspace/install/object_detection_package:/home/mechatronics/junebug_workspace/install/mapping_package:/home/mechatronics/junebug_workspace/install/depth_package:/home/mechatronics/junebug_workspace/install/controller_translator:/home/mechatronics/junebug_workspace/install/cam_track_package:/home/mechatronics/junebug_workspace/install/body_track_package:/home/mechatronics/junebug_workspace/install/ahr:/opt/ros/foxy /usr/bin/cmake --install /home/mechatronics/master/Mechatronics-2023/ros2_ws/build/scion_types
[0.809s] -- Install configuration: ""
[0.810s] -- Up-to-date: /home/mechatronics/master/Mechatronics-2023/ros2_ws/install/scion_types/share/ament_index/resource_index/rosidl_interfaces/scion_types
[0.810s] -- Up-to-date: /home/mechatronics/master/Mechatronics-2023/ros2_ws/install/scion_types/include/scion_types
[0.810s] -- Up-to-date: /home/mechatronics/master/Mechatronics-2023/ros2_ws/install/scion_types/include/scion_types/srv
[0.810s] -- Up-to-date: /home/mechatronics/master/Mechatronics-2023/ros2_ws/install/scion_types/include/scion_types/srv/send_frame.h
[0.811s] -- Up-to-date: /home/mechatronics/master/Mechatronics-2023/ros2_ws/install/scion_types/include/scion_types/srv/detail
[0.811s] -- Up-to-date: /home/mechatronics/master/Mechatronics-2023/ros2_ws/install/scion_types/include/scion_types/srv/detail/send_frame__functions.c
[0.811s] -- Up-to-date: /home/mechatronics/master/Mechatronics-2023/ros2_ws/install/scion_types/include/scion_types/srv/detail/send_frame__struct.h
[0.811s] -- Up-to-date: /home/mechatronics/master/Mechatronics-2023/ros2_ws/install/scion_types/include/scion_types/srv/detail/send_frame__functions.h
[0.811s] -- Up-to-date: /home/mechatronics/master/Mechatronics-2023/ros2_ws/install/scion_types/include/scion_types/srv/detail/send_frame__type_support.h
[0.811s] -- Up-to-date: /home/mechatronics/master/Mechatronics-2023/ros2_ws/install/scion_types/include/scion_types/msg
[0.812s] -- Up-to-date: /home/mechatronics/master/Mechatronics-2023/ros2_ws/install/scion_types/include/scion_types/msg/can_frame.h
[0.812s] -- Up-to-date: /home/mechatronics/master/Mechatronics-2023/ros2_ws/install/scion_types/include/scion_types/msg/bounding_box3_d.h
[0.812s] -- Up-to-date: /home/mechatronics/master/Mechatronics-2023/ros2_ws/install/scion_types/include/scion_types/msg/rosidl_generator_c__visibility_control.h
[0.812s] -- Up-to-date: /home/mechatronics/master/Mechatronics-2023/ros2_ws/install/scion_types/include/scion_types/msg/depth_info_stamped.h
[0.813s] -- Up-to-date: /home/mechatronics/master/Mechatronics-2023/ros2_ws/install/scion_types/include/scion_types/msg/keypoint2_di.h
[0.813s] -- Up-to-date: /home/mechatronics/master/Mechatronics-2023/ros2_ws/install/scion_types/include/scion_types/msg/keypoint2_df.h
[0.813s] -- Up-to-date: /home/mechatronics/master/Mechatronics-2023/ros2_ws/install/scion_types/include/scion_types/msg/object.h
[0.813s] -- Up-to-date: /home/mechatronics/master/Mechatronics-2023/ros2_ws/install/scion_types/include/scion_types/msg/detail
[0.813s] -- Up-to-date: /home/mechatronics/master/Mechatronics-2023/ros2_ws/install/scion_types/include/scion_types/msg/detail/keypoint3_d__type_support.h
[0.813s] -- Up-to-date: /home/mechatronics/master/Mechatronics-2023/ros2_ws/install/scion_types/include/scion_types/msg/detail/keypoint3_d__functions.c
[0.813s] -- Up-to-date: /home/mechatronics/master/Mechatronics-2023/ros2_ws/install/scion_types/include/scion_types/msg/detail/bounding_box3_d__type_support.h
[0.814s] -- Up-to-date: /home/mechatronics/master/Mechatronics-2023/ros2_ws/install/scion_types/include/scion_types/msg/detail/desired_state__functions.h
[0.814s] -- Up-to-date: /home/mechatronics/master/Mechatronics-2023/ros2_ws/install/scion_types/include/scion_types/msg/detail/can_frame__functions.h
[0.814s] -- Up-to-date: /home/mechatronics/master/Mechatronics-2023/ros2_ws/install/scion_types/include/scion_types/msg/detail/object__type_support.h
[0.814s] -- Up-to-date: /home/mechatronics/master/Mechatronics-2023/ros2_ws/install/scion_types/include/scion_types/msg/detail/bounding_box3_d__functions.c
[0.814s] -- Up-to-date: /home/mechatronics/master/Mechatronics-2023/ros2_ws/install/scion_types/include/scion_types/msg/detail/objects_stamped__functions.h
[0.814s] -- Up-to-date: /home/mechatronics/master/Mechatronics-2023/ros2_ws/install/scion_types/include/scion_types/msg/detail/keypoint2_df__type_support.h
[0.815s] -- Up-to-date: /home/mechatronics/master/Mechatronics-2023/ros2_ws/install/scion_types/include/scion_types/msg/detail/bounding_box2_df__functions.c
[0.815s] -- Up-to-date: /home/mechatronics/master/Mechatronics-2023/ros2_ws/install/scion_types/include/scion_types/msg/detail/bounding_box2_df__type_support.h
[0.815s] -- Up-to-date: /home/mechatronics/master/Mechatronics-2023/ros2_ws/install/scion_types/include/scion_types/msg/detail/desired_state__struct.h
[0.816s] -- Up-to-date: /home/mechatronics/master/Mechatronics-2023/ros2_ws/install/scion_types/include/scion_types/msg/detail/keypoint2_df__functions.h
[0.816s] -- Up-to-date: /home/mechatronics/master/Mechatronics-2023/ros2_ws/install/scion_types/include/scion_types/msg/detail/position__type_support.h
[0.816s] -- Up-to-date: /home/mechatronics/master/Mechatronics-2023/ros2_ws/install/scion_types/include/scion_types/msg/detail/position__struct.h
[0.816s] -- Up-to-date: /home/mechatronics/master/Mechatronics-2023/ros2_ws/install/scion_types/include/scion_types/msg/detail/skeleton3_d__functions.c
[0.816s] -- Up-to-date: /home/mechatronics/master/Mechatronics-2023/ros2_ws/install/scion_types/include/scion_types/msg/detail/bounding_box2_di__struct.h
[0.816s] -- Up-to-date: /home/mechatronics/master/Mechatronics-2023/ros2_ws/install/scion_types/include/scion_types/msg/detail/object__functions.c
[0.817s] -- Up-to-date: /home/mechatronics/master/Mechatronics-2023/ros2_ws/install/scion_types/include/scion_types/msg/detail/skeleton2_d__functions.c
[0.817s] -- Up-to-date: /home/mechatronics/master/Mechatronics-2023/ros2_ws/install/scion_types/include/scion_types/msg/detail/can_frame__functions.c
[0.817s] -- Up-to-date: /home/mechatronics/master/Mechatronics-2023/ros2_ws/install/scion_types/include/scion_types/msg/detail/keypoint2_di__type_support.h
[0.817s] -- Up-to-date: /home/mechatronics/master/Mechatronics-2023/ros2_ws/install/scion_types/include/scion_types/msg/detail/skeleton2_d__struct.h
[0.818s] -- Up-to-date: /home/mechatronics/master/Mechatronics-2023/ros2_ws/install/scion_types/include/scion_types/msg/detail/plane_stamped__type_support.h
[0.818s] -- Up-to-date: /home/mechatronics/master/Mechatronics-2023/ros2_ws/install/scion_types/include/scion_types/msg/detail/object__struct.h
[0.818s] -- Up-to-date: /home/mechatronics/master/Mechatronics-2023/ros2_ws/install/scion_types/include/scion_types/msg/detail/keypoint3_d__functions.h
[0.818s] -- Up-to-date: /home/mechatronics/master/Mechatronics-2023/ros2_ws/install/scion_types/include/scion_types/msg/detail/plane_stamped__struct.h
[0.818s] -- Up-to-date: /home/mechatronics/master/Mechatronics-2023/ros2_ws/install/scion_types/include/scion_types/msg/detail/can_frame__type_support.h
[0.818s] -- Up-to-date: /home/mechatronics/master/Mechatronics-2023/ros2_ws/install/scion_types/include/scion_types/msg/detail/can_frame__struct.h
[0.818s] -- Up-to-date: /home/mechatronics/master/Mechatronics-2023/ros2_ws/install/scion_types/include/scion_types/msg/detail/keypoint2_di__functions.h
[0.819s] -- Up-to-date: /home/mechatronics/master/Mechatronics-2023/ros2_ws/install/scion_types/include/scion_types/msg/detail/orientation__struct.h
[0.819s] -- Up-to-date: /home/mechatronics/master/Mechatronics-2023/ros2_ws/install/scion_types/include/scion_types/msg/detail/keypoint2_df__functions.c
[0.819s] -- Up-to-date: /home/mechatronics/master/Mechatronics-2023/ros2_ws/install/scion_types/include/scion_types/msg/detail/object__functions.h
[0.819s] -- Up-to-date: /home/mechatronics/master/Mechatronics-2023/ros2_ws/install/scion_types/include/scion_types/msg/detail/skeleton2_d__functions.h
[0.819s] -- Up-to-date: /home/mechatronics/master/Mechatronics-2023/ros2_ws/install/scion_types/include/scion_types/msg/detail/bounding_box2_df__struct.h
[0.819s] -- Up-to-date: /home/mechatronics/master/Mechatronics-2023/ros2_ws/install/scion_types/include/scion_types/msg/detail/skeleton2_d__type_support.h
[0.819s] -- Up-to-date: /home/mechatronics/master/Mechatronics-2023/ros2_ws/install/scion_types/include/scion_types/msg/detail/bounding_box3_d__functions.h
[0.819s] -- Up-to-date: /home/mechatronics/master/Mechatronics-2023/ros2_ws/install/scion_types/include/scion_types/msg/detail/keypoint2_di__struct.h
[0.819s] -- Up-to-date: /home/mechatronics/master/Mechatronics-2023/ros2_ws/install/scion_types/include/scion_types/msg/detail/bounding_box2_di__functions.c
[0.820s] -- Up-to-date: /home/mechatronics/master/Mechatronics-2023/ros2_ws/install/scion_types/include/scion_types/msg/detail/desired_state__functions.c
[0.820s] -- Up-to-date: /home/mechatronics/master/Mechatronics-2023/ros2_ws/install/scion_types/include/scion_types/msg/detail/orientation__type_support.h
[0.820s] -- Up-to-date: /home/mechatronics/master/Mechatronics-2023/ros2_ws/install/scion_types/include/scion_types/msg/detail/skeleton3_d__functions.h
[0.820s] -- Up-to-date: /home/mechatronics/master/Mechatronics-2023/ros2_ws/install/scion_types/include/scion_types/msg/detail/skeleton3_d__struct.h
[0.820s] -- Up-to-date: /home/mechatronics/master/Mechatronics-2023/ros2_ws/install/scion_types/include/scion_types/msg/detail/keypoint2_di__functions.c
[0.821s] -- Up-to-date: /home/mechatronics/master/Mechatronics-2023/ros2_ws/install/scion_types/include/scion_types/msg/detail/depth_info_stamped__functions.h
[0.821s] -- Up-to-date: /home/mechatronics/master/Mechatronics-2023/ros2_ws/install/scion_types/include/scion_types/msg/detail/position__functions.h
[0.821s] -- Up-to-date: /home/mechatronics/master/Mechatronics-2023/ros2_ws/install/scion_types/include/scion_types/msg/detail/depth_info_stamped__struct.h
[0.821s] -- Up-to-date: /home/mechatronics/master/Mechatronics-2023/ros2_ws/install/scion_types/include/scion_types/msg/detail/bounding_box2_di__type_support.h
[0.822s] -- Up-to-date: /home/mechatronics/master/Mechatronics-2023/ros2_ws/install/scion_types/include/scion_types/msg/detail/bounding_box3_d__struct.h
[0.822s] -- Up-to-date: /home/mechatronics/master/Mechatronics-2023/ros2_ws/install/scion_types/include/scion_types/msg/detail/skeleton3_d__type_support.h
[0.822s] -- Up-to-date: /home/mechatronics/master/Mechatronics-2023/ros2_ws/install/scion_types/include/scion_types/msg/detail/depth_info_stamped__functions.c
[0.822s] -- Up-to-date: /home/mechatronics/master/Mechatronics-2023/ros2_ws/install/scion_types/include/scion_types/msg/detail/keypoint3_d__struct.h
[0.822s] -- Up-to-date: /home/mechatronics/master/Mechatronics-2023/ros2_ws/install/scion_types/include/scion_types/msg/detail/objects_stamped__struct.h
[0.822s] -- Up-to-date: /home/mechatronics/master/Mechatronics-2023/ros2_ws/install/scion_types/include/scion_types/msg/detail/plane_stamped__functions.h
[0.823s] -- Up-to-date: /home/mechatronics/master/Mechatronics-2023/ros2_ws/install/scion_types/include/scion_types/msg/detail/position__functions.c
[0.823s] -- Up-to-date: /home/mechatronics/master/Mechatronics-2023/ros2_ws/install/scion_types/include/scion_types/msg/detail/bounding_box2_di__functions.h
[0.823s] -- Up-to-date: /home/mechatronics/master/Mechatronics-2023/ros2_ws/install/scion_types/include/scion_types/msg/detail/orientation__functions.h
[0.823s] -- Up-to-date: /home/mechatronics/master/Mechatronics-2023/ros2_ws/install/scion_types/include/scion_types/msg/detail/orientation__functions.c
[0.823s] -- Up-to-date: /home/mechatronics/master/Mechatronics-2023/ros2_ws/install/scion_types/include/scion_types/msg/detail/bounding_box2_df__functions.h
[0.823s] -- Up-to-date: /home/mechatronics/master/Mechatronics-2023/ros2_ws/install/scion_types/include/scion_types/msg/detail/objects_stamped__type_support.h
[0.824s] -- Up-to-date: /home/mechatronics/master/Mechatronics-2023/ros2_ws/install/scion_types/include/scion_types/msg/detail/objects_stamped__functions.c
[0.824s] -- Up-to-date: /home/mechatronics/master/Mechatronics-2023/ros2_ws/install/scion_types/include/scion_types/msg/detail/keypoint2_df__struct.h
[0.824s] -- Up-to-date: /home/mechatronics/master/Mechatronics-2023/ros2_ws/install/scion_types/include/scion_types/msg/detail/desired_state__type_support.h
[0.824s] -- Up-to-date: /home/mechatronics/master/Mechatronics-2023/ros2_ws/install/scion_types/include/scion_types/msg/detail/plane_stamped__functions.c
[0.824s] -- Up-to-date: /home/mechatronics/master/Mechatronics-2023/ros2_ws/install/scion_types/include/scion_types/msg/detail/depth_info_stamped__type_support.h
[0.824s] -- Up-to-date: /home/mechatronics/master/Mechatronics-2023/ros2_ws/install/scion_types/include/scion_types/msg/keypoint3_d.h
[0.824s] -- Up-to-date: /home/mechatronics/master/Mechatronics-2023/ros2_ws/install/scion_types/include/scion_types/msg/objects_stamped.h
[0.825s] -- Up-to-date: /home/mechatronics/master/Mechatronics-2023/ros2_ws/install/scion_types/include/scion_types/msg/orientation.h
[0.825s] -- Up-to-date: /home/mechatronics/master/Mechatronics-2023/ros2_ws/install/scion_types/include/scion_types/msg/bounding_box2_di.h
[0.825s] -- Up-to-date: /home/mechatronics/master/Mechatronics-2023/ros2_ws/install/scion_types/include/scion_types/msg/position.h
[0.825s] -- Up-to-date: /home/mechatronics/master/Mechatronics-2023/ros2_ws/install/scion_types/include/scion_types/msg/desired_state.h
[0.825s] -- Up-to-date: /home/mechatronics/master/Mechatronics-2023/ros2_ws/install/scion_types/include/scion_types/msg/skeleton2_d.h
[0.825s] -- Up-to-date: /home/mechatronics/master/Mechatronics-2023/ros2_ws/install/scion_types/include/scion_types/msg/skeleton3_d.h
[0.825s] -- Up-to-date: /home/mechatronics/master/Mechatronics-2023/ros2_ws/install/scion_types/include/scion_types/msg/bounding_box2_df.h
[0.825s] -- Up-to-date: /home/mechatronics/master/Mechatronics-2023/ros2_ws/install/scion_types/include/scion_types/msg/plane_stamped.h
[0.825s] -- Up-to-date: /home/mechatronics/master/Mechatronics-2023/ros2_ws/install/scion_types/share/scion_types/environment/library_path.sh
[0.825s] -- Up-to-date: /home/mechatronics/master/Mechatronics-2023/ros2_ws/install/scion_types/share/scion_types/environment/library_path.dsv
[0.826s] -- Up-to-date: /home/mechatronics/master/Mechatronics-2023/ros2_ws/install/scion_types/lib/libscion_types__rosidl_generator_c.so
[0.826s] -- Up-to-date: /home/mechatronics/master/Mechatronics-2023/ros2_ws/install/scion_types/include/scion_types
[0.826s] -- Up-to-date: /home/mechatronics/master/Mechatronics-2023/ros2_ws/install/scion_types/include/scion_types/srv
[0.826s] -- Up-to-date: /home/mechatronics/master/Mechatronics-2023/ros2_ws/install/scion_types/include/scion_types/srv/detail
[0.826s] -- Up-to-date: /home/mechatronics/master/Mechatronics-2023/ros2_ws/install/scion_types/include/scion_types/srv/detail/send_frame__rosidl_typesupport_fastrtps_c.h
[0.826s] -- Up-to-date: /home/mechatronics/master/Mechatronics-2023/ros2_ws/install/scion_types/include/scion_types/msg
[0.826s] -- Up-to-date: /home/mechatronics/master/Mechatronics-2023/ros2_ws/install/scion_types/include/scion_types/msg/rosidl_typesupport_fastrtps_c__visibility_control.h
[0.826s] -- Up-to-date: /home/mechatronics/master/Mechatronics-2023/ros2_ws/install/scion_types/include/scion_types/msg/detail
[0.826s] -- Up-to-date: /home/mechatronics/master/Mechatronics-2023/ros2_ws/install/scion_types/include/scion_types/msg/detail/can_frame__rosidl_typesupport_fastrtps_c.h
[0.827s] -- Up-to-date: /home/mechatronics/master/Mechatronics-2023/ros2_ws/install/scion_types/include/scion_types/msg/detail/skeleton2_d__rosidl_typesupport_fastrtps_c.h
[0.827s] -- Up-to-date: /home/mechatronics/master/Mechatronics-2023/ros2_ws/install/scion_types/include/scion_types/msg/detail/bounding_box3_d__rosidl_typesupport_fastrtps_c.h
[0.827s] -- Up-to-date: /home/mechatronics/master/Mechatronics-2023/ros2_ws/install/scion_types/include/scion_types/msg/detail/plane_stamped__rosidl_typesupport_fastrtps_c.h
[0.827s] -- Up-to-date: /home/mechatronics/master/Mechatronics-2023/ros2_ws/install/scion_types/include/scion_types/msg/detail/position__rosidl_typesupport_fastrtps_c.h
[0.827s] -- Up-to-date: /home/mechatronics/master/Mechatronics-2023/ros2_ws/install/scion_types/include/scion_types/msg/detail/object__rosidl_typesupport_fastrtps_c.h
[0.827s] -- Up-to-date: /home/mechatronics/master/Mechatronics-2023/ros2_ws/install/scion_types/include/scion_types/msg/detail/bounding_box2_di__rosidl_typesupport_fastrtps_c.h
[0.827s] -- Up-to-date: /home/mechatronics/master/Mechatronics-2023/ros2_ws/install/scion_types/include/scion_types/msg/detail/bounding_box2_df__rosidl_typesupport_fastrtps_c.h
[0.827s] -- Up-to-date: /home/mechatronics/master/Mechatronics-2023/ros2_ws/install/scion_types/include/scion_types/msg/detail/keypoint2_di__rosidl_typesupport_fastrtps_c.h
[0.827s] -- Up-to-date: /home/mechatronics/master/Mechatronics-2023/ros2_ws/install/scion_types/include/scion_types/msg/detail/desired_state__rosidl_typesupport_fastrtps_c.h
[0.827s] -- Up-to-date: /home/mechatronics/master/Mechatronics-2023/ros2_ws/install/scion_types/include/scion_types/msg/detail/depth_info_stamped__rosidl_typesupport_fastrtps_c.h
[0.828s] -- Up-to-date: /home/mechatronics/master/Mechatronics-2023/ros2_ws/install/scion_types/include/scion_types/msg/detail/skeleton3_d__rosidl_typesupport_fastrtps_c.h
[0.828s] -- Up-to-date: /home/mechatronics/master/Mechatronics-2023/ros2_ws/install/scion_types/include/scion_types/msg/detail/keypoint2_df__rosidl_typesupport_fastrtps_c.h
[0.828s] -- Up-to-date: /home/mechatronics/master/Mechatronics-2023/ros2_ws/install/scion_types/include/scion_types/msg/detail/orientation__rosidl_typesupport_fastrtps_c.h
[0.828s] -- Up-to-date: /home/mechatronics/master/Mechatronics-2023/ros2_ws/install/scion_types/include/scion_types/msg/detail/objects_stamped__rosidl_typesupport_fastrtps_c.h
[0.828s] -- Up-to-date: /home/mechatronics/master/Mechatronics-2023/ros2_ws/install/scion_types/include/scion_types/msg/detail/keypoint3_d__rosidl_typesupport_fastrtps_c.h
[0.828s] -- Up-to-date: /home/mechatronics/master/Mechatronics-2023/ros2_ws/install/scion_types/lib/libscion_types__rosidl_typesupport_fastrtps_c.so
[0.828s] -- Up-to-date: /home/mechatronics/master/Mechatronics-2023/ros2_ws/install/scion_types/include/scion_types
[0.828s] -- Up-to-date: /home/mechatronics/master/Mechatronics-2023/ros2_ws/install/scion_types/include/scion_types/srv
[0.828s] -- Up-to-date: /home/mechatronics/master/Mechatronics-2023/ros2_ws/install/scion_types/include/scion_types/srv/detail
[0.828s] -- Up-to-date: /home/mechatronics/master/Mechatronics-2023/ros2_ws/install/scion_types/include/scion_types/srv/detail/send_frame__rosidl_typesupport_fastrtps_cpp.hpp
[0.829s] -- Up-to-date: /home/mechatronics/master/Mechatronics-2023/ros2_ws/install/scion_types/include/scion_types/srv/detail/dds_fastrtps
[0.829s] -- Up-to-date: /home/mechatronics/master/Mechatronics-2023/ros2_ws/install/scion_types/include/scion_types/msg
[0.829s] -- Up-to-date: /home/mechatronics/master/Mechatronics-2023/ros2_ws/install/scion_types/include/scion_types/msg/detail
[0.829s] -- Up-to-date: /home/mechatronics/master/Mechatronics-2023/ros2_ws/install/scion_types/include/scion_types/msg/detail/object__rosidl_typesupport_fastrtps_cpp.hpp
[0.829s] -- Up-to-date: /home/mechatronics/master/Mechatronics-2023/ros2_ws/install/scion_types/include/scion_types/msg/detail/keypoint2_di__rosidl_typesupport_fastrtps_cpp.hpp
[0.829s] -- Up-to-date: /home/mechatronics/master/Mechatronics-2023/ros2_ws/install/scion_types/include/scion_types/msg/detail/keypoint3_d__rosidl_typesupport_fastrtps_cpp.hpp
[0.829s] -- Up-to-date: /home/mechatronics/master/Mechatronics-2023/ros2_ws/install/scion_types/include/scion_types/msg/detail/skeleton2_d__rosidl_typesupport_fastrtps_cpp.hpp
[0.829s] -- Up-to-date: /home/mechatronics/master/Mechatronics-2023/ros2_ws/install/scion_types/include/scion_types/msg/detail/plane_stamped__rosidl_typesupport_fastrtps_cpp.hpp
[0.829s] -- Up-to-date: /home/mechatronics/master/Mechatronics-2023/ros2_ws/install/scion_types/include/scion_types/msg/detail/desired_state__rosidl_typesupport_fastrtps_cpp.hpp
[0.829s] -- Up-to-date: /home/mechatronics/master/Mechatronics-2023/ros2_ws/install/scion_types/include/scion_types/msg/detail/dds_fastrtps
[0.830s] -- Up-to-date: /home/mechatronics/master/Mechatronics-2023/ros2_ws/install/scion_types/include/scion_types/msg/detail/skeleton3_d__rosidl_typesupport_fastrtps_cpp.hpp
[0.830s] -- Up-to-date: /home/mechatronics/master/Mechatronics-2023/ros2_ws/install/scion_types/include/scion_types/msg/detail/position__rosidl_typesupport_fastrtps_cpp.hpp
[0.830s] -- Up-to-date: /home/mechatronics/master/Mechatronics-2023/ros2_ws/install/scion_types/include/scion_types/msg/detail/bounding_box2_df__rosidl_typesupport_fastrtps_cpp.hpp
[0.830s] -- Up-to-date: /home/mechatronics/master/Mechatronics-2023/ros2_ws/install/scion_types/include/scion_types/msg/detail/can_frame__rosidl_typesupport_fastrtps_cpp.hpp
[0.830s] -- Up-to-date: /home/mechatronics/master/Mechatronics-2023/ros2_ws/install/scion_types/include/scion_types/msg/detail/bounding_box2_di__rosidl_typesupport_fastrtps_cpp.hpp
[0.830s] -- Up-to-date: /home/mechatronics/master/Mechatronics-2023/ros2_ws/install/scion_types/include/scion_types/msg/detail/orientation__rosidl_typesupport_fastrtps_cpp.hpp
[0.830s] -- Up-to-date: /home/mechatronics/master/Mechatronics-2023/ros2_ws/install/scion_types/include/scion_types/msg/detail/bounding_box3_d__rosidl_typesupport_fastrtps_cpp.hpp
[0.830s] -- Up-to-date: /home/mechatronics/master/Mechatronics-2023/ros2_ws/install/scion_types/include/scion_types/msg/detail/keypoint2_df__rosidl_typesupport_fastrtps_cpp.hpp
[0.830s] -- Up-to-date: /home/mechatronics/master/Mechatronics-2023/ros2_ws/install/scion_types/include/scion_types/msg/detail/depth_info_stamped__rosidl_typesupport_fastrtps_cpp.hpp
[0.831s] -- Up-to-date: /home/mechatronics/master/Mechatronics-2023/ros2_ws/install/scion_types/include/scion_types/msg/detail/objects_stamped__rosidl_typesupport_fastrtps_cpp.hpp
[0.831s] -- Up-to-date: /home/mechatronics/master/Mechatronics-2023/ros2_ws/install/scion_types/include/scion_types/msg/rosidl_typesupport_fastrtps_cpp__visibility_control.h
[0.831s] -- Up-to-date: /home/mechatronics/master/Mechatronics-2023/ros2_ws/install/scion_types/lib/libscion_types__rosidl_typesupport_fastrtps_cpp.so
[0.831s] -- Up-to-date: /home/mechatronics/master/Mechatronics-2023/ros2_ws/install/scion_types/include/scion_types
[0.831s] -- Up-to-date: /home/mechatronics/master/Mechatronics-2023/ros2_ws/install/scion_types/include/scion_types/srv
[0.831s] -- Up-to-date: /home/mechatronics/master/Mechatronics-2023/ros2_ws/install/scion_types/include/scion_types/srv/detail
[0.831s] -- Up-to-date: /home/mechatronics/master/Mechatronics-2023/ros2_ws/install/scion_types/include/scion_types/srv/detail/send_frame__type_support.c
[0.831s] -- Up-to-date: /home/mechatronics/master/Mechatronics-2023/ros2_ws/install/scion_types/include/scion_types/srv/detail/send_frame__rosidl_typesupport_introspection_c.h
[0.831s] -- Up-to-date: /home/mechatronics/master/Mechatronics-2023/ros2_ws/install/scion_types/include/scion_types/msg
[0.832s] -- Up-to-date: /home/mechatronics/master/Mechatronics-2023/ros2_ws/install/scion_types/include/scion_types/msg/detail
[0.832s] -- Up-to-date: /home/mechatronics/master/Mechatronics-2023/ros2_ws/install/scion_types/include/scion_types/msg/detail/keypoint2_di__rosidl_typesupport_introspection_c.h
[0.832s] -- Up-to-date: /home/mechatronics/master/Mechatronics-2023/ros2_ws/install/scion_types/include/scion_types/msg/detail/objects_stamped__type_support.c
[0.832s] -- Up-to-date: /home/mechatronics/master/Mechatronics-2023/ros2_ws/install/scion_types/include/scion_types/msg/detail/object__type_support.c
[0.832s] -- Up-to-date: /home/mechatronics/master/Mechatronics-2023/ros2_ws/install/scion_types/include/scion_types/msg/detail/can_frame__type_support.c
[0.832s] -- Up-to-date: /home/mechatronics/master/Mechatronics-2023/ros2_ws/install/scion_types/include/scion_types/msg/detail/desired_state__type_support.c
[0.832s] -- Up-to-date: /home/mechatronics/master/Mechatronics-2023/ros2_ws/install/scion_types/include/scion_types/msg/detail/bounding_box3_d__type_support.c
[0.833s] -- Up-to-date: /home/mechatronics/master/Mechatronics-2023/ros2_ws/install/scion_types/include/scion_types/msg/detail/position__type_support.c
[0.833s] -- Up-to-date: /home/mechatronics/master/Mechatronics-2023/ros2_ws/install/scion_types/include/scion_types/msg/detail/object__rosidl_typesupport_introspection_c.h
[0.833s] -- Up-to-date: /home/mechatronics/master/Mechatronics-2023/ros2_ws/install/scion_types/include/scion_types/msg/detail/keypoint2_df__type_support.c
[0.833s] -- Up-to-date: /home/mechatronics/master/Mechatronics-2023/ros2_ws/install/scion_types/include/scion_types/msg/detail/bounding_box2_df__type_support.c
[0.833s] -- Up-to-date: /home/mechatronics/master/Mechatronics-2023/ros2_ws/install/scion_types/include/scion_types/msg/detail/position__rosidl_typesupport_introspection_c.h
[0.833s] -- Up-to-date: /home/mechatronics/master/Mechatronics-2023/ros2_ws/install/scion_types/include/scion_types/msg/detail/bounding_box3_d__rosidl_typesupport_introspection_c.h
[0.833s] -- Up-to-date: /home/mechatronics/master/Mechatronics-2023/ros2_ws/install/scion_types/include/scion_types/msg/detail/skeleton3_d__type_support.c
[0.833s] -- Up-to-date: /home/mechatronics/master/Mechatronics-2023/ros2_ws/install/scion_types/include/scion_types/msg/detail/orientation__type_support.c
[0.834s] -- Up-to-date: /home/mechatronics/master/Mechatronics-2023/ros2_ws/install/scion_types/include/scion_types/msg/detail/skeleton3_d__rosidl_typesupport_introspection_c.h
[0.834s] -- Up-to-date: /home/mechatronics/master/Mechatronics-2023/ros2_ws/install/scion_types/include/scion_types/msg/detail/keypoint3_d__rosidl_typesupport_introspection_c.h
[0.834s] -- Up-to-date: /home/mechatronics/master/Mechatronics-2023/ros2_ws/install/scion_types/include/scion_types/msg/detail/keypoint2_di__type_support.c
[0.834s] -- Up-to-date: /home/mechatronics/master/Mechatronics-2023/ros2_ws/install/scion_types/include/scion_types/msg/detail/skeleton2_d__type_support.c
[0.834s] -- Up-to-date: /home/mechatronics/master/Mechatronics-2023/ros2_ws/install/scion_types/include/scion_types/msg/detail/keypoint2_df__rosidl_typesupport_introspection_c.h
[0.834s] -- Up-to-date: /home/mechatronics/master/Mechatronics-2023/ros2_ws/install/scion_types/include/scion_types/msg/detail/can_frame__rosidl_typesupport_introspection_c.h
[0.834s] -- Up-to-date: /home/mechatronics/master/Mechatronics-2023/ros2_ws/install/scion_types/include/scion_types/msg/detail/depth_info_stamped__rosidl_typesupport_introspection_c.h
[0.834s] -- Up-to-date: /home/mechatronics/master/Mechatronics-2023/ros2_ws/install/scion_types/include/scion_types/msg/detail/desired_state__rosidl_typesupport_introspection_c.h
[0.834s] -- Up-to-date: /home/mechatronics/master/Mechatronics-2023/ros2_ws/install/scion_types/include/scion_types/msg/detail/objects_stamped__rosidl_typesupport_introspection_c.h
[0.835s] -- Up-to-date: /home/mechatronics/master/Mechatronics-2023/ros2_ws/install/scion_types/include/scion_types/msg/detail/plane_stamped__rosidl_typesupport_introspection_c.h
[0.835s] -- Up-to-date: /home/mechatronics/master/Mechatronics-2023/ros2_ws/install/scion_types/include/scion_types/msg/detail/bounding_box2_df__rosidl_typesupport_introspection_c.h
[0.835s] -- Up-to-date: /home/mechatronics/master/Mechatronics-2023/ros2_ws/install/scion_types/include/scion_types/msg/detail/bounding_box2_di__type_support.c
[0.835s] -- Up-to-date: /home/mechatronics/master/Mechatronics-2023/ros2_ws/install/scion_types/include/scion_types/msg/detail/orientation__rosidl_typesupport_introspection_c.h
[0.835s] -- Up-to-date: /home/mechatronics/master/Mechatronics-2023/ros2_ws/install/scion_types/include/scion_types/msg/detail/skeleton2_d__rosidl_typesupport_introspection_c.h
[0.835s] -- Up-to-date: /home/mechatronics/master/Mechatronics-2023/ros2_ws/install/scion_types/include/scion_types/msg/detail/keypoint3_d__type_support.c
[0.835s] -- Up-to-date: /home/mechatronics/master/Mechatronics-2023/ros2_ws/install/scion_types/include/scion_types/msg/detail/depth_info_stamped__type_support.c
[0.835s] -- Up-to-date: /home/mechatronics/master/Mechatronics-2023/ros2_ws/install/scion_types/include/scion_types/msg/detail/plane_stamped__type_support.c
[0.835s] -- Up-to-date: /home/mechatronics/master/Mechatronics-2023/ros2_ws/install/scion_types/include/scion_types/msg/detail/bounding_box2_di__rosidl_typesupport_introspection_c.h
[0.836s] -- Up-to-date: /home/mechatronics/master/Mechatronics-2023/ros2_ws/install/scion_types/include/scion_types/msg/rosidl_typesupport_introspection_c__visibility_control.h
[0.836s] -- Up-to-date: /home/mechatronics/master/Mechatronics-2023/ros2_ws/install/scion_types/lib/libscion_types__rosidl_typesupport_introspection_c.so
[0.836s] -- Up-to-date: /home/mechatronics/master/Mechatronics-2023/ros2_ws/install/scion_types/lib/libscion_types__rosidl_typesupport_c.so
[0.836s] -- Up-to-date: /home/mechatronics/master/Mechatronics-2023/ros2_ws/install/scion_types/include/scion_types
[0.836s] -- Up-to-date: /home/mechatronics/master/Mechatronics-2023/ros2_ws/install/scion_types/include/scion_types/srv
[0.836s] -- Up-to-date: /home/mechatronics/master/Mechatronics-2023/ros2_ws/install/scion_types/include/scion_types/srv/send_frame.hpp
[0.836s] -- Up-to-date: /home/mechatronics/master/Mechatronics-2023/ros2_ws/install/scion_types/include/scion_types/srv/detail
[0.837s] -- Up-to-date: /home/mechatronics/master/Mechatronics-2023/ros2_ws/install/scion_types/include/scion_types/srv/detail/send_frame__struct.hpp
[0.837s] -- Up-to-date: /home/mechatronics/master/Mechatronics-2023/ros2_ws/install/scion_types/include/scion_types/srv/detail/send_frame__builder.hpp
[0.837s] -- Up-to-date: /home/mechatronics/master/Mechatronics-2023/ros2_ws/install/scion_types/include/scion_types/srv/detail/send_frame__traits.hpp
[0.837s] -- Up-to-date: /home/mechatronics/master/Mechatronics-2023/ros2_ws/install/scion_types/include/scion_types/msg
[0.837s] -- Up-to-date: /home/mechatronics/master/Mechatronics-2023/ros2_ws/install/scion_types/include/scion_types/msg/objects_stamped.hpp
[0.837s] -- Up-to-date: /home/mechatronics/master/Mechatronics-2023/ros2_ws/install/scion_types/include/scion_types/msg/bounding_box3_d.hpp
[0.837s] -- Up-to-date: /home/mechatronics/master/Mechatronics-2023/ros2_ws/install/scion_types/include/scion_types/msg/desired_state.hpp
[0.837s] -- Up-to-date: /home/mechatronics/master/Mechatronics-2023/ros2_ws/install/scion_types/include/scion_types/msg/depth_info_stamped.hpp
[0.837s] -- Up-to-date: /home/mechatronics/master/Mechatronics-2023/ros2_ws/install/scion_types/include/scion_types/msg/bounding_box2_df.hpp
[0.838s] -- Up-to-date: /home/mechatronics/master/Mechatronics-2023/ros2_ws/install/scion_types/include/scion_types/msg/bounding_box2_di.hpp
[0.838s] -- Up-to-date: /home/mechatronics/master/Mechatronics-2023/ros2_ws/install/scion_types/include/scion_types/msg/can_frame.hpp
[0.838s] -- Up-to-date: /home/mechatronics/master/Mechatronics-2023/ros2_ws/install/scion_types/include/scion_types/msg/detail
[0.838s] -- Up-to-date: /home/mechatronics/master/Mechatronics-2023/ros2_ws/install/scion_types/include/scion_types/msg/detail/keypoint2_df__builder.hpp
[0.838s] -- Up-to-date: /home/mechatronics/master/Mechatronics-2023/ros2_ws/install/scion_types/include/scion_types/msg/detail/bounding_box3_d__builder.hpp
[0.838s] -- Up-to-date: /home/mechatronics/master/Mechatronics-2023/ros2_ws/install/scion_types/include/scion_types/msg/detail/can_frame__traits.hpp
[0.838s] -- Up-to-date: /home/mechatronics/master/Mechatronics-2023/ros2_ws/install/scion_types/include/scion_types/msg/detail/can_frame__struct.hpp
[0.838s] -- Up-to-date: /home/mechatronics/master/Mechatronics-2023/ros2_ws/install/scion_types/include/scion_types/msg/detail/bounding_box2_di__traits.hpp
[0.838s] -- Up-to-date: /home/mechatronics/master/Mechatronics-2023/ros2_ws/install/scion_types/include/scion_types/msg/detail/skeleton3_d__traits.hpp
[0.838s] -- Up-to-date: /home/mechatronics/master/Mechatronics-2023/ros2_ws/install/scion_types/include/scion_types/msg/detail/position__traits.hpp
[0.839s] -- Up-to-date: /home/mechatronics/master/Mechatronics-2023/ros2_ws/install/scion_types/include/scion_types/msg/detail/keypoint2_di__traits.hpp
[0.839s] -- Up-to-date: /home/mechatronics/master/Mechatronics-2023/ros2_ws/install/scion_types/include/scion_types/msg/detail/can_frame__builder.hpp
[0.839s] -- Up-to-date: /home/mechatronics/master/Mechatronics-2023/ros2_ws/install/scion_types/include/scion_types/msg/detail/skeleton3_d__builder.hpp
[0.839s] -- Up-to-date: /home/mechatronics/master/Mechatronics-2023/ros2_ws/install/scion_types/include/scion_types/msg/detail/objects_stamped__builder.hpp
[0.839s] -- Up-to-date: /home/mechatronics/master/Mechatronics-2023/ros2_ws/install/scion_types/include/scion_types/msg/detail/bounding_box2_df__builder.hpp
[0.839s] -- Up-to-date: /home/mechatronics/master/Mechatronics-2023/ros2_ws/install/scion_types/include/scion_types/msg/detail/skeleton2_d__traits.hpp
[0.839s] -- Up-to-date: /home/mechatronics/master/Mechatronics-2023/ros2_ws/install/scion_types/include/scion_types/msg/detail/plane_stamped__builder.hpp
[0.839s] -- Up-to-date: /home/mechatronics/master/Mechatronics-2023/ros2_ws/install/scion_types/include/scion_types/msg/detail/bounding_box2_di__struct.hpp
[0.839s] -- Up-to-date: /home/mechatronics/master/Mechatronics-2023/ros2_ws/install/scion_types/include/scion_types/msg/detail/keypoint3_d__struct.hpp
[0.840s] -- Up-to-date: /home/mechatronics/master/Mechatronics-2023/ros2_ws/install/scion_types/include/scion_types/msg/detail/position__builder.hpp
[0.840s] -- Up-to-date: /home/mechatronics/master/Mechatronics-2023/ros2_ws/install/scion_types/include/scion_types/msg/detail/objects_stamped__struct.hpp
[0.840s] -- Up-to-date: /home/mechatronics/master/Mechatronics-2023/ros2_ws/install/scion_types/include/scion_types/msg/detail/bounding_box2_df__struct.hpp
[0.840s] -- Up-to-date: /home/mechatronics/master/Mechatronics-2023/ros2_ws/install/scion_types/include/scion_types/msg/detail/orientation__builder.hpp
[0.840s] -- Up-to-date: /home/mechatronics/master/Mechatronics-2023/ros2_ws/install/scion_types/include/scion_types/msg/detail/objects_stamped__traits.hpp
[0.840s] -- Up-to-date: /home/mechatronics/master/Mechatronics-2023/ros2_ws/install/scion_types/include/scion_types/msg/detail/object__builder.hpp
[0.840s] -- Up-to-date: /home/mechatronics/master/Mechatronics-2023/ros2_ws/install/scion_types/include/scion_types/msg/detail/keypoint2_di__builder.hpp
[0.840s] -- Up-to-date: /home/mechatronics/master/Mechatronics-2023/ros2_ws/install/scion_types/include/scion_types/msg/detail/orientation__traits.hpp
[0.840s] -- Up-to-date: /home/mechatronics/master/Mechatronics-2023/ros2_ws/install/scion_types/include/scion_types/msg/detail/bounding_box2_df__traits.hpp
[0.840s] -- Up-to-date: /home/mechatronics/master/Mechatronics-2023/ros2_ws/install/scion_types/include/scion_types/msg/detail/depth_info_stamped__struct.hpp
[0.841s] -- Up-to-date: /home/mechatronics/master/Mechatronics-2023/ros2_ws/install/scion_types/include/scion_types/msg/detail/bounding_box3_d__struct.hpp
[0.841s] -- Up-to-date: /home/mechatronics/master/Mechatronics-2023/ros2_ws/install/scion_types/include/scion_types/msg/detail/bounding_box3_d__traits.hpp
[0.841s] -- Up-to-date: /home/mechatronics/master/Mechatronics-2023/ros2_ws/install/scion_types/include/scion_types/msg/detail/desired_state__traits.hpp
[0.841s] -- Up-to-date: /home/mechatronics/master/Mechatronics-2023/ros2_ws/install/scion_types/include/scion_types/msg/detail/object__struct.hpp
[0.841s] -- Up-to-date: /home/mechatronics/master/Mechatronics-2023/ros2_ws/install/scion_types/include/scion_types/msg/detail/orientation__struct.hpp
[0.841s] -- Up-to-date: /home/mechatronics/master/Mechatronics-2023/ros2_ws/install/scion_types/include/scion_types/msg/detail/keypoint2_df__traits.hpp
[0.841s] -- Up-to-date: /home/mechatronics/master/Mechatronics-2023/ros2_ws/install/scion_types/include/scion_types/msg/detail/bounding_box2_di__builder.hpp
[0.841s] -- Up-to-date: /home/mechatronics/master/Mechatronics-2023/ros2_ws/install/scion_types/include/scion_types/msg/detail/object__traits.hpp
[0.841s] -- Up-to-date: /home/mechatronics/master/Mechatronics-2023/ros2_ws/install/scion_types/include/scion_types/msg/detail/desired_state__builder.hpp
[0.841s] -- Up-to-date: /home/mechatronics/master/Mechatronics-2023/ros2_ws/install/scion_types/include/scion_types/msg/detail/position__struct.hpp
[0.842s] -- Up-to-date: /home/mechatronics/master/Mechatronics-2023/ros2_ws/install/scion_types/include/scion_types/msg/detail/depth_info_stamped__traits.hpp
[0.842s] -- Up-to-date: /home/mechatronics/master/Mechatronics-2023/ros2_ws/install/scion_types/include/scion_types/msg/detail/skeleton2_d__struct.hpp
[0.842s] -- Up-to-date: /home/mechatronics/master/Mechatronics-2023/ros2_ws/install/scion_types/include/scion_types/msg/detail/plane_stamped__traits.hpp
[0.842s] -- Up-to-date: /home/mechatronics/master/Mechatronics-2023/ros2_ws/install/scion_types/include/scion_types/msg/detail/keypoint2_df__struct.hpp
[0.842s] -- Up-to-date: /home/mechatronics/master/Mechatronics-2023/ros2_ws/install/scion_types/include/scion_types/msg/detail/desired_state__struct.hpp
[0.842s] -- Up-to-date: /home/mechatronics/master/Mechatronics-2023/ros2_ws/install/scion_types/include/scion_types/msg/detail/skeleton2_d__builder.hpp
[0.842s] -- Up-to-date: /home/mechatronics/master/Mechatronics-2023/ros2_ws/install/scion_types/include/scion_types/msg/detail/keypoint2_di__struct.hpp
[0.842s] -- Up-to-date: /home/mechatronics/master/Mechatronics-2023/ros2_ws/install/scion_types/include/scion_types/msg/detail/plane_stamped__struct.hpp
[0.842s] -- Up-to-date: /home/mechatronics/master/Mechatronics-2023/ros2_ws/install/scion_types/include/scion_types/msg/detail/keypoint3_d__traits.hpp
[0.842s] -- Up-to-date: /home/mechatronics/master/Mechatronics-2023/ros2_ws/install/scion_types/include/scion_types/msg/detail/depth_info_stamped__builder.hpp
[0.843s] -- Up-to-date: /home/mechatronics/master/Mechatronics-2023/ros2_ws/install/scion_types/include/scion_types/msg/detail/keypoint3_d__builder.hpp
[0.843s] -- Up-to-date: /home/mechatronics/master/Mechatronics-2023/ros2_ws/install/scion_types/include/scion_types/msg/detail/skeleton3_d__struct.hpp
[0.843s] -- Up-to-date: /home/mechatronics/master/Mechatronics-2023/ros2_ws/install/scion_types/include/scion_types/msg/object.hpp
[0.843s] -- Up-to-date: /home/mechatronics/master/Mechatronics-2023/ros2_ws/install/scion_types/include/scion_types/msg/skeleton2_d.hpp
[0.843s] -- Up-to-date: /home/mechatronics/master/Mechatronics-2023/ros2_ws/install/scion_types/include/scion_types/msg/keypoint2_di.hpp
[0.843s] -- Up-to-date: /home/mechatronics/master/Mechatronics-2023/ros2_ws/install/scion_types/include/scion_types/msg/keypoint3_d.hpp
[0.843s] -- Up-to-date: /home/mechatronics/master/Mechatronics-2023/ros2_ws/install/scion_types/include/scion_types/msg/position.hpp
[0.844s] -- Up-to-date: /home/mechatronics/master/Mechatronics-2023/ros2_ws/install/scion_types/include/scion_types/msg/plane_stamped.hpp
[0.844s] -- Up-to-date: /home/mechatronics/master/Mechatronics-2023/ros2_ws/install/scion_types/include/scion_types/msg/skeleton3_d.hpp
[0.844s] -- Up-to-date: /home/mechatronics/master/Mechatronics-2023/ros2_ws/install/scion_types/include/scion_types/msg/keypoint2_df.hpp
[0.844s] -- Up-to-date: /home/mechatronics/master/Mechatronics-2023/ros2_ws/install/scion_types/include/scion_types/msg/orientation.hpp
[0.844s] -- Up-to-date: /home/mechatronics/master/Mechatronics-2023/ros2_ws/install/scion_types/include/scion_types
[0.844s] -- Up-to-date: /home/mechatronics/master/Mechatronics-2023/ros2_ws/install/scion_types/include/scion_types/srv
[0.844s] -- Up-to-date: /home/mechatronics/master/Mechatronics-2023/ros2_ws/install/scion_types/include/scion_types/srv/detail
[0.844s] -- Up-to-date: /home/mechatronics/master/Mechatronics-2023/ros2_ws/install/scion_types/include/scion_types/srv/detail/send_frame__rosidl_typesupport_introspection_cpp.hpp
[0.844s] -- Up-to-date: /home/mechatronics/master/Mechatronics-2023/ros2_ws/install/scion_types/include/scion_types/srv/detail/send_frame__type_support.cpp
[0.844s] -- Up-to-date: /home/mechatronics/master/Mechatronics-2023/ros2_ws/install/scion_types/include/scion_types/msg
[0.845s] -- Up-to-date: /home/mechatronics/master/Mechatronics-2023/ros2_ws/install/scion_types/include/scion_types/msg/detail
[0.845s] -- Up-to-date: /home/mechatronics/master/Mechatronics-2023/ros2_ws/install/scion_types/include/scion_types/msg/detail/keypoint2_df__rosidl_typesupport_introspection_cpp.hpp
[0.845s] -- Up-to-date: /home/mechatronics/master/Mechatronics-2023/ros2_ws/install/scion_types/include/scion_types/msg/detail/position__rosidl_typesupport_introspection_cpp.hpp
[0.845s] -- Up-to-date: /home/mechatronics/master/Mechatronics-2023/ros2_ws/install/scion_types/include/scion_types/msg/detail/keypoint2_di__rosidl_typesupport_introspection_cpp.hpp
[0.845s] -- Up-to-date: /home/mechatronics/master/Mechatronics-2023/ros2_ws/install/scion_types/include/scion_types/msg/detail/keypoint2_di__type_support.cpp
[0.845s] -- Up-to-date: /home/mechatronics/master/Mechatronics-2023/ros2_ws/install/scion_types/include/scion_types/msg/detail/skeleton3_d__rosidl_typesupport_introspection_cpp.hpp
[0.845s] -- Up-to-date: /home/mechatronics/master/Mechatronics-2023/ros2_ws/install/scion_types/include/scion_types/msg/detail/skeleton2_d__type_support.cpp
[0.845s] -- Up-to-date: /home/mechatronics/master/Mechatronics-2023/ros2_ws/install/scion_types/include/scion_types/msg/detail/bounding_box2_di__type_support.cpp
[0.845s] -- Up-to-date: /home/mechatronics/master/Mechatronics-2023/ros2_ws/install/scion_types/include/scion_types/msg/detail/plane_stamped__type_support.cpp
[0.845s] -- Up-to-date: /home/mechatronics/master/Mechatronics-2023/ros2_ws/install/scion_types/include/scion_types/msg/detail/bounding_box3_d__rosidl_typesupport_introspection_cpp.hpp
[0.846s] -- Up-to-date: /home/mechatronics/master/Mechatronics-2023/ros2_ws/install/scion_types/include/scion_types/msg/detail/depth_info_stamped__type_support.cpp
[0.846s] -- Up-to-date: /home/mechatronics/master/Mechatronics-2023/ros2_ws/install/scion_types/include/scion_types/msg/detail/bounding_box2_df__type_support.cpp
[0.846s] -- Up-to-date: /home/mechatronics/master/Mechatronics-2023/ros2_ws/install/scion_types/include/scion_types/msg/detail/object__type_support.cpp
[0.846s] -- Up-to-date: /home/mechatronics/master/Mechatronics-2023/ros2_ws/install/scion_types/include/scion_types/msg/detail/bounding_box2_di__rosidl_typesupport_introspection_cpp.hpp
[0.846s] -- Up-to-date: /home/mechatronics/master/Mechatronics-2023/ros2_ws/install/scion_types/include/scion_types/msg/detail/objects_stamped__rosidl_typesupport_introspection_cpp.hpp
[0.846s] -- Up-to-date: /home/mechatronics/master/Mechatronics-2023/ros2_ws/install/scion_types/include/scion_types/msg/detail/bounding_box2_df__rosidl_typesupport_introspection_cpp.hpp
[0.846s] -- Up-to-date: /home/mechatronics/master/Mechatronics-2023/ros2_ws/install/scion_types/include/scion_types/msg/detail/can_frame__type_support.cpp
[0.846s] -- Up-to-date: /home/mechatronics/master/Mechatronics-2023/ros2_ws/install/scion_types/include/scion_types/msg/detail/skeleton3_d__type_support.cpp
[0.846s] -- Up-to-date: /home/mechatronics/master/Mechatronics-2023/ros2_ws/install/scion_types/include/scion_types/msg/detail/desired_state__rosidl_typesupport_introspection_cpp.hpp
[0.846s] -- Up-to-date: /home/mechatronics/master/Mechatronics-2023/ros2_ws/install/scion_types/include/scion_types/msg/detail/objects_stamped__type_support.cpp
[0.847s] -- Up-to-date: /home/mechatronics/master/Mechatronics-2023/ros2_ws/install/scion_types/include/scion_types/msg/detail/bounding_box3_d__type_support.cpp
[0.847s] -- Up-to-date: /home/mechatronics/master/Mechatronics-2023/ros2_ws/install/scion_types/include/scion_types/msg/detail/depth_info_stamped__rosidl_typesupport_introspection_cpp.hpp
[0.847s] -- Up-to-date: /home/mechatronics/master/Mechatronics-2023/ros2_ws/install/scion_types/include/scion_types/msg/detail/keypoint3_d__rosidl_typesupport_introspection_cpp.hpp
[0.847s] -- Up-to-date: /home/mechatronics/master/Mechatronics-2023/ros2_ws/install/scion_types/include/scion_types/msg/detail/keypoint2_df__type_support.cpp
[0.847s] -- Up-to-date: /home/mechatronics/master/Mechatronics-2023/ros2_ws/install/scion_types/include/scion_types/msg/detail/position__type_support.cpp
[0.847s] -- Up-to-date: /home/mechatronics/master/Mechatronics-2023/ros2_ws/install/scion_types/include/scion_types/msg/detail/skeleton2_d__rosidl_typesupport_introspection_cpp.hpp
[0.847s] -- Up-to-date: /home/mechatronics/master/Mechatronics-2023/ros2_ws/install/scion_types/include/scion_types/msg/detail/object__rosidl_typesupport_introspection_cpp.hpp
[0.847s] -- Up-to-date: /home/mechatronics/master/Mechatronics-2023/ros2_ws/install/scion_types/include/scion_types/msg/detail/orientation__rosidl_typesupport_introspection_cpp.hpp
[0.847s] -- Up-to-date: /home/mechatronics/master/Mechatronics-2023/ros2_ws/install/scion_types/include/scion_types/msg/detail/desired_state__type_support.cpp
[0.847s] -- Up-to-date: /home/mechatronics/master/Mechatronics-2023/ros2_ws/install/scion_types/include/scion_types/msg/detail/orientation__type_support.cpp
[0.848s] -- Up-to-date: /home/mechatronics/master/Mechatronics-2023/ros2_ws/install/scion_types/include/scion_types/msg/detail/can_frame__rosidl_typesupport_introspection_cpp.hpp
[0.848s] -- Up-to-date: /home/mechatronics/master/Mechatronics-2023/ros2_ws/install/scion_types/include/scion_types/msg/detail/plane_stamped__rosidl_typesupport_introspection_cpp.hpp
[0.848s] -- Up-to-date: /home/mechatronics/master/Mechatronics-2023/ros2_ws/install/scion_types/include/scion_types/msg/detail/keypoint3_d__type_support.cpp
[0.848s] -- Up-to-date: /home/mechatronics/master/Mechatronics-2023/ros2_ws/install/scion_types/lib/libscion_types__rosidl_typesupport_introspection_cpp.so
[0.848s] -- Up-to-date: /home/mechatronics/master/Mechatronics-2023/ros2_ws/install/scion_types/lib/libscion_types__rosidl_typesupport_cpp.so
[0.848s] -- Up-to-date: /home/mechatronics/master/Mechatronics-2023/ros2_ws/install/scion_types/share/scion_types/environment/pythonpath.sh
[0.848s] -- Up-to-date: /home/mechatronics/master/Mechatronics-2023/ros2_ws/install/scion_types/share/scion_types/environment/pythonpath.dsv
[0.848s] -- Up-to-date: /home/mechatronics/master/Mechatronics-2023/ros2_ws/install/scion_types/lib/python3.8/site-packages/scion_types/__init__.py
[0.900s] -- Up-to-date: /home/mechatronics/master/Mechatronics-2023/ros2_ws/install/scion_types/lib/python3.8/site-packages/scion_types/msg
[0.901s] -- Up-to-date: /home/mechatronics/master/Mechatronics-2023/ros2_ws/install/scion_types/lib/python3.8/site-packages/scion_types/msg/_skeleton2_d.py
[0.901s] -- Up-to-date: /home/mechatronics/master/Mechatronics-2023/ros2_ws/install/scion_types/lib/python3.8/site-packages/scion_types/msg/_position_s.c
[0.902s] -- Up-to-date: /home/mechatronics/master/Mechatronics-2023/ros2_ws/install/scion_types/lib/python3.8/site-packages/scion_types/msg/_orientation_s.c
[0.902s] -- Up-to-date: /home/mechatronics/master/Mechatronics-2023/ros2_ws/install/scion_types/lib/python3.8/site-packages/scion_types/msg/_bounding_box2_di.py
[0.902s] -- Up-to-date: /home/mechatronics/master/Mechatronics-2023/ros2_ws/install/scion_types/lib/python3.8/site-packages/scion_types/msg/_desired_state_s.c
[0.902s] -- Up-to-date: /home/mechatronics/master/Mechatronics-2023/ros2_ws/install/scion_types/lib/python3.8/site-packages/scion_types/msg/_plane_stamped_s.c
[0.902s] -- Up-to-date: /home/mechatronics/master/Mechatronics-2023/ros2_ws/install/scion_types/lib/python3.8/site-packages/scion_types/msg/_can_frame.py
[0.902s] -- Up-to-date: /home/mechatronics/master/Mechatronics-2023/ros2_ws/install/scion_types/lib/python3.8/site-packages/scion_types/msg/__init__.py
[0.902s] -- Up-to-date: /home/mechatronics/master/Mechatronics-2023/ros2_ws/install/scion_types/lib/python3.8/site-packages/scion_types/msg/_objects_stamped_s.c
[0.902s] -- Up-to-date: /home/mechatronics/master/Mechatronics-2023/ros2_ws/install/scion_types/lib/python3.8/site-packages/scion_types/msg/_bounding_box3_d_s.c
[0.903s] -- Up-to-date: /home/mechatronics/master/Mechatronics-2023/ros2_ws/install/scion_types/lib/python3.8/site-packages/scion_types/msg/_desired_state.py
[0.903s] -- Up-to-date: /home/mechatronics/master/Mechatronics-2023/ros2_ws/install/scion_types/lib/python3.8/site-packages/scion_types/msg/_position.py
[0.903s] -- Up-to-date: /home/mechatronics/master/Mechatronics-2023/ros2_ws/install/scion_types/lib/python3.8/site-packages/scion_types/msg/_skeleton3_d.py
[0.903s] -- Up-to-date: /home/mechatronics/master/Mechatronics-2023/ros2_ws/install/scion_types/lib/python3.8/site-packages/scion_types/msg/_keypoint3_d_s.c
[0.903s] -- Up-to-date: /home/mechatronics/master/Mechatronics-2023/ros2_ws/install/scion_types/lib/python3.8/site-packages/scion_types/msg/_depth_info_stamped_s.c
[0.903s] -- Up-to-date: /home/mechatronics/master/Mechatronics-2023/ros2_ws/install/scion_types/lib/python3.8/site-packages/scion_types/msg/_bounding_box3_d.py
[0.903s] -- Up-to-date: /home/mechatronics/master/Mechatronics-2023/ros2_ws/install/scion_types/lib/python3.8/site-packages/scion_types/msg/_can_frame_s.c
[0.903s] -- Up-to-date: /home/mechatronics/master/Mechatronics-2023/ros2_ws/install/scion_types/lib/python3.8/site-packages/scion_types/msg/_objects_stamped.py
[0.903s] -- Up-to-date: /home/mechatronics/master/Mechatronics-2023/ros2_ws/install/scion_types/lib/python3.8/site-packages/scion_types/msg/_bounding_box2_df_s.c
[0.904s] -- Up-to-date: /home/mechatronics/master/Mechatronics-2023/ros2_ws/install/scion_types/lib/python3.8/site-packages/scion_types/msg/_keypoint2_di_s.c
[0.904s] -- Up-to-date: /home/mechatronics/master/Mechatronics-2023/ros2_ws/install/scion_types/lib/python3.8/site-packages/scion_types/msg/_object_s.c
[0.904s] -- Up-to-date: /home/mechatronics/master/Mechatronics-2023/ros2_ws/install/scion_types/lib/python3.8/site-packages/scion_types/msg/_skeleton2_d_s.c
[0.904s] -- Up-to-date: /home/mechatronics/master/Mechatronics-2023/ros2_ws/install/scion_types/lib/python3.8/site-packages/scion_types/msg/_depth_info_stamped.py
[0.904s] -- Up-to-date: /home/mechatronics/master/Mechatronics-2023/ros2_ws/install/scion_types/lib/python3.8/site-packages/scion_types/msg/_plane_stamped.py
[0.904s] -- Up-to-date: /home/mechatronics/master/Mechatronics-2023/ros2_ws/install/scion_types/lib/python3.8/site-packages/scion_types/msg/_skeleton3_d_s.c
[0.905s] -- Up-to-date: /home/mechatronics/master/Mechatronics-2023/ros2_ws/install/scion_types/lib/python3.8/site-packages/scion_types/msg/_bounding_box2_df.py
[0.905s] -- Up-to-date: /home/mechatronics/master/Mechatronics-2023/ros2_ws/install/scion_types/lib/python3.8/site-packages/scion_types/msg/_orientation.py
[0.905s] -- Up-to-date: /home/mechatronics/master/Mechatronics-2023/ros2_ws/install/scion_types/lib/python3.8/site-packages/scion_types/msg/_keypoint2_di.py
[0.905s] -- Up-to-date: /home/mechatronics/master/Mechatronics-2023/ros2_ws/install/scion_types/lib/python3.8/site-packages/scion_types/msg/_keypoint3_d.py
[0.905s] -- Up-to-date: /home/mechatronics/master/Mechatronics-2023/ros2_ws/install/scion_types/lib/python3.8/site-packages/scion_types/msg/_object.py
[0.906s] -- Up-to-date: /home/mechatronics/master/Mechatronics-2023/ros2_ws/install/scion_types/lib/python3.8/site-packages/scion_types/msg/_keypoint2_df_s.c
[0.906s] -- Up-to-date: /home/mechatronics/master/Mechatronics-2023/ros2_ws/install/scion_types/lib/python3.8/site-packages/scion_types/msg/_bounding_box2_di_s.c
[0.906s] -- Up-to-date: /home/mechatronics/master/Mechatronics-2023/ros2_ws/install/scion_types/lib/python3.8/site-packages/scion_types/msg/_keypoint2_df.py
[0.906s] -- Up-to-date: /home/mechatronics/master/Mechatronics-2023/ros2_ws/install/scion_types/lib/python3.8/site-packages/scion_types/srv
[0.907s] -- Up-to-date: /home/mechatronics/master/Mechatronics-2023/ros2_ws/install/scion_types/lib/python3.8/site-packages/scion_types/srv/__init__.py
[0.907s] -- Up-to-date: /home/mechatronics/master/Mechatronics-2023/ros2_ws/install/scion_types/lib/python3.8/site-packages/scion_types/srv/_send_frame.py
[0.907s] -- Up-to-date: /home/mechatronics/master/Mechatronics-2023/ros2_ws/install/scion_types/lib/python3.8/site-packages/scion_types/srv/_send_frame_s.c
[0.907s] -- Up-to-date: /home/mechatronics/master/Mechatronics-2023/ros2_ws/install/scion_types/lib/python3.8/site-packages/scion_types/scion_types_s__rosidl_typesupport_fastrtps_c.cpython-38-aarch64-linux-gnu.so
[0.908s] -- Up-to-date: /home/mechatronics/master/Mechatronics-2023/ros2_ws/install/scion_types/lib/python3.8/site-packages/scion_types/scion_types_s__rosidl_typesupport_introspection_c.cpython-38-aarch64-linux-gnu.so
[0.908s] -- Up-to-date: /home/mechatronics/master/Mechatronics-2023/ros2_ws/install/scion_types/lib/python3.8/site-packages/scion_types/scion_types_s__rosidl_typesupport_c.cpython-38-aarch64-linux-gnu.so
[0.908s] -- Up-to-date: /home/mechatronics/master/Mechatronics-2023/ros2_ws/install/scion_types/lib/libscion_types__python.so
[0.908s] -- Up-to-date: /home/mechatronics/master/Mechatronics-2023/ros2_ws/install/scion_types/share/scion_types/msg/CanFrame.idl
[0.908s] -- Up-to-date: /home/mechatronics/master/Mechatronics-2023/ros2_ws/install/scion_types/share/scion_types/msg/Orientation.idl
[0.908s] -- Up-to-date: /home/mechatronics/master/Mechatronics-2023/ros2_ws/install/scion_types/share/scion_types/msg/DesiredState.idl
[0.908s] -- Up-to-date: /home/mechatronics/master/Mechatronics-2023/ros2_ws/install/scion_types/share/scion_types/msg/Position.idl
[0.909s] -- Up-to-date: /home/mechatronics/master/Mechatronics-2023/ros2_ws/install/scion_types/share/scion_types/srv/SendFrame.idl
[0.909s] -- Up-to-date: /home/mechatronics/master/Mechatronics-2023/ros2_ws/install/scion_types/share/scion_types/msg/CanFrame.msg
[0.909s] -- Up-to-date: /home/mechatronics/master/Mechatronics-2023/ros2_ws/install/scion_types/share/scion_types/msg/Orientation.msg
[0.909s] -- Up-to-date: /home/mechatronics/master/Mechatronics-2023/ros2_ws/install/scion_types/share/scion_types/msg/DesiredState.msg
[0.909s] -- Up-to-date: /home/mechatronics/master/Mechatronics-2023/ros2_ws/install/scion_types/share/scion_types/msg/Position.msg
[0.909s] -- Up-to-date: /home/mechatronics/master/Mechatronics-2023/ros2_ws/install/scion_types/share/scion_types/srv/SendFrame.srv
[0.910s] -- Up-to-date: /home/mechatronics/master/Mechatronics-2023/ros2_ws/install/scion_types/share/scion_types/srv/SendFrame_Request.msg
[0.910s] -- Up-to-date: /home/mechatronics/master/Mechatronics-2023/ros2_ws/install/scion_types/share/scion_types/srv/SendFrame_Response.msg
[0.910s] -- Up-to-date: /home/mechatronics/master/Mechatronics-2023/ros2_ws/install/scion_types/share/ament_index/resource_index/package_run_dependencies/scion_types
[0.910s] -- Up-to-date: /home/mechatronics/master/Mechatronics-2023/ros2_ws/install/scion_types/share/ament_index/resource_index/parent_prefix_path/scion_types
[0.910s] -- Up-to-date: /home/mechatronics/master/Mechatronics-2023/ros2_ws/install/scion_types/share/scion_types/environment/ament_prefix_path.sh
[0.910s] -- Up-to-date: /home/mechatronics/master/Mechatronics-2023/ros2_ws/install/scion_types/share/scion_types/environment/ament_prefix_path.dsv
[0.910s] -- Up-to-date: /home/mechatronics/master/Mechatronics-2023/ros2_ws/install/scion_types/share/scion_types/environment/path.sh
[0.911s] -- Up-to-date: /home/mechatronics/master/Mechatronics-2023/ros2_ws/install/scion_types/share/scion_types/environment/path.dsv
[0.911s] -- Up-to-date: /home/mechatronics/master/Mechatronics-2023/ros2_ws/install/scion_types/share/scion_types/local_setup.bash
[0.911s] -- Up-to-date: /home/mechatronics/master/Mechatronics-2023/ros2_ws/install/scion_types/share/scion_types/local_setup.sh
[0.911s] -- Up-to-date: /home/mechatronics/master/Mechatronics-2023/ros2_ws/install/scion_types/share/scion_types/local_setup.zsh
[0.911s] -- Up-to-date: /home/mechatronics/master/Mechatronics-2023/ros2_ws/install/scion_types/share/scion_types/local_setup.dsv
[0.911s] -- Installing: /home/mechatronics/master/Mechatronics-2023/ros2_ws/install/scion_types/share/scion_types/package.dsv
[0.911s] -- Up-to-date: /home/mechatronics/master/Mechatronics-2023/ros2_ws/install/scion_types/share/ament_index/resource_index/packages/scion_types
[0.911s] -- Up-to-date: /home/mechatronics/master/Mechatronics-2023/ros2_ws/install/scion_types/share/scion_types/cmake/scion_types__rosidl_generator_cExport.cmake
[0.911s] -- Up-to-date: /home/mechatronics/master/Mechatronics-2023/ros2_ws/install/scion_types/share/scion_types/cmake/scion_types__rosidl_generator_cExport-noconfig.cmake
[0.911s] -- Up-to-date: /home/mechatronics/master/Mechatronics-2023/ros2_ws/install/scion_types/share/scion_types/cmake/scion_types__rosidl_typesupport_introspection_cExport.cmake
[0.912s] -- Up-to-date: /home/mechatronics/master/Mechatronics-2023/ros2_ws/install/scion_types/share/scion_types/cmake/scion_types__rosidl_typesupport_introspection_cExport-noconfig.cmake
[0.912s] -- Up-to-date: /home/mechatronics/master/Mechatronics-2023/ros2_ws/install/scion_types/share/scion_types/cmake/scion_types__rosidl_typesupport_cExport.cmake
[0.912s] -- Up-to-date: /home/mechatronics/master/Mechatronics-2023/ros2_ws/install/scion_types/share/scion_types/cmake/scion_types__rosidl_typesupport_cExport-noconfig.cmake
[0.912s] -- Up-to-date: /home/mechatronics/master/Mechatronics-2023/ros2_ws/install/scion_types/share/scion_types/cmake/scion_types__rosidl_generator_cppExport.cmake
[0.912s] -- Up-to-date: /home/mechatronics/master/Mechatronics-2023/ros2_ws/install/scion_types/share/scion_types/cmake/scion_types__rosidl_typesupport_introspection_cppExport.cmake
[0.912s] -- Up-to-date: /home/mechatronics/master/Mechatronics-2023/ros2_ws/install/scion_types/share/scion_types/cmake/scion_types__rosidl_typesupport_introspection_cppExport-noconfig.cmake
[0.912s] -- Up-to-date: /home/mechatronics/master/Mechatronics-2023/ros2_ws/install/scion_types/share/scion_types/cmake/scion_types__rosidl_typesupport_cppExport.cmake
[0.912s] -- Up-to-date: /home/mechatronics/master/Mechatronics-2023/ros2_ws/install/scion_types/share/scion_types/cmake/scion_types__rosidl_typesupport_cppExport-noconfig.cmake
[0.912s] -- Up-to-date: /home/mechatronics/master/Mechatronics-2023/ros2_ws/install/scion_types/share/scion_types/cmake/rosidl_cmake-extras.cmake
[0.913s] -- Up-to-date: /home/mechatronics/master/Mechatronics-2023/ros2_ws/install/scion_types/share/scion_types/cmake/ament_cmake_export_dependencies-extras.cmake
[0.913s] -- Up-to-date: /home/mechatronics/master/Mechatronics-2023/ros2_ws/install/scion_types/share/scion_types/cmake/ament_cmake_export_libraries-extras.cmake
[0.913s] -- Up-to-date: /home/mechatronics/master/Mechatronics-2023/ros2_ws/install/scion_types/share/scion_types/cmake/ament_cmake_export_targets-extras.cmake
[0.913s] -- Up-to-date: /home/mechatronics/master/Mechatronics-2023/ros2_ws/install/scion_types/share/scion_types/cmake/ament_cmake_export_include_directories-extras.cmake
[0.913s] -- Up-to-date: /home/mechatronics/master/Mechatronics-2023/ros2_ws/install/scion_types/share/scion_types/cmake/rosidl_cmake_export_typesupport_libraries-extras.cmake
[0.913s] -- Up-to-date: /home/mechatronics/master/Mechatronics-2023/ros2_ws/install/scion_types/share/scion_types/cmake/rosidl_cmake_export_typesupport_targets-extras.cmake
[0.913s] -- Up-to-date: /home/mechatronics/master/Mechatronics-2023/ros2_ws/install/scion_types/share/scion_types/cmake/scion_typesConfig.cmake
[0.913s] -- Up-to-date: /home/mechatronics/master/Mechatronics-2023/ros2_ws/install/scion_types/share/scion_types/cmake/scion_typesConfig-version.cmake
[0.913s] -- Up-to-date: /home/mechatronics/master/Mechatronics-2023/ros2_ws/install/scion_types/share/scion_types/package.xml
[0.923s] Invoked command in '/home/mechatronics/master/Mechatronics-2023/ros2_ws/build/scion_types' returned '0': CMAKE_PREFIX_PATH=${CMAKE_PREFIX_PATH}:/home/mechatronics/master/Mechatronics-2023/ros2_ws/install/zed_vision_node:/home/mechatronics/master/Mechatronics-2023/ros2_ws/install/ahrs_node:/home/mechatronics/junebug_workspace/install/zed_temp:/home/mechatronics/junebug_workspace/install/zed_imu2:/home/mechatronics/junebug_workspace/install/zed_imu:/home/mechatronics/junebug_workspace/install/top_view_package:/home/mechatronics/junebug_workspace/install/py_pubsub:/home/mechatronics/junebug_workspace/install/object_detection_package:/home/mechatronics/junebug_workspace/install/mapping_package:/home/mechatronics/junebug_workspace/install/depth_package:/home/mechatronics/junebug_workspace/install/controller_translator:/home/mechatronics/junebug_workspace/install/cam_track_package:/home/mechatronics/junebug_workspace/install/body_track_package:/home/mechatronics/junebug_workspace/install/ahr:/opt/ros/foxy /usr/bin/cmake --install /home/mechatronics/master/Mechatronics-2023/ros2_ws/build/scion_types
