-- Found ament_cmake: 0.9.11 (/opt/ros/foxy/share/ament_cmake/cmake)
-- Using PYTHON_EXECUTABLE: /usr/bin/python3
-- Found rclcpp: 2.4.2 (/opt/ros/foxy/share/rclcpp/cmake)
-- Using all available rosidl_typesupport_c: rosidl_typesupport_fastrtps_c;rosidl_typesupport_introspection_c
-- Found rosidl_adapter: 1.3.0 (/opt/ros/foxy/share/rosidl_adapter/cmake)
-- Using all available rosidl_typesupport_cpp: rosidl_typesupport_fastrtps_cpp;rosidl_typesupport_introspection_cpp
-- Found rmw_implementation_cmake: 1.0.3 (/opt/ros/foxy/share/rmw_implementation_cmake/cmake)
-- Using RMW implementation 'rmw_fastrtps_cpp' as default
-- Found scion_types: 0.0.0 (/home/mechatronics/master/Mechatronics-2023/ros2_ws/install/scion_types/share/scion_types/cmake)
-- Configuring done
-- Generating done
-- Build files have been written to: /home/mechatronics/master/Mechatronics-2023/ros2_ws/build/can2ros_driver
[35m[1mScanning dependencies of target can2ros_driver[0m
[ 40%] [32mBuilding CXX object CMakeFiles/can2ros_driver.dir/src/can_send_service.cpp.o[0m
[ 40%] [32mBuilding CXX object CMakeFiles/can2ros_driver.dir/src/can_mailbox_topic.cpp.o[0m
[ 60%] [32mBuilding CXX object CMakeFiles/can2ros_driver.dir/src/mbox_can.cpp.o[0m
[ 80%] [32mBuilding CXX object CMakeFiles/can2ros_driver.dir/src/can_mbox_pub.cpp.o[0m
[100%] [32m[1mLinking CXX executable can2ros_driver[0m
[100%] Built target can2ros_driver
-- Install configuration: ""
-- Installing: /home/mechatronics/master/Mechatronics-2023/ros2_ws/install/can2ros_driver/lib/can2ros_driver/can2ros_driver
-- Set runtime path of "/home/mechatronics/master/Mechatronics-2023/ros2_ws/install/can2ros_driver/lib/can2ros_driver/can2ros_driver" to ""
-- Up-to-date: /home/mechatronics/master/Mechatronics-2023/ros2_ws/install/can2ros_driver/share/ament_index/resource_index/package_run_dependencies/can2ros_driver
-- Installing: /home/mechatronics/master/Mechatronics-2023/ros2_ws/install/can2ros_driver/share/ament_index/resource_index/parent_prefix_path/can2ros_driver
-- Up-to-date: /home/mechatronics/master/Mechatronics-2023/ros2_ws/install/can2ros_driver/share/can2ros_driver/environment/ament_prefix_path.sh
-- Installing: /home/mechatronics/master/Mechatronics-2023/ros2_ws/install/can2ros_driver/share/can2ros_driver/environment/ament_prefix_path.dsv
-- Up-to-date: /home/mechatronics/master/Mechatronics-2023/ros2_ws/install/can2ros_driver/share/can2ros_driver/environment/path.sh
-- Installing: /home/mechatronics/master/Mechatronics-2023/ros2_ws/install/can2ros_driver/share/can2ros_driver/environment/path.dsv
-- Up-to-date: /home/mechatronics/master/Mechatronics-2023/ros2_ws/install/can2ros_driver/share/can2ros_driver/local_setup.bash
-- Up-to-date: /home/mechatronics/master/Mechatronics-2023/ros2_ws/install/can2ros_driver/share/can2ros_driver/local_setup.sh
-- Up-to-date: /home/mechatronics/master/Mechatronics-2023/ros2_ws/install/can2ros_driver/share/can2ros_driver/local_setup.zsh
-- Installing: /home/mechatronics/master/Mechatronics-2023/ros2_ws/install/can2ros_driver/share/can2ros_driver/local_setup.dsv
-- Installing: /home/mechatronics/master/Mechatronics-2023/ros2_ws/install/can2ros_driver/share/can2ros_driver/package.dsv
-- Up-to-date: /home/mechatronics/master/Mechatronics-2023/ros2_ws/install/can2ros_driver/share/ament_index/resource_index/packages/can2ros_driver
-- Up-to-date: /home/mechatronics/master/Mechatronics-2023/ros2_ws/install/can2ros_driver/share/can2ros_driver/cmake/can2ros_driverConfig.cmake
-- Up-to-date: /home/mechatronics/master/Mechatronics-2023/ros2_ws/install/can2ros_driver/share/can2ros_driver/cmake/can2ros_driverConfig-version.cmake
-- Up-to-date: /home/mechatronics/master/Mechatronics-2023/ros2_ws/install/can2ros_driver/share/can2ros_driver/package.xml
