[0.157s] Invoking command in '/home/mechatronics/master/Mechatronics-2023/ros2_ws/build/scion_types': CMAKE_PREFIX_PATH=${CMAKE_PREFIX_PATH}:/home/mechatronics/master/Mechatronics-2023/ros2_ws/install/zed_vision_node:/home/mechatronics/master/Mechatronics-2023/ros2_ws/install/ahrs_node:/home/mechatronics/master/Mechatronics-2023/install/zed_vision_node:/home/mechatronics/master/Mechatronics-2023/install/ahrs_node:/home/mechatronics/junebug_workspace/install/zed_temp:/home/mechatronics/junebug_workspace/install/zed_imu2:/home/mechatronics/junebug_workspace/install/zed_imu:/home/mechatronics/junebug_workspace/install/top_view_package:/home/mechatronics/junebug_workspace/install/py_pubsub:/home/mechatronics/junebug_workspace/install/object_detection_package:/home/mechatronics/junebug_workspace/install/mapping_package:/home/mechatronics/junebug_workspace/install/depth_package:/home/mechatronics/junebug_workspace/install/controller_translator:/home/mechatronics/junebug_workspace/install/cam_track_package:/home/mechatronics/junebug_workspace/install/body_track_package:/home/mechatronics/junebug_workspace/install/ahr:/opt/ros/foxy /usr/bin/cmake --build /home/mechatronics/master/Mechatronics-2023/ros2_ws/build/scion_types -- -j12 -l12
[0.215s] -- Found ament_cmake: 0.9.11 (/opt/ros/foxy/share/ament_cmake/cmake)
[0.278s] -- Found PythonInterp: /usr/bin/python3 (found suitable version "3.8.10", minimum required is "3") 
[0.278s] -- Using PYTHON_EXECUTABLE: /usr/bin/python3
[0.675s] -- Found rclcpp: 2.4.2 (/opt/ros/foxy/share/rclcpp/cmake)
[0.727s] -- Using all available rosidl_typesupport_c: rosidl_typesupport_fastrtps_c;rosidl_typesupport_introspection_c
[0.731s] -- Found rosidl_adapter: 1.3.0 (/opt/ros/foxy/share/rosidl_adapter/cmake)
[0.924s] -- Using all available rosidl_typesupport_cpp: rosidl_typesupport_fastrtps_cpp;rosidl_typesupport_introspection_cpp
[0.988s] -- Found rmw_implementation_cmake: 1.0.3 (/opt/ros/foxy/share/rmw_implementation_cmake/cmake)
[0.993s] -- Using RMW implementation 'rmw_fastrtps_cpp' as default
[1.172s] -- Found geometry_msgs: 2.0.5 (/opt/ros/foxy/share/geometry_msgs/cmake)
[1.215s] -- Found shape_msgs: 2.0.5 (/opt/ros/foxy/share/shape_msgs/cmake)
[1.294s] -- Found rosidl_default_generators: 1.0.1 (/opt/ros/foxy/share/rosidl_default_generators/cmake)
[1.378s] -- Found PythonInterp: /usr/bin/python3 (found version "3.8.10") 
[1.877s] -- Found ament_cmake_ros: 0.9.2 (/opt/ros/foxy/share/ament_cmake_ros/cmake)
[2.088s] -- Using all available rosidl_typesupport_c: rosidl_typesupport_fastrtps_c;rosidl_typesupport_introspection_c
[2.116s] -- Using all available rosidl_typesupport_cpp: rosidl_typesupport_fastrtps_cpp;rosidl_typesupport_introspection_cpp
[2.203s] -- Found PythonInterp: /usr/bin/python3 (found suitable version "3.8.10", minimum required is "3.5") 
[2.204s] -- Found python_cmake_module: 0.8.1 (/opt/ros/foxy/share/python_cmake_module/cmake)
[2.275s] -- Using PYTHON_EXECUTABLE: /usr/bin/python3
[2.276s] -- Using PYTHON_INCLUDE_DIRS: /usr/include/python3.8
[2.276s] -- Using PYTHON_LIBRARIES: /usr/lib/aarch64-linux-gnu/libpython3.8.so
[2.339s] -- Configuring done
[2.440s] -- Generating done
[2.449s] -- Build files have been written to: /home/mechatronics/master/Mechatronics-2023/ros2_ws/build/scion_types
[2.559s] [  0%] Built target scion_types__cpp
[2.569s] [ 12%] Built target scion_types__rosidl_generator_c
[2.623s] [ 26%] Built target scion_types__rosidl_typesupport_cpp
[2.623s] [ 36%] Built target scion_types__rosidl_typesupport_introspection_cpp
[2.630s] [ 48%] Built target scion_types__rosidl_typesupport_c
[2.645s] [ 60%] Built target scion_types__rosidl_typesupport_introspection_c
[2.672s] [ 72%] Built target scion_types__rosidl_typesupport_fastrtps_cpp
[2.735s] [ 84%] Built target scion_types__rosidl_typesupport_fastrtps_c
[2.781s] [ 84%] Built target scion_types
[2.829s] [ 85%] Built target scion_types__py
[2.914s] [ 96%] Built target scion_types__python
[2.974s] [ 97%] Built target scion_types__rosidl_typesupport_c__pyext
[2.978s] [ 99%] Built target scion_types__rosidl_typesupport_introspection_c__pyext
[2.983s] [100%] Built target scion_types__rosidl_typesupport_fastrtps_c__pyext
[3.022s] Invoked command in '/home/mechatronics/master/Mechatronics-2023/ros2_ws/build/scion_types' returned '0': CMAKE_PREFIX_PATH=${CMAKE_PREFIX_PATH}:/home/mechatronics/master/Mechatronics-2023/ros2_ws/install/zed_vision_node:/home/mechatronics/master/Mechatronics-2023/ros2_ws/install/ahrs_node:/home/mechatronics/master/Mechatronics-2023/install/zed_vision_node:/home/mechatronics/master/Mechatronics-2023/install/ahrs_node:/home/mechatronics/junebug_workspace/install/zed_temp:/home/mechatronics/junebug_workspace/install/zed_imu2:/home/mechatronics/junebug_workspace/install/zed_imu:/home/mechatronics/junebug_workspace/install/top_view_package:/home/mechatronics/junebug_workspace/install/py_pubsub:/home/mechatronics/junebug_workspace/install/object_detection_package:/home/mechatronics/junebug_workspace/install/mapping_package:/home/mechatronics/junebug_workspace/install/depth_package:/home/mechatronics/junebug_workspace/install/controller_translator:/home/mechatronics/junebug_workspace/install/cam_track_package:/home/mechatronics/junebug_workspace/install/body_track_package:/home/mechatronics/junebug_workspace/install/ahr:/opt/ros/foxy /usr/bin/cmake --build /home/mechatronics/master/Mechatronics-2023/ros2_ws/build/scion_types -- -j12 -l12
[3.684s] Invoking command in '/home/mechatronics/master/Mechatronics-2023/ros2_ws/build/scion_types': CMAKE_PREFIX_PATH=${CMAKE_PREFIX_PATH}:/home/mechatronics/master/Mechatronics-2023/ros2_ws/install/zed_vision_node:/home/mechatronics/master/Mechatronics-2023/ros2_ws/install/ahrs_node:/home/mechatronics/master/Mechatronics-2023/install/zed_vision_node:/home/mechatronics/master/Mechatronics-2023/install/ahrs_node:/home/mechatronics/junebug_workspace/install/zed_temp:/home/mechatronics/junebug_workspace/install/zed_imu2:/home/mechatronics/junebug_workspace/install/zed_imu:/home/mechatronics/junebug_workspace/install/top_view_package:/home/mechatronics/junebug_workspace/install/py_pubsub:/home/mechatronics/junebug_workspace/install/object_detection_package:/home/mechatronics/junebug_workspace/install/mapping_package:/home/mechatronics/junebug_workspace/install/depth_package:/home/mechatronics/junebug_workspace/install/controller_translator:/home/mechatronics/junebug_workspace/install/cam_track_package:/home/mechatronics/junebug_workspace/install/body_track_package:/home/mechatronics/junebug_workspace/install/ahr:/opt/ros/foxy /usr/bin/cmake --install /home/mechatronics/master/Mechatronics-2023/ros2_ws/build/scion_types
[3.705s] -- Install configuration: ""
[3.707s] -- Up-to-date: /home/mechatronics/master/Mechatronics-2023/ros2_ws/install/scion_types/share/ament_index/resource_index/rosidl_interfaces/scion_types
[3.707s] -- Up-to-date: /home/mechatronics/master/Mechatronics-2023/ros2_ws/install/scion_types/include/scion_types
[3.708s] -- Up-to-date: /home/mechatronics/master/Mechatronics-2023/ros2_ws/install/scion_types/include/scion_types/srv
[3.708s] -- Up-to-date: /home/mechatronics/master/Mechatronics-2023/ros2_ws/install/scion_types/include/scion_types/srv/send_frame.h
[3.708s] -- Up-to-date: /home/mechatronics/master/Mechatronics-2023/ros2_ws/install/scion_types/include/scion_types/srv/detail
[3.709s] -- Up-to-date: /home/mechatronics/master/Mechatronics-2023/ros2_ws/install/scion_types/include/scion_types/srv/detail/send_frame__functions.c
[3.709s] -- Up-to-date: /home/mechatronics/master/Mechatronics-2023/ros2_ws/install/scion_types/include/scion_types/srv/detail/send_frame__struct.h
[3.709s] -- Up-to-date: /home/mechatronics/master/Mechatronics-2023/ros2_ws/install/scion_types/include/scion_types/srv/detail/send_frame__functions.h
[3.709s] -- Up-to-date: /home/mechatronics/master/Mechatronics-2023/ros2_ws/install/scion_types/include/scion_types/srv/detail/send_frame__type_support.h
[3.710s] -- Up-to-date: /home/mechatronics/master/Mechatronics-2023/ros2_ws/install/scion_types/include/scion_types/msg
[3.710s] -- Up-to-date: /home/mechatronics/master/Mechatronics-2023/ros2_ws/install/scion_types/include/scion_types/msg/can_frame.h
[3.710s] -- Up-to-date: /home/mechatronics/master/Mechatronics-2023/ros2_ws/install/scion_types/include/scion_types/msg/bounding_box3_d.h
[3.710s] -- Up-to-date: /home/mechatronics/master/Mechatronics-2023/ros2_ws/install/scion_types/include/scion_types/msg/rosidl_generator_c__visibility_control.h
[3.711s] -- Up-to-date: /home/mechatronics/master/Mechatronics-2023/ros2_ws/install/scion_types/include/scion_types/msg/depth_info_stamped.h
[3.711s] -- Up-to-date: /home/mechatronics/master/Mechatronics-2023/ros2_ws/install/scion_types/include/scion_types/msg/keypoint2_di.h
[3.711s] -- Up-to-date: /home/mechatronics/master/Mechatronics-2023/ros2_ws/install/scion_types/include/scion_types/msg/keypoint2_df.h
[3.712s] -- Up-to-date: /home/mechatronics/master/Mechatronics-2023/ros2_ws/install/scion_types/include/scion_types/msg/object.h
[3.712s] -- Up-to-date: /home/mechatronics/master/Mechatronics-2023/ros2_ws/install/scion_types/include/scion_types/msg/detail
[3.712s] -- Up-to-date: /home/mechatronics/master/Mechatronics-2023/ros2_ws/install/scion_types/include/scion_types/msg/detail/keypoint3_d__type_support.h
[3.712s] -- Up-to-date: /home/mechatronics/master/Mechatronics-2023/ros2_ws/install/scion_types/include/scion_types/msg/detail/keypoint3_d__functions.c
[3.712s] -- Up-to-date: /home/mechatronics/master/Mechatronics-2023/ros2_ws/install/scion_types/include/scion_types/msg/detail/bounding_box3_d__type_support.h
[3.712s] -- Up-to-date: /home/mechatronics/master/Mechatronics-2023/ros2_ws/install/scion_types/include/scion_types/msg/detail/desired_state__functions.h
[3.713s] -- Up-to-date: /home/mechatronics/master/Mechatronics-2023/ros2_ws/install/scion_types/include/scion_types/msg/detail/can_frame__functions.h
[3.713s] -- Up-to-date: /home/mechatronics/master/Mechatronics-2023/ros2_ws/install/scion_types/include/scion_types/msg/detail/object__type_support.h
[3.713s] -- Up-to-date: /home/mechatronics/master/Mechatronics-2023/ros2_ws/install/scion_types/include/scion_types/msg/detail/bounding_box3_d__functions.c
[3.714s] -- Up-to-date: /home/mechatronics/master/Mechatronics-2023/ros2_ws/install/scion_types/include/scion_types/msg/detail/objects_stamped__functions.h
[3.714s] -- Up-to-date: /home/mechatronics/master/Mechatronics-2023/ros2_ws/install/scion_types/include/scion_types/msg/detail/keypoint2_df__type_support.h
[3.714s] -- Up-to-date: /home/mechatronics/master/Mechatronics-2023/ros2_ws/install/scion_types/include/scion_types/msg/detail/bounding_box2_df__functions.c
[3.714s] -- Up-to-date: /home/mechatronics/master/Mechatronics-2023/ros2_ws/install/scion_types/include/scion_types/msg/detail/bounding_box2_df__type_support.h
[3.714s] -- Up-to-date: /home/mechatronics/master/Mechatronics-2023/ros2_ws/install/scion_types/include/scion_types/msg/detail/desired_state__struct.h
[3.715s] -- Up-to-date: /home/mechatronics/master/Mechatronics-2023/ros2_ws/install/scion_types/include/scion_types/msg/detail/keypoint2_df__functions.h
[3.715s] -- Up-to-date: /home/mechatronics/master/Mechatronics-2023/ros2_ws/install/scion_types/include/scion_types/msg/detail/position__type_support.h
[3.715s] -- Up-to-date: /home/mechatronics/master/Mechatronics-2023/ros2_ws/install/scion_types/include/scion_types/msg/detail/position__struct.h
[3.715s] -- Up-to-date: /home/mechatronics/master/Mechatronics-2023/ros2_ws/install/scion_types/include/scion_types/msg/detail/skeleton3_d__functions.c
[3.715s] -- Up-to-date: /home/mechatronics/master/Mechatronics-2023/ros2_ws/install/scion_types/include/scion_types/msg/detail/bounding_box2_di__struct.h
[3.715s] -- Up-to-date: /home/mechatronics/master/Mechatronics-2023/ros2_ws/install/scion_types/include/scion_types/msg/detail/object__functions.c
[3.715s] -- Up-to-date: /home/mechatronics/master/Mechatronics-2023/ros2_ws/install/scion_types/include/scion_types/msg/detail/skeleton2_d__functions.c
[3.716s] -- Up-to-date: /home/mechatronics/master/Mechatronics-2023/ros2_ws/install/scion_types/include/scion_types/msg/detail/can_frame__functions.c
[3.716s] -- Up-to-date: /home/mechatronics/master/Mechatronics-2023/ros2_ws/install/scion_types/include/scion_types/msg/detail/keypoint2_di__type_support.h
[3.716s] -- Up-to-date: /home/mechatronics/master/Mechatronics-2023/ros2_ws/install/scion_types/include/scion_types/msg/detail/skeleton2_d__struct.h
[3.717s] -- Up-to-date: /home/mechatronics/master/Mechatronics-2023/ros2_ws/install/scion_types/include/scion_types/msg/detail/plane_stamped__type_support.h
[3.717s] -- Up-to-date: /home/mechatronics/master/Mechatronics-2023/ros2_ws/install/scion_types/include/scion_types/msg/detail/object__struct.h
[3.718s] -- Up-to-date: /home/mechatronics/master/Mechatronics-2023/ros2_ws/install/scion_types/include/scion_types/msg/detail/keypoint3_d__functions.h
[3.718s] -- Up-to-date: /home/mechatronics/master/Mechatronics-2023/ros2_ws/install/scion_types/include/scion_types/msg/detail/plane_stamped__struct.h
[3.718s] -- Up-to-date: /home/mechatronics/master/Mechatronics-2023/ros2_ws/install/scion_types/include/scion_types/msg/detail/can_frame__type_support.h
[3.719s] -- Up-to-date: /home/mechatronics/master/Mechatronics-2023/ros2_ws/install/scion_types/include/scion_types/msg/detail/can_frame__struct.h
[3.719s] -- Up-to-date: /home/mechatronics/master/Mechatronics-2023/ros2_ws/install/scion_types/include/scion_types/msg/detail/keypoint2_di__functions.h
[3.719s] -- Up-to-date: /home/mechatronics/master/Mechatronics-2023/ros2_ws/install/scion_types/include/scion_types/msg/detail/orientation__struct.h
[3.719s] -- Up-to-date: /home/mechatronics/master/Mechatronics-2023/ros2_ws/install/scion_types/include/scion_types/msg/detail/keypoint2_df__functions.c
[3.720s] -- Up-to-date: /home/mechatronics/master/Mechatronics-2023/ros2_ws/install/scion_types/include/scion_types/msg/detail/object__functions.h
[3.720s] -- Up-to-date: /home/mechatronics/master/Mechatronics-2023/ros2_ws/install/scion_types/include/scion_types/msg/detail/skeleton2_d__functions.h
[3.720s] -- Up-to-date: /home/mechatronics/master/Mechatronics-2023/ros2_ws/install/scion_types/include/scion_types/msg/detail/bounding_box2_df__struct.h
[3.720s] -- Up-to-date: /home/mechatronics/master/Mechatronics-2023/ros2_ws/install/scion_types/include/scion_types/msg/detail/skeleton2_d__type_support.h
[3.720s] -- Up-to-date: /home/mechatronics/master/Mechatronics-2023/ros2_ws/install/scion_types/include/scion_types/msg/detail/bounding_box3_d__functions.h
[3.720s] -- Up-to-date: /home/mechatronics/master/Mechatronics-2023/ros2_ws/install/scion_types/include/scion_types/msg/detail/keypoint2_di__struct.h
[3.720s] -- Up-to-date: /home/mechatronics/master/Mechatronics-2023/ros2_ws/install/scion_types/include/scion_types/msg/detail/bounding_box2_di__functions.c
[3.720s] -- Up-to-date: /home/mechatronics/master/Mechatronics-2023/ros2_ws/install/scion_types/include/scion_types/msg/detail/desired_state__functions.c
[3.720s] -- Up-to-date: /home/mechatronics/master/Mechatronics-2023/ros2_ws/install/scion_types/include/scion_types/msg/detail/orientation__type_support.h
[3.721s] -- Up-to-date: /home/mechatronics/master/Mechatronics-2023/ros2_ws/install/scion_types/include/scion_types/msg/detail/skeleton3_d__functions.h
[3.721s] -- Up-to-date: /home/mechatronics/master/Mechatronics-2023/ros2_ws/install/scion_types/include/scion_types/msg/detail/skeleton3_d__struct.h
[3.721s] -- Up-to-date: /home/mechatronics/master/Mechatronics-2023/ros2_ws/install/scion_types/include/scion_types/msg/detail/keypoint2_di__functions.c
[3.721s] -- Up-to-date: /home/mechatronics/master/Mechatronics-2023/ros2_ws/install/scion_types/include/scion_types/msg/detail/depth_info_stamped__functions.h
[3.721s] -- Up-to-date: /home/mechatronics/master/Mechatronics-2023/ros2_ws/install/scion_types/include/scion_types/msg/detail/position__functions.h
[3.721s] -- Up-to-date: /home/mechatronics/master/Mechatronics-2023/ros2_ws/install/scion_types/include/scion_types/msg/detail/depth_info_stamped__struct.h
[3.721s] -- Up-to-date: /home/mechatronics/master/Mechatronics-2023/ros2_ws/install/scion_types/include/scion_types/msg/detail/bounding_box2_di__type_support.h
[3.721s] -- Up-to-date: /home/mechatronics/master/Mechatronics-2023/ros2_ws/install/scion_types/include/scion_types/msg/detail/bounding_box3_d__struct.h
[3.722s] -- Up-to-date: /home/mechatronics/master/Mechatronics-2023/ros2_ws/install/scion_types/include/scion_types/msg/detail/skeleton3_d__type_support.h
[3.722s] -- Up-to-date: /home/mechatronics/master/Mechatronics-2023/ros2_ws/install/scion_types/include/scion_types/msg/detail/depth_info_stamped__functions.c
[3.722s] -- Up-to-date: /home/mechatronics/master/Mechatronics-2023/ros2_ws/install/scion_types/include/scion_types/msg/detail/keypoint3_d__struct.h
[3.722s] -- Up-to-date: /home/mechatronics/master/Mechatronics-2023/ros2_ws/install/scion_types/include/scion_types/msg/detail/objects_stamped__struct.h
[3.722s] -- Up-to-date: /home/mechatronics/master/Mechatronics-2023/ros2_ws/install/scion_types/include/scion_types/msg/detail/plane_stamped__functions.h
[3.722s] -- Up-to-date: /home/mechatronics/master/Mechatronics-2023/ros2_ws/install/scion_types/include/scion_types/msg/detail/position__functions.c
[3.722s] -- Up-to-date: /home/mechatronics/master/Mechatronics-2023/ros2_ws/install/scion_types/include/scion_types/msg/detail/bounding_box2_di__functions.h
[3.722s] -- Up-to-date: /home/mechatronics/master/Mechatronics-2023/ros2_ws/install/scion_types/include/scion_types/msg/detail/orientation__functions.h
[3.722s] -- Up-to-date: /home/mechatronics/master/Mechatronics-2023/ros2_ws/install/scion_types/include/scion_types/msg/detail/orientation__functions.c
[3.722s] -- Up-to-date: /home/mechatronics/master/Mechatronics-2023/ros2_ws/install/scion_types/include/scion_types/msg/detail/bounding_box2_df__functions.h
[3.723s] -- Up-to-date: /home/mechatronics/master/Mechatronics-2023/ros2_ws/install/scion_types/include/scion_types/msg/detail/objects_stamped__type_support.h
[3.723s] -- Up-to-date: /home/mechatronics/master/Mechatronics-2023/ros2_ws/install/scion_types/include/scion_types/msg/detail/objects_stamped__functions.c
[3.723s] -- Up-to-date: /home/mechatronics/master/Mechatronics-2023/ros2_ws/install/scion_types/include/scion_types/msg/detail/keypoint2_df__struct.h
[3.723s] -- Up-to-date: /home/mechatronics/master/Mechatronics-2023/ros2_ws/install/scion_types/include/scion_types/msg/detail/desired_state__type_support.h
[3.723s] -- Up-to-date: /home/mechatronics/master/Mechatronics-2023/ros2_ws/install/scion_types/include/scion_types/msg/detail/plane_stamped__functions.c
[3.723s] -- Up-to-date: /home/mechatronics/master/Mechatronics-2023/ros2_ws/install/scion_types/include/scion_types/msg/detail/depth_info_stamped__type_support.h
[3.723s] -- Up-to-date: /home/mechatronics/master/Mechatronics-2023/ros2_ws/install/scion_types/include/scion_types/msg/keypoint3_d.h
[3.723s] -- Up-to-date: /home/mechatronics/master/Mechatronics-2023/ros2_ws/install/scion_types/include/scion_types/msg/objects_stamped.h
[3.723s] -- Up-to-date: /home/mechatronics/master/Mechatronics-2023/ros2_ws/install/scion_types/include/scion_types/msg/orientation.h
[3.723s] -- Up-to-date: /home/mechatronics/master/Mechatronics-2023/ros2_ws/install/scion_types/include/scion_types/msg/bounding_box2_di.h
[3.723s] -- Up-to-date: /home/mechatronics/master/Mechatronics-2023/ros2_ws/install/scion_types/include/scion_types/msg/position.h
[3.724s] -- Up-to-date: /home/mechatronics/master/Mechatronics-2023/ros2_ws/install/scion_types/include/scion_types/msg/desired_state.h
[3.724s] -- Up-to-date: /home/mechatronics/master/Mechatronics-2023/ros2_ws/install/scion_types/include/scion_types/msg/skeleton2_d.h
[3.724s] -- Up-to-date: /home/mechatronics/master/Mechatronics-2023/ros2_ws/install/scion_types/include/scion_types/msg/skeleton3_d.h
[3.724s] -- Up-to-date: /home/mechatronics/master/Mechatronics-2023/ros2_ws/install/scion_types/include/scion_types/msg/bounding_box2_df.h
[3.724s] -- Up-to-date: /home/mechatronics/master/Mechatronics-2023/ros2_ws/install/scion_types/include/scion_types/msg/plane_stamped.h
[3.724s] -- Up-to-date: /home/mechatronics/master/Mechatronics-2023/ros2_ws/install/scion_types/share/scion_types/environment/library_path.sh
[3.724s] -- Installing: /home/mechatronics/master/Mechatronics-2023/ros2_ws/install/scion_types/share/scion_types/environment/library_path.dsv
[3.724s] -- Up-to-date: /home/mechatronics/master/Mechatronics-2023/ros2_ws/install/scion_types/lib/libscion_types__rosidl_generator_c.so
[3.724s] -- Up-to-date: /home/mechatronics/master/Mechatronics-2023/ros2_ws/install/scion_types/include/scion_types
[3.724s] -- Up-to-date: /home/mechatronics/master/Mechatronics-2023/ros2_ws/install/scion_types/include/scion_types/srv
[3.724s] -- Up-to-date: /home/mechatronics/master/Mechatronics-2023/ros2_ws/install/scion_types/include/scion_types/srv/detail
[3.725s] -- Up-to-date: /home/mechatronics/master/Mechatronics-2023/ros2_ws/install/scion_types/include/scion_types/srv/detail/send_frame__rosidl_typesupport_fastrtps_c.h
[3.725s] -- Up-to-date: /home/mechatronics/master/Mechatronics-2023/ros2_ws/install/scion_types/include/scion_types/msg
[3.725s] -- Up-to-date: /home/mechatronics/master/Mechatronics-2023/ros2_ws/install/scion_types/include/scion_types/msg/rosidl_typesupport_fastrtps_c__visibility_control.h
[3.725s] -- Up-to-date: /home/mechatronics/master/Mechatronics-2023/ros2_ws/install/scion_types/include/scion_types/msg/detail
[3.725s] -- Up-to-date: /home/mechatronics/master/Mechatronics-2023/ros2_ws/install/scion_types/include/scion_types/msg/detail/can_frame__rosidl_typesupport_fastrtps_c.h
[3.725s] -- Up-to-date: /home/mechatronics/master/Mechatronics-2023/ros2_ws/install/scion_types/include/scion_types/msg/detail/skeleton2_d__rosidl_typesupport_fastrtps_c.h
[3.725s] -- Up-to-date: /home/mechatronics/master/Mechatronics-2023/ros2_ws/install/scion_types/include/scion_types/msg/detail/bounding_box3_d__rosidl_typesupport_fastrtps_c.h
[3.725s] -- Up-to-date: /home/mechatronics/master/Mechatronics-2023/ros2_ws/install/scion_types/include/scion_types/msg/detail/plane_stamped__rosidl_typesupport_fastrtps_c.h
[3.725s] -- Up-to-date: /home/mechatronics/master/Mechatronics-2023/ros2_ws/install/scion_types/include/scion_types/msg/detail/position__rosidl_typesupport_fastrtps_c.h
[3.725s] -- Up-to-date: /home/mechatronics/master/Mechatronics-2023/ros2_ws/install/scion_types/include/scion_types/msg/detail/object__rosidl_typesupport_fastrtps_c.h
[3.725s] -- Up-to-date: /home/mechatronics/master/Mechatronics-2023/ros2_ws/install/scion_types/include/scion_types/msg/detail/bounding_box2_di__rosidl_typesupport_fastrtps_c.h
[3.726s] -- Up-to-date: /home/mechatronics/master/Mechatronics-2023/ros2_ws/install/scion_types/include/scion_types/msg/detail/bounding_box2_df__rosidl_typesupport_fastrtps_c.h
[3.726s] -- Up-to-date: /home/mechatronics/master/Mechatronics-2023/ros2_ws/install/scion_types/include/scion_types/msg/detail/keypoint2_di__rosidl_typesupport_fastrtps_c.h
[3.726s] -- Up-to-date: /home/mechatronics/master/Mechatronics-2023/ros2_ws/install/scion_types/include/scion_types/msg/detail/desired_state__rosidl_typesupport_fastrtps_c.h
[3.726s] -- Up-to-date: /home/mechatronics/master/Mechatronics-2023/ros2_ws/install/scion_types/include/scion_types/msg/detail/depth_info_stamped__rosidl_typesupport_fastrtps_c.h
[3.726s] -- Up-to-date: /home/mechatronics/master/Mechatronics-2023/ros2_ws/install/scion_types/include/scion_types/msg/detail/skeleton3_d__rosidl_typesupport_fastrtps_c.h
[3.726s] -- Up-to-date: /home/mechatronics/master/Mechatronics-2023/ros2_ws/install/scion_types/include/scion_types/msg/detail/keypoint2_df__rosidl_typesupport_fastrtps_c.h
[3.727s] -- Up-to-date: /home/mechatronics/master/Mechatronics-2023/ros2_ws/install/scion_types/include/scion_types/msg/detail/orientation__rosidl_typesupport_fastrtps_c.h
[3.727s] -- Up-to-date: /home/mechatronics/master/Mechatronics-2023/ros2_ws/install/scion_types/include/scion_types/msg/detail/objects_stamped__rosidl_typesupport_fastrtps_c.h
[3.727s] -- Up-to-date: /home/mechatronics/master/Mechatronics-2023/ros2_ws/install/scion_types/include/scion_types/msg/detail/keypoint3_d__rosidl_typesupport_fastrtps_c.h
[3.727s] -- Up-to-date: /home/mechatronics/master/Mechatronics-2023/ros2_ws/install/scion_types/lib/libscion_types__rosidl_typesupport_fastrtps_c.so
[3.727s] -- Up-to-date: /home/mechatronics/master/Mechatronics-2023/ros2_ws/install/scion_types/include/scion_types
[3.727s] -- Up-to-date: /home/mechatronics/master/Mechatronics-2023/ros2_ws/install/scion_types/include/scion_types/srv
[3.728s] -- Up-to-date: /home/mechatronics/master/Mechatronics-2023/ros2_ws/install/scion_types/include/scion_types/srv/detail
[3.728s] -- Up-to-date: /home/mechatronics/master/Mechatronics-2023/ros2_ws/install/scion_types/include/scion_types/srv/detail/send_frame__rosidl_typesupport_fastrtps_cpp.hpp
[3.728s] -- Up-to-date: /home/mechatronics/master/Mechatronics-2023/ros2_ws/install/scion_types/include/scion_types/srv/detail/dds_fastrtps
[3.728s] -- Up-to-date: /home/mechatronics/master/Mechatronics-2023/ros2_ws/install/scion_types/include/scion_types/msg
[3.728s] -- Up-to-date: /home/mechatronics/master/Mechatronics-2023/ros2_ws/install/scion_types/include/scion_types/msg/detail
[3.728s] -- Up-to-date: /home/mechatronics/master/Mechatronics-2023/ros2_ws/install/scion_types/include/scion_types/msg/detail/object__rosidl_typesupport_fastrtps_cpp.hpp
[3.729s] -- Up-to-date: /home/mechatronics/master/Mechatronics-2023/ros2_ws/install/scion_types/include/scion_types/msg/detail/keypoint2_di__rosidl_typesupport_fastrtps_cpp.hpp
[3.729s] -- Up-to-date: /home/mechatronics/master/Mechatronics-2023/ros2_ws/install/scion_types/include/scion_types/msg/detail/keypoint3_d__rosidl_typesupport_fastrtps_cpp.hpp
[3.729s] -- Up-to-date: /home/mechatronics/master/Mechatronics-2023/ros2_ws/install/scion_types/include/scion_types/msg/detail/skeleton2_d__rosidl_typesupport_fastrtps_cpp.hpp
[3.729s] -- Up-to-date: /home/mechatronics/master/Mechatronics-2023/ros2_ws/install/scion_types/include/scion_types/msg/detail/plane_stamped__rosidl_typesupport_fastrtps_cpp.hpp
[3.729s] -- Up-to-date: /home/mechatronics/master/Mechatronics-2023/ros2_ws/install/scion_types/include/scion_types/msg/detail/desired_state__rosidl_typesupport_fastrtps_cpp.hpp
[3.729s] -- Up-to-date: /home/mechatronics/master/Mechatronics-2023/ros2_ws/install/scion_types/include/scion_types/msg/detail/dds_fastrtps
[3.729s] -- Up-to-date: /home/mechatronics/master/Mechatronics-2023/ros2_ws/install/scion_types/include/scion_types/msg/detail/skeleton3_d__rosidl_typesupport_fastrtps_cpp.hpp
[3.729s] -- Up-to-date: /home/mechatronics/master/Mechatronics-2023/ros2_ws/install/scion_types/include/scion_types/msg/detail/position__rosidl_typesupport_fastrtps_cpp.hpp
[3.729s] -- Up-to-date: /home/mechatronics/master/Mechatronics-2023/ros2_ws/install/scion_types/include/scion_types/msg/detail/bounding_box2_df__rosidl_typesupport_fastrtps_cpp.hpp
[3.730s] -- Up-to-date: /home/mechatronics/master/Mechatronics-2023/ros2_ws/install/scion_types/include/scion_types/msg/detail/can_frame__rosidl_typesupport_fastrtps_cpp.hpp
[3.730s] -- Up-to-date: /home/mechatronics/master/Mechatronics-2023/ros2_ws/install/scion_types/include/scion_types/msg/detail/bounding_box2_di__rosidl_typesupport_fastrtps_cpp.hpp
[3.730s] -- Up-to-date: /home/mechatronics/master/Mechatronics-2023/ros2_ws/install/scion_types/include/scion_types/msg/detail/orientation__rosidl_typesupport_fastrtps_cpp.hpp
[3.730s] -- Up-to-date: /home/mechatronics/master/Mechatronics-2023/ros2_ws/install/scion_types/include/scion_types/msg/detail/bounding_box3_d__rosidl_typesupport_fastrtps_cpp.hpp
[3.730s] -- Up-to-date: /home/mechatronics/master/Mechatronics-2023/ros2_ws/install/scion_types/include/scion_types/msg/detail/keypoint2_df__rosidl_typesupport_fastrtps_cpp.hpp
[3.730s] -- Up-to-date: /home/mechatronics/master/Mechatronics-2023/ros2_ws/install/scion_types/include/scion_types/msg/detail/depth_info_stamped__rosidl_typesupport_fastrtps_cpp.hpp
[3.731s] -- Up-to-date: /home/mechatronics/master/Mechatronics-2023/ros2_ws/install/scion_types/include/scion_types/msg/detail/objects_stamped__rosidl_typesupport_fastrtps_cpp.hpp
[3.731s] -- Up-to-date: /home/mechatronics/master/Mechatronics-2023/ros2_ws/install/scion_types/include/scion_types/msg/rosidl_typesupport_fastrtps_cpp__visibility_control.h
[3.731s] -- Up-to-date: /home/mechatronics/master/Mechatronics-2023/ros2_ws/install/scion_types/lib/libscion_types__rosidl_typesupport_fastrtps_cpp.so
[3.731s] -- Up-to-date: /home/mechatronics/master/Mechatronics-2023/ros2_ws/install/scion_types/include/scion_types
[3.731s] -- Up-to-date: /home/mechatronics/master/Mechatronics-2023/ros2_ws/install/scion_types/include/scion_types/srv
[3.731s] -- Up-to-date: /home/mechatronics/master/Mechatronics-2023/ros2_ws/install/scion_types/include/scion_types/srv/detail
[3.731s] -- Up-to-date: /home/mechatronics/master/Mechatronics-2023/ros2_ws/install/scion_types/include/scion_types/srv/detail/send_frame__type_support.c
[3.731s] -- Up-to-date: /home/mechatronics/master/Mechatronics-2023/ros2_ws/install/scion_types/include/scion_types/srv/detail/send_frame__rosidl_typesupport_introspection_c.h
[3.731s] -- Up-to-date: /home/mechatronics/master/Mechatronics-2023/ros2_ws/install/scion_types/include/scion_types/msg
[3.732s] -- Up-to-date: /home/mechatronics/master/Mechatronics-2023/ros2_ws/install/scion_types/include/scion_types/msg/detail
[3.732s] -- Up-to-date: /home/mechatronics/master/Mechatronics-2023/ros2_ws/install/scion_types/include/scion_types/msg/detail/keypoint2_di__rosidl_typesupport_introspection_c.h
[3.732s] -- Up-to-date: /home/mechatronics/master/Mechatronics-2023/ros2_ws/install/scion_types/include/scion_types/msg/detail/objects_stamped__type_support.c
[3.732s] -- Up-to-date: /home/mechatronics/master/Mechatronics-2023/ros2_ws/install/scion_types/include/scion_types/msg/detail/object__type_support.c
[3.732s] -- Up-to-date: /home/mechatronics/master/Mechatronics-2023/ros2_ws/install/scion_types/include/scion_types/msg/detail/can_frame__type_support.c
[3.732s] -- Up-to-date: /home/mechatronics/master/Mechatronics-2023/ros2_ws/install/scion_types/include/scion_types/msg/detail/desired_state__type_support.c
[3.732s] -- Up-to-date: /home/mechatronics/master/Mechatronics-2023/ros2_ws/install/scion_types/include/scion_types/msg/detail/bounding_box3_d__type_support.c
[3.732s] -- Up-to-date: /home/mechatronics/master/Mechatronics-2023/ros2_ws/install/scion_types/include/scion_types/msg/detail/position__type_support.c
[3.733s] -- Up-to-date: /home/mechatronics/master/Mechatronics-2023/ros2_ws/install/scion_types/include/scion_types/msg/detail/object__rosidl_typesupport_introspection_c.h
[3.733s] -- Up-to-date: /home/mechatronics/master/Mechatronics-2023/ros2_ws/install/scion_types/include/scion_types/msg/detail/keypoint2_df__type_support.c
[3.733s] -- Up-to-date: /home/mechatronics/master/Mechatronics-2023/ros2_ws/install/scion_types/include/scion_types/msg/detail/bounding_box2_df__type_support.c
[3.733s] -- Up-to-date: /home/mechatronics/master/Mechatronics-2023/ros2_ws/install/scion_types/include/scion_types/msg/detail/position__rosidl_typesupport_introspection_c.h
[3.733s] -- Up-to-date: /home/mechatronics/master/Mechatronics-2023/ros2_ws/install/scion_types/include/scion_types/msg/detail/bounding_box3_d__rosidl_typesupport_introspection_c.h
[3.733s] -- Up-to-date: /home/mechatronics/master/Mechatronics-2023/ros2_ws/install/scion_types/include/scion_types/msg/detail/skeleton3_d__type_support.c
[3.733s] -- Up-to-date: /home/mechatronics/master/Mechatronics-2023/ros2_ws/install/scion_types/include/scion_types/msg/detail/orientation__type_support.c
[3.733s] -- Up-to-date: /home/mechatronics/master/Mechatronics-2023/ros2_ws/install/scion_types/include/scion_types/msg/detail/skeleton3_d__rosidl_typesupport_introspection_c.h
[3.733s] -- Up-to-date: /home/mechatronics/master/Mechatronics-2023/ros2_ws/install/scion_types/include/scion_types/msg/detail/keypoint3_d__rosidl_typesupport_introspection_c.h
[3.733s] -- Up-to-date: /home/mechatronics/master/Mechatronics-2023/ros2_ws/install/scion_types/include/scion_types/msg/detail/keypoint2_di__type_support.c
[3.734s] -- Up-to-date: /home/mechatronics/master/Mechatronics-2023/ros2_ws/install/scion_types/include/scion_types/msg/detail/skeleton2_d__type_support.c
[3.734s] -- Up-to-date: /home/mechatronics/master/Mechatronics-2023/ros2_ws/install/scion_types/include/scion_types/msg/detail/keypoint2_df__rosidl_typesupport_introspection_c.h
[3.734s] -- Up-to-date: /home/mechatronics/master/Mechatronics-2023/ros2_ws/install/scion_types/include/scion_types/msg/detail/can_frame__rosidl_typesupport_introspection_c.h
[3.734s] -- Up-to-date: /home/mechatronics/master/Mechatronics-2023/ros2_ws/install/scion_types/include/scion_types/msg/detail/depth_info_stamped__rosidl_typesupport_introspection_c.h
[3.734s] -- Up-to-date: /home/mechatronics/master/Mechatronics-2023/ros2_ws/install/scion_types/include/scion_types/msg/detail/desired_state__rosidl_typesupport_introspection_c.h
[3.734s] -- Up-to-date: /home/mechatronics/master/Mechatronics-2023/ros2_ws/install/scion_types/include/scion_types/msg/detail/objects_stamped__rosidl_typesupport_introspection_c.h
[3.735s] -- Up-to-date: /home/mechatronics/master/Mechatronics-2023/ros2_ws/install/scion_types/include/scion_types/msg/detail/plane_stamped__rosidl_typesupport_introspection_c.h
[3.735s] -- Up-to-date: /home/mechatronics/master/Mechatronics-2023/ros2_ws/install/scion_types/include/scion_types/msg/detail/bounding_box2_df__rosidl_typesupport_introspection_c.h
[3.735s] -- Up-to-date: /home/mechatronics/master/Mechatronics-2023/ros2_ws/install/scion_types/include/scion_types/msg/detail/bounding_box2_di__type_support.c
[3.735s] -- Up-to-date: /home/mechatronics/master/Mechatronics-2023/ros2_ws/install/scion_types/include/scion_types/msg/detail/orientation__rosidl_typesupport_introspection_c.h
[3.735s] -- Up-to-date: /home/mechatronics/master/Mechatronics-2023/ros2_ws/install/scion_types/include/scion_types/msg/detail/skeleton2_d__rosidl_typesupport_introspection_c.h
[3.735s] -- Up-to-date: /home/mechatronics/master/Mechatronics-2023/ros2_ws/install/scion_types/include/scion_types/msg/detail/keypoint3_d__type_support.c
[3.735s] -- Up-to-date: /home/mechatronics/master/Mechatronics-2023/ros2_ws/install/scion_types/include/scion_types/msg/detail/depth_info_stamped__type_support.c
[3.735s] -- Up-to-date: /home/mechatronics/master/Mechatronics-2023/ros2_ws/install/scion_types/include/scion_types/msg/detail/plane_stamped__type_support.c
[3.735s] -- Up-to-date: /home/mechatronics/master/Mechatronics-2023/ros2_ws/install/scion_types/include/scion_types/msg/detail/bounding_box2_di__rosidl_typesupport_introspection_c.h
[3.736s] -- Up-to-date: /home/mechatronics/master/Mechatronics-2023/ros2_ws/install/scion_types/include/scion_types/msg/rosidl_typesupport_introspection_c__visibility_control.h
[3.736s] -- Up-to-date: /home/mechatronics/master/Mechatronics-2023/ros2_ws/install/scion_types/lib/libscion_types__rosidl_typesupport_introspection_c.so
[3.736s] -- Up-to-date: /home/mechatronics/master/Mechatronics-2023/ros2_ws/install/scion_types/lib/libscion_types__rosidl_typesupport_c.so
[3.736s] -- Up-to-date: /home/mechatronics/master/Mechatronics-2023/ros2_ws/install/scion_types/include/scion_types
[3.736s] -- Up-to-date: /home/mechatronics/master/Mechatronics-2023/ros2_ws/install/scion_types/include/scion_types/srv
[3.736s] -- Up-to-date: /home/mechatronics/master/Mechatronics-2023/ros2_ws/install/scion_types/include/scion_types/srv/send_frame.hpp
[3.736s] -- Up-to-date: /home/mechatronics/master/Mechatronics-2023/ros2_ws/install/scion_types/include/scion_types/srv/detail
[3.736s] -- Up-to-date: /home/mechatronics/master/Mechatronics-2023/ros2_ws/install/scion_types/include/scion_types/srv/detail/send_frame__struct.hpp
[3.736s] -- Up-to-date: /home/mechatronics/master/Mechatronics-2023/ros2_ws/install/scion_types/include/scion_types/srv/detail/send_frame__builder.hpp
[3.736s] -- Up-to-date: /home/mechatronics/master/Mechatronics-2023/ros2_ws/install/scion_types/include/scion_types/srv/detail/send_frame__traits.hpp
[3.737s] -- Up-to-date: /home/mechatronics/master/Mechatronics-2023/ros2_ws/install/scion_types/include/scion_types/msg
[3.737s] -- Up-to-date: /home/mechatronics/master/Mechatronics-2023/ros2_ws/install/scion_types/include/scion_types/msg/objects_stamped.hpp
[3.737s] -- Up-to-date: /home/mechatronics/master/Mechatronics-2023/ros2_ws/install/scion_types/include/scion_types/msg/bounding_box3_d.hpp
[3.737s] -- Up-to-date: /home/mechatronics/master/Mechatronics-2023/ros2_ws/install/scion_types/include/scion_types/msg/desired_state.hpp
[3.737s] -- Up-to-date: /home/mechatronics/master/Mechatronics-2023/ros2_ws/install/scion_types/include/scion_types/msg/depth_info_stamped.hpp
[3.737s] -- Up-to-date: /home/mechatronics/master/Mechatronics-2023/ros2_ws/install/scion_types/include/scion_types/msg/bounding_box2_df.hpp
[3.737s] -- Up-to-date: /home/mechatronics/master/Mechatronics-2023/ros2_ws/install/scion_types/include/scion_types/msg/bounding_box2_di.hpp
[3.737s] -- Up-to-date: /home/mechatronics/master/Mechatronics-2023/ros2_ws/install/scion_types/include/scion_types/msg/can_frame.hpp
[3.737s] -- Up-to-date: /home/mechatronics/master/Mechatronics-2023/ros2_ws/install/scion_types/include/scion_types/msg/detail
[3.738s] -- Up-to-date: /home/mechatronics/master/Mechatronics-2023/ros2_ws/install/scion_types/include/scion_types/msg/detail/keypoint2_df__builder.hpp
[3.738s] -- Up-to-date: /home/mechatronics/master/Mechatronics-2023/ros2_ws/install/scion_types/include/scion_types/msg/detail/bounding_box3_d__builder.hpp
[3.738s] -- Up-to-date: /home/mechatronics/master/Mechatronics-2023/ros2_ws/install/scion_types/include/scion_types/msg/detail/can_frame__traits.hpp
[3.738s] -- Up-to-date: /home/mechatronics/master/Mechatronics-2023/ros2_ws/install/scion_types/include/scion_types/msg/detail/can_frame__struct.hpp
[3.738s] -- Up-to-date: /home/mechatronics/master/Mechatronics-2023/ros2_ws/install/scion_types/include/scion_types/msg/detail/bounding_box2_di__traits.hpp
[3.738s] -- Up-to-date: /home/mechatronics/master/Mechatronics-2023/ros2_ws/install/scion_types/include/scion_types/msg/detail/skeleton3_d__traits.hpp
[3.738s] -- Up-to-date: /home/mechatronics/master/Mechatronics-2023/ros2_ws/install/scion_types/include/scion_types/msg/detail/position__traits.hpp
[3.738s] -- Up-to-date: /home/mechatronics/master/Mechatronics-2023/ros2_ws/install/scion_types/include/scion_types/msg/detail/keypoint2_di__traits.hpp
[3.738s] -- Up-to-date: /home/mechatronics/master/Mechatronics-2023/ros2_ws/install/scion_types/include/scion_types/msg/detail/can_frame__builder.hpp
[3.738s] -- Up-to-date: /home/mechatronics/master/Mechatronics-2023/ros2_ws/install/scion_types/include/scion_types/msg/detail/skeleton3_d__builder.hpp
[3.739s] -- Up-to-date: /home/mechatronics/master/Mechatronics-2023/ros2_ws/install/scion_types/include/scion_types/msg/detail/objects_stamped__builder.hpp
[3.739s] -- Up-to-date: /home/mechatronics/master/Mechatronics-2023/ros2_ws/install/scion_types/include/scion_types/msg/detail/bounding_box2_df__builder.hpp
[3.739s] -- Up-to-date: /home/mechatronics/master/Mechatronics-2023/ros2_ws/install/scion_types/include/scion_types/msg/detail/skeleton2_d__traits.hpp
[3.739s] -- Up-to-date: /home/mechatronics/master/Mechatronics-2023/ros2_ws/install/scion_types/include/scion_types/msg/detail/plane_stamped__builder.hpp
[3.739s] -- Up-to-date: /home/mechatronics/master/Mechatronics-2023/ros2_ws/install/scion_types/include/scion_types/msg/detail/bounding_box2_di__struct.hpp
[3.739s] -- Up-to-date: /home/mechatronics/master/Mechatronics-2023/ros2_ws/install/scion_types/include/scion_types/msg/detail/keypoint3_d__struct.hpp
[3.739s] -- Up-to-date: /home/mechatronics/master/Mechatronics-2023/ros2_ws/install/scion_types/include/scion_types/msg/detail/position__builder.hpp
[3.739s] -- Up-to-date: /home/mechatronics/master/Mechatronics-2023/ros2_ws/install/scion_types/include/scion_types/msg/detail/objects_stamped__struct.hpp
[3.739s] -- Up-to-date: /home/mechatronics/master/Mechatronics-2023/ros2_ws/install/scion_types/include/scion_types/msg/detail/bounding_box2_df__struct.hpp
[3.740s] -- Up-to-date: /home/mechatronics/master/Mechatronics-2023/ros2_ws/install/scion_types/include/scion_types/msg/detail/orientation__builder.hpp
[3.740s] -- Up-to-date: /home/mechatronics/master/Mechatronics-2023/ros2_ws/install/scion_types/include/scion_types/msg/detail/objects_stamped__traits.hpp
[3.740s] -- Up-to-date: /home/mechatronics/master/Mechatronics-2023/ros2_ws/install/scion_types/include/scion_types/msg/detail/object__builder.hpp
[3.740s] -- Up-to-date: /home/mechatronics/master/Mechatronics-2023/ros2_ws/install/scion_types/include/scion_types/msg/detail/keypoint2_di__builder.hpp
[3.740s] -- Up-to-date: /home/mechatronics/master/Mechatronics-2023/ros2_ws/install/scion_types/include/scion_types/msg/detail/orientation__traits.hpp
[3.740s] -- Up-to-date: /home/mechatronics/master/Mechatronics-2023/ros2_ws/install/scion_types/include/scion_types/msg/detail/bounding_box2_df__traits.hpp
[3.740s] -- Up-to-date: /home/mechatronics/master/Mechatronics-2023/ros2_ws/install/scion_types/include/scion_types/msg/detail/depth_info_stamped__struct.hpp
[3.740s] -- Up-to-date: /home/mechatronics/master/Mechatronics-2023/ros2_ws/install/scion_types/include/scion_types/msg/detail/bounding_box3_d__struct.hpp
[3.740s] -- Up-to-date: /home/mechatronics/master/Mechatronics-2023/ros2_ws/install/scion_types/include/scion_types/msg/detail/bounding_box3_d__traits.hpp
[3.740s] -- Up-to-date: /home/mechatronics/master/Mechatronics-2023/ros2_ws/install/scion_types/include/scion_types/msg/detail/desired_state__traits.hpp
[3.740s] -- Up-to-date: /home/mechatronics/master/Mechatronics-2023/ros2_ws/install/scion_types/include/scion_types/msg/detail/object__struct.hpp
[3.741s] -- Up-to-date: /home/mechatronics/master/Mechatronics-2023/ros2_ws/install/scion_types/include/scion_types/msg/detail/orientation__struct.hpp
[3.741s] -- Up-to-date: /home/mechatronics/master/Mechatronics-2023/ros2_ws/install/scion_types/include/scion_types/msg/detail/keypoint2_df__traits.hpp
[3.741s] -- Up-to-date: /home/mechatronics/master/Mechatronics-2023/ros2_ws/install/scion_types/include/scion_types/msg/detail/bounding_box2_di__builder.hpp
[3.741s] -- Up-to-date: /home/mechatronics/master/Mechatronics-2023/ros2_ws/install/scion_types/include/scion_types/msg/detail/object__traits.hpp
[3.741s] -- Up-to-date: /home/mechatronics/master/Mechatronics-2023/ros2_ws/install/scion_types/include/scion_types/msg/detail/desired_state__builder.hpp
[3.741s] -- Up-to-date: /home/mechatronics/master/Mechatronics-2023/ros2_ws/install/scion_types/include/scion_types/msg/detail/position__struct.hpp
[3.741s] -- Up-to-date: /home/mechatronics/master/Mechatronics-2023/ros2_ws/install/scion_types/include/scion_types/msg/detail/depth_info_stamped__traits.hpp
[3.741s] -- Up-to-date: /home/mechatronics/master/Mechatronics-2023/ros2_ws/install/scion_types/include/scion_types/msg/detail/skeleton2_d__struct.hpp
[3.741s] -- Up-to-date: /home/mechatronics/master/Mechatronics-2023/ros2_ws/install/scion_types/include/scion_types/msg/detail/plane_stamped__traits.hpp
[3.741s] -- Up-to-date: /home/mechatronics/master/Mechatronics-2023/ros2_ws/install/scion_types/include/scion_types/msg/detail/keypoint2_df__struct.hpp
[3.742s] -- Up-to-date: /home/mechatronics/master/Mechatronics-2023/ros2_ws/install/scion_types/include/scion_types/msg/detail/desired_state__struct.hpp
[3.742s] -- Up-to-date: /home/mechatronics/master/Mechatronics-2023/ros2_ws/install/scion_types/include/scion_types/msg/detail/skeleton2_d__builder.hpp
[3.742s] -- Up-to-date: /home/mechatronics/master/Mechatronics-2023/ros2_ws/install/scion_types/include/scion_types/msg/detail/keypoint2_di__struct.hpp
[3.742s] -- Up-to-date: /home/mechatronics/master/Mechatronics-2023/ros2_ws/install/scion_types/include/scion_types/msg/detail/plane_stamped__struct.hpp
[3.742s] -- Up-to-date: /home/mechatronics/master/Mechatronics-2023/ros2_ws/install/scion_types/include/scion_types/msg/detail/keypoint3_d__traits.hpp
[3.742s] -- Up-to-date: /home/mechatronics/master/Mechatronics-2023/ros2_ws/install/scion_types/include/scion_types/msg/detail/depth_info_stamped__builder.hpp
[3.742s] -- Up-to-date: /home/mechatronics/master/Mechatronics-2023/ros2_ws/install/scion_types/include/scion_types/msg/detail/keypoint3_d__builder.hpp
[3.742s] -- Up-to-date: /home/mechatronics/master/Mechatronics-2023/ros2_ws/install/scion_types/include/scion_types/msg/detail/skeleton3_d__struct.hpp
[3.742s] -- Up-to-date: /home/mechatronics/master/Mechatronics-2023/ros2_ws/install/scion_types/include/scion_types/msg/object.hpp
[3.742s] -- Up-to-date: /home/mechatronics/master/Mechatronics-2023/ros2_ws/install/scion_types/include/scion_types/msg/skeleton2_d.hpp
[3.742s] -- Up-to-date: /home/mechatronics/master/Mechatronics-2023/ros2_ws/install/scion_types/include/scion_types/msg/keypoint2_di.hpp
[3.743s] -- Up-to-date: /home/mechatronics/master/Mechatronics-2023/ros2_ws/install/scion_types/include/scion_types/msg/keypoint3_d.hpp
[3.743s] -- Up-to-date: /home/mechatronics/master/Mechatronics-2023/ros2_ws/install/scion_types/include/scion_types/msg/position.hpp
[3.743s] -- Up-to-date: /home/mechatronics/master/Mechatronics-2023/ros2_ws/install/scion_types/include/scion_types/msg/plane_stamped.hpp
[3.743s] -- Up-to-date: /home/mechatronics/master/Mechatronics-2023/ros2_ws/install/scion_types/include/scion_types/msg/skeleton3_d.hpp
[3.743s] -- Up-to-date: /home/mechatronics/master/Mechatronics-2023/ros2_ws/install/scion_types/include/scion_types/msg/keypoint2_df.hpp
[3.743s] -- Up-to-date: /home/mechatronics/master/Mechatronics-2023/ros2_ws/install/scion_types/include/scion_types/msg/orientation.hpp
[3.743s] -- Up-to-date: /home/mechatronics/master/Mechatronics-2023/ros2_ws/install/scion_types/include/scion_types
[3.743s] -- Up-to-date: /home/mechatronics/master/Mechatronics-2023/ros2_ws/install/scion_types/include/scion_types/srv
[3.743s] -- Up-to-date: /home/mechatronics/master/Mechatronics-2023/ros2_ws/install/scion_types/include/scion_types/srv/detail
[3.743s] -- Up-to-date: /home/mechatronics/master/Mechatronics-2023/ros2_ws/install/scion_types/include/scion_types/srv/detail/send_frame__rosidl_typesupport_introspection_cpp.hpp
[3.743s] -- Up-to-date: /home/mechatronics/master/Mechatronics-2023/ros2_ws/install/scion_types/include/scion_types/srv/detail/send_frame__type_support.cpp
[3.744s] -- Up-to-date: /home/mechatronics/master/Mechatronics-2023/ros2_ws/install/scion_types/include/scion_types/msg
[3.744s] -- Up-to-date: /home/mechatronics/master/Mechatronics-2023/ros2_ws/install/scion_types/include/scion_types/msg/detail
[3.744s] -- Up-to-date: /home/mechatronics/master/Mechatronics-2023/ros2_ws/install/scion_types/include/scion_types/msg/detail/keypoint2_df__rosidl_typesupport_introspection_cpp.hpp
[3.744s] -- Up-to-date: /home/mechatronics/master/Mechatronics-2023/ros2_ws/install/scion_types/include/scion_types/msg/detail/position__rosidl_typesupport_introspection_cpp.hpp
[3.744s] -- Up-to-date: /home/mechatronics/master/Mechatronics-2023/ros2_ws/install/scion_types/include/scion_types/msg/detail/keypoint2_di__rosidl_typesupport_introspection_cpp.hpp
[3.744s] -- Up-to-date: /home/mechatronics/master/Mechatronics-2023/ros2_ws/install/scion_types/include/scion_types/msg/detail/keypoint2_di__type_support.cpp
[3.744s] -- Up-to-date: /home/mechatronics/master/Mechatronics-2023/ros2_ws/install/scion_types/include/scion_types/msg/detail/skeleton3_d__rosidl_typesupport_introspection_cpp.hpp
[3.744s] -- Up-to-date: /home/mechatronics/master/Mechatronics-2023/ros2_ws/install/scion_types/include/scion_types/msg/detail/skeleton2_d__type_support.cpp
[3.744s] -- Up-to-date: /home/mechatronics/master/Mechatronics-2023/ros2_ws/install/scion_types/include/scion_types/msg/detail/bounding_box2_di__type_support.cpp
[3.744s] -- Up-to-date: /home/mechatronics/master/Mechatronics-2023/ros2_ws/install/scion_types/include/scion_types/msg/detail/plane_stamped__type_support.cpp
[3.744s] -- Up-to-date: /home/mechatronics/master/Mechatronics-2023/ros2_ws/install/scion_types/include/scion_types/msg/detail/bounding_box3_d__rosidl_typesupport_introspection_cpp.hpp
[3.745s] -- Up-to-date: /home/mechatronics/master/Mechatronics-2023/ros2_ws/install/scion_types/include/scion_types/msg/detail/depth_info_stamped__type_support.cpp
[3.745s] -- Up-to-date: /home/mechatronics/master/Mechatronics-2023/ros2_ws/install/scion_types/include/scion_types/msg/detail/bounding_box2_df__type_support.cpp
[3.745s] -- Up-to-date: /home/mechatronics/master/Mechatronics-2023/ros2_ws/install/scion_types/include/scion_types/msg/detail/object__type_support.cpp
[3.745s] -- Up-to-date: /home/mechatronics/master/Mechatronics-2023/ros2_ws/install/scion_types/include/scion_types/msg/detail/bounding_box2_di__rosidl_typesupport_introspection_cpp.hpp
[3.745s] -- Up-to-date: /home/mechatronics/master/Mechatronics-2023/ros2_ws/install/scion_types/include/scion_types/msg/detail/objects_stamped__rosidl_typesupport_introspection_cpp.hpp
[3.745s] -- Up-to-date: /home/mechatronics/master/Mechatronics-2023/ros2_ws/install/scion_types/include/scion_types/msg/detail/bounding_box2_df__rosidl_typesupport_introspection_cpp.hpp
[3.745s] -- Up-to-date: /home/mechatronics/master/Mechatronics-2023/ros2_ws/install/scion_types/include/scion_types/msg/detail/can_frame__type_support.cpp
[3.745s] -- Up-to-date: /home/mechatronics/master/Mechatronics-2023/ros2_ws/install/scion_types/include/scion_types/msg/detail/skeleton3_d__type_support.cpp
[3.745s] -- Up-to-date: /home/mechatronics/master/Mechatronics-2023/ros2_ws/install/scion_types/include/scion_types/msg/detail/desired_state__rosidl_typesupport_introspection_cpp.hpp
[3.745s] -- Up-to-date: /home/mechatronics/master/Mechatronics-2023/ros2_ws/install/scion_types/include/scion_types/msg/detail/objects_stamped__type_support.cpp
[3.745s] -- Up-to-date: /home/mechatronics/master/Mechatronics-2023/ros2_ws/install/scion_types/include/scion_types/msg/detail/bounding_box3_d__type_support.cpp
[3.746s] -- Up-to-date: /home/mechatronics/master/Mechatronics-2023/ros2_ws/install/scion_types/include/scion_types/msg/detail/depth_info_stamped__rosidl_typesupport_introspection_cpp.hpp
[3.746s] -- Up-to-date: /home/mechatronics/master/Mechatronics-2023/ros2_ws/install/scion_types/include/scion_types/msg/detail/keypoint3_d__rosidl_typesupport_introspection_cpp.hpp
[3.746s] -- Up-to-date: /home/mechatronics/master/Mechatronics-2023/ros2_ws/install/scion_types/include/scion_types/msg/detail/keypoint2_df__type_support.cpp
[3.746s] -- Up-to-date: /home/mechatronics/master/Mechatronics-2023/ros2_ws/install/scion_types/include/scion_types/msg/detail/position__type_support.cpp
[3.746s] -- Up-to-date: /home/mechatronics/master/Mechatronics-2023/ros2_ws/install/scion_types/include/scion_types/msg/detail/skeleton2_d__rosidl_typesupport_introspection_cpp.hpp
[3.746s] -- Up-to-date: /home/mechatronics/master/Mechatronics-2023/ros2_ws/install/scion_types/include/scion_types/msg/detail/object__rosidl_typesupport_introspection_cpp.hpp
[3.746s] -- Up-to-date: /home/mechatronics/master/Mechatronics-2023/ros2_ws/install/scion_types/include/scion_types/msg/detail/orientation__rosidl_typesupport_introspection_cpp.hpp
[3.746s] -- Up-to-date: /home/mechatronics/master/Mechatronics-2023/ros2_ws/install/scion_types/include/scion_types/msg/detail/desired_state__type_support.cpp
[3.746s] -- Up-to-date: /home/mechatronics/master/Mechatronics-2023/ros2_ws/install/scion_types/include/scion_types/msg/detail/orientation__type_support.cpp
[3.746s] -- Up-to-date: /home/mechatronics/master/Mechatronics-2023/ros2_ws/install/scion_types/include/scion_types/msg/detail/can_frame__rosidl_typesupport_introspection_cpp.hpp
[3.747s] -- Up-to-date: /home/mechatronics/master/Mechatronics-2023/ros2_ws/install/scion_types/include/scion_types/msg/detail/plane_stamped__rosidl_typesupport_introspection_cpp.hpp
[3.747s] -- Up-to-date: /home/mechatronics/master/Mechatronics-2023/ros2_ws/install/scion_types/include/scion_types/msg/detail/keypoint3_d__type_support.cpp
[3.747s] -- Up-to-date: /home/mechatronics/master/Mechatronics-2023/ros2_ws/install/scion_types/lib/libscion_types__rosidl_typesupport_introspection_cpp.so
[3.747s] -- Up-to-date: /home/mechatronics/master/Mechatronics-2023/ros2_ws/install/scion_types/lib/libscion_types__rosidl_typesupport_cpp.so
[3.747s] -- Up-to-date: /home/mechatronics/master/Mechatronics-2023/ros2_ws/install/scion_types/share/scion_types/environment/pythonpath.sh
[3.747s] -- Installing: /home/mechatronics/master/Mechatronics-2023/ros2_ws/install/scion_types/share/scion_types/environment/pythonpath.dsv
[3.747s] -- Installing: /home/mechatronics/master/Mechatronics-2023/ros2_ws/install/scion_types/lib/python3.8/site-packages/scion_types/__init__.py
[3.805s] Compiling '/home/mechatronics/master/Mechatronics-2023/ros2_ws/install/scion_types/lib/python3.8/site-packages/scion_types/__init__.py'...
[3.815s] -- Up-to-date: /home/mechatronics/master/Mechatronics-2023/ros2_ws/install/scion_types/lib/python3.8/site-packages/scion_types/msg
[3.816s] -- Up-to-date: /home/mechatronics/master/Mechatronics-2023/ros2_ws/install/scion_types/lib/python3.8/site-packages/scion_types/msg/_skeleton2_d.py
[3.816s] -- Up-to-date: /home/mechatronics/master/Mechatronics-2023/ros2_ws/install/scion_types/lib/python3.8/site-packages/scion_types/msg/_position_s.c
[3.816s] -- Up-to-date: /home/mechatronics/master/Mechatronics-2023/ros2_ws/install/scion_types/lib/python3.8/site-packages/scion_types/msg/_orientation_s.c
[3.816s] -- Up-to-date: /home/mechatronics/master/Mechatronics-2023/ros2_ws/install/scion_types/lib/python3.8/site-packages/scion_types/msg/_bounding_box2_di.py
[3.816s] -- Up-to-date: /home/mechatronics/master/Mechatronics-2023/ros2_ws/install/scion_types/lib/python3.8/site-packages/scion_types/msg/_desired_state_s.c
[3.816s] -- Up-to-date: /home/mechatronics/master/Mechatronics-2023/ros2_ws/install/scion_types/lib/python3.8/site-packages/scion_types/msg/_plane_stamped_s.c
[3.817s] -- Up-to-date: /home/mechatronics/master/Mechatronics-2023/ros2_ws/install/scion_types/lib/python3.8/site-packages/scion_types/msg/_can_frame.py
[3.817s] -- Up-to-date: /home/mechatronics/master/Mechatronics-2023/ros2_ws/install/scion_types/lib/python3.8/site-packages/scion_types/msg/__init__.py
[3.817s] -- Up-to-date: /home/mechatronics/master/Mechatronics-2023/ros2_ws/install/scion_types/lib/python3.8/site-packages/scion_types/msg/_objects_stamped_s.c
[3.817s] -- Up-to-date: /home/mechatronics/master/Mechatronics-2023/ros2_ws/install/scion_types/lib/python3.8/site-packages/scion_types/msg/_bounding_box3_d_s.c
[3.817s] -- Up-to-date: /home/mechatronics/master/Mechatronics-2023/ros2_ws/install/scion_types/lib/python3.8/site-packages/scion_types/msg/_desired_state.py
[3.817s] -- Up-to-date: /home/mechatronics/master/Mechatronics-2023/ros2_ws/install/scion_types/lib/python3.8/site-packages/scion_types/msg/_position.py
[3.817s] -- Up-to-date: /home/mechatronics/master/Mechatronics-2023/ros2_ws/install/scion_types/lib/python3.8/site-packages/scion_types/msg/_skeleton3_d.py
[3.817s] -- Up-to-date: /home/mechatronics/master/Mechatronics-2023/ros2_ws/install/scion_types/lib/python3.8/site-packages/scion_types/msg/_keypoint3_d_s.c
[3.817s] -- Up-to-date: /home/mechatronics/master/Mechatronics-2023/ros2_ws/install/scion_types/lib/python3.8/site-packages/scion_types/msg/_depth_info_stamped_s.c
[3.818s] -- Up-to-date: /home/mechatronics/master/Mechatronics-2023/ros2_ws/install/scion_types/lib/python3.8/site-packages/scion_types/msg/_bounding_box3_d.py
[3.818s] -- Up-to-date: /home/mechatronics/master/Mechatronics-2023/ros2_ws/install/scion_types/lib/python3.8/site-packages/scion_types/msg/_can_frame_s.c
[3.818s] -- Up-to-date: /home/mechatronics/master/Mechatronics-2023/ros2_ws/install/scion_types/lib/python3.8/site-packages/scion_types/msg/_objects_stamped.py
[3.818s] -- Up-to-date: /home/mechatronics/master/Mechatronics-2023/ros2_ws/install/scion_types/lib/python3.8/site-packages/scion_types/msg/_bounding_box2_df_s.c
[3.818s] -- Up-to-date: /home/mechatronics/master/Mechatronics-2023/ros2_ws/install/scion_types/lib/python3.8/site-packages/scion_types/msg/_keypoint2_di_s.c
[3.818s] -- Up-to-date: /home/mechatronics/master/Mechatronics-2023/ros2_ws/install/scion_types/lib/python3.8/site-packages/scion_types/msg/_object_s.c
[3.818s] -- Up-to-date: /home/mechatronics/master/Mechatronics-2023/ros2_ws/install/scion_types/lib/python3.8/site-packages/scion_types/msg/_skeleton2_d_s.c
[3.818s] -- Up-to-date: /home/mechatronics/master/Mechatronics-2023/ros2_ws/install/scion_types/lib/python3.8/site-packages/scion_types/msg/_depth_info_stamped.py
[3.818s] -- Up-to-date: /home/mechatronics/master/Mechatronics-2023/ros2_ws/install/scion_types/lib/python3.8/site-packages/scion_types/msg/_plane_stamped.py
[3.818s] -- Up-to-date: /home/mechatronics/master/Mechatronics-2023/ros2_ws/install/scion_types/lib/python3.8/site-packages/scion_types/msg/_skeleton3_d_s.c
[3.819s] -- Up-to-date: /home/mechatronics/master/Mechatronics-2023/ros2_ws/install/scion_types/lib/python3.8/site-packages/scion_types/msg/_bounding_box2_df.py
[3.819s] -- Up-to-date: /home/mechatronics/master/Mechatronics-2023/ros2_ws/install/scion_types/lib/python3.8/site-packages/scion_types/msg/_orientation.py
[3.819s] -- Up-to-date: /home/mechatronics/master/Mechatronics-2023/ros2_ws/install/scion_types/lib/python3.8/site-packages/scion_types/msg/_keypoint2_di.py
[3.819s] -- Up-to-date: /home/mechatronics/master/Mechatronics-2023/ros2_ws/install/scion_types/lib/python3.8/site-packages/scion_types/msg/_keypoint3_d.py
[3.819s] -- Up-to-date: /home/mechatronics/master/Mechatronics-2023/ros2_ws/install/scion_types/lib/python3.8/site-packages/scion_types/msg/_object.py
[3.819s] -- Up-to-date: /home/mechatronics/master/Mechatronics-2023/ros2_ws/install/scion_types/lib/python3.8/site-packages/scion_types/msg/_keypoint2_df_s.c
[3.819s] -- Up-to-date: /home/mechatronics/master/Mechatronics-2023/ros2_ws/install/scion_types/lib/python3.8/site-packages/scion_types/msg/_bounding_box2_di_s.c
[3.819s] -- Up-to-date: /home/mechatronics/master/Mechatronics-2023/ros2_ws/install/scion_types/lib/python3.8/site-packages/scion_types/msg/_keypoint2_df.py
[3.819s] -- Up-to-date: /home/mechatronics/master/Mechatronics-2023/ros2_ws/install/scion_types/lib/python3.8/site-packages/scion_types/srv
[3.819s] -- Up-to-date: /home/mechatronics/master/Mechatronics-2023/ros2_ws/install/scion_types/lib/python3.8/site-packages/scion_types/srv/__init__.py
[3.819s] -- Up-to-date: /home/mechatronics/master/Mechatronics-2023/ros2_ws/install/scion_types/lib/python3.8/site-packages/scion_types/srv/_send_frame.py
[3.820s] -- Up-to-date: /home/mechatronics/master/Mechatronics-2023/ros2_ws/install/scion_types/lib/python3.8/site-packages/scion_types/srv/_send_frame_s.c
[3.820s] -- Up-to-date: /home/mechatronics/master/Mechatronics-2023/ros2_ws/install/scion_types/lib/python3.8/site-packages/scion_types/scion_types_s__rosidl_typesupport_fastrtps_c.cpython-38-aarch64-linux-gnu.so
[3.820s] -- Up-to-date: /home/mechatronics/master/Mechatronics-2023/ros2_ws/install/scion_types/lib/python3.8/site-packages/scion_types/scion_types_s__rosidl_typesupport_introspection_c.cpython-38-aarch64-linux-gnu.so
[3.820s] -- Up-to-date: /home/mechatronics/master/Mechatronics-2023/ros2_ws/install/scion_types/lib/python3.8/site-packages/scion_types/scion_types_s__rosidl_typesupport_c.cpython-38-aarch64-linux-gnu.so
[3.820s] -- Up-to-date: /home/mechatronics/master/Mechatronics-2023/ros2_ws/install/scion_types/lib/libscion_types__python.so
[3.820s] -- Up-to-date: /home/mechatronics/master/Mechatronics-2023/ros2_ws/install/scion_types/share/scion_types/msg/CanFrame.idl
[3.820s] -- Up-to-date: /home/mechatronics/master/Mechatronics-2023/ros2_ws/install/scion_types/share/scion_types/msg/Orientation.idl
[3.820s] -- Up-to-date: /home/mechatronics/master/Mechatronics-2023/ros2_ws/install/scion_types/share/scion_types/msg/DesiredState.idl
[3.821s] -- Up-to-date: /home/mechatronics/master/Mechatronics-2023/ros2_ws/install/scion_types/share/scion_types/msg/Position.idl
[3.821s] -- Up-to-date: /home/mechatronics/master/Mechatronics-2023/ros2_ws/install/scion_types/share/scion_types/msg/BoundingBox2Df.idl
[3.821s] -- Up-to-date: /home/mechatronics/master/Mechatronics-2023/ros2_ws/install/scion_types/share/scion_types/msg/BoundingBox2Di.idl
[3.821s] -- Up-to-date: /home/mechatronics/master/Mechatronics-2023/ros2_ws/install/scion_types/share/scion_types/msg/BoundingBox3D.idl
[3.821s] -- Up-to-date: /home/mechatronics/master/Mechatronics-2023/ros2_ws/install/scion_types/share/scion_types/msg/Keypoint2Df.idl
[3.821s] -- Up-to-date: /home/mechatronics/master/Mechatronics-2023/ros2_ws/install/scion_types/share/scion_types/msg/Keypoint2Di.idl
[3.821s] -- Up-to-date: /home/mechatronics/master/Mechatronics-2023/ros2_ws/install/scion_types/share/scion_types/msg/Keypoint3D.idl
[3.821s] -- Up-to-date: /home/mechatronics/master/Mechatronics-2023/ros2_ws/install/scion_types/share/scion_types/msg/Object.idl
[3.821s] -- Up-to-date: /home/mechatronics/master/Mechatronics-2023/ros2_ws/install/scion_types/share/scion_types/msg/ObjectsStamped.idl
[3.822s] -- Up-to-date: /home/mechatronics/master/Mechatronics-2023/ros2_ws/install/scion_types/share/scion_types/msg/PlaneStamped.idl
[3.822s] -- Up-to-date: /home/mechatronics/master/Mechatronics-2023/ros2_ws/install/scion_types/share/scion_types/msg/DepthInfoStamped.idl
[3.822s] -- Up-to-date: /home/mechatronics/master/Mechatronics-2023/ros2_ws/install/scion_types/share/scion_types/msg/Skeleton2D.idl
[3.822s] -- Up-to-date: /home/mechatronics/master/Mechatronics-2023/ros2_ws/install/scion_types/share/scion_types/msg/Skeleton3D.idl
[3.822s] -- Up-to-date: /home/mechatronics/master/Mechatronics-2023/ros2_ws/install/scion_types/share/scion_types/srv/SendFrame.idl
[3.822s] -- Up-to-date: /home/mechatronics/master/Mechatronics-2023/ros2_ws/install/scion_types/share/scion_types/msg/CanFrame.msg
[3.822s] -- Up-to-date: /home/mechatronics/master/Mechatronics-2023/ros2_ws/install/scion_types/share/scion_types/msg/Orientation.msg
[3.822s] -- Up-to-date: /home/mechatronics/master/Mechatronics-2023/ros2_ws/install/scion_types/share/scion_types/msg/DesiredState.msg
[3.823s] -- Up-to-date: /home/mechatronics/master/Mechatronics-2023/ros2_ws/install/scion_types/share/scion_types/msg/Position.msg
[3.823s] -- Up-to-date: /home/mechatronics/master/Mechatronics-2023/ros2_ws/install/scion_types/share/scion_types/msg/BoundingBox2Df.msg
[3.823s] -- Up-to-date: /home/mechatronics/master/Mechatronics-2023/ros2_ws/install/scion_types/share/scion_types/msg/BoundingBox2Di.msg
[3.823s] -- Up-to-date: /home/mechatronics/master/Mechatronics-2023/ros2_ws/install/scion_types/share/scion_types/msg/BoundingBox3D.msg
[3.823s] -- Up-to-date: /home/mechatronics/master/Mechatronics-2023/ros2_ws/install/scion_types/share/scion_types/msg/Keypoint2Df.msg
[3.823s] -- Up-to-date: /home/mechatronics/master/Mechatronics-2023/ros2_ws/install/scion_types/share/scion_types/msg/Keypoint2Di.msg
[3.823s] -- Up-to-date: /home/mechatronics/master/Mechatronics-2023/ros2_ws/install/scion_types/share/scion_types/msg/Keypoint3D.msg
[3.823s] -- Up-to-date: /home/mechatronics/master/Mechatronics-2023/ros2_ws/install/scion_types/share/scion_types/msg/Object.msg
[3.824s] -- Up-to-date: /home/mechatronics/master/Mechatronics-2023/ros2_ws/install/scion_types/share/scion_types/msg/ObjectsStamped.msg
[3.824s] -- Up-to-date: /home/mechatronics/master/Mechatronics-2023/ros2_ws/install/scion_types/share/scion_types/msg/PlaneStamped.msg
[3.824s] -- Up-to-date: /home/mechatronics/master/Mechatronics-2023/ros2_ws/install/scion_types/share/scion_types/msg/DepthInfoStamped.msg
[3.824s] -- Up-to-date: /home/mechatronics/master/Mechatronics-2023/ros2_ws/install/scion_types/share/scion_types/msg/Skeleton2D.msg
[3.824s] -- Up-to-date: /home/mechatronics/master/Mechatronics-2023/ros2_ws/install/scion_types/share/scion_types/msg/Skeleton3D.msg
[3.824s] -- Up-to-date: /home/mechatronics/master/Mechatronics-2023/ros2_ws/install/scion_types/share/scion_types/srv/SendFrame.srv
[3.824s] -- Up-to-date: /home/mechatronics/master/Mechatronics-2023/ros2_ws/install/scion_types/share/scion_types/srv/SendFrame_Request.msg
[3.824s] -- Up-to-date: /home/mechatronics/master/Mechatronics-2023/ros2_ws/install/scion_types/share/scion_types/srv/SendFrame_Response.msg
[3.824s] -- Up-to-date: /home/mechatronics/master/Mechatronics-2023/ros2_ws/install/scion_types/share/ament_index/resource_index/package_run_dependencies/scion_types
[3.824s] -- Up-to-date: /home/mechatronics/master/Mechatronics-2023/ros2_ws/install/scion_types/share/ament_index/resource_index/parent_prefix_path/scion_types
[3.825s] -- Up-to-date: /home/mechatronics/master/Mechatronics-2023/ros2_ws/install/scion_types/share/scion_types/environment/ament_prefix_path.sh
[3.825s] -- Installing: /home/mechatronics/master/Mechatronics-2023/ros2_ws/install/scion_types/share/scion_types/environment/ament_prefix_path.dsv
[3.825s] -- Up-to-date: /home/mechatronics/master/Mechatronics-2023/ros2_ws/install/scion_types/share/scion_types/environment/path.sh
[3.825s] -- Installing: /home/mechatronics/master/Mechatronics-2023/ros2_ws/install/scion_types/share/scion_types/environment/path.dsv
[3.825s] -- Up-to-date: /home/mechatronics/master/Mechatronics-2023/ros2_ws/install/scion_types/share/scion_types/local_setup.bash
[3.825s] -- Up-to-date: /home/mechatronics/master/Mechatronics-2023/ros2_ws/install/scion_types/share/scion_types/local_setup.sh
[3.825s] -- Up-to-date: /home/mechatronics/master/Mechatronics-2023/ros2_ws/install/scion_types/share/scion_types/local_setup.zsh
[3.825s] -- Installing: /home/mechatronics/master/Mechatronics-2023/ros2_ws/install/scion_types/share/scion_types/local_setup.dsv
[3.825s] -- Installing: /home/mechatronics/master/Mechatronics-2023/ros2_ws/install/scion_types/share/scion_types/package.dsv
[3.826s] -- Up-to-date: /home/mechatronics/master/Mechatronics-2023/ros2_ws/install/scion_types/share/ament_index/resource_index/packages/scion_types
[3.826s] -- Up-to-date: /home/mechatronics/master/Mechatronics-2023/ros2_ws/install/scion_types/share/scion_types/cmake/scion_types__rosidl_generator_cExport.cmake
[3.826s] -- Installing: /home/mechatronics/master/Mechatronics-2023/ros2_ws/install/scion_types/share/scion_types/cmake/scion_types__rosidl_generator_cExport-noconfig.cmake
[3.827s] -- Up-to-date: /home/mechatronics/master/Mechatronics-2023/ros2_ws/install/scion_types/share/scion_types/cmake/scion_types__rosidl_typesupport_introspection_cExport.cmake
[3.827s] -- Installing: /home/mechatronics/master/Mechatronics-2023/ros2_ws/install/scion_types/share/scion_types/cmake/scion_types__rosidl_typesupport_introspection_cExport-noconfig.cmake
[3.827s] -- Up-to-date: /home/mechatronics/master/Mechatronics-2023/ros2_ws/install/scion_types/share/scion_types/cmake/scion_types__rosidl_typesupport_cExport.cmake
[3.827s] -- Installing: /home/mechatronics/master/Mechatronics-2023/ros2_ws/install/scion_types/share/scion_types/cmake/scion_types__rosidl_typesupport_cExport-noconfig.cmake
[3.828s] -- Up-to-date: /home/mechatronics/master/Mechatronics-2023/ros2_ws/install/scion_types/share/scion_types/cmake/scion_types__rosidl_generator_cppExport.cmake
[3.828s] -- Up-to-date: /home/mechatronics/master/Mechatronics-2023/ros2_ws/install/scion_types/share/scion_types/cmake/scion_types__rosidl_typesupport_introspection_cppExport.cmake
[3.828s] -- Installing: /home/mechatronics/master/Mechatronics-2023/ros2_ws/install/scion_types/share/scion_types/cmake/scion_types__rosidl_typesupport_introspection_cppExport-noconfig.cmake
[3.829s] -- Up-to-date: /home/mechatronics/master/Mechatronics-2023/ros2_ws/install/scion_types/share/scion_types/cmake/scion_types__rosidl_typesupport_cppExport.cmake
[3.829s] -- Installing: /home/mechatronics/master/Mechatronics-2023/ros2_ws/install/scion_types/share/scion_types/cmake/scion_types__rosidl_typesupport_cppExport-noconfig.cmake
[3.829s] -- Up-to-date: /home/mechatronics/master/Mechatronics-2023/ros2_ws/install/scion_types/share/scion_types/cmake/rosidl_cmake-extras.cmake
[3.829s] -- Up-to-date: /home/mechatronics/master/Mechatronics-2023/ros2_ws/install/scion_types/share/scion_types/cmake/ament_cmake_export_dependencies-extras.cmake
[3.829s] -- Up-to-date: /home/mechatronics/master/Mechatronics-2023/ros2_ws/install/scion_types/share/scion_types/cmake/ament_cmake_export_libraries-extras.cmake
[3.829s] -- Up-to-date: /home/mechatronics/master/Mechatronics-2023/ros2_ws/install/scion_types/share/scion_types/cmake/ament_cmake_export_targets-extras.cmake
[3.830s] -- Up-to-date: /home/mechatronics/master/Mechatronics-2023/ros2_ws/install/scion_types/share/scion_types/cmake/ament_cmake_export_include_directories-extras.cmake
[3.830s] -- Up-to-date: /home/mechatronics/master/Mechatronics-2023/ros2_ws/install/scion_types/share/scion_types/cmake/rosidl_cmake_export_typesupport_libraries-extras.cmake
[3.830s] -- Up-to-date: /home/mechatronics/master/Mechatronics-2023/ros2_ws/install/scion_types/share/scion_types/cmake/rosidl_cmake_export_typesupport_targets-extras.cmake
[3.830s] -- Up-to-date: /home/mechatronics/master/Mechatronics-2023/ros2_ws/install/scion_types/share/scion_types/cmake/scion_typesConfig.cmake
[3.830s] -- Up-to-date: /home/mechatronics/master/Mechatronics-2023/ros2_ws/install/scion_types/share/scion_types/cmake/scion_typesConfig-version.cmake
[3.830s] -- Up-to-date: /home/mechatronics/master/Mechatronics-2023/ros2_ws/install/scion_types/share/scion_types/package.xml
[3.846s] Invoked command in '/home/mechatronics/master/Mechatronics-2023/ros2_ws/build/scion_types' returned '0': CMAKE_PREFIX_PATH=${CMAKE_PREFIX_PATH}:/home/mechatronics/master/Mechatronics-2023/ros2_ws/install/zed_vision_node:/home/mechatronics/master/Mechatronics-2023/ros2_ws/install/ahrs_node:/home/mechatronics/master/Mechatronics-2023/install/zed_vision_node:/home/mechatronics/master/Mechatronics-2023/install/ahrs_node:/home/mechatronics/junebug_workspace/install/zed_temp:/home/mechatronics/junebug_workspace/install/zed_imu2:/home/mechatronics/junebug_workspace/install/zed_imu:/home/mechatronics/junebug_workspace/install/top_view_package:/home/mechatronics/junebug_workspace/install/py_pubsub:/home/mechatronics/junebug_workspace/install/object_detection_package:/home/mechatronics/junebug_workspace/install/mapping_package:/home/mechatronics/junebug_workspace/install/depth_package:/home/mechatronics/junebug_workspace/install/controller_translator:/home/mechatronics/junebug_workspace/install/cam_track_package:/home/mechatronics/junebug_workspace/install/body_track_package:/home/mechatronics/junebug_workspace/install/ahr:/opt/ros/foxy /usr/bin/cmake --install /home/mechatronics/master/Mechatronics-2023/ros2_ws/build/scion_types
