Determining if the function sgemm_ exists failed with the following output:
Change Dir: /home/mechatronics/junebug_workspace/build/ZED_Tutorial_1/CMakeFiles/CMakeTmp

Run Build Command(s):/usr/bin/make cmTC_47197/fast && /usr/bin/make -f CMakeFiles/cmTC_47197.dir/build.make CMakeFiles/cmTC_47197.dir/build
make[1]: Entering directory '/home/mechatronics/junebug_workspace/build/ZED_Tutorial_1/CMakeFiles/CMakeTmp'
Building C object CMakeFiles/cmTC_47197.dir/CheckFunctionExists.c.o
/usr/bin/cc   -DCHECK_FUNCTION_EXISTS=sgemm_   -o CMakeFiles/cmTC_47197.dir/CheckFunctionExists.c.o   -c /usr/share/cmake-3.16/Modules/CheckFunctionExists.c
Linking C executable cmTC_47197
/usr/bin/cmake -E cmake_link_script CMakeFiles/cmTC_47197.dir/link.txt --verbose=1
/usr/bin/cc  -DCHECK_FUNCTION_EXISTS=sgemm_    CMakeFiles/cmTC_47197.dir/CheckFunctionExists.c.o  -o cmTC_47197 
/usr/bin/ld: CMakeFiles/cmTC_47197.dir/CheckFunctionExists.c.o: in function `main':
CheckFunctionExists.c:(.text+0x10): undefined reference to `sgemm_'
collect2: error: ld returned 1 exit status
make[1]: *** [CMakeFiles/cmTC_47197.dir/build.make:87: cmTC_47197] Error 1
make[1]: Leaving directory '/home/mechatronics/junebug_workspace/build/ZED_Tutorial_1/CMakeFiles/CMakeTmp'
make: *** [Makefile:121: cmTC_47197/fast] Error 2



Performing C SOURCE FILE Test CMAKE_HAVE_LIBC_PTHREAD failed with the following output:
Change Dir: /home/mechatronics/junebug_workspace/build/ZED_Tutorial_1/CMakeFiles/CMakeTmp

Run Build Command(s):/usr/bin/make cmTC_20b26/fast && /usr/bin/make -f CMakeFiles/cmTC_20b26.dir/build.make CMakeFiles/cmTC_20b26.dir/build
make[1]: Entering directory '/home/mechatronics/junebug_workspace/build/ZED_Tutorial_1/CMakeFiles/CMakeTmp'
Building C object CMakeFiles/cmTC_20b26.dir/src.c.o
/usr/bin/cc   -DCMAKE_HAVE_LIBC_PTHREAD   -o CMakeFiles/cmTC_20b26.dir/src.c.o   -c /home/mechatronics/junebug_workspace/build/ZED_Tutorial_1/CMakeFiles/CMakeTmp/src.c
Linking C executable cmTC_20b26
/usr/bin/cmake -E cmake_link_script CMakeFiles/cmTC_20b26.dir/link.txt --verbose=1
/usr/bin/cc  -DCMAKE_HAVE_LIBC_PTHREAD    CMakeFiles/cmTC_20b26.dir/src.c.o  -o cmTC_20b26 
/usr/bin/ld: CMakeFiles/cmTC_20b26.dir/src.c.o: in function `main':
src.c:(.text+0x48): undefined reference to `pthread_create'
/usr/bin/ld: src.c:(.text+0x50): undefined reference to `pthread_detach'
/usr/bin/ld: src.c:(.text+0x5c): undefined reference to `pthread_join'
collect2: error: ld returned 1 exit status
make[1]: *** [CMakeFiles/cmTC_20b26.dir/build.make:87: cmTC_20b26] Error 1
make[1]: Leaving directory '/home/mechatronics/junebug_workspace/build/ZED_Tutorial_1/CMakeFiles/CMakeTmp'
make: *** [Makefile:121: cmTC_20b26/fast] Error 2


Source file was:
#include <pthread.h>

void* test_func(void* data)
{
  return data;
}

int main(void)
{
  pthread_t thread;
  pthread_create(&thread, NULL, test_func, NULL);
  pthread_detach(thread);
  pthread_join(thread, NULL);
  pthread_atfork(NULL, NULL, NULL);
  pthread_exit(NULL);

  return 0;
}

Determining if the function pthread_create exists in the pthreads failed with the following output:
Change Dir: /home/mechatronics/junebug_workspace/build/ZED_Tutorial_1/CMakeFiles/CMakeTmp

Run Build Command(s):/usr/bin/make cmTC_8d3c6/fast && /usr/bin/make -f CMakeFiles/cmTC_8d3c6.dir/build.make CMakeFiles/cmTC_8d3c6.dir/build
make[1]: Entering directory '/home/mechatronics/junebug_workspace/build/ZED_Tutorial_1/CMakeFiles/CMakeTmp'
Building C object CMakeFiles/cmTC_8d3c6.dir/CheckFunctionExists.c.o
/usr/bin/cc   -DCHECK_FUNCTION_EXISTS=pthread_create   -o CMakeFiles/cmTC_8d3c6.dir/CheckFunctionExists.c.o   -c /usr/share/cmake-3.16/Modules/CheckFunctionExists.c
Linking C executable cmTC_8d3c6
/usr/bin/cmake -E cmake_link_script CMakeFiles/cmTC_8d3c6.dir/link.txt --verbose=1
/usr/bin/cc  -DCHECK_FUNCTION_EXISTS=pthread_create    CMakeFiles/cmTC_8d3c6.dir/CheckFunctionExists.c.o  -o cmTC_8d3c6  -lpthreads 
/usr/bin/ld: cannot find -lpthreads
collect2: error: ld returned 1 exit status
make[1]: *** [CMakeFiles/cmTC_8d3c6.dir/build.make:87: cmTC_8d3c6] Error 1
make[1]: Leaving directory '/home/mechatronics/junebug_workspace/build/ZED_Tutorial_1/CMakeFiles/CMakeTmp'
make: *** [Makefile:121: cmTC_8d3c6/fast] Error 2



