-- The C compiler identification is GNU 9.4.0
-- The CXX compiler identification is GNU 9.4.0
-- Check for working C compiler: /usr/bin/cc
-- Check for working C compiler: /usr/bin/cc -- works
-- Detecting C compiler ABI info
-- Detecting C compiler ABI info - done
-- Detecting C compile features
-- Detecting C compile features - done
-- Check for working CXX compiler: /usr/bin/c++
-- Check for working CXX compiler: /usr/bin/c++ -- works
-- Detecting CXX compiler ABI info
-- Detecting CXX compiler ABI info - done
-- Detecting CXX compile features
-- Detecting CXX compile features - done
-- Found ament_cmake: 0.9.11 (/opt/ros/foxy/share/ament_cmake/cmake)
-- Found PythonInterp: /usr/bin/python3 (found suitable version "3.8.10", minimum required is "3") 
-- Using PYTHON_EXECUTABLE: /usr/bin/python3
-- Found rclcpp: 2.4.2 (/opt/ros/foxy/share/rclcpp/cmake)
-- Using all available rosidl_typesupport_c: rosidl_typesupport_fastrtps_c;rosidl_typesupport_introspection_c
-- Found rosidl_adapter: 1.3.0 (/opt/ros/foxy/share/rosidl_adapter/cmake)
-- Found OpenSSL: /usr/lib/aarch64-linux-gnu/libcrypto.so (found version "1.1.1f")  
-- Found FastRTPS: /opt/ros/foxy/include  
-- Using all available rosidl_typesupport_cpp: rosidl_typesupport_fastrtps_cpp;rosidl_typesupport_introspection_cpp
-- Found rmw_implementation_cmake: 1.0.3 (/opt/ros/foxy/share/rmw_implementation_cmake/cmake)
-- Using RMW implementation 'rmw_fastrtps_cpp' as default
-- Looking for pthread.h
-- Looking for pthread.h - found
-- Performing Test CMAKE_HAVE_LIBC_PTHREAD
-- Performing Test CMAKE_HAVE_LIBC_PTHREAD - Failed
-- Looking for pthread_create in pthreads
-- Looking for pthread_create in pthreads - not found
-- Looking for pthread_create in pthread
-- Looking for pthread_create in pthread - found
-- Found Threads: TRUE  
-- Found scion_types: 0.0.0 (/home/mechatronics/master/Mechatronics-2023/install/scion_types/share/scion_types/cmake)
-- Found can2ros_driver: 0.0.2 (/home/mechatronics/master/Mechatronics-2023/install/can2ros_driver/share/can2ros_driver/cmake)
-- Configuring done
-- Generating done
-- Build files have been written to: /home/mechatronics/master/Mechatronics-2023/ros2_ws/build/dres_ms5837_decode
[35m[1mScanning dependencies of target dres_ms5837_decode[0m
[ 25%] [32mBuilding CXX object CMakeFiles/dres_ms5837_decode.dir/src/dres_decode_node.cpp.o[0m
[ 50%] [32mBuilding CXX object CMakeFiles/dres_ms5837_decode.dir/src/mbox_can.cpp.o[0m
[ 75%] [32mBuilding CXX object CMakeFiles/dres_ms5837_decode.dir/src/ms5837_handler.cpp.o[0m
[100%] [32m[1mLinking CXX executable dres_ms5837_decode[0m
[100%] Built target dres_ms5837_decode
-- Install configuration: ""
-- Installing: /home/mechatronics/master/Mechatronics-2023/ros2_ws/install/dres_ms5837_decode/lib/dres_ms5837_decode/dres_ms5837_decode
-- Set runtime path of "/home/mechatronics/master/Mechatronics-2023/ros2_ws/install/dres_ms5837_decode/lib/dres_ms5837_decode/dres_ms5837_decode" to ""
-- Installing: /home/mechatronics/master/Mechatronics-2023/ros2_ws/install/dres_ms5837_decode/share/ament_index/resource_index/package_run_dependencies/dres_ms5837_decode
-- Installing: /home/mechatronics/master/Mechatronics-2023/ros2_ws/install/dres_ms5837_decode/share/ament_index/resource_index/parent_prefix_path/dres_ms5837_decode
-- Installing: /home/mechatronics/master/Mechatronics-2023/ros2_ws/install/dres_ms5837_decode/share/dres_ms5837_decode/environment/ament_prefix_path.sh
-- Installing: /home/mechatronics/master/Mechatronics-2023/ros2_ws/install/dres_ms5837_decode/share/dres_ms5837_decode/environment/ament_prefix_path.dsv
-- Installing: /home/mechatronics/master/Mechatronics-2023/ros2_ws/install/dres_ms5837_decode/share/dres_ms5837_decode/environment/path.sh
-- Installing: /home/mechatronics/master/Mechatronics-2023/ros2_ws/install/dres_ms5837_decode/share/dres_ms5837_decode/environment/path.dsv
-- Installing: /home/mechatronics/master/Mechatronics-2023/ros2_ws/install/dres_ms5837_decode/share/dres_ms5837_decode/local_setup.bash
-- Installing: /home/mechatronics/master/Mechatronics-2023/ros2_ws/install/dres_ms5837_decode/share/dres_ms5837_decode/local_setup.sh
-- Installing: /home/mechatronics/master/Mechatronics-2023/ros2_ws/install/dres_ms5837_decode/share/dres_ms5837_decode/local_setup.zsh
-- Installing: /home/mechatronics/master/Mechatronics-2023/ros2_ws/install/dres_ms5837_decode/share/dres_ms5837_decode/local_setup.dsv
-- Installing: /home/mechatronics/master/Mechatronics-2023/ros2_ws/install/dres_ms5837_decode/share/dres_ms5837_decode/package.dsv
-- Installing: /home/mechatronics/master/Mechatronics-2023/ros2_ws/install/dres_ms5837_decode/share/ament_index/resource_index/packages/dres_ms5837_decode
-- Installing: /home/mechatronics/master/Mechatronics-2023/ros2_ws/install/dres_ms5837_decode/share/dres_ms5837_decode/cmake/dres_ms5837_decodeConfig.cmake
-- Installing: /home/mechatronics/master/Mechatronics-2023/ros2_ws/install/dres_ms5837_decode/share/dres_ms5837_decode/cmake/dres_ms5837_decodeConfig-version.cmake
-- Installing: /home/mechatronics/master/Mechatronics-2023/ros2_ws/install/dres_ms5837_decode/share/dres_ms5837_decode/package.xml
