[0.576s] Invoking command in '/home/mechatronics/master/Mechatronics-2023/ros2_ws/build/dres_ms5837_decode': CMAKE_PREFIX_PATH=${CMAKE_PREFIX_PATH}:/home/mechatronics/master/Mechatronics-2023/install/zed_vision_node:/home/mechatronics/master/Mechatronics-2023/install/ahrs_node:/home/mechatronics/junebug_workspace/install/zed_temp:/home/mechatronics/junebug_workspace/install/zed_imu2:/home/mechatronics/junebug_workspace/install/zed_imu:/home/mechatronics/junebug_workspace/install/top_view_package:/home/mechatronics/junebug_workspace/install/py_pubsub:/home/mechatronics/junebug_workspace/install/object_detection_package:/home/mechatronics/junebug_workspace/install/mapping_package:/home/mechatronics/junebug_workspace/install/depth_package:/home/mechatronics/junebug_workspace/install/controller_translator:/home/mechatronics/junebug_workspace/install/cam_track_package:/home/mechatronics/junebug_workspace/install/body_track_package:/home/mechatronics/junebug_workspace/install/ahr:/opt/ros/foxy /usr/bin/cmake /home/mechatronics/master/Mechatronics-2023/ros2_ws/src/dres_ms5837_decode -DCMAKE_INSTALL_PREFIX=/home/mechatronics/master/Mechatronics-2023/ros2_ws/install/dres_ms5837_decode
[0.663s] -- The C compiler identification is GNU 9.4.0
[0.753s] -- The CXX compiler identification is GNU 9.4.0
[0.762s] -- Check for working C compiler: /usr/bin/cc
[0.886s] -- Check for working C compiler: /usr/bin/cc -- works
[0.887s] -- Detecting C compiler ABI info
[1.006s] -- Detecting C compiler ABI info - done
[1.019s] -- Detecting C compile features
[1.020s] -- Detecting C compile features - done
[1.023s] -- Check for working CXX compiler: /usr/bin/c++
[1.152s] -- Check for working CXX compiler: /usr/bin/c++ -- works
[1.153s] -- Detecting CXX compiler ABI info
[1.291s] -- Detecting CXX compiler ABI info - done
[1.307s] -- Detecting CXX compile features
[1.307s] -- Detecting CXX compile features - done
[1.316s] -- Found ament_cmake: 0.9.11 (/opt/ros/foxy/share/ament_cmake/cmake)
[1.389s] -- Found PythonInterp: /usr/bin/python3 (found suitable version "3.8.10", minimum required is "3") 
[1.389s] -- Using PYTHON_EXECUTABLE: /usr/bin/python3
[1.847s] -- Found rclcpp: 2.4.2 (/opt/ros/foxy/share/rclcpp/cmake)
[1.947s] -- Using all available rosidl_typesupport_c: rosidl_typesupport_fastrtps_c;rosidl_typesupport_introspection_c
[1.972s] -- Found rosidl_adapter: 1.3.0 (/opt/ros/foxy/share/rosidl_adapter/cmake)
[2.139s] -- Found OpenSSL: /usr/lib/aarch64-linux-gnu/libcrypto.so (found version "1.1.1f")  
[2.188s] -- Found FastRTPS: /opt/ros/foxy/include  
[2.326s] -- Using all available rosidl_typesupport_cpp: rosidl_typesupport_fastrtps_cpp;rosidl_typesupport_introspection_cpp
[2.425s] -- Found rmw_implementation_cmake: 1.0.3 (/opt/ros/foxy/share/rmw_implementation_cmake/cmake)
[2.429s] -- Using RMW implementation 'rmw_fastrtps_cpp' as default
[2.430s] -- Looking for pthread.h
[2.550s] -- Looking for pthread.h - found
[2.550s] -- Performing Test CMAKE_HAVE_LIBC_PTHREAD
[2.673s] -- Performing Test CMAKE_HAVE_LIBC_PTHREAD - Failed
[2.674s] -- Looking for pthread_create in pthreads
[2.779s] -- Looking for pthread_create in pthreads - not found
[2.780s] -- Looking for pthread_create in pthread
[2.897s] -- Looking for pthread_create in pthread - found
[2.898s] -- Found Threads: TRUE  
[3.120s] -- Found scion_types: 0.0.0 (/home/mechatronics/master/Mechatronics-2023/install/scion_types/share/scion_types/cmake)
[3.131s] -- Found can2ros_driver: 0.0.2 (/home/mechatronics/master/Mechatronics-2023/install/can2ros_driver/share/can2ros_driver/cmake)
[3.264s] -- Configuring done
[3.275s] -- Generating done
[3.277s] -- Build files have been written to: /home/mechatronics/master/Mechatronics-2023/ros2_ws/build/dres_ms5837_decode
[3.299s] Invoked command in '/home/mechatronics/master/Mechatronics-2023/ros2_ws/build/dres_ms5837_decode' returned '0': CMAKE_PREFIX_PATH=${CMAKE_PREFIX_PATH}:/home/mechatronics/master/Mechatronics-2023/install/zed_vision_node:/home/mechatronics/master/Mechatronics-2023/install/ahrs_node:/home/mechatronics/junebug_workspace/install/zed_temp:/home/mechatronics/junebug_workspace/install/zed_imu2:/home/mechatronics/junebug_workspace/install/zed_imu:/home/mechatronics/junebug_workspace/install/top_view_package:/home/mechatronics/junebug_workspace/install/py_pubsub:/home/mechatronics/junebug_workspace/install/object_detection_package:/home/mechatronics/junebug_workspace/install/mapping_package:/home/mechatronics/junebug_workspace/install/depth_package:/home/mechatronics/junebug_workspace/install/controller_translator:/home/mechatronics/junebug_workspace/install/cam_track_package:/home/mechatronics/junebug_workspace/install/body_track_package:/home/mechatronics/junebug_workspace/install/ahr:/opt/ros/foxy /usr/bin/cmake /home/mechatronics/master/Mechatronics-2023/ros2_ws/src/dres_ms5837_decode -DCMAKE_INSTALL_PREFIX=/home/mechatronics/master/Mechatronics-2023/ros2_ws/install/dres_ms5837_decode
[3.303s] Invoking command in '/home/mechatronics/master/Mechatronics-2023/ros2_ws/build/dres_ms5837_decode': CMAKE_PREFIX_PATH=${CMAKE_PREFIX_PATH}:/home/mechatronics/master/Mechatronics-2023/install/zed_vision_node:/home/mechatronics/master/Mechatronics-2023/install/ahrs_node:/home/mechatronics/junebug_workspace/install/zed_temp:/home/mechatronics/junebug_workspace/install/zed_imu2:/home/mechatronics/junebug_workspace/install/zed_imu:/home/mechatronics/junebug_workspace/install/top_view_package:/home/mechatronics/junebug_workspace/install/py_pubsub:/home/mechatronics/junebug_workspace/install/object_detection_package:/home/mechatronics/junebug_workspace/install/mapping_package:/home/mechatronics/junebug_workspace/install/depth_package:/home/mechatronics/junebug_workspace/install/controller_translator:/home/mechatronics/junebug_workspace/install/cam_track_package:/home/mechatronics/junebug_workspace/install/body_track_package:/home/mechatronics/junebug_workspace/install/ahr:/opt/ros/foxy /usr/bin/cmake --build /home/mechatronics/master/Mechatronics-2023/ros2_ws/build/dres_ms5837_decode -- -j12 -l12
[3.378s] [35m[1mScanning dependencies of target dres_ms5837_decode[0m
[3.441s] [ 25%] [32mBuilding CXX object CMakeFiles/dres_ms5837_decode.dir/src/dres_decode_node.cpp.o[0m
[3.449s] [ 50%] [32mBuilding CXX object CMakeFiles/dres_ms5837_decode.dir/src/mbox_can.cpp.o[0m
[3.510s] [ 75%] [32mBuilding CXX object CMakeFiles/dres_ms5837_decode.dir/src/ms5837_handler.cpp.o[0m
[17.334s] [100%] [32m[1mLinking CXX executable dres_ms5837_decode[0m
[17.772s] [100%] Built target dres_ms5837_decode
[17.794s] Invoked command in '/home/mechatronics/master/Mechatronics-2023/ros2_ws/build/dres_ms5837_decode' returned '0': CMAKE_PREFIX_PATH=${CMAKE_PREFIX_PATH}:/home/mechatronics/master/Mechatronics-2023/install/zed_vision_node:/home/mechatronics/master/Mechatronics-2023/install/ahrs_node:/home/mechatronics/junebug_workspace/install/zed_temp:/home/mechatronics/junebug_workspace/install/zed_imu2:/home/mechatronics/junebug_workspace/install/zed_imu:/home/mechatronics/junebug_workspace/install/top_view_package:/home/mechatronics/junebug_workspace/install/py_pubsub:/home/mechatronics/junebug_workspace/install/object_detection_package:/home/mechatronics/junebug_workspace/install/mapping_package:/home/mechatronics/junebug_workspace/install/depth_package:/home/mechatronics/junebug_workspace/install/controller_translator:/home/mechatronics/junebug_workspace/install/cam_track_package:/home/mechatronics/junebug_workspace/install/body_track_package:/home/mechatronics/junebug_workspace/install/ahr:/opt/ros/foxy /usr/bin/cmake --build /home/mechatronics/master/Mechatronics-2023/ros2_ws/build/dres_ms5837_decode -- -j12 -l12
[17.853s] Invoking command in '/home/mechatronics/master/Mechatronics-2023/ros2_ws/build/dres_ms5837_decode': CMAKE_PREFIX_PATH=${CMAKE_PREFIX_PATH}:/home/mechatronics/master/Mechatronics-2023/install/zed_vision_node:/home/mechatronics/master/Mechatronics-2023/install/ahrs_node:/home/mechatronics/junebug_workspace/install/zed_temp:/home/mechatronics/junebug_workspace/install/zed_imu2:/home/mechatronics/junebug_workspace/install/zed_imu:/home/mechatronics/junebug_workspace/install/top_view_package:/home/mechatronics/junebug_workspace/install/py_pubsub:/home/mechatronics/junebug_workspace/install/object_detection_package:/home/mechatronics/junebug_workspace/install/mapping_package:/home/mechatronics/junebug_workspace/install/depth_package:/home/mechatronics/junebug_workspace/install/controller_translator:/home/mechatronics/junebug_workspace/install/cam_track_package:/home/mechatronics/junebug_workspace/install/body_track_package:/home/mechatronics/junebug_workspace/install/ahr:/opt/ros/foxy /usr/bin/cmake --install /home/mechatronics/master/Mechatronics-2023/ros2_ws/build/dres_ms5837_decode
[17.870s] -- Install configuration: ""
[17.870s] -- Installing: /home/mechatronics/master/Mechatronics-2023/ros2_ws/install/dres_ms5837_decode/lib/dres_ms5837_decode/dres_ms5837_decode
[17.873s] -- Set runtime path of "/home/mechatronics/master/Mechatronics-2023/ros2_ws/install/dres_ms5837_decode/lib/dres_ms5837_decode/dres_ms5837_decode" to ""
[17.873s] -- Installing: /home/mechatronics/master/Mechatronics-2023/ros2_ws/install/dres_ms5837_decode/share/ament_index/resource_index/package_run_dependencies/dres_ms5837_decode
[17.874s] -- Installing: /home/mechatronics/master/Mechatronics-2023/ros2_ws/install/dres_ms5837_decode/share/ament_index/resource_index/parent_prefix_path/dres_ms5837_decode
[17.874s] -- Installing: /home/mechatronics/master/Mechatronics-2023/ros2_ws/install/dres_ms5837_decode/share/dres_ms5837_decode/environment/ament_prefix_path.sh
[17.874s] -- Installing: /home/mechatronics/master/Mechatronics-2023/ros2_ws/install/dres_ms5837_decode/share/dres_ms5837_decode/environment/ament_prefix_path.dsv
[17.875s] -- Installing: /home/mechatronics/master/Mechatronics-2023/ros2_ws/install/dres_ms5837_decode/share/dres_ms5837_decode/environment/path.sh
[17.875s] -- Installing: /home/mechatronics/master/Mechatronics-2023/ros2_ws/install/dres_ms5837_decode/share/dres_ms5837_decode/environment/path.dsv
[17.875s] -- Installing: /home/mechatronics/master/Mechatronics-2023/ros2_ws/install/dres_ms5837_decode/share/dres_ms5837_decode/local_setup.bash
[17.875s] -- Installing: /home/mechatronics/master/Mechatronics-2023/ros2_ws/install/dres_ms5837_decode/share/dres_ms5837_decode/local_setup.sh
[17.876s] -- Installing: /home/mechatronics/master/Mechatronics-2023/ros2_ws/install/dres_ms5837_decode/share/dres_ms5837_decode/local_setup.zsh
[17.876s] -- Installing: /home/mechatronics/master/Mechatronics-2023/ros2_ws/install/dres_ms5837_decode/share/dres_ms5837_decode/local_setup.dsv
[17.876s] -- Installing: /home/mechatronics/master/Mechatronics-2023/ros2_ws/install/dres_ms5837_decode/share/dres_ms5837_decode/package.dsv
[17.876s] -- Installing: /home/mechatronics/master/Mechatronics-2023/ros2_ws/install/dres_ms5837_decode/share/ament_index/resource_index/packages/dres_ms5837_decode
[17.877s] -- Installing: /home/mechatronics/master/Mechatronics-2023/ros2_ws/install/dres_ms5837_decode/share/dres_ms5837_decode/cmake/dres_ms5837_decodeConfig.cmake
[17.877s] -- Installing: /home/mechatronics/master/Mechatronics-2023/ros2_ws/install/dres_ms5837_decode/share/dres_ms5837_decode/cmake/dres_ms5837_decodeConfig-version.cmake
[17.877s] -- Installing: /home/mechatronics/master/Mechatronics-2023/ros2_ws/install/dres_ms5837_decode/share/dres_ms5837_decode/package.xml
[17.889s] Invoked command in '/home/mechatronics/master/Mechatronics-2023/ros2_ws/build/dres_ms5837_decode' returned '0': CMAKE_PREFIX_PATH=${CMAKE_PREFIX_PATH}:/home/mechatronics/master/Mechatronics-2023/install/zed_vision_node:/home/mechatronics/master/Mechatronics-2023/install/ahrs_node:/home/mechatronics/junebug_workspace/install/zed_temp:/home/mechatronics/junebug_workspace/install/zed_imu2:/home/mechatronics/junebug_workspace/install/zed_imu:/home/mechatronics/junebug_workspace/install/top_view_package:/home/mechatronics/junebug_workspace/install/py_pubsub:/home/mechatronics/junebug_workspace/install/object_detection_package:/home/mechatronics/junebug_workspace/install/mapping_package:/home/mechatronics/junebug_workspace/install/depth_package:/home/mechatronics/junebug_workspace/install/controller_translator:/home/mechatronics/junebug_workspace/install/cam_track_package:/home/mechatronics/junebug_workspace/install/body_track_package:/home/mechatronics/junebug_workspace/install/ahr:/opt/ros/foxy /usr/bin/cmake --install /home/mechatronics/master/Mechatronics-2023/ros2_ws/build/dres_ms5837_decode
