[0.426s] DEBUG:colcon:Command line arguments: ['/usr/bin/colcon', 'build', '--packages-select', 'ahrs_node']
[0.426s] DEBUG:colcon:Parsed command line arguments: Namespace(allow_overriding=[], ament_cmake_args=None, base_paths=['.'], build_base='build', catkin_cmake_args=None, catkin_skip_building_tests=False, cmake_args=None, cmake_clean_cache=False, cmake_clean_first=False, cmake_force_configure=False, cmake_target=None, cmake_target_skip_unavailable=False, continue_on_error=False, event_handlers=None, executor='parallel', ignore_user_meta=False, install_base='install', log_base=None, log_level=None, main=<bound method BuildVerb.main of <colcon_core.verb.build.BuildVerb object at 0x7f92e0159d90>>, merge_install=False, metas=['./colcon.meta'], packages_above=None, packages_above_and_dependencies=None, packages_above_depth=None, packages_end=None, packages_ignore=None, packages_ignore_regex=None, packages_select=['ahrs_node'], packages_select_build_failed=False, packages_select_by_dep=None, packages_select_regex=None, packages_select_test_failures=False, packages_skip=None, packages_skip_build_finished=False, packages_skip_by_dep=None, packages_skip_regex=None, packages_skip_test_passed=False, packages_skip_up_to=None, packages_start=None, packages_up_to=None, packages_up_to_regex=None, parallel_workers=8, paths=None, symlink_install=False, test_result_base=None, verb_extension=<colcon_core.verb.build.BuildVerb object at 0x7f92e0159d90>, verb_name='build', verb_parser=<colcon_defaults.argument_parser.defaults.DefaultArgumentsDecorator object at 0x7f92e0163340>)
[0.464s] Level 1:colcon.colcon_core.package_discovery:discover_packages(colcon_meta) check parameters
[0.464s] Level 1:colcon.colcon_core.package_discovery:discover_packages(recursive) check parameters
[0.465s] Level 1:colcon.colcon_core.package_discovery:discover_packages(ignore) check parameters
[0.465s] Level 1:colcon.colcon_core.package_discovery:discover_packages(path) check parameters
[0.465s] Level 1:colcon.colcon_core.package_discovery:discover_packages(colcon_meta) discover
[0.465s] Level 1:colcon.colcon_core.package_discovery:discover_packages(recursive) discover
[0.465s] INFO:colcon.colcon_core.package_discovery:Crawling recursively for packages in '/home/conner/nodes/Mechatronics-2023/ros2_ws'
[0.465s] Level 1:colcon.colcon_core.package_identification:_identify(.) by extensions ['ignore', 'ignore_ament_install']
[0.465s] Level 1:colcon.colcon_core.package_identification:_identify(.) by extension 'ignore'
[0.465s] Level 1:colcon.colcon_core.package_identification:_identify(.) by extension 'ignore_ament_install'
[0.465s] Level 1:colcon.colcon_core.package_identification:_identify(.) by extensions ['colcon_pkg']
[0.465s] Level 1:colcon.colcon_core.package_identification:_identify(.) by extension 'colcon_pkg'
[0.465s] Level 1:colcon.colcon_core.package_identification:_identify(.) by extensions ['colcon_meta']
[0.465s] Level 1:colcon.colcon_core.package_identification:_identify(.) by extension 'colcon_meta'
[0.465s] Level 1:colcon.colcon_core.package_identification:_identify(.) by extensions ['ros']
[0.465s] Level 1:colcon.colcon_core.package_identification:_identify(.) by extension 'ros'
[0.486s] Level 1:colcon.colcon_core.package_identification:_identify(.) by extensions ['cmake', 'python']
[0.486s] Level 1:colcon.colcon_core.package_identification:_identify(.) by extension 'cmake'
[0.486s] Level 1:colcon.colcon_core.package_identification:_identify(.) by extension 'python'
[0.486s] Level 1:colcon.colcon_core.package_identification:_identify(.) by extensions ['python_setup_py']
[0.486s] Level 1:colcon.colcon_core.package_identification:_identify(.) by extension 'python_setup_py'
[0.486s] Level 1:colcon.colcon_core.package_identification:_identify(build) by extensions ['ignore', 'ignore_ament_install']
[0.486s] Level 1:colcon.colcon_core.package_identification:_identify(build) by extension 'ignore'
[0.486s] Level 1:colcon.colcon_core.package_identification:_identify(build) ignored
[0.487s] Level 1:colcon.colcon_core.package_identification:_identify(install) by extensions ['ignore', 'ignore_ament_install']
[0.487s] Level 1:colcon.colcon_core.package_identification:_identify(install) by extension 'ignore'
[0.487s] Level 1:colcon.colcon_core.package_identification:_identify(install) ignored
[0.487s] Level 1:colcon.colcon_core.package_identification:_identify(log) by extensions ['ignore', 'ignore_ament_install']
[0.487s] Level 1:colcon.colcon_core.package_identification:_identify(log) by extension 'ignore'
[0.487s] Level 1:colcon.colcon_core.package_identification:_identify(log) ignored
[0.487s] Level 1:colcon.colcon_core.package_identification:_identify(src) by extensions ['ignore', 'ignore_ament_install']
[0.487s] Level 1:colcon.colcon_core.package_identification:_identify(src) by extension 'ignore'
[0.487s] Level 1:colcon.colcon_core.package_identification:_identify(src) by extension 'ignore_ament_install'
[0.487s] Level 1:colcon.colcon_core.package_identification:_identify(src) by extensions ['colcon_pkg']
[0.487s] Level 1:colcon.colcon_core.package_identification:_identify(src) by extension 'colcon_pkg'
[0.487s] Level 1:colcon.colcon_core.package_identification:_identify(src) by extensions ['colcon_meta']
[0.487s] Level 1:colcon.colcon_core.package_identification:_identify(src) by extension 'colcon_meta'
[0.487s] Level 1:colcon.colcon_core.package_identification:_identify(src) by extensions ['ros']
[0.487s] Level 1:colcon.colcon_core.package_identification:_identify(src) by extension 'ros'
[0.487s] Level 1:colcon.colcon_core.package_identification:_identify(src) by extensions ['cmake', 'python']
[0.487s] Level 1:colcon.colcon_core.package_identification:_identify(src) by extension 'cmake'
[0.487s] Level 1:colcon.colcon_core.package_identification:_identify(src) by extension 'python'
[0.487s] Level 1:colcon.colcon_core.package_identification:_identify(src) by extensions ['python_setup_py']
[0.487s] Level 1:colcon.colcon_core.package_identification:_identify(src) by extension 'python_setup_py'
[0.487s] Level 1:colcon.colcon_core.package_identification:_identify(src/ahrs_node) by extensions ['ignore', 'ignore_ament_install']
[0.488s] Level 1:colcon.colcon_core.package_identification:_identify(src/ahrs_node) by extension 'ignore'
[0.488s] Level 1:colcon.colcon_core.package_identification:_identify(src/ahrs_node) by extension 'ignore_ament_install'
[0.488s] Level 1:colcon.colcon_core.package_identification:_identify(src/ahrs_node) by extensions ['colcon_pkg']
[0.488s] Level 1:colcon.colcon_core.package_identification:_identify(src/ahrs_node) by extension 'colcon_pkg'
[0.488s] Level 1:colcon.colcon_core.package_identification:_identify(src/ahrs_node) by extensions ['colcon_meta']
[0.488s] Level 1:colcon.colcon_core.package_identification:_identify(src/ahrs_node) by extension 'colcon_meta'
[0.488s] Level 1:colcon.colcon_core.package_identification:_identify(src/ahrs_node) by extensions ['ros']
[0.488s] Level 1:colcon.colcon_core.package_identification:_identify(src/ahrs_node) by extension 'ros'
[0.491s] DEBUG:colcon.colcon_core.package_identification:Package 'src/ahrs_node' with type 'ros.ament_python' and name 'ahrs_node'
[0.491s] Level 1:colcon.colcon_core.package_identification:_identify(src/can2ros_driver) by extensions ['ignore', 'ignore_ament_install']
[0.491s] Level 1:colcon.colcon_core.package_identification:_identify(src/can2ros_driver) by extension 'ignore'
[0.491s] Level 1:colcon.colcon_core.package_identification:_identify(src/can2ros_driver) by extension 'ignore_ament_install'
[0.491s] Level 1:colcon.colcon_core.package_identification:_identify(src/can2ros_driver) by extensions ['colcon_pkg']
[0.491s] Level 1:colcon.colcon_core.package_identification:_identify(src/can2ros_driver) by extension 'colcon_pkg'
[0.491s] Level 1:colcon.colcon_core.package_identification:_identify(src/can2ros_driver) by extensions ['colcon_meta']
[0.491s] Level 1:colcon.colcon_core.package_identification:_identify(src/can2ros_driver) by extension 'colcon_meta'
[0.491s] Level 1:colcon.colcon_core.package_identification:_identify(src/can2ros_driver) by extensions ['ros']
[0.491s] Level 1:colcon.colcon_core.package_identification:_identify(src/can2ros_driver) by extension 'ros'
[0.492s] DEBUG:colcon.colcon_core.package_identification:Package 'src/can2ros_driver' with type 'ros.ament_cmake' and name 'can2ros_driver'
[0.492s] Level 1:colcon.colcon_core.package_identification:_identify(src/dres_ms5837_decode) by extensions ['ignore', 'ignore_ament_install']
[0.492s] Level 1:colcon.colcon_core.package_identification:_identify(src/dres_ms5837_decode) by extension 'ignore'
[0.492s] Level 1:colcon.colcon_core.package_identification:_identify(src/dres_ms5837_decode) by extension 'ignore_ament_install'
[0.492s] Level 1:colcon.colcon_core.package_identification:_identify(src/dres_ms5837_decode) by extensions ['colcon_pkg']
[0.492s] Level 1:colcon.colcon_core.package_identification:_identify(src/dres_ms5837_decode) by extension 'colcon_pkg'
[0.492s] Level 1:colcon.colcon_core.package_identification:_identify(src/dres_ms5837_decode) by extensions ['colcon_meta']
[0.492s] Level 1:colcon.colcon_core.package_identification:_identify(src/dres_ms5837_decode) by extension 'colcon_meta'
[0.492s] Level 1:colcon.colcon_core.package_identification:_identify(src/dres_ms5837_decode) by extensions ['ros']
[0.492s] Level 1:colcon.colcon_core.package_identification:_identify(src/dres_ms5837_decode) by extension 'ros'
[0.493s] DEBUG:colcon.colcon_core.package_identification:Package 'src/dres_ms5837_decode' with type 'ros.ament_cmake' and name 'dres_ms5837_decode'
[0.493s] Level 1:colcon.colcon_core.package_identification:_identify(src/pid_node) by extensions ['ignore', 'ignore_ament_install']
[0.493s] Level 1:colcon.colcon_core.package_identification:_identify(src/pid_node) by extension 'ignore'
[0.493s] Level 1:colcon.colcon_core.package_identification:_identify(src/pid_node) by extension 'ignore_ament_install'
[0.493s] Level 1:colcon.colcon_core.package_identification:_identify(src/pid_node) by extensions ['colcon_pkg']
[0.493s] Level 1:colcon.colcon_core.package_identification:_identify(src/pid_node) by extension 'colcon_pkg'
[0.493s] Level 1:colcon.colcon_core.package_identification:_identify(src/pid_node) by extensions ['colcon_meta']
[0.493s] Level 1:colcon.colcon_core.package_identification:_identify(src/pid_node) by extension 'colcon_meta'
[0.493s] Level 1:colcon.colcon_core.package_identification:_identify(src/pid_node) by extensions ['ros']
[0.493s] Level 1:colcon.colcon_core.package_identification:_identify(src/pid_node) by extension 'ros'
[0.493s] Level 1:colcon.colcon_core.package_identification:_identify(src/pid_node) by extensions ['cmake', 'python']
[0.493s] Level 1:colcon.colcon_core.package_identification:_identify(src/pid_node) by extension 'cmake'
[0.493s] Level 1:colcon.colcon_core.package_identification:_identify(src/pid_node) by extension 'python'
[0.493s] Level 1:colcon.colcon_core.package_identification:_identify(src/pid_node) by extensions ['python_setup_py']
[0.493s] Level 1:colcon.colcon_core.package_identification:_identify(src/pid_node) by extension 'python_setup_py'
[0.493s] Level 1:colcon.colcon_core.package_identification:_identify(src/scion_types) by extensions ['ignore', 'ignore_ament_install']
[0.493s] Level 1:colcon.colcon_core.package_identification:_identify(src/scion_types) by extension 'ignore'
[0.493s] Level 1:colcon.colcon_core.package_identification:_identify(src/scion_types) by extension 'ignore_ament_install'
[0.493s] Level 1:colcon.colcon_core.package_identification:_identify(src/scion_types) by extensions ['colcon_pkg']
[0.493s] Level 1:colcon.colcon_core.package_identification:_identify(src/scion_types) by extension 'colcon_pkg'
[0.493s] Level 1:colcon.colcon_core.package_identification:_identify(src/scion_types) by extensions ['colcon_meta']
[0.494s] Level 1:colcon.colcon_core.package_identification:_identify(src/scion_types) by extension 'colcon_meta'
[0.494s] Level 1:colcon.colcon_core.package_identification:_identify(src/scion_types) by extensions ['ros']
[0.494s] Level 1:colcon.colcon_core.package_identification:_identify(src/scion_types) by extension 'ros'
[0.494s] DEBUG:colcon.colcon_core.package_identification:Package 'src/scion_types' with type 'ros.ament_cmake' and name 'scion_types'
[0.494s] Level 1:colcon.colcon_core.package_discovery:discover_packages(recursive) using defaults
[0.494s] Level 1:colcon.colcon_core.package_discovery:discover_packages(ignore) discover
[0.494s] Level 1:colcon.colcon_core.package_discovery:discover_packages(ignore) using defaults
[0.494s] Level 1:colcon.colcon_core.package_discovery:discover_packages(path) discover
[0.494s] Level 1:colcon.colcon_core.package_discovery:discover_packages(path) using defaults
[0.516s] INFO:colcon.colcon_core.package_selection:Skipping not selected package 'can2ros_driver' in 'src/can2ros_driver'
[0.516s] INFO:colcon.colcon_core.package_selection:Skipping not selected package 'dres_ms5837_decode' in 'src/dres_ms5837_decode'
[0.516s] INFO:colcon.colcon_core.package_selection:Skipping not selected package 'scion_types' in 'src/scion_types'
[0.517s] Level 1:colcon.colcon_core.package_discovery:discover_packages(prefix_path) check parameters
[0.517s] Level 1:colcon.colcon_core.package_discovery:discover_packages(prefix_path) discover
[0.519s] DEBUG:colcon.colcon_installed_package_information.package_discovery:Found 2 installed packages in /home/conner/ahrs_node/Mechatronics-2023/install
[0.520s] DEBUG:colcon.colcon_installed_package_information.package_discovery:Found 256 installed packages in /opt/ros/foxy
[0.522s] Level 1:colcon.colcon_core.package_discovery:discover_packages(prefix_path) using defaults
[0.578s] Level 5:colcon.colcon_core.verb:set package 'ahrs_node' build argument 'cmake_args' from command line to 'None'
[0.578s] Level 5:colcon.colcon_core.verb:set package 'ahrs_node' build argument 'cmake_target' from command line to 'None'
[0.578s] Level 5:colcon.colcon_core.verb:set package 'ahrs_node' build argument 'cmake_target_skip_unavailable' from command line to 'False'
[0.578s] Level 5:colcon.colcon_core.verb:set package 'ahrs_node' build argument 'cmake_clean_cache' from command line to 'False'
[0.578s] Level 5:colcon.colcon_core.verb:set package 'ahrs_node' build argument 'cmake_clean_first' from command line to 'False'
[0.578s] Level 5:colcon.colcon_core.verb:set package 'ahrs_node' build argument 'cmake_force_configure' from command line to 'False'
[0.578s] Level 5:colcon.colcon_core.verb:set package 'ahrs_node' build argument 'ament_cmake_args' from command line to 'None'
[0.578s] Level 5:colcon.colcon_core.verb:set package 'ahrs_node' build argument 'catkin_cmake_args' from command line to 'None'
[0.578s] Level 5:colcon.colcon_core.verb:set package 'ahrs_node' build argument 'catkin_skip_building_tests' from command line to 'False'
[0.578s] DEBUG:colcon.colcon_core.verb:Building package 'ahrs_node' with the following arguments: {'ament_cmake_args': None, 'build_base': '/home/conner/nodes/Mechatronics-2023/ros2_ws/build/ahrs_node', 'catkin_cmake_args': None, 'catkin_skip_building_tests': False, 'cmake_args': None, 'cmake_clean_cache': False, 'cmake_clean_first': False, 'cmake_force_configure': False, 'cmake_target': None, 'cmake_target_skip_unavailable': False, 'install_base': '/home/conner/nodes/Mechatronics-2023/ros2_ws/install/ahrs_node', 'merge_install': False, 'path': '/home/conner/nodes/Mechatronics-2023/ros2_ws/src/ahrs_node', 'symlink_install': False, 'test_result_base': None}
[0.579s] INFO:colcon.colcon_core.executor:Executing jobs using 'parallel' executor
[0.583s] DEBUG:colcon.colcon_parallel_executor.executor.parallel:run_until_complete
[0.583s] INFO:colcon.colcon_ros.task.ament_python.build:Building ROS package in '/home/conner/nodes/Mechatronics-2023/ros2_ws/src/ahrs_node' with build type 'ament_python'
[0.584s] Level 1:colcon.colcon_core.shell:create_environment_hook('ahrs_node', 'ament_prefix_path')
[0.591s] INFO:colcon.colcon_core.plugin_system:Skipping extension 'colcon_core.shell.bat': Not used on non-Windows systems
[0.591s] INFO:colcon.colcon_core.shell:Creating environment hook '/home/conner/nodes/Mechatronics-2023/ros2_ws/install/ahrs_node/share/ahrs_node/hook/ament_prefix_path.ps1'
[0.593s] INFO:colcon.colcon_core.shell:Creating environment descriptor '/home/conner/nodes/Mechatronics-2023/ros2_ws/install/ahrs_node/share/ahrs_node/hook/ament_prefix_path.dsv'
[0.593s] INFO:colcon.colcon_core.shell:Creating environment hook '/home/conner/nodes/Mechatronics-2023/ros2_ws/install/ahrs_node/share/ahrs_node/hook/ament_prefix_path.sh'
[0.595s] INFO:colcon.colcon_core.shell:Skip shell extension 'powershell' for command environment: Not usable outside of PowerShell
[0.595s] DEBUG:colcon.colcon_core.shell:Skip shell extension 'dsv' for command environment
[0.829s] INFO:colcon.colcon_core.task.python.build:Building Python package in '/home/conner/nodes/Mechatronics-2023/ros2_ws/src/ahrs_node'
[0.831s] INFO:colcon.colcon_core.shell:Skip shell extension 'powershell' for command environment: Not usable outside of PowerShell
[0.832s] DEBUG:colcon.colcon_core.shell:Skip shell extension 'dsv' for command environment
[1.254s] DEBUG:colcon.colcon_core.event_handler.log_command:Invoking command in '/home/conner/nodes/Mechatronics-2023/ros2_ws/src/ahrs_node': PYTHONPATH=/home/conner/nodes/Mechatronics-2023/ros2_ws/build/ahrs_node/prefix_override:/home/conner/nodes/Mechatronics-2023/ros2_ws/install/ahrs_node/lib/python3.8/site-packages:${PYTHONPATH} /usr/bin/python3 setup.py egg_info --egg-base ../../build/ahrs_node build --build-base /home/conner/nodes/Mechatronics-2023/ros2_ws/build/ahrs_node/build install --record /home/conner/nodes/Mechatronics-2023/ros2_ws/build/ahrs_node/install.log --install-scripts $base/lib/ahrs_node --single-version-externally-managed
[1.557s] DEBUG:colcon.colcon_core.event_handler.log_command:Invoked command in '/home/conner/nodes/Mechatronics-2023/ros2_ws/src/ahrs_node' returned '0': PYTHONPATH=/home/conner/nodes/Mechatronics-2023/ros2_ws/build/ahrs_node/prefix_override:/home/conner/nodes/Mechatronics-2023/ros2_ws/install/ahrs_node/lib/python3.8/site-packages:${PYTHONPATH} /usr/bin/python3 setup.py egg_info --egg-base ../../build/ahrs_node build --build-base /home/conner/nodes/Mechatronics-2023/ros2_ws/build/ahrs_node/build install --record /home/conner/nodes/Mechatronics-2023/ros2_ws/build/ahrs_node/install.log --install-scripts $base/lib/ahrs_node --single-version-externally-managed
[1.563s] Level 1:colcon.colcon_core.environment:checking '/home/conner/nodes/Mechatronics-2023/ros2_ws/install/ahrs_node' for CMake module files
[1.563s] Level 1:colcon.colcon_core.environment:checking '/home/conner/nodes/Mechatronics-2023/ros2_ws/install/ahrs_node' for CMake config files
[1.564s] Level 1:colcon.colcon_core.environment:checking '/home/conner/nodes/Mechatronics-2023/ros2_ws/install/ahrs_node/lib'
[1.564s] Level 1:colcon.colcon_core.environment:checking '/home/conner/nodes/Mechatronics-2023/ros2_ws/install/ahrs_node/bin'
[1.564s] Level 1:colcon.colcon_core.environment:checking '/home/conner/nodes/Mechatronics-2023/ros2_ws/install/ahrs_node/lib/pkgconfig/ahrs_node.pc'
[1.565s] Level 1:colcon.colcon_core.environment:checking '/home/conner/nodes/Mechatronics-2023/ros2_ws/install/ahrs_node/lib/python3.8/site-packages'
[1.565s] Level 1:colcon.colcon_core.shell:create_environment_hook('ahrs_node', 'pythonpath')
[1.566s] INFO:colcon.colcon_core.shell:Creating environment hook '/home/conner/nodes/Mechatronics-2023/ros2_ws/install/ahrs_node/share/ahrs_node/hook/pythonpath.ps1'
[1.567s] INFO:colcon.colcon_core.shell:Creating environment descriptor '/home/conner/nodes/Mechatronics-2023/ros2_ws/install/ahrs_node/share/ahrs_node/hook/pythonpath.dsv'
[1.567s] INFO:colcon.colcon_core.shell:Creating environment hook '/home/conner/nodes/Mechatronics-2023/ros2_ws/install/ahrs_node/share/ahrs_node/hook/pythonpath.sh'
[1.568s] Level 1:colcon.colcon_core.environment:checking '/home/conner/nodes/Mechatronics-2023/ros2_ws/install/ahrs_node/bin'
[1.568s] Level 1:colcon.colcon_core.environment:create_environment_scripts_only(ahrs_node)
[1.570s] INFO:colcon.colcon_core.shell:Creating package script '/home/conner/nodes/Mechatronics-2023/ros2_ws/install/ahrs_node/share/ahrs_node/package.ps1'
[1.571s] INFO:colcon.colcon_core.shell:Creating package descriptor '/home/conner/nodes/Mechatronics-2023/ros2_ws/install/ahrs_node/share/ahrs_node/package.dsv'
[1.571s] INFO:colcon.colcon_core.shell:Creating package script '/home/conner/nodes/Mechatronics-2023/ros2_ws/install/ahrs_node/share/ahrs_node/package.sh'
[1.573s] INFO:colcon.colcon_core.shell:Creating package script '/home/conner/nodes/Mechatronics-2023/ros2_ws/install/ahrs_node/share/ahrs_node/package.bash'
[1.574s] INFO:colcon.colcon_core.shell:Creating package script '/home/conner/nodes/Mechatronics-2023/ros2_ws/install/ahrs_node/share/ahrs_node/package.zsh'
[1.575s] Level 1:colcon.colcon_core.environment:create_file_with_runtime_dependencies(/home/conner/nodes/Mechatronics-2023/ros2_ws/install/ahrs_node/share/colcon-core/packages/ahrs_node)
[1.577s] DEBUG:colcon.colcon_parallel_executor.executor.parallel:closing loop
[1.580s] DEBUG:colcon.colcon_parallel_executor.executor.parallel:loop closed
[1.581s] DEBUG:colcon.colcon_parallel_executor.executor.parallel:run_until_complete finished with '0'
[1.581s] DEBUG:colcon.colcon_core.event_reactor:joining thread
[1.672s] INFO:colcon.colcon_core.plugin_system:Skipping extension 'colcon_notification.desktop_notification.notify_send': Could not find 'notify-send'
[1.672s] INFO:colcon.colcon_core.plugin_system:Skipping extension 'colcon_notification.desktop_notification.terminal_notifier': Not used on non-Darwin systems
[1.673s] INFO:colcon.colcon_core.plugin_system:Skipping extension 'colcon_notification.desktop_notification.win32': Not used on non-Windows systems
[1.673s] INFO:colcon.colcon_notification.desktop_notification:Sending desktop notification using 'notify2'
[1.684s] DEBUG:colcon.colcon_notification.desktop_notification.notify2:Failed to initialize notify2: org.freedesktop.DBus.Error.ServiceUnknown: The name org.freedesktop.Notifications was not provided by any .service files
[1.685s] DEBUG:colcon.colcon_core.event_reactor:joined thread
[1.688s] INFO:colcon.colcon_core.shell:Creating prefix script '/home/conner/nodes/Mechatronics-2023/ros2_ws/install/local_setup.ps1'
[1.691s] INFO:colcon.colcon_core.shell:Creating prefix util module '/home/conner/nodes/Mechatronics-2023/ros2_ws/install/_local_setup_util_ps1.py'
[1.693s] INFO:colcon.colcon_core.shell:Creating prefix chain script '/home/conner/nodes/Mechatronics-2023/ros2_ws/install/setup.ps1'
[1.696s] INFO:colcon.colcon_core.shell:Creating prefix script '/home/conner/nodes/Mechatronics-2023/ros2_ws/install/local_setup.sh'
[1.697s] INFO:colcon.colcon_core.shell:Creating prefix util module '/home/conner/nodes/Mechatronics-2023/ros2_ws/install/_local_setup_util_sh.py'
[1.698s] INFO:colcon.colcon_core.shell:Creating prefix chain script '/home/conner/nodes/Mechatronics-2023/ros2_ws/install/setup.sh'
[1.700s] INFO:colcon.colcon_core.shell:Creating prefix script '/home/conner/nodes/Mechatronics-2023/ros2_ws/install/local_setup.bash'
[1.701s] INFO:colcon.colcon_core.shell:Creating prefix chain script '/home/conner/nodes/Mechatronics-2023/ros2_ws/install/setup.bash'
[1.703s] INFO:colcon.colcon_core.shell:Creating prefix script '/home/conner/nodes/Mechatronics-2023/ros2_ws/install/local_setup.zsh'
[1.704s] INFO:colcon.colcon_core.shell:Creating prefix chain script '/home/conner/nodes/Mechatronics-2023/ros2_ws/install/setup.zsh'
