running egg_info
creating ../../build/ahrs_node/ahrs_node.egg-info
writing ../../build/ahrs_node/ahrs_node.egg-info/PKG-INFO
writing dependency_links to ../../build/ahrs_node/ahrs_node.egg-info/dependency_links.txt
writing entry points to ../../build/ahrs_node/ahrs_node.egg-info/entry_points.txt
writing requirements to ../../build/ahrs_node/ahrs_node.egg-info/requires.txt
writing top-level names to ../../build/ahrs_node/ahrs_node.egg-info/top_level.txt
writing manifest file '../../build/ahrs_node/ahrs_node.egg-info/SOURCES.txt'
reading manifest file '../../build/ahrs_node/ahrs_node.egg-info/SOURCES.txt'
writing manifest file '../../build/ahrs_node/ahrs_node.egg-info/SOURCES.txt'
running build
running build_py
creating /home/conner/nodes/Mechatronics-2023/ros2_ws/build/ahrs_node/build
creating /home/conner/nodes/Mechatronics-2023/ros2_ws/build/ahrs_node/build/lib
creating /home/conner/nodes/Mechatronics-2023/ros2_ws/build/ahrs_node/build/lib/ahrs_node
copying ahrs_node/ahrs_publisher.py -> /home/conner/nodes/Mechatronics-2023/ros2_ws/build/ahrs_node/build/lib/ahrs_node
copying ahrs_node/__init__.py -> /home/conner/nodes/Mechatronics-2023/ros2_ws/build/ahrs_node/build/lib/ahrs_node
running install
running install_lib
creating /home/conner/nodes/Mechatronics-2023/ros2_ws/install/ahrs_node/lib/python3.8/site-packages/ahrs_node
copying /home/conner/nodes/Mechatronics-2023/ros2_ws/build/ahrs_node/build/lib/ahrs_node/ahrs_publisher.py -> /home/conner/nodes/Mechatronics-2023/ros2_ws/install/ahrs_node/lib/python3.8/site-packages/ahrs_node
copying /home/conner/nodes/Mechatronics-2023/ros2_ws/build/ahrs_node/build/lib/ahrs_node/__init__.py -> /home/conner/nodes/Mechatronics-2023/ros2_ws/install/ahrs_node/lib/python3.8/site-packages/ahrs_node
byte-compiling /home/conner/nodes/Mechatronics-2023/ros2_ws/install/ahrs_node/lib/python3.8/site-packages/ahrs_node/ahrs_publisher.py to ahrs_publisher.cpython-38.pyc
byte-compiling /home/conner/nodes/Mechatronics-2023/ros2_ws/install/ahrs_node/lib/python3.8/site-packages/ahrs_node/__init__.py to __init__.cpython-38.pyc
running install_data
creating /home/conner/nodes/Mechatronics-2023/ros2_ws/install/ahrs_node/share/ament_index
creating /home/conner/nodes/Mechatronics-2023/ros2_ws/install/ahrs_node/share/ament_index/resource_index
creating /home/conner/nodes/Mechatronics-2023/ros2_ws/install/ahrs_node/share/ament_index/resource_index/packages
copying resource/ahrs_node -> /home/conner/nodes/Mechatronics-2023/ros2_ws/install/ahrs_node/share/ament_index/resource_index/packages
copying package.xml -> /home/conner/nodes/Mechatronics-2023/ros2_ws/install/ahrs_node/share/ahrs_node
running install_egg_info
Copying ../../build/ahrs_node/ahrs_node.egg-info to /home/conner/nodes/Mechatronics-2023/ros2_ws/install/ahrs_node/lib/python3.8/site-packages/ahrs_node-0.0.0-py3.8.egg-info
running install_scripts
Installing ahrs script to /home/conner/nodes/Mechatronics-2023/ros2_ws/install/ahrs_node/lib/ahrs_node
writing list of installed files to '/home/conner/nodes/Mechatronics-2023/ros2_ws/build/ahrs_node/install.log'
