[  0%] Built target zed_interfaces__cpp
[ 12%] Built target zed_interfaces__rosidl_generator_c
[ 36%] Built target zed_interfaces__rosidl_typesupport_c
[ 36%] Built target zed_interfaces__rosidl_typesupport_cpp
[ 48%] Built target zed_interfaces__rosidl_typesupport_introspection_cpp
[ 60%] Built target zed_interfaces__rosidl_typesupport_fastrtps_cpp
[ 72%] Built target zed_interfaces__rosidl_typesupport_introspection_c
[ 84%] Built target zed_interfaces__rosidl_typesupport_fastrtps_c
[ 84%] Built target zed_interfaces
[ 85%] Built target zed_interfaces__py
[ 96%] Built target zed_interfaces__python
[ 99%] Built target zed_interfaces__rosidl_typesupport_c__pyext
[ 99%] Built target zed_interfaces__rosidl_typesupport_fastrtps_c__pyext
[100%] Built target zed_interfaces__rosidl_typesupport_introspection_c__pyext
-- Install configuration: ""
-- Up-to-date: /home/mechatronics/master/Mechatronics-2023/ros2_ws/install/zed_interfaces/share/ament_index/resource_index/rosidl_interfaces/zed_interfaces
-- Up-to-date: /home/mechatronics/master/Mechatronics-2023/ros2_ws/install/zed_interfaces/include/zed_interfaces
-- Up-to-date: /home/mechatronics/master/Mechatronics-2023/ros2_ws/install/zed_interfaces/include/zed_interfaces/srv
-- Up-to-date: /home/mechatronics/master/Mechatronics-2023/ros2_ws/install/zed_interfaces/include/zed_interfaces/srv/set_roi.h
-- Up-to-date: /home/mechatronics/master/Mechatronics-2023/ros2_ws/install/zed_interfaces/include/zed_interfaces/srv/detail
-- Up-to-date: /home/mechatronics/master/Mechatronics-2023/ros2_ws/install/zed_interfaces/include/zed_interfaces/srv/detail/start_svo_rec__functions.h
-- Up-to-date: /home/mechatronics/master/Mechatronics-2023/ros2_ws/install/zed_interfaces/include/zed_interfaces/srv/detail/set_roi__functions.c
-- Up-to-date: /home/mechatronics/master/Mechatronics-2023/ros2_ws/install/zed_interfaces/include/zed_interfaces/srv/detail/set_roi__type_support.h
-- Up-to-date: /home/mechatronics/master/Mechatronics-2023/ros2_ws/install/zed_interfaces/include/zed_interfaces/srv/detail/set_roi__struct.h
-- Up-to-date: /home/mechatronics/master/Mechatronics-2023/ros2_ws/install/zed_interfaces/include/zed_interfaces/srv/detail/set_roi__functions.h
-- Up-to-date: /home/mechatronics/master/Mechatronics-2023/ros2_ws/install/zed_interfaces/include/zed_interfaces/srv/detail/start_svo_rec__type_support.h
-- Up-to-date: /home/mechatronics/master/Mechatronics-2023/ros2_ws/install/zed_interfaces/include/zed_interfaces/srv/detail/set_pose__functions.c
-- Up-to-date: /home/mechatronics/master/Mechatronics-2023/ros2_ws/install/zed_interfaces/include/zed_interfaces/srv/detail/set_pose__struct.h
-- Up-to-date: /home/mechatronics/master/Mechatronics-2023/ros2_ws/install/zed_interfaces/include/zed_interfaces/srv/detail/set_pose__type_support.h
-- Up-to-date: /home/mechatronics/master/Mechatronics-2023/ros2_ws/install/zed_interfaces/include/zed_interfaces/srv/detail/set_pose__functions.h
-- Up-to-date: /home/mechatronics/master/Mechatronics-2023/ros2_ws/install/zed_interfaces/include/zed_interfaces/srv/detail/start_svo_rec__struct.h
-- Up-to-date: /home/mechatronics/master/Mechatronics-2023/ros2_ws/install/zed_interfaces/include/zed_interfaces/srv/detail/start_svo_rec__functions.c
-- Up-to-date: /home/mechatronics/master/Mechatronics-2023/ros2_ws/install/zed_interfaces/include/zed_interfaces/srv/set_pose.h
-- Up-to-date: /home/mechatronics/master/Mechatronics-2023/ros2_ws/install/zed_interfaces/include/zed_interfaces/srv/start_svo_rec.h
-- Up-to-date: /home/mechatronics/master/Mechatronics-2023/ros2_ws/install/zed_interfaces/include/zed_interfaces/msg
-- Up-to-date: /home/mechatronics/master/Mechatronics-2023/ros2_ws/install/zed_interfaces/include/zed_interfaces/msg/bounding_box3_d.h
-- Up-to-date: /home/mechatronics/master/Mechatronics-2023/ros2_ws/install/zed_interfaces/include/zed_interfaces/msg/rosidl_generator_c__visibility_control.h
-- Up-to-date: /home/mechatronics/master/Mechatronics-2023/ros2_ws/install/zed_interfaces/include/zed_interfaces/msg/depth_info_stamped.h
-- Up-to-date: /home/mechatronics/master/Mechatronics-2023/ros2_ws/install/zed_interfaces/include/zed_interfaces/msg/keypoint2_di.h
-- Up-to-date: /home/mechatronics/master/Mechatronics-2023/ros2_ws/install/zed_interfaces/include/zed_interfaces/msg/keypoint2_df.h
-- Up-to-date: /home/mechatronics/master/Mechatronics-2023/ros2_ws/install/zed_interfaces/include/zed_interfaces/msg/object.h
-- Up-to-date: /home/mechatronics/master/Mechatronics-2023/ros2_ws/install/zed_interfaces/include/zed_interfaces/msg/detail
-- Up-to-date: /home/mechatronics/master/Mechatronics-2023/ros2_ws/install/zed_interfaces/include/zed_interfaces/msg/detail/keypoint3_d__type_support.h
-- Up-to-date: /home/mechatronics/master/Mechatronics-2023/ros2_ws/install/zed_interfaces/include/zed_interfaces/msg/detail/keypoint3_d__functions.c
-- Up-to-date: /home/mechatronics/master/Mechatronics-2023/ros2_ws/install/zed_interfaces/include/zed_interfaces/msg/detail/bounding_box3_d__type_support.h
-- Up-to-date: /home/mechatronics/master/Mechatronics-2023/ros2_ws/install/zed_interfaces/include/zed_interfaces/msg/detail/object__type_support.h
-- Up-to-date: /home/mechatronics/master/Mechatronics-2023/ros2_ws/install/zed_interfaces/include/zed_interfaces/msg/detail/bounding_box3_d__functions.c
-- Up-to-date: /home/mechatronics/master/Mechatronics-2023/ros2_ws/install/zed_interfaces/include/zed_interfaces/msg/detail/objects_stamped__functions.h
-- Up-to-date: /home/mechatronics/master/Mechatronics-2023/ros2_ws/install/zed_interfaces/include/zed_interfaces/msg/detail/keypoint2_df__type_support.h
-- Up-to-date: /home/mechatronics/master/Mechatronics-2023/ros2_ws/install/zed_interfaces/include/zed_interfaces/msg/detail/bounding_box2_df__functions.c
-- Up-to-date: /home/mechatronics/master/Mechatronics-2023/ros2_ws/install/zed_interfaces/include/zed_interfaces/msg/detail/bounding_box2_df__type_support.h
-- Up-to-date: /home/mechatronics/master/Mechatronics-2023/ros2_ws/install/zed_interfaces/include/zed_interfaces/msg/detail/keypoint2_df__functions.h
-- Up-to-date: /home/mechatronics/master/Mechatronics-2023/ros2_ws/install/zed_interfaces/include/zed_interfaces/msg/detail/skeleton3_d__functions.c
-- Up-to-date: /home/mechatronics/master/Mechatronics-2023/ros2_ws/install/zed_interfaces/include/zed_interfaces/msg/detail/bounding_box2_di__struct.h
-- Up-to-date: /home/mechatronics/master/Mechatronics-2023/ros2_ws/install/zed_interfaces/include/zed_interfaces/msg/detail/object__functions.c
-- Up-to-date: /home/mechatronics/master/Mechatronics-2023/ros2_ws/install/zed_interfaces/include/zed_interfaces/msg/detail/skeleton2_d__functions.c
-- Up-to-date: /home/mechatronics/master/Mechatronics-2023/ros2_ws/install/zed_interfaces/include/zed_interfaces/msg/detail/keypoint2_di__type_support.h
-- Up-to-date: /home/mechatronics/master/Mechatronics-2023/ros2_ws/install/zed_interfaces/include/zed_interfaces/msg/detail/skeleton2_d__struct.h
-- Up-to-date: /home/mechatronics/master/Mechatronics-2023/ros2_ws/install/zed_interfaces/include/zed_interfaces/msg/detail/plane_stamped__type_support.h
-- Up-to-date: /home/mechatronics/master/Mechatronics-2023/ros2_ws/install/zed_interfaces/include/zed_interfaces/msg/detail/object__struct.h
-- Up-to-date: /home/mechatronics/master/Mechatronics-2023/ros2_ws/install/zed_interfaces/include/zed_interfaces/msg/detail/keypoint3_d__functions.h
-- Up-to-date: /home/mechatronics/master/Mechatronics-2023/ros2_ws/install/zed_interfaces/include/zed_interfaces/msg/detail/plane_stamped__struct.h
-- Up-to-date: /home/mechatronics/master/Mechatronics-2023/ros2_ws/install/zed_interfaces/include/zed_interfaces/msg/detail/keypoint2_di__functions.h
-- Up-to-date: /home/mechatronics/master/Mechatronics-2023/ros2_ws/install/zed_interfaces/include/zed_interfaces/msg/detail/keypoint2_df__functions.c
-- Up-to-date: /home/mechatronics/master/Mechatronics-2023/ros2_ws/install/zed_interfaces/include/zed_interfaces/msg/detail/object__functions.h
-- Up-to-date: /home/mechatronics/master/Mechatronics-2023/ros2_ws/install/zed_interfaces/include/zed_interfaces/msg/detail/skeleton2_d__functions.h
-- Up-to-date: /home/mechatronics/master/Mechatronics-2023/ros2_ws/install/zed_interfaces/include/zed_interfaces/msg/detail/bounding_box2_df__struct.h
-- Up-to-date: /home/mechatronics/master/Mechatronics-2023/ros2_ws/install/zed_interfaces/include/zed_interfaces/msg/detail/skeleton2_d__type_support.h
-- Up-to-date: /home/mechatronics/master/Mechatronics-2023/ros2_ws/install/zed_interfaces/include/zed_interfaces/msg/detail/bounding_box3_d__functions.h
-- Up-to-date: /home/mechatronics/master/Mechatronics-2023/ros2_ws/install/zed_interfaces/include/zed_interfaces/msg/detail/keypoint2_di__struct.h
-- Up-to-date: /home/mechatronics/master/Mechatronics-2023/ros2_ws/install/zed_interfaces/include/zed_interfaces/msg/detail/bounding_box2_di__functions.c
-- Up-to-date: /home/mechatronics/master/Mechatronics-2023/ros2_ws/install/zed_interfaces/include/zed_interfaces/msg/detail/skeleton3_d__functions.h
-- Up-to-date: /home/mechatronics/master/Mechatronics-2023/ros2_ws/install/zed_interfaces/include/zed_interfaces/msg/detail/skeleton3_d__struct.h
-- Up-to-date: /home/mechatronics/master/Mechatronics-2023/ros2_ws/install/zed_interfaces/include/zed_interfaces/msg/detail/keypoint2_di__functions.c
-- Up-to-date: /home/mechatronics/master/Mechatronics-2023/ros2_ws/install/zed_interfaces/include/zed_interfaces/msg/detail/depth_info_stamped__functions.h
-- Up-to-date: /home/mechatronics/master/Mechatronics-2023/ros2_ws/install/zed_interfaces/include/zed_interfaces/msg/detail/depth_info_stamped__struct.h
-- Up-to-date: /home/mechatronics/master/Mechatronics-2023/ros2_ws/install/zed_interfaces/include/zed_interfaces/msg/detail/bounding_box2_di__type_support.h
-- Up-to-date: /home/mechatronics/master/Mechatronics-2023/ros2_ws/install/zed_interfaces/include/zed_interfaces/msg/detail/bounding_box3_d__struct.h
-- Up-to-date: /home/mechatronics/master/Mechatronics-2023/ros2_ws/install/zed_interfaces/include/zed_interfaces/msg/detail/skeleton3_d__type_support.h
-- Up-to-date: /home/mechatronics/master/Mechatronics-2023/ros2_ws/install/zed_interfaces/include/zed_interfaces/msg/detail/depth_info_stamped__functions.c
-- Up-to-date: /home/mechatronics/master/Mechatronics-2023/ros2_ws/install/zed_interfaces/include/zed_interfaces/msg/detail/keypoint3_d__struct.h
-- Up-to-date: /home/mechatronics/master/Mechatronics-2023/ros2_ws/install/zed_interfaces/include/zed_interfaces/msg/detail/objects_stamped__struct.h
-- Up-to-date: /home/mechatronics/master/Mechatronics-2023/ros2_ws/install/zed_interfaces/include/zed_interfaces/msg/detail/plane_stamped__functions.h
-- Up-to-date: /home/mechatronics/master/Mechatronics-2023/ros2_ws/install/zed_interfaces/include/zed_interfaces/msg/detail/bounding_box2_di__functions.h
-- Up-to-date: /home/mechatronics/master/Mechatronics-2023/ros2_ws/install/zed_interfaces/include/zed_interfaces/msg/detail/bounding_box2_df__functions.h
-- Up-to-date: /home/mechatronics/master/Mechatronics-2023/ros2_ws/install/zed_interfaces/include/zed_interfaces/msg/detail/objects_stamped__type_support.h
-- Up-to-date: /home/mechatronics/master/Mechatronics-2023/ros2_ws/install/zed_interfaces/include/zed_interfaces/msg/detail/objects_stamped__functions.c
-- Up-to-date: /home/mechatronics/master/Mechatronics-2023/ros2_ws/install/zed_interfaces/include/zed_interfaces/msg/detail/keypoint2_df__struct.h
-- Up-to-date: /home/mechatronics/master/Mechatronics-2023/ros2_ws/install/zed_interfaces/include/zed_interfaces/msg/detail/plane_stamped__functions.c
-- Up-to-date: /home/mechatronics/master/Mechatronics-2023/ros2_ws/install/zed_interfaces/include/zed_interfaces/msg/detail/depth_info_stamped__type_support.h
-- Up-to-date: /home/mechatronics/master/Mechatronics-2023/ros2_ws/install/zed_interfaces/include/zed_interfaces/msg/keypoint3_d.h
-- Up-to-date: /home/mechatronics/master/Mechatronics-2023/ros2_ws/install/zed_interfaces/include/zed_interfaces/msg/objects_stamped.h
-- Up-to-date: /home/mechatronics/master/Mechatronics-2023/ros2_ws/install/zed_interfaces/include/zed_interfaces/msg/bounding_box2_di.h
-- Up-to-date: /home/mechatronics/master/Mechatronics-2023/ros2_ws/install/zed_interfaces/include/zed_interfaces/msg/skeleton2_d.h
-- Up-to-date: /home/mechatronics/master/Mechatronics-2023/ros2_ws/install/zed_interfaces/include/zed_interfaces/msg/skeleton3_d.h
-- Up-to-date: /home/mechatronics/master/Mechatronics-2023/ros2_ws/install/zed_interfaces/include/zed_interfaces/msg/bounding_box2_df.h
-- Up-to-date: /home/mechatronics/master/Mechatronics-2023/ros2_ws/install/zed_interfaces/include/zed_interfaces/msg/plane_stamped.h
-- Up-to-date: /home/mechatronics/master/Mechatronics-2023/ros2_ws/install/zed_interfaces/share/zed_interfaces/environment/library_path.sh
-- Up-to-date: /home/mechatronics/master/Mechatronics-2023/ros2_ws/install/zed_interfaces/share/zed_interfaces/environment/library_path.dsv
-- Up-to-date: /home/mechatronics/master/Mechatronics-2023/ros2_ws/install/zed_interfaces/lib/libzed_interfaces__rosidl_generator_c.so
-- Up-to-date: /home/mechatronics/master/Mechatronics-2023/ros2_ws/install/zed_interfaces/include/zed_interfaces
-- Up-to-date: /home/mechatronics/master/Mechatronics-2023/ros2_ws/install/zed_interfaces/include/zed_interfaces/srv
-- Up-to-date: /home/mechatronics/master/Mechatronics-2023/ros2_ws/install/zed_interfaces/include/zed_interfaces/srv/detail
-- Up-to-date: /home/mechatronics/master/Mechatronics-2023/ros2_ws/install/zed_interfaces/include/zed_interfaces/srv/detail/set_roi__rosidl_typesupport_fastrtps_c.h
-- Up-to-date: /home/mechatronics/master/Mechatronics-2023/ros2_ws/install/zed_interfaces/include/zed_interfaces/srv/detail/set_pose__rosidl_typesupport_fastrtps_c.h
-- Up-to-date: /home/mechatronics/master/Mechatronics-2023/ros2_ws/install/zed_interfaces/include/zed_interfaces/srv/detail/start_svo_rec__rosidl_typesupport_fastrtps_c.h
-- Up-to-date: /home/mechatronics/master/Mechatronics-2023/ros2_ws/install/zed_interfaces/include/zed_interfaces/msg
-- Up-to-date: /home/mechatronics/master/Mechatronics-2023/ros2_ws/install/zed_interfaces/include/zed_interfaces/msg/rosidl_typesupport_fastrtps_c__visibility_control.h
-- Up-to-date: /home/mechatronics/master/Mechatronics-2023/ros2_ws/install/zed_interfaces/include/zed_interfaces/msg/detail
-- Up-to-date: /home/mechatronics/master/Mechatronics-2023/ros2_ws/install/zed_interfaces/include/zed_interfaces/msg/detail/skeleton2_d__rosidl_typesupport_fastrtps_c.h
-- Up-to-date: /home/mechatronics/master/Mechatronics-2023/ros2_ws/install/zed_interfaces/include/zed_interfaces/msg/detail/bounding_box3_d__rosidl_typesupport_fastrtps_c.h
-- Up-to-date: /home/mechatronics/master/Mechatronics-2023/ros2_ws/install/zed_interfaces/include/zed_interfaces/msg/detail/plane_stamped__rosidl_typesupport_fastrtps_c.h
-- Up-to-date: /home/mechatronics/master/Mechatronics-2023/ros2_ws/install/zed_interfaces/include/zed_interfaces/msg/detail/object__rosidl_typesupport_fastrtps_c.h
-- Up-to-date: /home/mechatronics/master/Mechatronics-2023/ros2_ws/install/zed_interfaces/include/zed_interfaces/msg/detail/bounding_box2_di__rosidl_typesupport_fastrtps_c.h
-- Up-to-date: /home/mechatronics/master/Mechatronics-2023/ros2_ws/install/zed_interfaces/include/zed_interfaces/msg/detail/bounding_box2_df__rosidl_typesupport_fastrtps_c.h
-- Up-to-date: /home/mechatronics/master/Mechatronics-2023/ros2_ws/install/zed_interfaces/include/zed_interfaces/msg/detail/keypoint2_di__rosidl_typesupport_fastrtps_c.h
-- Up-to-date: /home/mechatronics/master/Mechatronics-2023/ros2_ws/install/zed_interfaces/include/zed_interfaces/msg/detail/depth_info_stamped__rosidl_typesupport_fastrtps_c.h
-- Up-to-date: /home/mechatronics/master/Mechatronics-2023/ros2_ws/install/zed_interfaces/include/zed_interfaces/msg/detail/skeleton3_d__rosidl_typesupport_fastrtps_c.h
-- Up-to-date: /home/mechatronics/master/Mechatronics-2023/ros2_ws/install/zed_interfaces/include/zed_interfaces/msg/detail/keypoint2_df__rosidl_typesupport_fastrtps_c.h
-- Up-to-date: /home/mechatronics/master/Mechatronics-2023/ros2_ws/install/zed_interfaces/include/zed_interfaces/msg/detail/objects_stamped__rosidl_typesupport_fastrtps_c.h
-- Up-to-date: /home/mechatronics/master/Mechatronics-2023/ros2_ws/install/zed_interfaces/include/zed_interfaces/msg/detail/keypoint3_d__rosidl_typesupport_fastrtps_c.h
-- Up-to-date: /home/mechatronics/master/Mechatronics-2023/ros2_ws/install/zed_interfaces/lib/libzed_interfaces__rosidl_typesupport_fastrtps_c.so
-- Up-to-date: /home/mechatronics/master/Mechatronics-2023/ros2_ws/install/zed_interfaces/include/zed_interfaces
-- Up-to-date: /home/mechatronics/master/Mechatronics-2023/ros2_ws/install/zed_interfaces/include/zed_interfaces/srv
-- Up-to-date: /home/mechatronics/master/Mechatronics-2023/ros2_ws/install/zed_interfaces/include/zed_interfaces/srv/detail
-- Up-to-date: /home/mechatronics/master/Mechatronics-2023/ros2_ws/install/zed_interfaces/include/zed_interfaces/srv/detail/set_pose__rosidl_typesupport_fastrtps_cpp.hpp
-- Up-to-date: /home/mechatronics/master/Mechatronics-2023/ros2_ws/install/zed_interfaces/include/zed_interfaces/srv/detail/start_svo_rec__rosidl_typesupport_fastrtps_cpp.hpp
-- Up-to-date: /home/mechatronics/master/Mechatronics-2023/ros2_ws/install/zed_interfaces/include/zed_interfaces/srv/detail/dds_fastrtps
-- Up-to-date: /home/mechatronics/master/Mechatronics-2023/ros2_ws/install/zed_interfaces/include/zed_interfaces/srv/detail/set_roi__rosidl_typesupport_fastrtps_cpp.hpp
-- Up-to-date: /home/mechatronics/master/Mechatronics-2023/ros2_ws/install/zed_interfaces/include/zed_interfaces/msg
-- Up-to-date: /home/mechatronics/master/Mechatronics-2023/ros2_ws/install/zed_interfaces/include/zed_interfaces/msg/detail
-- Up-to-date: /home/mechatronics/master/Mechatronics-2023/ros2_ws/install/zed_interfaces/include/zed_interfaces/msg/detail/object__rosidl_typesupport_fastrtps_cpp.hpp
-- Up-to-date: /home/mechatronics/master/Mechatronics-2023/ros2_ws/install/zed_interfaces/include/zed_interfaces/msg/detail/keypoint2_di__rosidl_typesupport_fastrtps_cpp.hpp
-- Up-to-date: /home/mechatronics/master/Mechatronics-2023/ros2_ws/install/zed_interfaces/include/zed_interfaces/msg/detail/keypoint3_d__rosidl_typesupport_fastrtps_cpp.hpp
-- Up-to-date: /home/mechatronics/master/Mechatronics-2023/ros2_ws/install/zed_interfaces/include/zed_interfaces/msg/detail/skeleton2_d__rosidl_typesupport_fastrtps_cpp.hpp
-- Up-to-date: /home/mechatronics/master/Mechatronics-2023/ros2_ws/install/zed_interfaces/include/zed_interfaces/msg/detail/plane_stamped__rosidl_typesupport_fastrtps_cpp.hpp
-- Up-to-date: /home/mechatronics/master/Mechatronics-2023/ros2_ws/install/zed_interfaces/include/zed_interfaces/msg/detail/dds_fastrtps
-- Up-to-date: /home/mechatronics/master/Mechatronics-2023/ros2_ws/install/zed_interfaces/include/zed_interfaces/msg/detail/skeleton3_d__rosidl_typesupport_fastrtps_cpp.hpp
-- Up-to-date: /home/mechatronics/master/Mechatronics-2023/ros2_ws/install/zed_interfaces/include/zed_interfaces/msg/detail/bounding_box2_df__rosidl_typesupport_fastrtps_cpp.hpp
-- Up-to-date: /home/mechatronics/master/Mechatronics-2023/ros2_ws/install/zed_interfaces/include/zed_interfaces/msg/detail/bounding_box2_di__rosidl_typesupport_fastrtps_cpp.hpp
-- Up-to-date: /home/mechatronics/master/Mechatronics-2023/ros2_ws/install/zed_interfaces/include/zed_interfaces/msg/detail/bounding_box3_d__rosidl_typesupport_fastrtps_cpp.hpp
-- Up-to-date: /home/mechatronics/master/Mechatronics-2023/ros2_ws/install/zed_interfaces/include/zed_interfaces/msg/detail/keypoint2_df__rosidl_typesupport_fastrtps_cpp.hpp
-- Up-to-date: /home/mechatronics/master/Mechatronics-2023/ros2_ws/install/zed_interfaces/include/zed_interfaces/msg/detail/depth_info_stamped__rosidl_typesupport_fastrtps_cpp.hpp
-- Up-to-date: /home/mechatronics/master/Mechatronics-2023/ros2_ws/install/zed_interfaces/include/zed_interfaces/msg/detail/objects_stamped__rosidl_typesupport_fastrtps_cpp.hpp
-- Up-to-date: /home/mechatronics/master/Mechatronics-2023/ros2_ws/install/zed_interfaces/include/zed_interfaces/msg/rosidl_typesupport_fastrtps_cpp__visibility_control.h
-- Up-to-date: /home/mechatronics/master/Mechatronics-2023/ros2_ws/install/zed_interfaces/lib/libzed_interfaces__rosidl_typesupport_fastrtps_cpp.so
-- Up-to-date: /home/mechatronics/master/Mechatronics-2023/ros2_ws/install/zed_interfaces/include/zed_interfaces
-- Up-to-date: /home/mechatronics/master/Mechatronics-2023/ros2_ws/install/zed_interfaces/include/zed_interfaces/srv
-- Up-to-date: /home/mechatronics/master/Mechatronics-2023/ros2_ws/install/zed_interfaces/include/zed_interfaces/srv/detail
-- Up-to-date: /home/mechatronics/master/Mechatronics-2023/ros2_ws/install/zed_interfaces/include/zed_interfaces/srv/detail/start_svo_rec__type_support.c
-- Up-to-date: /home/mechatronics/master/Mechatronics-2023/ros2_ws/install/zed_interfaces/include/zed_interfaces/srv/detail/set_pose__rosidl_typesupport_introspection_c.h
-- Up-to-date: /home/mechatronics/master/Mechatronics-2023/ros2_ws/install/zed_interfaces/include/zed_interfaces/srv/detail/set_roi__type_support.c
-- Up-to-date: /home/mechatronics/master/Mechatronics-2023/ros2_ws/install/zed_interfaces/include/zed_interfaces/srv/detail/set_pose__type_support.c
-- Up-to-date: /home/mechatronics/master/Mechatronics-2023/ros2_ws/install/zed_interfaces/include/zed_interfaces/srv/detail/start_svo_rec__rosidl_typesupport_introspection_c.h
-- Up-to-date: /home/mechatronics/master/Mechatronics-2023/ros2_ws/install/zed_interfaces/include/zed_interfaces/srv/detail/set_roi__rosidl_typesupport_introspection_c.h
-- Up-to-date: /home/mechatronics/master/Mechatronics-2023/ros2_ws/install/zed_interfaces/include/zed_interfaces/msg
-- Up-to-date: /home/mechatronics/master/Mechatronics-2023/ros2_ws/install/zed_interfaces/include/zed_interfaces/msg/detail
-- Up-to-date: /home/mechatronics/master/Mechatronics-2023/ros2_ws/install/zed_interfaces/include/zed_interfaces/msg/detail/keypoint2_di__rosidl_typesupport_introspection_c.h
-- Up-to-date: /home/mechatronics/master/Mechatronics-2023/ros2_ws/install/zed_interfaces/include/zed_interfaces/msg/detail/objects_stamped__type_support.c
-- Up-to-date: /home/mechatronics/master/Mechatronics-2023/ros2_ws/install/zed_interfaces/include/zed_interfaces/msg/detail/object__type_support.c
-- Up-to-date: /home/mechatronics/master/Mechatronics-2023/ros2_ws/install/zed_interfaces/include/zed_interfaces/msg/detail/bounding_box3_d__type_support.c
-- Up-to-date: /home/mechatronics/master/Mechatronics-2023/ros2_ws/install/zed_interfaces/include/zed_interfaces/msg/detail/object__rosidl_typesupport_introspection_c.h
-- Up-to-date: /home/mechatronics/master/Mechatronics-2023/ros2_ws/install/zed_interfaces/include/zed_interfaces/msg/detail/keypoint2_df__type_support.c
-- Up-to-date: /home/mechatronics/master/Mechatronics-2023/ros2_ws/install/zed_interfaces/include/zed_interfaces/msg/detail/bounding_box2_df__type_support.c
-- Up-to-date: /home/mechatronics/master/Mechatronics-2023/ros2_ws/install/zed_interfaces/include/zed_interfaces/msg/detail/bounding_box3_d__rosidl_typesupport_introspection_c.h
-- Up-to-date: /home/mechatronics/master/Mechatronics-2023/ros2_ws/install/zed_interfaces/include/zed_interfaces/msg/detail/skeleton3_d__type_support.c
-- Up-to-date: /home/mechatronics/master/Mechatronics-2023/ros2_ws/install/zed_interfaces/include/zed_interfaces/msg/detail/skeleton3_d__rosidl_typesupport_introspection_c.h
-- Up-to-date: /home/mechatronics/master/Mechatronics-2023/ros2_ws/install/zed_interfaces/include/zed_interfaces/msg/detail/keypoint3_d__rosidl_typesupport_introspection_c.h
-- Up-to-date: /home/mechatronics/master/Mechatronics-2023/ros2_ws/install/zed_interfaces/include/zed_interfaces/msg/detail/keypoint2_di__type_support.c
-- Up-to-date: /home/mechatronics/master/Mechatronics-2023/ros2_ws/install/zed_interfaces/include/zed_interfaces/msg/detail/skeleton2_d__type_support.c
-- Up-to-date: /home/mechatronics/master/Mechatronics-2023/ros2_ws/install/zed_interfaces/include/zed_interfaces/msg/detail/keypoint2_df__rosidl_typesupport_introspection_c.h
-- Up-to-date: /home/mechatronics/master/Mechatronics-2023/ros2_ws/install/zed_interfaces/include/zed_interfaces/msg/detail/depth_info_stamped__rosidl_typesupport_introspection_c.h
-- Up-to-date: /home/mechatronics/master/Mechatronics-2023/ros2_ws/install/zed_interfaces/include/zed_interfaces/msg/detail/objects_stamped__rosidl_typesupport_introspection_c.h
-- Up-to-date: /home/mechatronics/master/Mechatronics-2023/ros2_ws/install/zed_interfaces/include/zed_interfaces/msg/detail/plane_stamped__rosidl_typesupport_introspection_c.h
-- Up-to-date: /home/mechatronics/master/Mechatronics-2023/ros2_ws/install/zed_interfaces/include/zed_interfaces/msg/detail/bounding_box2_df__rosidl_typesupport_introspection_c.h
-- Up-to-date: /home/mechatronics/master/Mechatronics-2023/ros2_ws/install/zed_interfaces/include/zed_interfaces/msg/detail/bounding_box2_di__type_support.c
-- Up-to-date: /home/mechatronics/master/Mechatronics-2023/ros2_ws/install/zed_interfaces/include/zed_interfaces/msg/detail/skeleton2_d__rosidl_typesupport_introspection_c.h
-- Up-to-date: /home/mechatronics/master/Mechatronics-2023/ros2_ws/install/zed_interfaces/include/zed_interfaces/msg/detail/keypoint3_d__type_support.c
-- Up-to-date: /home/mechatronics/master/Mechatronics-2023/ros2_ws/install/zed_interfaces/include/zed_interfaces/msg/detail/depth_info_stamped__type_support.c
-- Up-to-date: /home/mechatronics/master/Mechatronics-2023/ros2_ws/install/zed_interfaces/include/zed_interfaces/msg/detail/plane_stamped__type_support.c
-- Up-to-date: /home/mechatronics/master/Mechatronics-2023/ros2_ws/install/zed_interfaces/include/zed_interfaces/msg/detail/bounding_box2_di__rosidl_typesupport_introspection_c.h
-- Up-to-date: /home/mechatronics/master/Mechatronics-2023/ros2_ws/install/zed_interfaces/include/zed_interfaces/msg/rosidl_typesupport_introspection_c__visibility_control.h
-- Up-to-date: /home/mechatronics/master/Mechatronics-2023/ros2_ws/install/zed_interfaces/lib/libzed_interfaces__rosidl_typesupport_introspection_c.so
-- Up-to-date: /home/mechatronics/master/Mechatronics-2023/ros2_ws/install/zed_interfaces/lib/libzed_interfaces__rosidl_typesupport_c.so
-- Up-to-date: /home/mechatronics/master/Mechatronics-2023/ros2_ws/install/zed_interfaces/include/zed_interfaces
-- Up-to-date: /home/mechatronics/master/Mechatronics-2023/ros2_ws/install/zed_interfaces/include/zed_interfaces/srv
-- Up-to-date: /home/mechatronics/master/Mechatronics-2023/ros2_ws/install/zed_interfaces/include/zed_interfaces/srv/set_pose.hpp
-- Up-to-date: /home/mechatronics/master/Mechatronics-2023/ros2_ws/install/zed_interfaces/include/zed_interfaces/srv/start_svo_rec.hpp
-- Up-to-date: /home/mechatronics/master/Mechatronics-2023/ros2_ws/install/zed_interfaces/include/zed_interfaces/srv/set_roi.hpp
-- Up-to-date: /home/mechatronics/master/Mechatronics-2023/ros2_ws/install/zed_interfaces/include/zed_interfaces/srv/detail
-- Up-to-date: /home/mechatronics/master/Mechatronics-2023/ros2_ws/install/zed_interfaces/include/zed_interfaces/srv/detail/start_svo_rec__builder.hpp
-- Up-to-date: /home/mechatronics/master/Mechatronics-2023/ros2_ws/install/zed_interfaces/include/zed_interfaces/srv/detail/set_roi__struct.hpp
-- Up-to-date: /home/mechatronics/master/Mechatronics-2023/ros2_ws/install/zed_interfaces/include/zed_interfaces/srv/detail/start_svo_rec__struct.hpp
-- Up-to-date: /home/mechatronics/master/Mechatronics-2023/ros2_ws/install/zed_interfaces/include/zed_interfaces/srv/detail/set_pose__struct.hpp
-- Up-to-date: /home/mechatronics/master/Mechatronics-2023/ros2_ws/install/zed_interfaces/include/zed_interfaces/srv/detail/set_roi__traits.hpp
-- Up-to-date: /home/mechatronics/master/Mechatronics-2023/ros2_ws/install/zed_interfaces/include/zed_interfaces/srv/detail/set_roi__builder.hpp
-- Up-to-date: /home/mechatronics/master/Mechatronics-2023/ros2_ws/install/zed_interfaces/include/zed_interfaces/srv/detail/set_pose__traits.hpp
-- Up-to-date: /home/mechatronics/master/Mechatronics-2023/ros2_ws/install/zed_interfaces/include/zed_interfaces/srv/detail/start_svo_rec__traits.hpp
-- Up-to-date: /home/mechatronics/master/Mechatronics-2023/ros2_ws/install/zed_interfaces/include/zed_interfaces/srv/detail/set_pose__builder.hpp
-- Up-to-date: /home/mechatronics/master/Mechatronics-2023/ros2_ws/install/zed_interfaces/include/zed_interfaces/msg
-- Up-to-date: /home/mechatronics/master/Mechatronics-2023/ros2_ws/install/zed_interfaces/include/zed_interfaces/msg/objects_stamped.hpp
-- Up-to-date: /home/mechatronics/master/Mechatronics-2023/ros2_ws/install/zed_interfaces/include/zed_interfaces/msg/bounding_box3_d.hpp
-- Up-to-date: /home/mechatronics/master/Mechatronics-2023/ros2_ws/install/zed_interfaces/include/zed_interfaces/msg/depth_info_stamped.hpp
-- Up-to-date: /home/mechatronics/master/Mechatronics-2023/ros2_ws/install/zed_interfaces/include/zed_interfaces/msg/bounding_box2_df.hpp
-- Up-to-date: /home/mechatronics/master/Mechatronics-2023/ros2_ws/install/zed_interfaces/include/zed_interfaces/msg/bounding_box2_di.hpp
-- Up-to-date: /home/mechatronics/master/Mechatronics-2023/ros2_ws/install/zed_interfaces/include/zed_interfaces/msg/detail
-- Up-to-date: /home/mechatronics/master/Mechatronics-2023/ros2_ws/install/zed_interfaces/include/zed_interfaces/msg/detail/keypoint2_df__builder.hpp
-- Up-to-date: /home/mechatronics/master/Mechatronics-2023/ros2_ws/install/zed_interfaces/include/zed_interfaces/msg/detail/bounding_box3_d__builder.hpp
-- Up-to-date: /home/mechatronics/master/Mechatronics-2023/ros2_ws/install/zed_interfaces/include/zed_interfaces/msg/detail/bounding_box2_di__traits.hpp
-- Up-to-date: /home/mechatronics/master/Mechatronics-2023/ros2_ws/install/zed_interfaces/include/zed_interfaces/msg/detail/skeleton3_d__traits.hpp
-- Up-to-date: /home/mechatronics/master/Mechatronics-2023/ros2_ws/install/zed_interfaces/include/zed_interfaces/msg/detail/keypoint2_di__traits.hpp
-- Up-to-date: /home/mechatronics/master/Mechatronics-2023/ros2_ws/install/zed_interfaces/include/zed_interfaces/msg/detail/skeleton3_d__builder.hpp
-- Up-to-date: /home/mechatronics/master/Mechatronics-2023/ros2_ws/install/zed_interfaces/include/zed_interfaces/msg/detail/objects_stamped__builder.hpp
-- Up-to-date: /home/mechatronics/master/Mechatronics-2023/ros2_ws/install/zed_interfaces/include/zed_interfaces/msg/detail/bounding_box2_df__builder.hpp
-- Up-to-date: /home/mechatronics/master/Mechatronics-2023/ros2_ws/install/zed_interfaces/include/zed_interfaces/msg/detail/skeleton2_d__traits.hpp
-- Up-to-date: /home/mechatronics/master/Mechatronics-2023/ros2_ws/install/zed_interfaces/include/zed_interfaces/msg/detail/plane_stamped__builder.hpp
-- Up-to-date: /home/mechatronics/master/Mechatronics-2023/ros2_ws/install/zed_interfaces/include/zed_interfaces/msg/detail/bounding_box2_di__struct.hpp
-- Up-to-date: /home/mechatronics/master/Mechatronics-2023/ros2_ws/install/zed_interfaces/include/zed_interfaces/msg/detail/keypoint3_d__struct.hpp
-- Up-to-date: /home/mechatronics/master/Mechatronics-2023/ros2_ws/install/zed_interfaces/include/zed_interfaces/msg/detail/objects_stamped__struct.hpp
-- Up-to-date: /home/mechatronics/master/Mechatronics-2023/ros2_ws/install/zed_interfaces/include/zed_interfaces/msg/detail/bounding_box2_df__struct.hpp
-- Up-to-date: /home/mechatronics/master/Mechatronics-2023/ros2_ws/install/zed_interfaces/include/zed_interfaces/msg/detail/objects_stamped__traits.hpp
-- Up-to-date: /home/mechatronics/master/Mechatronics-2023/ros2_ws/install/zed_interfaces/include/zed_interfaces/msg/detail/object__builder.hpp
-- Up-to-date: /home/mechatronics/master/Mechatronics-2023/ros2_ws/install/zed_interfaces/include/zed_interfaces/msg/detail/keypoint2_di__builder.hpp
-- Up-to-date: /home/mechatronics/master/Mechatronics-2023/ros2_ws/install/zed_interfaces/include/zed_interfaces/msg/detail/bounding_box2_df__traits.hpp
-- Up-to-date: /home/mechatronics/master/Mechatronics-2023/ros2_ws/install/zed_interfaces/include/zed_interfaces/msg/detail/depth_info_stamped__struct.hpp
-- Up-to-date: /home/mechatronics/master/Mechatronics-2023/ros2_ws/install/zed_interfaces/include/zed_interfaces/msg/detail/bounding_box3_d__struct.hpp
-- Up-to-date: /home/mechatronics/master/Mechatronics-2023/ros2_ws/install/zed_interfaces/include/zed_interfaces/msg/detail/bounding_box3_d__traits.hpp
-- Up-to-date: /home/mechatronics/master/Mechatronics-2023/ros2_ws/install/zed_interfaces/include/zed_interfaces/msg/detail/object__struct.hpp
-- Up-to-date: /home/mechatronics/master/Mechatronics-2023/ros2_ws/install/zed_interfaces/include/zed_interfaces/msg/detail/keypoint2_df__traits.hpp
-- Up-to-date: /home/mechatronics/master/Mechatronics-2023/ros2_ws/install/zed_interfaces/include/zed_interfaces/msg/detail/bounding_box2_di__builder.hpp
-- Up-to-date: /home/mechatronics/master/Mechatronics-2023/ros2_ws/install/zed_interfaces/include/zed_interfaces/msg/detail/object__traits.hpp
-- Up-to-date: /home/mechatronics/master/Mechatronics-2023/ros2_ws/install/zed_interfaces/include/zed_interfaces/msg/detail/depth_info_stamped__traits.hpp
-- Up-to-date: /home/mechatronics/master/Mechatronics-2023/ros2_ws/install/zed_interfaces/include/zed_interfaces/msg/detail/skeleton2_d__struct.hpp
-- Up-to-date: /home/mechatronics/master/Mechatronics-2023/ros2_ws/install/zed_interfaces/include/zed_interfaces/msg/detail/plane_stamped__traits.hpp
-- Up-to-date: /home/mechatronics/master/Mechatronics-2023/ros2_ws/install/zed_interfaces/include/zed_interfaces/msg/detail/keypoint2_df__struct.hpp
-- Up-to-date: /home/mechatronics/master/Mechatronics-2023/ros2_ws/install/zed_interfaces/include/zed_interfaces/msg/detail/skeleton2_d__builder.hpp
-- Up-to-date: /home/mechatronics/master/Mechatronics-2023/ros2_ws/install/zed_interfaces/include/zed_interfaces/msg/detail/keypoint2_di__struct.hpp
-- Up-to-date: /home/mechatronics/master/Mechatronics-2023/ros2_ws/install/zed_interfaces/include/zed_interfaces/msg/detail/plane_stamped__struct.hpp
-- Up-to-date: /home/mechatronics/master/Mechatronics-2023/ros2_ws/install/zed_interfaces/include/zed_interfaces/msg/detail/keypoint3_d__traits.hpp
-- Up-to-date: /home/mechatronics/master/Mechatronics-2023/ros2_ws/install/zed_interfaces/include/zed_interfaces/msg/detail/depth_info_stamped__builder.hpp
-- Up-to-date: /home/mechatronics/master/Mechatronics-2023/ros2_ws/install/zed_interfaces/include/zed_interfaces/msg/detail/keypoint3_d__builder.hpp
-- Up-to-date: /home/mechatronics/master/Mechatronics-2023/ros2_ws/install/zed_interfaces/include/zed_interfaces/msg/detail/skeleton3_d__struct.hpp
-- Up-to-date: /home/mechatronics/master/Mechatronics-2023/ros2_ws/install/zed_interfaces/include/zed_interfaces/msg/object.hpp
-- Up-to-date: /home/mechatronics/master/Mechatronics-2023/ros2_ws/install/zed_interfaces/include/zed_interfaces/msg/skeleton2_d.hpp
-- Up-to-date: /home/mechatronics/master/Mechatronics-2023/ros2_ws/install/zed_interfaces/include/zed_interfaces/msg/keypoint2_di.hpp
-- Up-to-date: /home/mechatronics/master/Mechatronics-2023/ros2_ws/install/zed_interfaces/include/zed_interfaces/msg/keypoint3_d.hpp
-- Up-to-date: /home/mechatronics/master/Mechatronics-2023/ros2_ws/install/zed_interfaces/include/zed_interfaces/msg/plane_stamped.hpp
-- Up-to-date: /home/mechatronics/master/Mechatronics-2023/ros2_ws/install/zed_interfaces/include/zed_interfaces/msg/skeleton3_d.hpp
-- Up-to-date: /home/mechatronics/master/Mechatronics-2023/ros2_ws/install/zed_interfaces/include/zed_interfaces/msg/keypoint2_df.hpp
-- Up-to-date: /home/mechatronics/master/Mechatronics-2023/ros2_ws/install/zed_interfaces/include/zed_interfaces
-- Up-to-date: /home/mechatronics/master/Mechatronics-2023/ros2_ws/install/zed_interfaces/include/zed_interfaces/srv
-- Up-to-date: /home/mechatronics/master/Mechatronics-2023/ros2_ws/install/zed_interfaces/include/zed_interfaces/srv/detail
-- Up-to-date: /home/mechatronics/master/Mechatronics-2023/ros2_ws/install/zed_interfaces/include/zed_interfaces/srv/detail/start_svo_rec__type_support.cpp
-- Up-to-date: /home/mechatronics/master/Mechatronics-2023/ros2_ws/install/zed_interfaces/include/zed_interfaces/srv/detail/start_svo_rec__rosidl_typesupport_introspection_cpp.hpp
-- Up-to-date: /home/mechatronics/master/Mechatronics-2023/ros2_ws/install/zed_interfaces/include/zed_interfaces/srv/detail/set_roi__type_support.cpp
-- Up-to-date: /home/mechatronics/master/Mechatronics-2023/ros2_ws/install/zed_interfaces/include/zed_interfaces/srv/detail/set_pose__type_support.cpp
-- Up-to-date: /home/mechatronics/master/Mechatronics-2023/ros2_ws/install/zed_interfaces/include/zed_interfaces/srv/detail/set_roi__rosidl_typesupport_introspection_cpp.hpp
-- Up-to-date: /home/mechatronics/master/Mechatronics-2023/ros2_ws/install/zed_interfaces/include/zed_interfaces/srv/detail/set_pose__rosidl_typesupport_introspection_cpp.hpp
-- Up-to-date: /home/mechatronics/master/Mechatronics-2023/ros2_ws/install/zed_interfaces/include/zed_interfaces/msg
-- Up-to-date: /home/mechatronics/master/Mechatronics-2023/ros2_ws/install/zed_interfaces/include/zed_interfaces/msg/detail
-- Up-to-date: /home/mechatronics/master/Mechatronics-2023/ros2_ws/install/zed_interfaces/include/zed_interfaces/msg/detail/keypoint2_df__rosidl_typesupport_introspection_cpp.hpp
-- Up-to-date: /home/mechatronics/master/Mechatronics-2023/ros2_ws/install/zed_interfaces/include/zed_interfaces/msg/detail/keypoint2_di__rosidl_typesupport_introspection_cpp.hpp
-- Up-to-date: /home/mechatronics/master/Mechatronics-2023/ros2_ws/install/zed_interfaces/include/zed_interfaces/msg/detail/keypoint2_di__type_support.cpp
-- Up-to-date: /home/mechatronics/master/Mechatronics-2023/ros2_ws/install/zed_interfaces/include/zed_interfaces/msg/detail/skeleton3_d__rosidl_typesupport_introspection_cpp.hpp
-- Up-to-date: /home/mechatronics/master/Mechatronics-2023/ros2_ws/install/zed_interfaces/include/zed_interfaces/msg/detail/skeleton2_d__type_support.cpp
-- Up-to-date: /home/mechatronics/master/Mechatronics-2023/ros2_ws/install/zed_interfaces/include/zed_interfaces/msg/detail/bounding_box2_di__type_support.cpp
-- Up-to-date: /home/mechatronics/master/Mechatronics-2023/ros2_ws/install/zed_interfaces/include/zed_interfaces/msg/detail/plane_stamped__type_support.cpp
-- Up-to-date: /home/mechatronics/master/Mechatronics-2023/ros2_ws/install/zed_interfaces/include/zed_interfaces/msg/detail/bounding_box3_d__rosidl_typesupport_introspection_cpp.hpp
-- Up-to-date: /home/mechatronics/master/Mechatronics-2023/ros2_ws/install/zed_interfaces/include/zed_interfaces/msg/detail/depth_info_stamped__type_support.cpp
-- Up-to-date: /home/mechatronics/master/Mechatronics-2023/ros2_ws/install/zed_interfaces/include/zed_interfaces/msg/detail/bounding_box2_df__type_support.cpp
-- Up-to-date: /home/mechatronics/master/Mechatronics-2023/ros2_ws/install/zed_interfaces/include/zed_interfaces/msg/detail/object__type_support.cpp
-- Up-to-date: /home/mechatronics/master/Mechatronics-2023/ros2_ws/install/zed_interfaces/include/zed_interfaces/msg/detail/bounding_box2_di__rosidl_typesupport_introspection_cpp.hpp
-- Up-to-date: /home/mechatronics/master/Mechatronics-2023/ros2_ws/install/zed_interfaces/include/zed_interfaces/msg/detail/objects_stamped__rosidl_typesupport_introspection_cpp.hpp
-- Up-to-date: /home/mechatronics/master/Mechatronics-2023/ros2_ws/install/zed_interfaces/include/zed_interfaces/msg/detail/bounding_box2_df__rosidl_typesupport_introspection_cpp.hpp
-- Up-to-date: /home/mechatronics/master/Mechatronics-2023/ros2_ws/install/zed_interfaces/include/zed_interfaces/msg/detail/skeleton3_d__type_support.cpp
-- Up-to-date: /home/mechatronics/master/Mechatronics-2023/ros2_ws/install/zed_interfaces/include/zed_interfaces/msg/detail/objects_stamped__type_support.cpp
-- Up-to-date: /home/mechatronics/master/Mechatronics-2023/ros2_ws/install/zed_interfaces/include/zed_interfaces/msg/detail/bounding_box3_d__type_support.cpp
-- Up-to-date: /home/mechatronics/master/Mechatronics-2023/ros2_ws/install/zed_interfaces/include/zed_interfaces/msg/detail/depth_info_stamped__rosidl_typesupport_introspection_cpp.hpp
-- Up-to-date: /home/mechatronics/master/Mechatronics-2023/ros2_ws/install/zed_interfaces/include/zed_interfaces/msg/detail/keypoint3_d__rosidl_typesupport_introspection_cpp.hpp
-- Up-to-date: /home/mechatronics/master/Mechatronics-2023/ros2_ws/install/zed_interfaces/include/zed_interfaces/msg/detail/keypoint2_df__type_support.cpp
-- Up-to-date: /home/mechatronics/master/Mechatronics-2023/ros2_ws/install/zed_interfaces/include/zed_interfaces/msg/detail/skeleton2_d__rosidl_typesupport_introspection_cpp.hpp
-- Up-to-date: /home/mechatronics/master/Mechatronics-2023/ros2_ws/install/zed_interfaces/include/zed_interfaces/msg/detail/object__rosidl_typesupport_introspection_cpp.hpp
-- Up-to-date: /home/mechatronics/master/Mechatronics-2023/ros2_ws/install/zed_interfaces/include/zed_interfaces/msg/detail/plane_stamped__rosidl_typesupport_introspection_cpp.hpp
-- Up-to-date: /home/mechatronics/master/Mechatronics-2023/ros2_ws/install/zed_interfaces/include/zed_interfaces/msg/detail/keypoint3_d__type_support.cpp
-- Up-to-date: /home/mechatronics/master/Mechatronics-2023/ros2_ws/install/zed_interfaces/lib/libzed_interfaces__rosidl_typesupport_introspection_cpp.so
-- Up-to-date: /home/mechatronics/master/Mechatronics-2023/ros2_ws/install/zed_interfaces/lib/libzed_interfaces__rosidl_typesupport_cpp.so
-- Up-to-date: /home/mechatronics/master/Mechatronics-2023/ros2_ws/install/zed_interfaces/share/zed_interfaces/environment/pythonpath.sh
-- Up-to-date: /home/mechatronics/master/Mechatronics-2023/ros2_ws/install/zed_interfaces/share/zed_interfaces/environment/pythonpath.dsv
-- Up-to-date: /home/mechatronics/master/Mechatronics-2023/ros2_ws/install/zed_interfaces/lib/python3.8/site-packages/zed_interfaces/__init__.py
-- Up-to-date: /home/mechatronics/master/Mechatronics-2023/ros2_ws/install/zed_interfaces/lib/python3.8/site-packages/zed_interfaces/msg
-- Up-to-date: /home/mechatronics/master/Mechatronics-2023/ros2_ws/install/zed_interfaces/lib/python3.8/site-packages/zed_interfaces/msg/_skeleton2_d.py
-- Up-to-date: /home/mechatronics/master/Mechatronics-2023/ros2_ws/install/zed_interfaces/lib/python3.8/site-packages/zed_interfaces/msg/_bounding_box2_di.py
-- Up-to-date: /home/mechatronics/master/Mechatronics-2023/ros2_ws/install/zed_interfaces/lib/python3.8/site-packages/zed_interfaces/msg/_plane_stamped_s.c
-- Up-to-date: /home/mechatronics/master/Mechatronics-2023/ros2_ws/install/zed_interfaces/lib/python3.8/site-packages/zed_interfaces/msg/__init__.py
-- Up-to-date: /home/mechatronics/master/Mechatronics-2023/ros2_ws/install/zed_interfaces/lib/python3.8/site-packages/zed_interfaces/msg/_objects_stamped_s.c
-- Up-to-date: /home/mechatronics/master/Mechatronics-2023/ros2_ws/install/zed_interfaces/lib/python3.8/site-packages/zed_interfaces/msg/_bounding_box3_d_s.c
-- Up-to-date: /home/mechatronics/master/Mechatronics-2023/ros2_ws/install/zed_interfaces/lib/python3.8/site-packages/zed_interfaces/msg/_skeleton3_d.py
-- Up-to-date: /home/mechatronics/master/Mechatronics-2023/ros2_ws/install/zed_interfaces/lib/python3.8/site-packages/zed_interfaces/msg/_keypoint3_d_s.c
-- Up-to-date: /home/mechatronics/master/Mechatronics-2023/ros2_ws/install/zed_interfaces/lib/python3.8/site-packages/zed_interfaces/msg/_depth_info_stamped_s.c
-- Up-to-date: /home/mechatronics/master/Mechatronics-2023/ros2_ws/install/zed_interfaces/lib/python3.8/site-packages/zed_interfaces/msg/_bounding_box3_d.py
-- Up-to-date: /home/mechatronics/master/Mechatronics-2023/ros2_ws/install/zed_interfaces/lib/python3.8/site-packages/zed_interfaces/msg/_objects_stamped.py
-- Up-to-date: /home/mechatronics/master/Mechatronics-2023/ros2_ws/install/zed_interfaces/lib/python3.8/site-packages/zed_interfaces/msg/_bounding_box2_df_s.c
-- Up-to-date: /home/mechatronics/master/Mechatronics-2023/ros2_ws/install/zed_interfaces/lib/python3.8/site-packages/zed_interfaces/msg/_keypoint2_di_s.c
-- Up-to-date: /home/mechatronics/master/Mechatronics-2023/ros2_ws/install/zed_interfaces/lib/python3.8/site-packages/zed_interfaces/msg/_object_s.c
-- Up-to-date: /home/mechatronics/master/Mechatronics-2023/ros2_ws/install/zed_interfaces/lib/python3.8/site-packages/zed_interfaces/msg/_skeleton2_d_s.c
-- Up-to-date: /home/mechatronics/master/Mechatronics-2023/ros2_ws/install/zed_interfaces/lib/python3.8/site-packages/zed_interfaces/msg/_depth_info_stamped.py
-- Up-to-date: /home/mechatronics/master/Mechatronics-2023/ros2_ws/install/zed_interfaces/lib/python3.8/site-packages/zed_interfaces/msg/_plane_stamped.py
-- Up-to-date: /home/mechatronics/master/Mechatronics-2023/ros2_ws/install/zed_interfaces/lib/python3.8/site-packages/zed_interfaces/msg/_skeleton3_d_s.c
-- Up-to-date: /home/mechatronics/master/Mechatronics-2023/ros2_ws/install/zed_interfaces/lib/python3.8/site-packages/zed_interfaces/msg/_bounding_box2_df.py
-- Up-to-date: /home/mechatronics/master/Mechatronics-2023/ros2_ws/install/zed_interfaces/lib/python3.8/site-packages/zed_interfaces/msg/_keypoint2_di.py
-- Up-to-date: /home/mechatronics/master/Mechatronics-2023/ros2_ws/install/zed_interfaces/lib/python3.8/site-packages/zed_interfaces/msg/_keypoint3_d.py
-- Up-to-date: /home/mechatronics/master/Mechatronics-2023/ros2_ws/install/zed_interfaces/lib/python3.8/site-packages/zed_interfaces/msg/_object.py
-- Up-to-date: /home/mechatronics/master/Mechatronics-2023/ros2_ws/install/zed_interfaces/lib/python3.8/site-packages/zed_interfaces/msg/_keypoint2_df_s.c
-- Up-to-date: /home/mechatronics/master/Mechatronics-2023/ros2_ws/install/zed_interfaces/lib/python3.8/site-packages/zed_interfaces/msg/_bounding_box2_di_s.c
-- Up-to-date: /home/mechatronics/master/Mechatronics-2023/ros2_ws/install/zed_interfaces/lib/python3.8/site-packages/zed_interfaces/msg/_keypoint2_df.py
-- Up-to-date: /home/mechatronics/master/Mechatronics-2023/ros2_ws/install/zed_interfaces/lib/python3.8/site-packages/zed_interfaces/srv
-- Up-to-date: /home/mechatronics/master/Mechatronics-2023/ros2_ws/install/zed_interfaces/lib/python3.8/site-packages/zed_interfaces/srv/_set_pose.py
-- Up-to-date: /home/mechatronics/master/Mechatronics-2023/ros2_ws/install/zed_interfaces/lib/python3.8/site-packages/zed_interfaces/srv/_set_roi.py
-- Up-to-date: /home/mechatronics/master/Mechatronics-2023/ros2_ws/install/zed_interfaces/lib/python3.8/site-packages/zed_interfaces/srv/__init__.py
-- Up-to-date: /home/mechatronics/master/Mechatronics-2023/ros2_ws/install/zed_interfaces/lib/python3.8/site-packages/zed_interfaces/srv/_set_pose_s.c
-- Up-to-date: /home/mechatronics/master/Mechatronics-2023/ros2_ws/install/zed_interfaces/lib/python3.8/site-packages/zed_interfaces/srv/_set_roi_s.c
-- Up-to-date: /home/mechatronics/master/Mechatronics-2023/ros2_ws/install/zed_interfaces/lib/python3.8/site-packages/zed_interfaces/srv/_start_svo_rec_s.c
-- Up-to-date: /home/mechatronics/master/Mechatronics-2023/ros2_ws/install/zed_interfaces/lib/python3.8/site-packages/zed_interfaces/srv/_start_svo_rec.py
-- Up-to-date: /home/mechatronics/master/Mechatronics-2023/ros2_ws/install/zed_interfaces/lib/python3.8/site-packages/zed_interfaces/zed_interfaces_s__rosidl_typesupport_fastrtps_c.cpython-38-aarch64-linux-gnu.so
-- Up-to-date: /home/mechatronics/master/Mechatronics-2023/ros2_ws/install/zed_interfaces/lib/python3.8/site-packages/zed_interfaces/zed_interfaces_s__rosidl_typesupport_introspection_c.cpython-38-aarch64-linux-gnu.so
-- Up-to-date: /home/mechatronics/master/Mechatronics-2023/ros2_ws/install/zed_interfaces/lib/python3.8/site-packages/zed_interfaces/zed_interfaces_s__rosidl_typesupport_c.cpython-38-aarch64-linux-gnu.so
-- Up-to-date: /home/mechatronics/master/Mechatronics-2023/ros2_ws/install/zed_interfaces/lib/libzed_interfaces__python.so
-- Up-to-date: /home/mechatronics/master/Mechatronics-2023/ros2_ws/install/zed_interfaces/share/zed_interfaces/msg/Object.idl
-- Up-to-date: /home/mechatronics/master/Mechatronics-2023/ros2_ws/install/zed_interfaces/share/zed_interfaces/msg/ObjectsStamped.idl
-- Up-to-date: /home/mechatronics/master/Mechatronics-2023/ros2_ws/install/zed_interfaces/share/zed_interfaces/msg/Keypoint2Di.idl
-- Up-to-date: /home/mechatronics/master/Mechatronics-2023/ros2_ws/install/zed_interfaces/share/zed_interfaces/msg/Keypoint2Df.idl
-- Up-to-date: /home/mechatronics/master/Mechatronics-2023/ros2_ws/install/zed_interfaces/share/zed_interfaces/msg/Keypoint3D.idl
-- Up-to-date: /home/mechatronics/master/Mechatronics-2023/ros2_ws/install/zed_interfaces/share/zed_interfaces/msg/BoundingBox2Di.idl
-- Up-to-date: /home/mechatronics/master/Mechatronics-2023/ros2_ws/install/zed_interfaces/share/zed_interfaces/msg/BoundingBox2Df.idl
-- Up-to-date: /home/mechatronics/master/Mechatronics-2023/ros2_ws/install/zed_interfaces/share/zed_interfaces/msg/BoundingBox3D.idl
-- Up-to-date: /home/mechatronics/master/Mechatronics-2023/ros2_ws/install/zed_interfaces/share/zed_interfaces/msg/Skeleton2D.idl
-- Up-to-date: /home/mechatronics/master/Mechatronics-2023/ros2_ws/install/zed_interfaces/share/zed_interfaces/msg/Skeleton3D.idl
-- Up-to-date: /home/mechatronics/master/Mechatronics-2023/ros2_ws/install/zed_interfaces/share/zed_interfaces/msg/DepthInfoStamped.idl
-- Up-to-date: /home/mechatronics/master/Mechatronics-2023/ros2_ws/install/zed_interfaces/share/zed_interfaces/msg/PlaneStamped.idl
-- Up-to-date: /home/mechatronics/master/Mechatronics-2023/ros2_ws/install/zed_interfaces/share/zed_interfaces/srv/SetPose.idl
-- Up-to-date: /home/mechatronics/master/Mechatronics-2023/ros2_ws/install/zed_interfaces/share/zed_interfaces/srv/StartSvoRec.idl
-- Up-to-date: /home/mechatronics/master/Mechatronics-2023/ros2_ws/install/zed_interfaces/share/zed_interfaces/srv/SetROI.idl
-- Up-to-date: /home/mechatronics/master/Mechatronics-2023/ros2_ws/install/zed_interfaces/share/zed_interfaces/msg/Object.msg
-- Up-to-date: /home/mechatronics/master/Mechatronics-2023/ros2_ws/install/zed_interfaces/share/zed_interfaces/msg/ObjectsStamped.msg
-- Up-to-date: /home/mechatronics/master/Mechatronics-2023/ros2_ws/install/zed_interfaces/share/zed_interfaces/msg/Keypoint2Di.msg
-- Up-to-date: /home/mechatronics/master/Mechatronics-2023/ros2_ws/install/zed_interfaces/share/zed_interfaces/msg/Keypoint2Df.msg
-- Up-to-date: /home/mechatronics/master/Mechatronics-2023/ros2_ws/install/zed_interfaces/share/zed_interfaces/msg/Keypoint3D.msg
-- Up-to-date: /home/mechatronics/master/Mechatronics-2023/ros2_ws/install/zed_interfaces/share/zed_interfaces/msg/BoundingBox2Di.msg
-- Up-to-date: /home/mechatronics/master/Mechatronics-2023/ros2_ws/install/zed_interfaces/share/zed_interfaces/msg/BoundingBox2Df.msg
-- Up-to-date: /home/mechatronics/master/Mechatronics-2023/ros2_ws/install/zed_interfaces/share/zed_interfaces/msg/BoundingBox3D.msg
-- Up-to-date: /home/mechatronics/master/Mechatronics-2023/ros2_ws/install/zed_interfaces/share/zed_interfaces/msg/Skeleton2D.msg
-- Up-to-date: /home/mechatronics/master/Mechatronics-2023/ros2_ws/install/zed_interfaces/share/zed_interfaces/msg/Skeleton3D.msg
-- Up-to-date: /home/mechatronics/master/Mechatronics-2023/ros2_ws/install/zed_interfaces/share/zed_interfaces/msg/DepthInfoStamped.msg
-- Up-to-date: /home/mechatronics/master/Mechatronics-2023/ros2_ws/install/zed_interfaces/share/zed_interfaces/msg/PlaneStamped.msg
-- Up-to-date: /home/mechatronics/master/Mechatronics-2023/ros2_ws/install/zed_interfaces/share/zed_interfaces/srv/SetPose.srv
-- Up-to-date: /home/mechatronics/master/Mechatronics-2023/ros2_ws/install/zed_interfaces/share/zed_interfaces/srv/SetPose_Request.msg
-- Up-to-date: /home/mechatronics/master/Mechatronics-2023/ros2_ws/install/zed_interfaces/share/zed_interfaces/srv/SetPose_Response.msg
-- Up-to-date: /home/mechatronics/master/Mechatronics-2023/ros2_ws/install/zed_interfaces/share/zed_interfaces/srv/StartSvoRec.srv
-- Up-to-date: /home/mechatronics/master/Mechatronics-2023/ros2_ws/install/zed_interfaces/share/zed_interfaces/srv/StartSvoRec_Request.msg
-- Up-to-date: /home/mechatronics/master/Mechatronics-2023/ros2_ws/install/zed_interfaces/share/zed_interfaces/srv/StartSvoRec_Response.msg
-- Up-to-date: /home/mechatronics/master/Mechatronics-2023/ros2_ws/install/zed_interfaces/share/zed_interfaces/srv/SetROI.srv
-- Up-to-date: /home/mechatronics/master/Mechatronics-2023/ros2_ws/install/zed_interfaces/share/zed_interfaces/srv/SetROI_Request.msg
-- Up-to-date: /home/mechatronics/master/Mechatronics-2023/ros2_ws/install/zed_interfaces/share/zed_interfaces/srv/SetROI_Response.msg
-- Up-to-date: /home/mechatronics/master/Mechatronics-2023/ros2_ws/install/zed_interfaces/share/zed_interfaces/meshes
-- Up-to-date: /home/mechatronics/master/Mechatronics-2023/ros2_ws/install/zed_interfaces/share/zed_interfaces/meshes/zed2i.stl
-- Up-to-date: /home/mechatronics/master/Mechatronics-2023/ros2_ws/install/zed_interfaces/share/zed_interfaces/meshes/zed.stl
-- Up-to-date: /home/mechatronics/master/Mechatronics-2023/ros2_ws/install/zed_interfaces/share/zed_interfaces/meshes/zedm.stl
-- Up-to-date: /home/mechatronics/master/Mechatronics-2023/ros2_ws/install/zed_interfaces/share/zed_interfaces/meshes/zed2.stl
-- Up-to-date: /home/mechatronics/master/Mechatronics-2023/ros2_ws/install/zed_interfaces/share/ament_index/resource_index/package_run_dependencies/zed_interfaces
-- Up-to-date: /home/mechatronics/master/Mechatronics-2023/ros2_ws/install/zed_interfaces/share/ament_index/resource_index/parent_prefix_path/zed_interfaces
-- Up-to-date: /home/mechatronics/master/Mechatronics-2023/ros2_ws/install/zed_interfaces/share/zed_interfaces/environment/ament_prefix_path.sh
-- Up-to-date: /home/mechatronics/master/Mechatronics-2023/ros2_ws/install/zed_interfaces/share/zed_interfaces/environment/ament_prefix_path.dsv
-- Up-to-date: /home/mechatronics/master/Mechatronics-2023/ros2_ws/install/zed_interfaces/share/zed_interfaces/environment/path.sh
-- Up-to-date: /home/mechatronics/master/Mechatronics-2023/ros2_ws/install/zed_interfaces/share/zed_interfaces/environment/path.dsv
-- Up-to-date: /home/mechatronics/master/Mechatronics-2023/ros2_ws/install/zed_interfaces/share/zed_interfaces/local_setup.bash
-- Up-to-date: /home/mechatronics/master/Mechatronics-2023/ros2_ws/install/zed_interfaces/share/zed_interfaces/local_setup.sh
-- Up-to-date: /home/mechatronics/master/Mechatronics-2023/ros2_ws/install/zed_interfaces/share/zed_interfaces/local_setup.zsh
-- Up-to-date: /home/mechatronics/master/Mechatronics-2023/ros2_ws/install/zed_interfaces/share/zed_interfaces/local_setup.dsv
-- Installing: /home/mechatronics/master/Mechatronics-2023/ros2_ws/install/zed_interfaces/share/zed_interfaces/package.dsv
-- Up-to-date: /home/mechatronics/master/Mechatronics-2023/ros2_ws/install/zed_interfaces/share/ament_index/resource_index/packages/zed_interfaces
-- Up-to-date: /home/mechatronics/master/Mechatronics-2023/ros2_ws/install/zed_interfaces/share/zed_interfaces/cmake/zed_interfaces__rosidl_generator_cExport.cmake
-- Up-to-date: /home/mechatronics/master/Mechatronics-2023/ros2_ws/install/zed_interfaces/share/zed_interfaces/cmake/zed_interfaces__rosidl_generator_cExport-noconfig.cmake
-- Up-to-date: /home/mechatronics/master/Mechatronics-2023/ros2_ws/install/zed_interfaces/share/zed_interfaces/cmake/zed_interfaces__rosidl_typesupport_introspection_cExport.cmake
-- Up-to-date: /home/mechatronics/master/Mechatronics-2023/ros2_ws/install/zed_interfaces/share/zed_interfaces/cmake/zed_interfaces__rosidl_typesupport_introspection_cExport-noconfig.cmake
-- Up-to-date: /home/mechatronics/master/Mechatronics-2023/ros2_ws/install/zed_interfaces/share/zed_interfaces/cmake/zed_interfaces__rosidl_typesupport_cExport.cmake
-- Up-to-date: /home/mechatronics/master/Mechatronics-2023/ros2_ws/install/zed_interfaces/share/zed_interfaces/cmake/zed_interfaces__rosidl_typesupport_cExport-noconfig.cmake
-- Up-to-date: /home/mechatronics/master/Mechatronics-2023/ros2_ws/install/zed_interfaces/share/zed_interfaces/cmake/zed_interfaces__rosidl_generator_cppExport.cmake
-- Up-to-date: /home/mechatronics/master/Mechatronics-2023/ros2_ws/install/zed_interfaces/share/zed_interfaces/cmake/zed_interfaces__rosidl_typesupport_introspection_cppExport.cmake
-- Up-to-date: /home/mechatronics/master/Mechatronics-2023/ros2_ws/install/zed_interfaces/share/zed_interfaces/cmake/zed_interfaces__rosidl_typesupport_introspection_cppExport-noconfig.cmake
-- Up-to-date: /home/mechatronics/master/Mechatronics-2023/ros2_ws/install/zed_interfaces/share/zed_interfaces/cmake/zed_interfaces__rosidl_typesupport_cppExport.cmake
-- Up-to-date: /home/mechatronics/master/Mechatronics-2023/ros2_ws/install/zed_interfaces/share/zed_interfaces/cmake/zed_interfaces__rosidl_typesupport_cppExport-noconfig.cmake
-- Up-to-date: /home/mechatronics/master/Mechatronics-2023/ros2_ws/install/zed_interfaces/share/zed_interfaces/cmake/rosidl_cmake-extras.cmake
-- Up-to-date: /home/mechatronics/master/Mechatronics-2023/ros2_ws/install/zed_interfaces/share/zed_interfaces/cmake/ament_cmake_export_dependencies-extras.cmake
-- Up-to-date: /home/mechatronics/master/Mechatronics-2023/ros2_ws/install/zed_interfaces/share/zed_interfaces/cmake/ament_cmake_export_libraries-extras.cmake
-- Up-to-date: /home/mechatronics/master/Mechatronics-2023/ros2_ws/install/zed_interfaces/share/zed_interfaces/cmake/ament_cmake_export_targets-extras.cmake
-- Up-to-date: /home/mechatronics/master/Mechatronics-2023/ros2_ws/install/zed_interfaces/share/zed_interfaces/cmake/ament_cmake_export_include_directories-extras.cmake
-- Up-to-date: /home/mechatronics/master/Mechatronics-2023/ros2_ws/install/zed_interfaces/share/zed_interfaces/cmake/rosidl_cmake_export_typesupport_libraries-extras.cmake
-- Up-to-date: /home/mechatronics/master/Mechatronics-2023/ros2_ws/install/zed_interfaces/share/zed_interfaces/cmake/rosidl_cmake_export_typesupport_targets-extras.cmake
-- Up-to-date: /home/mechatronics/master/Mechatronics-2023/ros2_ws/install/zed_interfaces/share/zed_interfaces/cmake/zed_interfacesConfig.cmake
-- Up-to-date: /home/mechatronics/master/Mechatronics-2023/ros2_ws/install/zed_interfaces/share/zed_interfaces/cmake/zed_interfacesConfig-version.cmake
-- Up-to-date: /home/mechatronics/master/Mechatronics-2023/ros2_ws/install/zed_interfaces/share/zed_interfaces/package.xml
