[0.139s] Invoking command in '/home/mechatronics/master/Mechatronics-2023/ros2_ws/build/zed_interfaces': CMAKE_PREFIX_PATH=${CMAKE_PREFIX_PATH}:/home/mechatronics/master/Mechatronics-2023/ros2_ws/install/zed_vision_node:/home/mechatronics/master/Mechatronics-2023/ros2_ws/install/ahrs_node:/home/mechatronics/junebug_workspace/install/zed_temp:/home/mechatronics/junebug_workspace/install/zed_imu2:/home/mechatronics/junebug_workspace/install/zed_imu:/home/mechatronics/junebug_workspace/install/top_view_package:/home/mechatronics/junebug_workspace/install/py_pubsub:/home/mechatronics/junebug_workspace/install/object_detection_package:/home/mechatronics/junebug_workspace/install/mapping_package:/home/mechatronics/junebug_workspace/install/depth_package:/home/mechatronics/junebug_workspace/install/controller_translator:/home/mechatronics/junebug_workspace/install/cam_track_package:/home/mechatronics/junebug_workspace/install/body_track_package:/home/mechatronics/junebug_workspace/install/ahr:/opt/ros/foxy /usr/bin/cmake --build /home/mechatronics/master/Mechatronics-2023/ros2_ws/build/zed_interfaces -- -j12 -l12
[0.248s] [  0%] Built target zed_interfaces__cpp
[0.257s] [ 12%] Built target zed_interfaces__rosidl_generator_c
[0.307s] [ 36%] Built target zed_interfaces__rosidl_typesupport_c
[0.308s] [ 36%] Built target zed_interfaces__rosidl_typesupport_cpp
[0.310s] [ 48%] Built target zed_interfaces__rosidl_typesupport_introspection_cpp
[0.317s] [ 60%] Built target zed_interfaces__rosidl_typesupport_fastrtps_cpp
[0.320s] [ 72%] Built target zed_interfaces__rosidl_typesupport_introspection_c
[0.379s] [ 84%] Built target zed_interfaces__rosidl_typesupport_fastrtps_c
[0.418s] [ 84%] Built target zed_interfaces
[0.463s] [ 85%] Built target zed_interfaces__py
[0.526s] [ 96%] Built target zed_interfaces__python
[0.577s] [ 99%] Built target zed_interfaces__rosidl_typesupport_c__pyext
[0.577s] [ 99%] Built target zed_interfaces__rosidl_typesupport_fastrtps_c__pyext
[0.577s] [100%] Built target zed_interfaces__rosidl_typesupport_introspection_c__pyext
[0.604s] Invoked command in '/home/mechatronics/master/Mechatronics-2023/ros2_ws/build/zed_interfaces' returned '0': CMAKE_PREFIX_PATH=${CMAKE_PREFIX_PATH}:/home/mechatronics/master/Mechatronics-2023/ros2_ws/install/zed_vision_node:/home/mechatronics/master/Mechatronics-2023/ros2_ws/install/ahrs_node:/home/mechatronics/junebug_workspace/install/zed_temp:/home/mechatronics/junebug_workspace/install/zed_imu2:/home/mechatronics/junebug_workspace/install/zed_imu:/home/mechatronics/junebug_workspace/install/top_view_package:/home/mechatronics/junebug_workspace/install/py_pubsub:/home/mechatronics/junebug_workspace/install/object_detection_package:/home/mechatronics/junebug_workspace/install/mapping_package:/home/mechatronics/junebug_workspace/install/depth_package:/home/mechatronics/junebug_workspace/install/controller_translator:/home/mechatronics/junebug_workspace/install/cam_track_package:/home/mechatronics/junebug_workspace/install/body_track_package:/home/mechatronics/junebug_workspace/install/ahr:/opt/ros/foxy /usr/bin/cmake --build /home/mechatronics/master/Mechatronics-2023/ros2_ws/build/zed_interfaces -- -j12 -l12
[1.093s] Invoking command in '/home/mechatronics/master/Mechatronics-2023/ros2_ws/build/zed_interfaces': CMAKE_PREFIX_PATH=${CMAKE_PREFIX_PATH}:/home/mechatronics/master/Mechatronics-2023/ros2_ws/install/zed_vision_node:/home/mechatronics/master/Mechatronics-2023/ros2_ws/install/ahrs_node:/home/mechatronics/junebug_workspace/install/zed_temp:/home/mechatronics/junebug_workspace/install/zed_imu2:/home/mechatronics/junebug_workspace/install/zed_imu:/home/mechatronics/junebug_workspace/install/top_view_package:/home/mechatronics/junebug_workspace/install/py_pubsub:/home/mechatronics/junebug_workspace/install/object_detection_package:/home/mechatronics/junebug_workspace/install/mapping_package:/home/mechatronics/junebug_workspace/install/depth_package:/home/mechatronics/junebug_workspace/install/controller_translator:/home/mechatronics/junebug_workspace/install/cam_track_package:/home/mechatronics/junebug_workspace/install/body_track_package:/home/mechatronics/junebug_workspace/install/ahr:/opt/ros/foxy /usr/bin/cmake --install /home/mechatronics/master/Mechatronics-2023/ros2_ws/build/zed_interfaces
[1.121s] -- Install configuration: ""
[1.121s] -- Up-to-date: /home/mechatronics/master/Mechatronics-2023/ros2_ws/install/zed_interfaces/share/ament_index/resource_index/rosidl_interfaces/zed_interfaces
[1.122s] -- Up-to-date: /home/mechatronics/master/Mechatronics-2023/ros2_ws/install/zed_interfaces/include/zed_interfaces
[1.122s] -- Up-to-date: /home/mechatronics/master/Mechatronics-2023/ros2_ws/install/zed_interfaces/include/zed_interfaces/srv
[1.122s] -- Up-to-date: /home/mechatronics/master/Mechatronics-2023/ros2_ws/install/zed_interfaces/include/zed_interfaces/srv/set_roi.h
[1.122s] -- Up-to-date: /home/mechatronics/master/Mechatronics-2023/ros2_ws/install/zed_interfaces/include/zed_interfaces/srv/detail
[1.122s] -- Up-to-date: /home/mechatronics/master/Mechatronics-2023/ros2_ws/install/zed_interfaces/include/zed_interfaces/srv/detail/start_svo_rec__functions.h
[1.123s] -- Up-to-date: /home/mechatronics/master/Mechatronics-2023/ros2_ws/install/zed_interfaces/include/zed_interfaces/srv/detail/set_roi__functions.c
[1.123s] -- Up-to-date: /home/mechatronics/master/Mechatronics-2023/ros2_ws/install/zed_interfaces/include/zed_interfaces/srv/detail/set_roi__type_support.h
[1.124s] -- Up-to-date: /home/mechatronics/master/Mechatronics-2023/ros2_ws/install/zed_interfaces/include/zed_interfaces/srv/detail/set_roi__struct.h
[1.124s] -- Up-to-date: /home/mechatronics/master/Mechatronics-2023/ros2_ws/install/zed_interfaces/include/zed_interfaces/srv/detail/set_roi__functions.h
[1.124s] -- Up-to-date: /home/mechatronics/master/Mechatronics-2023/ros2_ws/install/zed_interfaces/include/zed_interfaces/srv/detail/start_svo_rec__type_support.h
[1.125s] -- Up-to-date: /home/mechatronics/master/Mechatronics-2023/ros2_ws/install/zed_interfaces/include/zed_interfaces/srv/detail/set_pose__functions.c
[1.125s] -- Up-to-date: /home/mechatronics/master/Mechatronics-2023/ros2_ws/install/zed_interfaces/include/zed_interfaces/srv/detail/set_pose__struct.h
[1.125s] -- Up-to-date: /home/mechatronics/master/Mechatronics-2023/ros2_ws/install/zed_interfaces/include/zed_interfaces/srv/detail/set_pose__type_support.h
[1.125s] -- Up-to-date: /home/mechatronics/master/Mechatronics-2023/ros2_ws/install/zed_interfaces/include/zed_interfaces/srv/detail/set_pose__functions.h
[1.126s] -- Up-to-date: /home/mechatronics/master/Mechatronics-2023/ros2_ws/install/zed_interfaces/include/zed_interfaces/srv/detail/start_svo_rec__struct.h
[1.126s] -- Up-to-date: /home/mechatronics/master/Mechatronics-2023/ros2_ws/install/zed_interfaces/include/zed_interfaces/srv/detail/start_svo_rec__functions.c
[1.126s] -- Up-to-date: /home/mechatronics/master/Mechatronics-2023/ros2_ws/install/zed_interfaces/include/zed_interfaces/srv/set_pose.h
[1.127s] -- Up-to-date: /home/mechatronics/master/Mechatronics-2023/ros2_ws/install/zed_interfaces/include/zed_interfaces/srv/start_svo_rec.h
[1.127s] -- Up-to-date: /home/mechatronics/master/Mechatronics-2023/ros2_ws/install/zed_interfaces/include/zed_interfaces/msg
[1.133s] -- Up-to-date: /home/mechatronics/master/Mechatronics-2023/ros2_ws/install/zed_interfaces/include/zed_interfaces/msg/bounding_box3_d.h
[1.134s] -- Up-to-date: /home/mechatronics/master/Mechatronics-2023/ros2_ws/install/zed_interfaces/include/zed_interfaces/msg/rosidl_generator_c__visibility_control.h
[1.134s] -- Up-to-date: /home/mechatronics/master/Mechatronics-2023/ros2_ws/install/zed_interfaces/include/zed_interfaces/msg/depth_info_stamped.h
[1.134s] -- Up-to-date: /home/mechatronics/master/Mechatronics-2023/ros2_ws/install/zed_interfaces/include/zed_interfaces/msg/keypoint2_di.h
[1.135s] -- Up-to-date: /home/mechatronics/master/Mechatronics-2023/ros2_ws/install/zed_interfaces/include/zed_interfaces/msg/keypoint2_df.h
[1.135s] -- Up-to-date: /home/mechatronics/master/Mechatronics-2023/ros2_ws/install/zed_interfaces/include/zed_interfaces/msg/object.h
[1.135s] -- Up-to-date: /home/mechatronics/master/Mechatronics-2023/ros2_ws/install/zed_interfaces/include/zed_interfaces/msg/detail
[1.136s] -- Up-to-date: /home/mechatronics/master/Mechatronics-2023/ros2_ws/install/zed_interfaces/include/zed_interfaces/msg/detail/keypoint3_d__type_support.h
[1.136s] -- Up-to-date: /home/mechatronics/master/Mechatronics-2023/ros2_ws/install/zed_interfaces/include/zed_interfaces/msg/detail/keypoint3_d__functions.c
[1.137s] -- Up-to-date: /home/mechatronics/master/Mechatronics-2023/ros2_ws/install/zed_interfaces/include/zed_interfaces/msg/detail/bounding_box3_d__type_support.h
[1.137s] -- Up-to-date: /home/mechatronics/master/Mechatronics-2023/ros2_ws/install/zed_interfaces/include/zed_interfaces/msg/detail/object__type_support.h
[1.137s] -- Up-to-date: /home/mechatronics/master/Mechatronics-2023/ros2_ws/install/zed_interfaces/include/zed_interfaces/msg/detail/bounding_box3_d__functions.c
[1.138s] -- Up-to-date: /home/mechatronics/master/Mechatronics-2023/ros2_ws/install/zed_interfaces/include/zed_interfaces/msg/detail/objects_stamped__functions.h
[1.143s] -- Up-to-date: /home/mechatronics/master/Mechatronics-2023/ros2_ws/install/zed_interfaces/include/zed_interfaces/msg/detail/keypoint2_df__type_support.h
[1.144s] -- Up-to-date: /home/mechatronics/master/Mechatronics-2023/ros2_ws/install/zed_interfaces/include/zed_interfaces/msg/detail/bounding_box2_df__functions.c
[1.144s] -- Up-to-date: /home/mechatronics/master/Mechatronics-2023/ros2_ws/install/zed_interfaces/include/zed_interfaces/msg/detail/bounding_box2_df__type_support.h
[1.145s] -- Up-to-date: /home/mechatronics/master/Mechatronics-2023/ros2_ws/install/zed_interfaces/include/zed_interfaces/msg/detail/keypoint2_df__functions.h
[1.145s] -- Up-to-date: /home/mechatronics/master/Mechatronics-2023/ros2_ws/install/zed_interfaces/include/zed_interfaces/msg/detail/skeleton3_d__functions.c
[1.145s] -- Up-to-date: /home/mechatronics/master/Mechatronics-2023/ros2_ws/install/zed_interfaces/include/zed_interfaces/msg/detail/bounding_box2_di__struct.h
[1.145s] -- Up-to-date: /home/mechatronics/master/Mechatronics-2023/ros2_ws/install/zed_interfaces/include/zed_interfaces/msg/detail/object__functions.c
[1.146s] -- Up-to-date: /home/mechatronics/master/Mechatronics-2023/ros2_ws/install/zed_interfaces/include/zed_interfaces/msg/detail/skeleton2_d__functions.c
[1.146s] -- Up-to-date: /home/mechatronics/master/Mechatronics-2023/ros2_ws/install/zed_interfaces/include/zed_interfaces/msg/detail/keypoint2_di__type_support.h
[1.146s] -- Up-to-date: /home/mechatronics/master/Mechatronics-2023/ros2_ws/install/zed_interfaces/include/zed_interfaces/msg/detail/skeleton2_d__struct.h
[1.147s] -- Up-to-date: /home/mechatronics/master/Mechatronics-2023/ros2_ws/install/zed_interfaces/include/zed_interfaces/msg/detail/plane_stamped__type_support.h
[1.148s] -- Up-to-date: /home/mechatronics/master/Mechatronics-2023/ros2_ws/install/zed_interfaces/include/zed_interfaces/msg/detail/object__struct.h
[1.153s] -- Up-to-date: /home/mechatronics/master/Mechatronics-2023/ros2_ws/install/zed_interfaces/include/zed_interfaces/msg/detail/keypoint3_d__functions.h
[1.153s] -- Up-to-date: /home/mechatronics/master/Mechatronics-2023/ros2_ws/install/zed_interfaces/include/zed_interfaces/msg/detail/plane_stamped__struct.h
[1.154s] -- Up-to-date: /home/mechatronics/master/Mechatronics-2023/ros2_ws/install/zed_interfaces/include/zed_interfaces/msg/detail/keypoint2_di__functions.h
[1.154s] -- Up-to-date: /home/mechatronics/master/Mechatronics-2023/ros2_ws/install/zed_interfaces/include/zed_interfaces/msg/detail/keypoint2_df__functions.c
[1.154s] -- Up-to-date: /home/mechatronics/master/Mechatronics-2023/ros2_ws/install/zed_interfaces/include/zed_interfaces/msg/detail/object__functions.h
[1.154s] -- Up-to-date: /home/mechatronics/master/Mechatronics-2023/ros2_ws/install/zed_interfaces/include/zed_interfaces/msg/detail/skeleton2_d__functions.h
[1.154s] -- Up-to-date: /home/mechatronics/master/Mechatronics-2023/ros2_ws/install/zed_interfaces/include/zed_interfaces/msg/detail/bounding_box2_df__struct.h
[1.155s] -- Up-to-date: /home/mechatronics/master/Mechatronics-2023/ros2_ws/install/zed_interfaces/include/zed_interfaces/msg/detail/skeleton2_d__type_support.h
[1.155s] -- Up-to-date: /home/mechatronics/master/Mechatronics-2023/ros2_ws/install/zed_interfaces/include/zed_interfaces/msg/detail/bounding_box3_d__functions.h
[1.155s] -- Up-to-date: /home/mechatronics/master/Mechatronics-2023/ros2_ws/install/zed_interfaces/include/zed_interfaces/msg/detail/keypoint2_di__struct.h
[1.156s] -- Up-to-date: /home/mechatronics/master/Mechatronics-2023/ros2_ws/install/zed_interfaces/include/zed_interfaces/msg/detail/bounding_box2_di__functions.c
[1.161s] -- Up-to-date: /home/mechatronics/master/Mechatronics-2023/ros2_ws/install/zed_interfaces/include/zed_interfaces/msg/detail/skeleton3_d__functions.h
[1.162s] -- Up-to-date: /home/mechatronics/master/Mechatronics-2023/ros2_ws/install/zed_interfaces/include/zed_interfaces/msg/detail/skeleton3_d__struct.h
[1.162s] -- Up-to-date: /home/mechatronics/master/Mechatronics-2023/ros2_ws/install/zed_interfaces/include/zed_interfaces/msg/detail/keypoint2_di__functions.c
[1.163s] -- Up-to-date: /home/mechatronics/master/Mechatronics-2023/ros2_ws/install/zed_interfaces/include/zed_interfaces/msg/detail/depth_info_stamped__functions.h
[1.163s] -- Up-to-date: /home/mechatronics/master/Mechatronics-2023/ros2_ws/install/zed_interfaces/include/zed_interfaces/msg/detail/depth_info_stamped__struct.h
[1.163s] -- Up-to-date: /home/mechatronics/master/Mechatronics-2023/ros2_ws/install/zed_interfaces/include/zed_interfaces/msg/detail/bounding_box2_di__type_support.h
[1.164s] -- Up-to-date: /home/mechatronics/master/Mechatronics-2023/ros2_ws/install/zed_interfaces/include/zed_interfaces/msg/detail/bounding_box3_d__struct.h
[1.164s] -- Up-to-date: /home/mechatronics/master/Mechatronics-2023/ros2_ws/install/zed_interfaces/include/zed_interfaces/msg/detail/skeleton3_d__type_support.h
[1.164s] -- Up-to-date: /home/mechatronics/master/Mechatronics-2023/ros2_ws/install/zed_interfaces/include/zed_interfaces/msg/detail/depth_info_stamped__functions.c
[1.165s] -- Up-to-date: /home/mechatronics/master/Mechatronics-2023/ros2_ws/install/zed_interfaces/include/zed_interfaces/msg/detail/keypoint3_d__struct.h
[1.165s] -- Up-to-date: /home/mechatronics/master/Mechatronics-2023/ros2_ws/install/zed_interfaces/include/zed_interfaces/msg/detail/objects_stamped__struct.h
[1.165s] -- Up-to-date: /home/mechatronics/master/Mechatronics-2023/ros2_ws/install/zed_interfaces/include/zed_interfaces/msg/detail/plane_stamped__functions.h
[1.165s] -- Up-to-date: /home/mechatronics/master/Mechatronics-2023/ros2_ws/install/zed_interfaces/include/zed_interfaces/msg/detail/bounding_box2_di__functions.h
[1.166s] -- Up-to-date: /home/mechatronics/master/Mechatronics-2023/ros2_ws/install/zed_interfaces/include/zed_interfaces/msg/detail/bounding_box2_df__functions.h
[1.166s] -- Up-to-date: /home/mechatronics/master/Mechatronics-2023/ros2_ws/install/zed_interfaces/include/zed_interfaces/msg/detail/objects_stamped__type_support.h
[1.167s] -- Up-to-date: /home/mechatronics/master/Mechatronics-2023/ros2_ws/install/zed_interfaces/include/zed_interfaces/msg/detail/objects_stamped__functions.c
[1.167s] -- Up-to-date: /home/mechatronics/master/Mechatronics-2023/ros2_ws/install/zed_interfaces/include/zed_interfaces/msg/detail/keypoint2_df__struct.h
[1.167s] -- Up-to-date: /home/mechatronics/master/Mechatronics-2023/ros2_ws/install/zed_interfaces/include/zed_interfaces/msg/detail/plane_stamped__functions.c
[1.167s] -- Up-to-date: /home/mechatronics/master/Mechatronics-2023/ros2_ws/install/zed_interfaces/include/zed_interfaces/msg/detail/depth_info_stamped__type_support.h
[1.168s] -- Up-to-date: /home/mechatronics/master/Mechatronics-2023/ros2_ws/install/zed_interfaces/include/zed_interfaces/msg/keypoint3_d.h
[1.168s] -- Up-to-date: /home/mechatronics/master/Mechatronics-2023/ros2_ws/install/zed_interfaces/include/zed_interfaces/msg/objects_stamped.h
[1.169s] -- Up-to-date: /home/mechatronics/master/Mechatronics-2023/ros2_ws/install/zed_interfaces/include/zed_interfaces/msg/bounding_box2_di.h
[1.174s] -- Up-to-date: /home/mechatronics/master/Mechatronics-2023/ros2_ws/install/zed_interfaces/include/zed_interfaces/msg/skeleton2_d.h
[1.175s] -- Up-to-date: /home/mechatronics/master/Mechatronics-2023/ros2_ws/install/zed_interfaces/include/zed_interfaces/msg/skeleton3_d.h
[1.175s] -- Up-to-date: /home/mechatronics/master/Mechatronics-2023/ros2_ws/install/zed_interfaces/include/zed_interfaces/msg/bounding_box2_df.h
[1.176s] -- Up-to-date: /home/mechatronics/master/Mechatronics-2023/ros2_ws/install/zed_interfaces/include/zed_interfaces/msg/plane_stamped.h
[1.176s] -- Up-to-date: /home/mechatronics/master/Mechatronics-2023/ros2_ws/install/zed_interfaces/share/zed_interfaces/environment/library_path.sh
[1.176s] -- Up-to-date: /home/mechatronics/master/Mechatronics-2023/ros2_ws/install/zed_interfaces/share/zed_interfaces/environment/library_path.dsv
[1.176s] -- Up-to-date: /home/mechatronics/master/Mechatronics-2023/ros2_ws/install/zed_interfaces/lib/libzed_interfaces__rosidl_generator_c.so
[1.177s] -- Up-to-date: /home/mechatronics/master/Mechatronics-2023/ros2_ws/install/zed_interfaces/include/zed_interfaces
[1.177s] -- Up-to-date: /home/mechatronics/master/Mechatronics-2023/ros2_ws/install/zed_interfaces/include/zed_interfaces/srv
[1.177s] -- Up-to-date: /home/mechatronics/master/Mechatronics-2023/ros2_ws/install/zed_interfaces/include/zed_interfaces/srv/detail
[1.177s] -- Up-to-date: /home/mechatronics/master/Mechatronics-2023/ros2_ws/install/zed_interfaces/include/zed_interfaces/srv/detail/set_roi__rosidl_typesupport_fastrtps_c.h
[1.183s] -- Up-to-date: /home/mechatronics/master/Mechatronics-2023/ros2_ws/install/zed_interfaces/include/zed_interfaces/srv/detail/set_pose__rosidl_typesupport_fastrtps_c.h
[1.185s] -- Up-to-date: /home/mechatronics/master/Mechatronics-2023/ros2_ws/install/zed_interfaces/include/zed_interfaces/srv/detail/start_svo_rec__rosidl_typesupport_fastrtps_c.h
[1.185s] -- Up-to-date: /home/mechatronics/master/Mechatronics-2023/ros2_ws/install/zed_interfaces/include/zed_interfaces/msg
[1.185s] -- Up-to-date: /home/mechatronics/master/Mechatronics-2023/ros2_ws/install/zed_interfaces/include/zed_interfaces/msg/rosidl_typesupport_fastrtps_c__visibility_control.h
[1.185s] -- Up-to-date: /home/mechatronics/master/Mechatronics-2023/ros2_ws/install/zed_interfaces/include/zed_interfaces/msg/detail
[1.185s] -- Up-to-date: /home/mechatronics/master/Mechatronics-2023/ros2_ws/install/zed_interfaces/include/zed_interfaces/msg/detail/skeleton2_d__rosidl_typesupport_fastrtps_c.h
[1.186s] -- Up-to-date: /home/mechatronics/master/Mechatronics-2023/ros2_ws/install/zed_interfaces/include/zed_interfaces/msg/detail/bounding_box3_d__rosidl_typesupport_fastrtps_c.h
[1.186s] -- Up-to-date: /home/mechatronics/master/Mechatronics-2023/ros2_ws/install/zed_interfaces/include/zed_interfaces/msg/detail/plane_stamped__rosidl_typesupport_fastrtps_c.h
[1.186s] -- Up-to-date: /home/mechatronics/master/Mechatronics-2023/ros2_ws/install/zed_interfaces/include/zed_interfaces/msg/detail/object__rosidl_typesupport_fastrtps_c.h
[1.186s] -- Up-to-date: /home/mechatronics/master/Mechatronics-2023/ros2_ws/install/zed_interfaces/include/zed_interfaces/msg/detail/bounding_box2_di__rosidl_typesupport_fastrtps_c.h
[1.186s] -- Up-to-date: /home/mechatronics/master/Mechatronics-2023/ros2_ws/install/zed_interfaces/include/zed_interfaces/msg/detail/bounding_box2_df__rosidl_typesupport_fastrtps_c.h
[1.186s] -- Up-to-date: /home/mechatronics/master/Mechatronics-2023/ros2_ws/install/zed_interfaces/include/zed_interfaces/msg/detail/keypoint2_di__rosidl_typesupport_fastrtps_c.h
[1.186s] -- Up-to-date: /home/mechatronics/master/Mechatronics-2023/ros2_ws/install/zed_interfaces/include/zed_interfaces/msg/detail/depth_info_stamped__rosidl_typesupport_fastrtps_c.h
[1.187s] -- Up-to-date: /home/mechatronics/master/Mechatronics-2023/ros2_ws/install/zed_interfaces/include/zed_interfaces/msg/detail/skeleton3_d__rosidl_typesupport_fastrtps_c.h
[1.187s] -- Up-to-date: /home/mechatronics/master/Mechatronics-2023/ros2_ws/install/zed_interfaces/include/zed_interfaces/msg/detail/keypoint2_df__rosidl_typesupport_fastrtps_c.h
[1.187s] -- Up-to-date: /home/mechatronics/master/Mechatronics-2023/ros2_ws/install/zed_interfaces/include/zed_interfaces/msg/detail/objects_stamped__rosidl_typesupport_fastrtps_c.h
[1.187s] -- Up-to-date: /home/mechatronics/master/Mechatronics-2023/ros2_ws/install/zed_interfaces/include/zed_interfaces/msg/detail/keypoint3_d__rosidl_typesupport_fastrtps_c.h
[1.187s] -- Up-to-date: /home/mechatronics/master/Mechatronics-2023/ros2_ws/install/zed_interfaces/lib/libzed_interfaces__rosidl_typesupport_fastrtps_c.so
[1.187s] -- Up-to-date: /home/mechatronics/master/Mechatronics-2023/ros2_ws/install/zed_interfaces/include/zed_interfaces
[1.188s] -- Up-to-date: /home/mechatronics/master/Mechatronics-2023/ros2_ws/install/zed_interfaces/include/zed_interfaces/srv
[1.188s] -- Up-to-date: /home/mechatronics/master/Mechatronics-2023/ros2_ws/install/zed_interfaces/include/zed_interfaces/srv/detail
[1.188s] -- Up-to-date: /home/mechatronics/master/Mechatronics-2023/ros2_ws/install/zed_interfaces/include/zed_interfaces/srv/detail/set_pose__rosidl_typesupport_fastrtps_cpp.hpp
[1.188s] -- Up-to-date: /home/mechatronics/master/Mechatronics-2023/ros2_ws/install/zed_interfaces/include/zed_interfaces/srv/detail/start_svo_rec__rosidl_typesupport_fastrtps_cpp.hpp
[1.188s] -- Up-to-date: /home/mechatronics/master/Mechatronics-2023/ros2_ws/install/zed_interfaces/include/zed_interfaces/srv/detail/dds_fastrtps
[1.188s] -- Up-to-date: /home/mechatronics/master/Mechatronics-2023/ros2_ws/install/zed_interfaces/include/zed_interfaces/srv/detail/set_roi__rosidl_typesupport_fastrtps_cpp.hpp
[1.188s] -- Up-to-date: /home/mechatronics/master/Mechatronics-2023/ros2_ws/install/zed_interfaces/include/zed_interfaces/msg
[1.189s] -- Up-to-date: /home/mechatronics/master/Mechatronics-2023/ros2_ws/install/zed_interfaces/include/zed_interfaces/msg/detail
[1.189s] -- Up-to-date: /home/mechatronics/master/Mechatronics-2023/ros2_ws/install/zed_interfaces/include/zed_interfaces/msg/detail/object__rosidl_typesupport_fastrtps_cpp.hpp
[1.189s] -- Up-to-date: /home/mechatronics/master/Mechatronics-2023/ros2_ws/install/zed_interfaces/include/zed_interfaces/msg/detail/keypoint2_di__rosidl_typesupport_fastrtps_cpp.hpp
[1.189s] -- Up-to-date: /home/mechatronics/master/Mechatronics-2023/ros2_ws/install/zed_interfaces/include/zed_interfaces/msg/detail/keypoint3_d__rosidl_typesupport_fastrtps_cpp.hpp
[1.189s] -- Up-to-date: /home/mechatronics/master/Mechatronics-2023/ros2_ws/install/zed_interfaces/include/zed_interfaces/msg/detail/skeleton2_d__rosidl_typesupport_fastrtps_cpp.hpp
[1.189s] -- Up-to-date: /home/mechatronics/master/Mechatronics-2023/ros2_ws/install/zed_interfaces/include/zed_interfaces/msg/detail/plane_stamped__rosidl_typesupport_fastrtps_cpp.hpp
[1.189s] -- Up-to-date: /home/mechatronics/master/Mechatronics-2023/ros2_ws/install/zed_interfaces/include/zed_interfaces/msg/detail/dds_fastrtps
[1.189s] -- Up-to-date: /home/mechatronics/master/Mechatronics-2023/ros2_ws/install/zed_interfaces/include/zed_interfaces/msg/detail/skeleton3_d__rosidl_typesupport_fastrtps_cpp.hpp
[1.190s] -- Up-to-date: /home/mechatronics/master/Mechatronics-2023/ros2_ws/install/zed_interfaces/include/zed_interfaces/msg/detail/bounding_box2_df__rosidl_typesupport_fastrtps_cpp.hpp
[1.190s] -- Up-to-date: /home/mechatronics/master/Mechatronics-2023/ros2_ws/install/zed_interfaces/include/zed_interfaces/msg/detail/bounding_box2_di__rosidl_typesupport_fastrtps_cpp.hpp
[1.190s] -- Up-to-date: /home/mechatronics/master/Mechatronics-2023/ros2_ws/install/zed_interfaces/include/zed_interfaces/msg/detail/bounding_box3_d__rosidl_typesupport_fastrtps_cpp.hpp
[1.190s] -- Up-to-date: /home/mechatronics/master/Mechatronics-2023/ros2_ws/install/zed_interfaces/include/zed_interfaces/msg/detail/keypoint2_df__rosidl_typesupport_fastrtps_cpp.hpp
[1.190s] -- Up-to-date: /home/mechatronics/master/Mechatronics-2023/ros2_ws/install/zed_interfaces/include/zed_interfaces/msg/detail/depth_info_stamped__rosidl_typesupport_fastrtps_cpp.hpp
[1.190s] -- Up-to-date: /home/mechatronics/master/Mechatronics-2023/ros2_ws/install/zed_interfaces/include/zed_interfaces/msg/detail/objects_stamped__rosidl_typesupport_fastrtps_cpp.hpp
[1.190s] -- Up-to-date: /home/mechatronics/master/Mechatronics-2023/ros2_ws/install/zed_interfaces/include/zed_interfaces/msg/rosidl_typesupport_fastrtps_cpp__visibility_control.h
[1.191s] -- Up-to-date: /home/mechatronics/master/Mechatronics-2023/ros2_ws/install/zed_interfaces/lib/libzed_interfaces__rosidl_typesupport_fastrtps_cpp.so
[1.191s] -- Up-to-date: /home/mechatronics/master/Mechatronics-2023/ros2_ws/install/zed_interfaces/include/zed_interfaces
[1.191s] -- Up-to-date: /home/mechatronics/master/Mechatronics-2023/ros2_ws/install/zed_interfaces/include/zed_interfaces/srv
[1.191s] -- Up-to-date: /home/mechatronics/master/Mechatronics-2023/ros2_ws/install/zed_interfaces/include/zed_interfaces/srv/detail
[1.191s] -- Up-to-date: /home/mechatronics/master/Mechatronics-2023/ros2_ws/install/zed_interfaces/include/zed_interfaces/srv/detail/start_svo_rec__type_support.c
[1.191s] -- Up-to-date: /home/mechatronics/master/Mechatronics-2023/ros2_ws/install/zed_interfaces/include/zed_interfaces/srv/detail/set_pose__rosidl_typesupport_introspection_c.h
[1.192s] -- Up-to-date: /home/mechatronics/master/Mechatronics-2023/ros2_ws/install/zed_interfaces/include/zed_interfaces/srv/detail/set_roi__type_support.c
[1.192s] -- Up-to-date: /home/mechatronics/master/Mechatronics-2023/ros2_ws/install/zed_interfaces/include/zed_interfaces/srv/detail/set_pose__type_support.c
[1.192s] -- Up-to-date: /home/mechatronics/master/Mechatronics-2023/ros2_ws/install/zed_interfaces/include/zed_interfaces/srv/detail/start_svo_rec__rosidl_typesupport_introspection_c.h
[1.192s] -- Up-to-date: /home/mechatronics/master/Mechatronics-2023/ros2_ws/install/zed_interfaces/include/zed_interfaces/srv/detail/set_roi__rosidl_typesupport_introspection_c.h
[1.192s] -- Up-to-date: /home/mechatronics/master/Mechatronics-2023/ros2_ws/install/zed_interfaces/include/zed_interfaces/msg
[1.192s] -- Up-to-date: /home/mechatronics/master/Mechatronics-2023/ros2_ws/install/zed_interfaces/include/zed_interfaces/msg/detail
[1.192s] -- Up-to-date: /home/mechatronics/master/Mechatronics-2023/ros2_ws/install/zed_interfaces/include/zed_interfaces/msg/detail/keypoint2_di__rosidl_typesupport_introspection_c.h
[1.193s] -- Up-to-date: /home/mechatronics/master/Mechatronics-2023/ros2_ws/install/zed_interfaces/include/zed_interfaces/msg/detail/objects_stamped__type_support.c
[1.193s] -- Up-to-date: /home/mechatronics/master/Mechatronics-2023/ros2_ws/install/zed_interfaces/include/zed_interfaces/msg/detail/object__type_support.c
[1.193s] -- Up-to-date: /home/mechatronics/master/Mechatronics-2023/ros2_ws/install/zed_interfaces/include/zed_interfaces/msg/detail/bounding_box3_d__type_support.c
[1.193s] -- Up-to-date: /home/mechatronics/master/Mechatronics-2023/ros2_ws/install/zed_interfaces/include/zed_interfaces/msg/detail/object__rosidl_typesupport_introspection_c.h
[1.193s] -- Up-to-date: /home/mechatronics/master/Mechatronics-2023/ros2_ws/install/zed_interfaces/include/zed_interfaces/msg/detail/keypoint2_df__type_support.c
[1.193s] -- Up-to-date: /home/mechatronics/master/Mechatronics-2023/ros2_ws/install/zed_interfaces/include/zed_interfaces/msg/detail/bounding_box2_df__type_support.c
[1.193s] -- Up-to-date: /home/mechatronics/master/Mechatronics-2023/ros2_ws/install/zed_interfaces/include/zed_interfaces/msg/detail/bounding_box3_d__rosidl_typesupport_introspection_c.h
[1.194s] -- Up-to-date: /home/mechatronics/master/Mechatronics-2023/ros2_ws/install/zed_interfaces/include/zed_interfaces/msg/detail/skeleton3_d__type_support.c
[1.194s] -- Up-to-date: /home/mechatronics/master/Mechatronics-2023/ros2_ws/install/zed_interfaces/include/zed_interfaces/msg/detail/skeleton3_d__rosidl_typesupport_introspection_c.h
[1.194s] -- Up-to-date: /home/mechatronics/master/Mechatronics-2023/ros2_ws/install/zed_interfaces/include/zed_interfaces/msg/detail/keypoint3_d__rosidl_typesupport_introspection_c.h
[1.194s] -- Up-to-date: /home/mechatronics/master/Mechatronics-2023/ros2_ws/install/zed_interfaces/include/zed_interfaces/msg/detail/keypoint2_di__type_support.c
[1.194s] -- Up-to-date: /home/mechatronics/master/Mechatronics-2023/ros2_ws/install/zed_interfaces/include/zed_interfaces/msg/detail/skeleton2_d__type_support.c
[1.194s] -- Up-to-date: /home/mechatronics/master/Mechatronics-2023/ros2_ws/install/zed_interfaces/include/zed_interfaces/msg/detail/keypoint2_df__rosidl_typesupport_introspection_c.h
[1.194s] -- Up-to-date: /home/mechatronics/master/Mechatronics-2023/ros2_ws/install/zed_interfaces/include/zed_interfaces/msg/detail/depth_info_stamped__rosidl_typesupport_introspection_c.h
[1.195s] -- Up-to-date: /home/mechatronics/master/Mechatronics-2023/ros2_ws/install/zed_interfaces/include/zed_interfaces/msg/detail/objects_stamped__rosidl_typesupport_introspection_c.h
[1.195s] -- Up-to-date: /home/mechatronics/master/Mechatronics-2023/ros2_ws/install/zed_interfaces/include/zed_interfaces/msg/detail/plane_stamped__rosidl_typesupport_introspection_c.h
[1.195s] -- Up-to-date: /home/mechatronics/master/Mechatronics-2023/ros2_ws/install/zed_interfaces/include/zed_interfaces/msg/detail/bounding_box2_df__rosidl_typesupport_introspection_c.h
[1.195s] -- Up-to-date: /home/mechatronics/master/Mechatronics-2023/ros2_ws/install/zed_interfaces/include/zed_interfaces/msg/detail/bounding_box2_di__type_support.c
[1.195s] -- Up-to-date: /home/mechatronics/master/Mechatronics-2023/ros2_ws/install/zed_interfaces/include/zed_interfaces/msg/detail/skeleton2_d__rosidl_typesupport_introspection_c.h
[1.195s] -- Up-to-date: /home/mechatronics/master/Mechatronics-2023/ros2_ws/install/zed_interfaces/include/zed_interfaces/msg/detail/keypoint3_d__type_support.c
[1.196s] -- Up-to-date: /home/mechatronics/master/Mechatronics-2023/ros2_ws/install/zed_interfaces/include/zed_interfaces/msg/detail/depth_info_stamped__type_support.c
[1.196s] -- Up-to-date: /home/mechatronics/master/Mechatronics-2023/ros2_ws/install/zed_interfaces/include/zed_interfaces/msg/detail/plane_stamped__type_support.c
[1.196s] -- Up-to-date: /home/mechatronics/master/Mechatronics-2023/ros2_ws/install/zed_interfaces/include/zed_interfaces/msg/detail/bounding_box2_di__rosidl_typesupport_introspection_c.h
[1.196s] -- Up-to-date: /home/mechatronics/master/Mechatronics-2023/ros2_ws/install/zed_interfaces/include/zed_interfaces/msg/rosidl_typesupport_introspection_c__visibility_control.h
[1.196s] -- Up-to-date: /home/mechatronics/master/Mechatronics-2023/ros2_ws/install/zed_interfaces/lib/libzed_interfaces__rosidl_typesupport_introspection_c.so
[1.196s] -- Up-to-date: /home/mechatronics/master/Mechatronics-2023/ros2_ws/install/zed_interfaces/lib/libzed_interfaces__rosidl_typesupport_c.so
[1.196s] -- Up-to-date: /home/mechatronics/master/Mechatronics-2023/ros2_ws/install/zed_interfaces/include/zed_interfaces
[1.196s] -- Up-to-date: /home/mechatronics/master/Mechatronics-2023/ros2_ws/install/zed_interfaces/include/zed_interfaces/srv
[1.197s] -- Up-to-date: /home/mechatronics/master/Mechatronics-2023/ros2_ws/install/zed_interfaces/include/zed_interfaces/srv/set_pose.hpp
[1.197s] -- Up-to-date: /home/mechatronics/master/Mechatronics-2023/ros2_ws/install/zed_interfaces/include/zed_interfaces/srv/start_svo_rec.hpp
[1.197s] -- Up-to-date: /home/mechatronics/master/Mechatronics-2023/ros2_ws/install/zed_interfaces/include/zed_interfaces/srv/set_roi.hpp
[1.197s] -- Up-to-date: /home/mechatronics/master/Mechatronics-2023/ros2_ws/install/zed_interfaces/include/zed_interfaces/srv/detail
[1.197s] -- Up-to-date: /home/mechatronics/master/Mechatronics-2023/ros2_ws/install/zed_interfaces/include/zed_interfaces/srv/detail/start_svo_rec__builder.hpp
[1.200s] -- Up-to-date: /home/mechatronics/master/Mechatronics-2023/ros2_ws/install/zed_interfaces/include/zed_interfaces/srv/detail/set_roi__struct.hpp
[1.200s] -- Up-to-date: /home/mechatronics/master/Mechatronics-2023/ros2_ws/install/zed_interfaces/include/zed_interfaces/srv/detail/start_svo_rec__struct.hpp
[1.200s] -- Up-to-date: /home/mechatronics/master/Mechatronics-2023/ros2_ws/install/zed_interfaces/include/zed_interfaces/srv/detail/set_pose__struct.hpp
[1.200s] -- Up-to-date: /home/mechatronics/master/Mechatronics-2023/ros2_ws/install/zed_interfaces/include/zed_interfaces/srv/detail/set_roi__traits.hpp
[1.201s] -- Up-to-date: /home/mechatronics/master/Mechatronics-2023/ros2_ws/install/zed_interfaces/include/zed_interfaces/srv/detail/set_roi__builder.hpp
[1.201s] -- Up-to-date: /home/mechatronics/master/Mechatronics-2023/ros2_ws/install/zed_interfaces/include/zed_interfaces/srv/detail/set_pose__traits.hpp
[1.201s] -- Up-to-date: /home/mechatronics/master/Mechatronics-2023/ros2_ws/install/zed_interfaces/include/zed_interfaces/srv/detail/start_svo_rec__traits.hpp
[1.201s] -- Up-to-date: /home/mechatronics/master/Mechatronics-2023/ros2_ws/install/zed_interfaces/include/zed_interfaces/srv/detail/set_pose__builder.hpp
[1.201s] -- Up-to-date: /home/mechatronics/master/Mechatronics-2023/ros2_ws/install/zed_interfaces/include/zed_interfaces/msg
[1.202s] -- Up-to-date: /home/mechatronics/master/Mechatronics-2023/ros2_ws/install/zed_interfaces/include/zed_interfaces/msg/objects_stamped.hpp
[1.202s] -- Up-to-date: /home/mechatronics/master/Mechatronics-2023/ros2_ws/install/zed_interfaces/include/zed_interfaces/msg/bounding_box3_d.hpp
[1.202s] -- Up-to-date: /home/mechatronics/master/Mechatronics-2023/ros2_ws/install/zed_interfaces/include/zed_interfaces/msg/depth_info_stamped.hpp
[1.202s] -- Up-to-date: /home/mechatronics/master/Mechatronics-2023/ros2_ws/install/zed_interfaces/include/zed_interfaces/msg/bounding_box2_df.hpp
[1.202s] -- Up-to-date: /home/mechatronics/master/Mechatronics-2023/ros2_ws/install/zed_interfaces/include/zed_interfaces/msg/bounding_box2_di.hpp
[1.202s] -- Up-to-date: /home/mechatronics/master/Mechatronics-2023/ros2_ws/install/zed_interfaces/include/zed_interfaces/msg/detail
[1.202s] -- Up-to-date: /home/mechatronics/master/Mechatronics-2023/ros2_ws/install/zed_interfaces/include/zed_interfaces/msg/detail/keypoint2_df__builder.hpp
[1.205s] -- Up-to-date: /home/mechatronics/master/Mechatronics-2023/ros2_ws/install/zed_interfaces/include/zed_interfaces/msg/detail/bounding_box3_d__builder.hpp
[1.206s] -- Up-to-date: /home/mechatronics/master/Mechatronics-2023/ros2_ws/install/zed_interfaces/include/zed_interfaces/msg/detail/bounding_box2_di__traits.hpp
[1.206s] -- Up-to-date: /home/mechatronics/master/Mechatronics-2023/ros2_ws/install/zed_interfaces/include/zed_interfaces/msg/detail/skeleton3_d__traits.hpp
[1.206s] -- Up-to-date: /home/mechatronics/master/Mechatronics-2023/ros2_ws/install/zed_interfaces/include/zed_interfaces/msg/detail/keypoint2_di__traits.hpp
[1.207s] -- Up-to-date: /home/mechatronics/master/Mechatronics-2023/ros2_ws/install/zed_interfaces/include/zed_interfaces/msg/detail/skeleton3_d__builder.hpp
[1.207s] -- Up-to-date: /home/mechatronics/master/Mechatronics-2023/ros2_ws/install/zed_interfaces/include/zed_interfaces/msg/detail/objects_stamped__builder.hpp
[1.207s] -- Up-to-date: /home/mechatronics/master/Mechatronics-2023/ros2_ws/install/zed_interfaces/include/zed_interfaces/msg/detail/bounding_box2_df__builder.hpp
[1.207s] -- Up-to-date: /home/mechatronics/master/Mechatronics-2023/ros2_ws/install/zed_interfaces/include/zed_interfaces/msg/detail/skeleton2_d__traits.hpp
[1.208s] -- Up-to-date: /home/mechatronics/master/Mechatronics-2023/ros2_ws/install/zed_interfaces/include/zed_interfaces/msg/detail/plane_stamped__builder.hpp
[1.208s] -- Up-to-date: /home/mechatronics/master/Mechatronics-2023/ros2_ws/install/zed_interfaces/include/zed_interfaces/msg/detail/bounding_box2_di__struct.hpp
[1.208s] -- Up-to-date: /home/mechatronics/master/Mechatronics-2023/ros2_ws/install/zed_interfaces/include/zed_interfaces/msg/detail/keypoint3_d__struct.hpp
[1.208s] -- Up-to-date: /home/mechatronics/master/Mechatronics-2023/ros2_ws/install/zed_interfaces/include/zed_interfaces/msg/detail/objects_stamped__struct.hpp
[1.208s] -- Up-to-date: /home/mechatronics/master/Mechatronics-2023/ros2_ws/install/zed_interfaces/include/zed_interfaces/msg/detail/bounding_box2_df__struct.hpp
[1.209s] -- Up-to-date: /home/mechatronics/master/Mechatronics-2023/ros2_ws/install/zed_interfaces/include/zed_interfaces/msg/detail/objects_stamped__traits.hpp
[1.209s] -- Up-to-date: /home/mechatronics/master/Mechatronics-2023/ros2_ws/install/zed_interfaces/include/zed_interfaces/msg/detail/object__builder.hpp
[1.209s] -- Up-to-date: /home/mechatronics/master/Mechatronics-2023/ros2_ws/install/zed_interfaces/include/zed_interfaces/msg/detail/keypoint2_di__builder.hpp
[1.209s] -- Up-to-date: /home/mechatronics/master/Mechatronics-2023/ros2_ws/install/zed_interfaces/include/zed_interfaces/msg/detail/bounding_box2_df__traits.hpp
[1.209s] -- Up-to-date: /home/mechatronics/master/Mechatronics-2023/ros2_ws/install/zed_interfaces/include/zed_interfaces/msg/detail/depth_info_stamped__struct.hpp
[1.210s] -- Up-to-date: /home/mechatronics/master/Mechatronics-2023/ros2_ws/install/zed_interfaces/include/zed_interfaces/msg/detail/bounding_box3_d__struct.hpp
[1.210s] -- Up-to-date: /home/mechatronics/master/Mechatronics-2023/ros2_ws/install/zed_interfaces/include/zed_interfaces/msg/detail/bounding_box3_d__traits.hpp
[1.210s] -- Up-to-date: /home/mechatronics/master/Mechatronics-2023/ros2_ws/install/zed_interfaces/include/zed_interfaces/msg/detail/object__struct.hpp
[1.210s] -- Up-to-date: /home/mechatronics/master/Mechatronics-2023/ros2_ws/install/zed_interfaces/include/zed_interfaces/msg/detail/keypoint2_df__traits.hpp
[1.210s] -- Up-to-date: /home/mechatronics/master/Mechatronics-2023/ros2_ws/install/zed_interfaces/include/zed_interfaces/msg/detail/bounding_box2_di__builder.hpp
[1.210s] -- Up-to-date: /home/mechatronics/master/Mechatronics-2023/ros2_ws/install/zed_interfaces/include/zed_interfaces/msg/detail/object__traits.hpp
[1.211s] -- Up-to-date: /home/mechatronics/master/Mechatronics-2023/ros2_ws/install/zed_interfaces/include/zed_interfaces/msg/detail/depth_info_stamped__traits.hpp
[1.211s] -- Up-to-date: /home/mechatronics/master/Mechatronics-2023/ros2_ws/install/zed_interfaces/include/zed_interfaces/msg/detail/skeleton2_d__struct.hpp
[1.211s] -- Up-to-date: /home/mechatronics/master/Mechatronics-2023/ros2_ws/install/zed_interfaces/include/zed_interfaces/msg/detail/plane_stamped__traits.hpp
[1.211s] -- Up-to-date: /home/mechatronics/master/Mechatronics-2023/ros2_ws/install/zed_interfaces/include/zed_interfaces/msg/detail/keypoint2_df__struct.hpp
[1.211s] -- Up-to-date: /home/mechatronics/master/Mechatronics-2023/ros2_ws/install/zed_interfaces/include/zed_interfaces/msg/detail/skeleton2_d__builder.hpp
[1.214s] -- Up-to-date: /home/mechatronics/master/Mechatronics-2023/ros2_ws/install/zed_interfaces/include/zed_interfaces/msg/detail/keypoint2_di__struct.hpp
[1.214s] -- Up-to-date: /home/mechatronics/master/Mechatronics-2023/ros2_ws/install/zed_interfaces/include/zed_interfaces/msg/detail/plane_stamped__struct.hpp
[1.214s] -- Up-to-date: /home/mechatronics/master/Mechatronics-2023/ros2_ws/install/zed_interfaces/include/zed_interfaces/msg/detail/keypoint3_d__traits.hpp
[1.215s] -- Up-to-date: /home/mechatronics/master/Mechatronics-2023/ros2_ws/install/zed_interfaces/include/zed_interfaces/msg/detail/depth_info_stamped__builder.hpp
[1.215s] -- Up-to-date: /home/mechatronics/master/Mechatronics-2023/ros2_ws/install/zed_interfaces/include/zed_interfaces/msg/detail/keypoint3_d__builder.hpp
[1.215s] -- Up-to-date: /home/mechatronics/master/Mechatronics-2023/ros2_ws/install/zed_interfaces/include/zed_interfaces/msg/detail/skeleton3_d__struct.hpp
[1.218s] -- Up-to-date: /home/mechatronics/master/Mechatronics-2023/ros2_ws/install/zed_interfaces/include/zed_interfaces/msg/object.hpp
[1.218s] -- Up-to-date: /home/mechatronics/master/Mechatronics-2023/ros2_ws/install/zed_interfaces/include/zed_interfaces/msg/skeleton2_d.hpp
[1.218s] -- Up-to-date: /home/mechatronics/master/Mechatronics-2023/ros2_ws/install/zed_interfaces/include/zed_interfaces/msg/keypoint2_di.hpp
[1.218s] -- Up-to-date: /home/mechatronics/master/Mechatronics-2023/ros2_ws/install/zed_interfaces/include/zed_interfaces/msg/keypoint3_d.hpp
[1.218s] -- Up-to-date: /home/mechatronics/master/Mechatronics-2023/ros2_ws/install/zed_interfaces/include/zed_interfaces/msg/plane_stamped.hpp
[1.219s] -- Up-to-date: /home/mechatronics/master/Mechatronics-2023/ros2_ws/install/zed_interfaces/include/zed_interfaces/msg/skeleton3_d.hpp
[1.219s] -- Up-to-date: /home/mechatronics/master/Mechatronics-2023/ros2_ws/install/zed_interfaces/include/zed_interfaces/msg/keypoint2_df.hpp
[1.219s] -- Up-to-date: /home/mechatronics/master/Mechatronics-2023/ros2_ws/install/zed_interfaces/include/zed_interfaces
[1.220s] -- Up-to-date: /home/mechatronics/master/Mechatronics-2023/ros2_ws/install/zed_interfaces/include/zed_interfaces/srv
[1.220s] -- Up-to-date: /home/mechatronics/master/Mechatronics-2023/ros2_ws/install/zed_interfaces/include/zed_interfaces/srv/detail
[1.220s] -- Up-to-date: /home/mechatronics/master/Mechatronics-2023/ros2_ws/install/zed_interfaces/include/zed_interfaces/srv/detail/start_svo_rec__type_support.cpp
[1.220s] -- Up-to-date: /home/mechatronics/master/Mechatronics-2023/ros2_ws/install/zed_interfaces/include/zed_interfaces/srv/detail/start_svo_rec__rosidl_typesupport_introspection_cpp.hpp
[1.220s] -- Up-to-date: /home/mechatronics/master/Mechatronics-2023/ros2_ws/install/zed_interfaces/include/zed_interfaces/srv/detail/set_roi__type_support.cpp
[1.220s] -- Up-to-date: /home/mechatronics/master/Mechatronics-2023/ros2_ws/install/zed_interfaces/include/zed_interfaces/srv/detail/set_pose__type_support.cpp
[1.221s] -- Up-to-date: /home/mechatronics/master/Mechatronics-2023/ros2_ws/install/zed_interfaces/include/zed_interfaces/srv/detail/set_roi__rosidl_typesupport_introspection_cpp.hpp
[1.221s] -- Up-to-date: /home/mechatronics/master/Mechatronics-2023/ros2_ws/install/zed_interfaces/include/zed_interfaces/srv/detail/set_pose__rosidl_typesupport_introspection_cpp.hpp
[1.221s] -- Up-to-date: /home/mechatronics/master/Mechatronics-2023/ros2_ws/install/zed_interfaces/include/zed_interfaces/msg
[1.221s] -- Up-to-date: /home/mechatronics/master/Mechatronics-2023/ros2_ws/install/zed_interfaces/include/zed_interfaces/msg/detail
[1.222s] -- Up-to-date: /home/mechatronics/master/Mechatronics-2023/ros2_ws/install/zed_interfaces/include/zed_interfaces/msg/detail/keypoint2_df__rosidl_typesupport_introspection_cpp.hpp
[1.222s] -- Up-to-date: /home/mechatronics/master/Mechatronics-2023/ros2_ws/install/zed_interfaces/include/zed_interfaces/msg/detail/keypoint2_di__rosidl_typesupport_introspection_cpp.hpp
[1.222s] -- Up-to-date: /home/mechatronics/master/Mechatronics-2023/ros2_ws/install/zed_interfaces/include/zed_interfaces/msg/detail/keypoint2_di__type_support.cpp
[1.222s] -- Up-to-date: /home/mechatronics/master/Mechatronics-2023/ros2_ws/install/zed_interfaces/include/zed_interfaces/msg/detail/skeleton3_d__rosidl_typesupport_introspection_cpp.hpp
[1.222s] -- Up-to-date: /home/mechatronics/master/Mechatronics-2023/ros2_ws/install/zed_interfaces/include/zed_interfaces/msg/detail/skeleton2_d__type_support.cpp
[1.222s] -- Up-to-date: /home/mechatronics/master/Mechatronics-2023/ros2_ws/install/zed_interfaces/include/zed_interfaces/msg/detail/bounding_box2_di__type_support.cpp
[1.222s] -- Up-to-date: /home/mechatronics/master/Mechatronics-2023/ros2_ws/install/zed_interfaces/include/zed_interfaces/msg/detail/plane_stamped__type_support.cpp
[1.223s] -- Up-to-date: /home/mechatronics/master/Mechatronics-2023/ros2_ws/install/zed_interfaces/include/zed_interfaces/msg/detail/bounding_box3_d__rosidl_typesupport_introspection_cpp.hpp
[1.223s] -- Up-to-date: /home/mechatronics/master/Mechatronics-2023/ros2_ws/install/zed_interfaces/include/zed_interfaces/msg/detail/depth_info_stamped__type_support.cpp
[1.223s] -- Up-to-date: /home/mechatronics/master/Mechatronics-2023/ros2_ws/install/zed_interfaces/include/zed_interfaces/msg/detail/bounding_box2_df__type_support.cpp
[1.224s] -- Up-to-date: /home/mechatronics/master/Mechatronics-2023/ros2_ws/install/zed_interfaces/include/zed_interfaces/msg/detail/object__type_support.cpp
[1.224s] -- Up-to-date: /home/mechatronics/master/Mechatronics-2023/ros2_ws/install/zed_interfaces/include/zed_interfaces/msg/detail/bounding_box2_di__rosidl_typesupport_introspection_cpp.hpp
[1.224s] -- Up-to-date: /home/mechatronics/master/Mechatronics-2023/ros2_ws/install/zed_interfaces/include/zed_interfaces/msg/detail/objects_stamped__rosidl_typesupport_introspection_cpp.hpp
[1.224s] -- Up-to-date: /home/mechatronics/master/Mechatronics-2023/ros2_ws/install/zed_interfaces/include/zed_interfaces/msg/detail/bounding_box2_df__rosidl_typesupport_introspection_cpp.hpp
[1.229s] -- Up-to-date: /home/mechatronics/master/Mechatronics-2023/ros2_ws/install/zed_interfaces/include/zed_interfaces/msg/detail/skeleton3_d__type_support.cpp
[1.229s] -- Up-to-date: /home/mechatronics/master/Mechatronics-2023/ros2_ws/install/zed_interfaces/include/zed_interfaces/msg/detail/objects_stamped__type_support.cpp
[1.229s] -- Up-to-date: /home/mechatronics/master/Mechatronics-2023/ros2_ws/install/zed_interfaces/include/zed_interfaces/msg/detail/bounding_box3_d__type_support.cpp
[1.229s] -- Up-to-date: /home/mechatronics/master/Mechatronics-2023/ros2_ws/install/zed_interfaces/include/zed_interfaces/msg/detail/depth_info_stamped__rosidl_typesupport_introspection_cpp.hpp
[1.229s] -- Up-to-date: /home/mechatronics/master/Mechatronics-2023/ros2_ws/install/zed_interfaces/include/zed_interfaces/msg/detail/keypoint3_d__rosidl_typesupport_introspection_cpp.hpp
[1.229s] -- Up-to-date: /home/mechatronics/master/Mechatronics-2023/ros2_ws/install/zed_interfaces/include/zed_interfaces/msg/detail/keypoint2_df__type_support.cpp
[1.229s] -- Up-to-date: /home/mechatronics/master/Mechatronics-2023/ros2_ws/install/zed_interfaces/include/zed_interfaces/msg/detail/skeleton2_d__rosidl_typesupport_introspection_cpp.hpp
[1.230s] -- Up-to-date: /home/mechatronics/master/Mechatronics-2023/ros2_ws/install/zed_interfaces/include/zed_interfaces/msg/detail/object__rosidl_typesupport_introspection_cpp.hpp
[1.230s] -- Up-to-date: /home/mechatronics/master/Mechatronics-2023/ros2_ws/install/zed_interfaces/include/zed_interfaces/msg/detail/plane_stamped__rosidl_typesupport_introspection_cpp.hpp
[1.230s] -- Up-to-date: /home/mechatronics/master/Mechatronics-2023/ros2_ws/install/zed_interfaces/include/zed_interfaces/msg/detail/keypoint3_d__type_support.cpp
[1.230s] -- Up-to-date: /home/mechatronics/master/Mechatronics-2023/ros2_ws/install/zed_interfaces/lib/libzed_interfaces__rosidl_typesupport_introspection_cpp.so
[1.230s] -- Up-to-date: /home/mechatronics/master/Mechatronics-2023/ros2_ws/install/zed_interfaces/lib/libzed_interfaces__rosidl_typesupport_cpp.so
[1.230s] -- Up-to-date: /home/mechatronics/master/Mechatronics-2023/ros2_ws/install/zed_interfaces/share/zed_interfaces/environment/pythonpath.sh
[1.230s] -- Up-to-date: /home/mechatronics/master/Mechatronics-2023/ros2_ws/install/zed_interfaces/share/zed_interfaces/environment/pythonpath.dsv
[1.230s] -- Up-to-date: /home/mechatronics/master/Mechatronics-2023/ros2_ws/install/zed_interfaces/lib/python3.8/site-packages/zed_interfaces/__init__.py
[1.242s] -- Up-to-date: /home/mechatronics/master/Mechatronics-2023/ros2_ws/install/zed_interfaces/lib/python3.8/site-packages/zed_interfaces/msg
[1.242s] -- Up-to-date: /home/mechatronics/master/Mechatronics-2023/ros2_ws/install/zed_interfaces/lib/python3.8/site-packages/zed_interfaces/msg/_skeleton2_d.py
[1.242s] -- Up-to-date: /home/mechatronics/master/Mechatronics-2023/ros2_ws/install/zed_interfaces/lib/python3.8/site-packages/zed_interfaces/msg/_bounding_box2_di.py
[1.243s] -- Up-to-date: /home/mechatronics/master/Mechatronics-2023/ros2_ws/install/zed_interfaces/lib/python3.8/site-packages/zed_interfaces/msg/_plane_stamped_s.c
[1.243s] -- Up-to-date: /home/mechatronics/master/Mechatronics-2023/ros2_ws/install/zed_interfaces/lib/python3.8/site-packages/zed_interfaces/msg/__init__.py
[1.243s] -- Up-to-date: /home/mechatronics/master/Mechatronics-2023/ros2_ws/install/zed_interfaces/lib/python3.8/site-packages/zed_interfaces/msg/_objects_stamped_s.c
[1.243s] -- Up-to-date: /home/mechatronics/master/Mechatronics-2023/ros2_ws/install/zed_interfaces/lib/python3.8/site-packages/zed_interfaces/msg/_bounding_box3_d_s.c
[1.243s] -- Up-to-date: /home/mechatronics/master/Mechatronics-2023/ros2_ws/install/zed_interfaces/lib/python3.8/site-packages/zed_interfaces/msg/_skeleton3_d.py
[1.243s] -- Up-to-date: /home/mechatronics/master/Mechatronics-2023/ros2_ws/install/zed_interfaces/lib/python3.8/site-packages/zed_interfaces/msg/_keypoint3_d_s.c
[1.243s] -- Up-to-date: /home/mechatronics/master/Mechatronics-2023/ros2_ws/install/zed_interfaces/lib/python3.8/site-packages/zed_interfaces/msg/_depth_info_stamped_s.c
[1.244s] -- Up-to-date: /home/mechatronics/master/Mechatronics-2023/ros2_ws/install/zed_interfaces/lib/python3.8/site-packages/zed_interfaces/msg/_bounding_box3_d.py
[1.244s] -- Up-to-date: /home/mechatronics/master/Mechatronics-2023/ros2_ws/install/zed_interfaces/lib/python3.8/site-packages/zed_interfaces/msg/_objects_stamped.py
[1.244s] -- Up-to-date: /home/mechatronics/master/Mechatronics-2023/ros2_ws/install/zed_interfaces/lib/python3.8/site-packages/zed_interfaces/msg/_bounding_box2_df_s.c
[1.244s] -- Up-to-date: /home/mechatronics/master/Mechatronics-2023/ros2_ws/install/zed_interfaces/lib/python3.8/site-packages/zed_interfaces/msg/_keypoint2_di_s.c
[1.244s] -- Up-to-date: /home/mechatronics/master/Mechatronics-2023/ros2_ws/install/zed_interfaces/lib/python3.8/site-packages/zed_interfaces/msg/_object_s.c
[1.244s] -- Up-to-date: /home/mechatronics/master/Mechatronics-2023/ros2_ws/install/zed_interfaces/lib/python3.8/site-packages/zed_interfaces/msg/_skeleton2_d_s.c
[1.244s] -- Up-to-date: /home/mechatronics/master/Mechatronics-2023/ros2_ws/install/zed_interfaces/lib/python3.8/site-packages/zed_interfaces/msg/_depth_info_stamped.py
[1.245s] -- Up-to-date: /home/mechatronics/master/Mechatronics-2023/ros2_ws/install/zed_interfaces/lib/python3.8/site-packages/zed_interfaces/msg/_plane_stamped.py
[1.245s] -- Up-to-date: /home/mechatronics/master/Mechatronics-2023/ros2_ws/install/zed_interfaces/lib/python3.8/site-packages/zed_interfaces/msg/_skeleton3_d_s.c
[1.245s] -- Up-to-date: /home/mechatronics/master/Mechatronics-2023/ros2_ws/install/zed_interfaces/lib/python3.8/site-packages/zed_interfaces/msg/_bounding_box2_df.py
[1.245s] -- Up-to-date: /home/mechatronics/master/Mechatronics-2023/ros2_ws/install/zed_interfaces/lib/python3.8/site-packages/zed_interfaces/msg/_keypoint2_di.py
[1.245s] -- Up-to-date: /home/mechatronics/master/Mechatronics-2023/ros2_ws/install/zed_interfaces/lib/python3.8/site-packages/zed_interfaces/msg/_keypoint3_d.py
[1.245s] -- Up-to-date: /home/mechatronics/master/Mechatronics-2023/ros2_ws/install/zed_interfaces/lib/python3.8/site-packages/zed_interfaces/msg/_object.py
[1.245s] -- Up-to-date: /home/mechatronics/master/Mechatronics-2023/ros2_ws/install/zed_interfaces/lib/python3.8/site-packages/zed_interfaces/msg/_keypoint2_df_s.c
[1.246s] -- Up-to-date: /home/mechatronics/master/Mechatronics-2023/ros2_ws/install/zed_interfaces/lib/python3.8/site-packages/zed_interfaces/msg/_bounding_box2_di_s.c
[1.246s] -- Up-to-date: /home/mechatronics/master/Mechatronics-2023/ros2_ws/install/zed_interfaces/lib/python3.8/site-packages/zed_interfaces/msg/_keypoint2_df.py
[1.246s] -- Up-to-date: /home/mechatronics/master/Mechatronics-2023/ros2_ws/install/zed_interfaces/lib/python3.8/site-packages/zed_interfaces/srv
[1.246s] -- Up-to-date: /home/mechatronics/master/Mechatronics-2023/ros2_ws/install/zed_interfaces/lib/python3.8/site-packages/zed_interfaces/srv/_set_pose.py
[1.246s] -- Up-to-date: /home/mechatronics/master/Mechatronics-2023/ros2_ws/install/zed_interfaces/lib/python3.8/site-packages/zed_interfaces/srv/_set_roi.py
[1.246s] -- Up-to-date: /home/mechatronics/master/Mechatronics-2023/ros2_ws/install/zed_interfaces/lib/python3.8/site-packages/zed_interfaces/srv/__init__.py
[1.246s] -- Up-to-date: /home/mechatronics/master/Mechatronics-2023/ros2_ws/install/zed_interfaces/lib/python3.8/site-packages/zed_interfaces/srv/_set_pose_s.c
[1.247s] -- Up-to-date: /home/mechatronics/master/Mechatronics-2023/ros2_ws/install/zed_interfaces/lib/python3.8/site-packages/zed_interfaces/srv/_set_roi_s.c
[1.247s] -- Up-to-date: /home/mechatronics/master/Mechatronics-2023/ros2_ws/install/zed_interfaces/lib/python3.8/site-packages/zed_interfaces/srv/_start_svo_rec_s.c
[1.247s] -- Up-to-date: /home/mechatronics/master/Mechatronics-2023/ros2_ws/install/zed_interfaces/lib/python3.8/site-packages/zed_interfaces/srv/_start_svo_rec.py
[1.247s] -- Up-to-date: /home/mechatronics/master/Mechatronics-2023/ros2_ws/install/zed_interfaces/lib/python3.8/site-packages/zed_interfaces/zed_interfaces_s__rosidl_typesupport_fastrtps_c.cpython-38-aarch64-linux-gnu.so
[1.247s] -- Up-to-date: /home/mechatronics/master/Mechatronics-2023/ros2_ws/install/zed_interfaces/lib/python3.8/site-packages/zed_interfaces/zed_interfaces_s__rosidl_typesupport_introspection_c.cpython-38-aarch64-linux-gnu.so
[1.247s] -- Up-to-date: /home/mechatronics/master/Mechatronics-2023/ros2_ws/install/zed_interfaces/lib/python3.8/site-packages/zed_interfaces/zed_interfaces_s__rosidl_typesupport_c.cpython-38-aarch64-linux-gnu.so
[1.247s] -- Up-to-date: /home/mechatronics/master/Mechatronics-2023/ros2_ws/install/zed_interfaces/lib/libzed_interfaces__python.so
[1.248s] -- Up-to-date: /home/mechatronics/master/Mechatronics-2023/ros2_ws/install/zed_interfaces/share/zed_interfaces/msg/Object.idl
[1.248s] -- Up-to-date: /home/mechatronics/master/Mechatronics-2023/ros2_ws/install/zed_interfaces/share/zed_interfaces/msg/ObjectsStamped.idl
[1.248s] -- Up-to-date: /home/mechatronics/master/Mechatronics-2023/ros2_ws/install/zed_interfaces/share/zed_interfaces/msg/Keypoint2Di.idl
[1.248s] -- Up-to-date: /home/mechatronics/master/Mechatronics-2023/ros2_ws/install/zed_interfaces/share/zed_interfaces/msg/Keypoint2Df.idl
[1.248s] -- Up-to-date: /home/mechatronics/master/Mechatronics-2023/ros2_ws/install/zed_interfaces/share/zed_interfaces/msg/Keypoint3D.idl
[1.248s] -- Up-to-date: /home/mechatronics/master/Mechatronics-2023/ros2_ws/install/zed_interfaces/share/zed_interfaces/msg/BoundingBox2Di.idl
[1.248s] -- Up-to-date: /home/mechatronics/master/Mechatronics-2023/ros2_ws/install/zed_interfaces/share/zed_interfaces/msg/BoundingBox2Df.idl
[1.249s] -- Up-to-date: /home/mechatronics/master/Mechatronics-2023/ros2_ws/install/zed_interfaces/share/zed_interfaces/msg/BoundingBox3D.idl
[1.249s] -- Up-to-date: /home/mechatronics/master/Mechatronics-2023/ros2_ws/install/zed_interfaces/share/zed_interfaces/msg/Skeleton2D.idl
[1.249s] -- Up-to-date: /home/mechatronics/master/Mechatronics-2023/ros2_ws/install/zed_interfaces/share/zed_interfaces/msg/Skeleton3D.idl
[1.249s] -- Up-to-date: /home/mechatronics/master/Mechatronics-2023/ros2_ws/install/zed_interfaces/share/zed_interfaces/msg/DepthInfoStamped.idl
[1.249s] -- Up-to-date: /home/mechatronics/master/Mechatronics-2023/ros2_ws/install/zed_interfaces/share/zed_interfaces/msg/PlaneStamped.idl
[1.249s] -- Up-to-date: /home/mechatronics/master/Mechatronics-2023/ros2_ws/install/zed_interfaces/share/zed_interfaces/srv/SetPose.idl
[1.250s] -- Up-to-date: /home/mechatronics/master/Mechatronics-2023/ros2_ws/install/zed_interfaces/share/zed_interfaces/srv/StartSvoRec.idl
[1.250s] -- Up-to-date: /home/mechatronics/master/Mechatronics-2023/ros2_ws/install/zed_interfaces/share/zed_interfaces/srv/SetROI.idl
[1.250s] -- Up-to-date: /home/mechatronics/master/Mechatronics-2023/ros2_ws/install/zed_interfaces/share/zed_interfaces/msg/Object.msg
[1.250s] -- Up-to-date: /home/mechatronics/master/Mechatronics-2023/ros2_ws/install/zed_interfaces/share/zed_interfaces/msg/ObjectsStamped.msg
[1.250s] -- Up-to-date: /home/mechatronics/master/Mechatronics-2023/ros2_ws/install/zed_interfaces/share/zed_interfaces/msg/Keypoint2Di.msg
[1.250s] -- Up-to-date: /home/mechatronics/master/Mechatronics-2023/ros2_ws/install/zed_interfaces/share/zed_interfaces/msg/Keypoint2Df.msg
[1.250s] -- Up-to-date: /home/mechatronics/master/Mechatronics-2023/ros2_ws/install/zed_interfaces/share/zed_interfaces/msg/Keypoint3D.msg
[1.251s] -- Up-to-date: /home/mechatronics/master/Mechatronics-2023/ros2_ws/install/zed_interfaces/share/zed_interfaces/msg/BoundingBox2Di.msg
[1.251s] -- Up-to-date: /home/mechatronics/master/Mechatronics-2023/ros2_ws/install/zed_interfaces/share/zed_interfaces/msg/BoundingBox2Df.msg
[1.251s] -- Up-to-date: /home/mechatronics/master/Mechatronics-2023/ros2_ws/install/zed_interfaces/share/zed_interfaces/msg/BoundingBox3D.msg
[1.251s] -- Up-to-date: /home/mechatronics/master/Mechatronics-2023/ros2_ws/install/zed_interfaces/share/zed_interfaces/msg/Skeleton2D.msg
[1.251s] -- Up-to-date: /home/mechatronics/master/Mechatronics-2023/ros2_ws/install/zed_interfaces/share/zed_interfaces/msg/Skeleton3D.msg
[1.251s] -- Up-to-date: /home/mechatronics/master/Mechatronics-2023/ros2_ws/install/zed_interfaces/share/zed_interfaces/msg/DepthInfoStamped.msg
[1.251s] -- Up-to-date: /home/mechatronics/master/Mechatronics-2023/ros2_ws/install/zed_interfaces/share/zed_interfaces/msg/PlaneStamped.msg
[1.252s] -- Up-to-date: /home/mechatronics/master/Mechatronics-2023/ros2_ws/install/zed_interfaces/share/zed_interfaces/srv/SetPose.srv
[1.252s] -- Up-to-date: /home/mechatronics/master/Mechatronics-2023/ros2_ws/install/zed_interfaces/share/zed_interfaces/srv/SetPose_Request.msg
[1.252s] -- Up-to-date: /home/mechatronics/master/Mechatronics-2023/ros2_ws/install/zed_interfaces/share/zed_interfaces/srv/SetPose_Response.msg
[1.252s] -- Up-to-date: /home/mechatronics/master/Mechatronics-2023/ros2_ws/install/zed_interfaces/share/zed_interfaces/srv/StartSvoRec.srv
[1.252s] -- Up-to-date: /home/mechatronics/master/Mechatronics-2023/ros2_ws/install/zed_interfaces/share/zed_interfaces/srv/StartSvoRec_Request.msg
[1.252s] -- Up-to-date: /home/mechatronics/master/Mechatronics-2023/ros2_ws/install/zed_interfaces/share/zed_interfaces/srv/StartSvoRec_Response.msg
[1.252s] -- Up-to-date: /home/mechatronics/master/Mechatronics-2023/ros2_ws/install/zed_interfaces/share/zed_interfaces/srv/SetROI.srv
[1.252s] -- Up-to-date: /home/mechatronics/master/Mechatronics-2023/ros2_ws/install/zed_interfaces/share/zed_interfaces/srv/SetROI_Request.msg
[1.253s] -- Up-to-date: /home/mechatronics/master/Mechatronics-2023/ros2_ws/install/zed_interfaces/share/zed_interfaces/srv/SetROI_Response.msg
[1.253s] -- Up-to-date: /home/mechatronics/master/Mechatronics-2023/ros2_ws/install/zed_interfaces/share/zed_interfaces/meshes
[1.253s] -- Up-to-date: /home/mechatronics/master/Mechatronics-2023/ros2_ws/install/zed_interfaces/share/zed_interfaces/meshes/zed2i.stl
[1.253s] -- Up-to-date: /home/mechatronics/master/Mechatronics-2023/ros2_ws/install/zed_interfaces/share/zed_interfaces/meshes/zed.stl
[1.256s] -- Up-to-date: /home/mechatronics/master/Mechatronics-2023/ros2_ws/install/zed_interfaces/share/zed_interfaces/meshes/zedm.stl
[1.256s] -- Up-to-date: /home/mechatronics/master/Mechatronics-2023/ros2_ws/install/zed_interfaces/share/zed_interfaces/meshes/zed2.stl
[1.256s] -- Up-to-date: /home/mechatronics/master/Mechatronics-2023/ros2_ws/install/zed_interfaces/share/ament_index/resource_index/package_run_dependencies/zed_interfaces
[1.257s] -- Up-to-date: /home/mechatronics/master/Mechatronics-2023/ros2_ws/install/zed_interfaces/share/ament_index/resource_index/parent_prefix_path/zed_interfaces
[1.257s] -- Up-to-date: /home/mechatronics/master/Mechatronics-2023/ros2_ws/install/zed_interfaces/share/zed_interfaces/environment/ament_prefix_path.sh
[1.257s] -- Up-to-date: /home/mechatronics/master/Mechatronics-2023/ros2_ws/install/zed_interfaces/share/zed_interfaces/environment/ament_prefix_path.dsv
[1.257s] -- Up-to-date: /home/mechatronics/master/Mechatronics-2023/ros2_ws/install/zed_interfaces/share/zed_interfaces/environment/path.sh
[1.257s] -- Up-to-date: /home/mechatronics/master/Mechatronics-2023/ros2_ws/install/zed_interfaces/share/zed_interfaces/environment/path.dsv
[1.257s] -- Up-to-date: /home/mechatronics/master/Mechatronics-2023/ros2_ws/install/zed_interfaces/share/zed_interfaces/local_setup.bash
[1.258s] -- Up-to-date: /home/mechatronics/master/Mechatronics-2023/ros2_ws/install/zed_interfaces/share/zed_interfaces/local_setup.sh
[1.258s] -- Up-to-date: /home/mechatronics/master/Mechatronics-2023/ros2_ws/install/zed_interfaces/share/zed_interfaces/local_setup.zsh
[1.258s] -- Up-to-date: /home/mechatronics/master/Mechatronics-2023/ros2_ws/install/zed_interfaces/share/zed_interfaces/local_setup.dsv
[1.258s] -- Installing: /home/mechatronics/master/Mechatronics-2023/ros2_ws/install/zed_interfaces/share/zed_interfaces/package.dsv
[1.258s] -- Up-to-date: /home/mechatronics/master/Mechatronics-2023/ros2_ws/install/zed_interfaces/share/ament_index/resource_index/packages/zed_interfaces
[1.258s] -- Up-to-date: /home/mechatronics/master/Mechatronics-2023/ros2_ws/install/zed_interfaces/share/zed_interfaces/cmake/zed_interfaces__rosidl_generator_cExport.cmake
[1.261s] -- Up-to-date: /home/mechatronics/master/Mechatronics-2023/ros2_ws/install/zed_interfaces/share/zed_interfaces/cmake/zed_interfaces__rosidl_generator_cExport-noconfig.cmake
[1.261s] -- Up-to-date: /home/mechatronics/master/Mechatronics-2023/ros2_ws/install/zed_interfaces/share/zed_interfaces/cmake/zed_interfaces__rosidl_typesupport_introspection_cExport.cmake
[1.261s] -- Up-to-date: /home/mechatronics/master/Mechatronics-2023/ros2_ws/install/zed_interfaces/share/zed_interfaces/cmake/zed_interfaces__rosidl_typesupport_introspection_cExport-noconfig.cmake
[1.262s] -- Up-to-date: /home/mechatronics/master/Mechatronics-2023/ros2_ws/install/zed_interfaces/share/zed_interfaces/cmake/zed_interfaces__rosidl_typesupport_cExport.cmake
[1.262s] -- Up-to-date: /home/mechatronics/master/Mechatronics-2023/ros2_ws/install/zed_interfaces/share/zed_interfaces/cmake/zed_interfaces__rosidl_typesupport_cExport-noconfig.cmake
[1.262s] -- Up-to-date: /home/mechatronics/master/Mechatronics-2023/ros2_ws/install/zed_interfaces/share/zed_interfaces/cmake/zed_interfaces__rosidl_generator_cppExport.cmake
[1.262s] -- Up-to-date: /home/mechatronics/master/Mechatronics-2023/ros2_ws/install/zed_interfaces/share/zed_interfaces/cmake/zed_interfaces__rosidl_typesupport_introspection_cppExport.cmake
[1.262s] -- Up-to-date: /home/mechatronics/master/Mechatronics-2023/ros2_ws/install/zed_interfaces/share/zed_interfaces/cmake/zed_interfaces__rosidl_typesupport_introspection_cppExport-noconfig.cmake
[1.262s] -- Up-to-date: /home/mechatronics/master/Mechatronics-2023/ros2_ws/install/zed_interfaces/share/zed_interfaces/cmake/zed_interfaces__rosidl_typesupport_cppExport.cmake
[1.263s] -- Up-to-date: /home/mechatronics/master/Mechatronics-2023/ros2_ws/install/zed_interfaces/share/zed_interfaces/cmake/zed_interfaces__rosidl_typesupport_cppExport-noconfig.cmake
[1.263s] -- Up-to-date: /home/mechatronics/master/Mechatronics-2023/ros2_ws/install/zed_interfaces/share/zed_interfaces/cmake/rosidl_cmake-extras.cmake
[1.263s] -- Up-to-date: /home/mechatronics/master/Mechatronics-2023/ros2_ws/install/zed_interfaces/share/zed_interfaces/cmake/ament_cmake_export_dependencies-extras.cmake
[1.263s] -- Up-to-date: /home/mechatronics/master/Mechatronics-2023/ros2_ws/install/zed_interfaces/share/zed_interfaces/cmake/ament_cmake_export_libraries-extras.cmake
[1.263s] -- Up-to-date: /home/mechatronics/master/Mechatronics-2023/ros2_ws/install/zed_interfaces/share/zed_interfaces/cmake/ament_cmake_export_targets-extras.cmake
[1.264s] -- Up-to-date: /home/mechatronics/master/Mechatronics-2023/ros2_ws/install/zed_interfaces/share/zed_interfaces/cmake/ament_cmake_export_include_directories-extras.cmake
[1.264s] -- Up-to-date: /home/mechatronics/master/Mechatronics-2023/ros2_ws/install/zed_interfaces/share/zed_interfaces/cmake/rosidl_cmake_export_typesupport_libraries-extras.cmake
[1.264s] -- Up-to-date: /home/mechatronics/master/Mechatronics-2023/ros2_ws/install/zed_interfaces/share/zed_interfaces/cmake/rosidl_cmake_export_typesupport_targets-extras.cmake
[1.264s] -- Up-to-date: /home/mechatronics/master/Mechatronics-2023/ros2_ws/install/zed_interfaces/share/zed_interfaces/cmake/zed_interfacesConfig.cmake
[1.264s] -- Up-to-date: /home/mechatronics/master/Mechatronics-2023/ros2_ws/install/zed_interfaces/share/zed_interfaces/cmake/zed_interfacesConfig-version.cmake
[1.265s] -- Up-to-date: /home/mechatronics/master/Mechatronics-2023/ros2_ws/install/zed_interfaces/share/zed_interfaces/package.xml
[1.370s] Invoked command in '/home/mechatronics/master/Mechatronics-2023/ros2_ws/build/zed_interfaces' returned '0': CMAKE_PREFIX_PATH=${CMAKE_PREFIX_PATH}:/home/mechatronics/master/Mechatronics-2023/ros2_ws/install/zed_vision_node:/home/mechatronics/master/Mechatronics-2023/ros2_ws/install/ahrs_node:/home/mechatronics/junebug_workspace/install/zed_temp:/home/mechatronics/junebug_workspace/install/zed_imu2:/home/mechatronics/junebug_workspace/install/zed_imu:/home/mechatronics/junebug_workspace/install/top_view_package:/home/mechatronics/junebug_workspace/install/py_pubsub:/home/mechatronics/junebug_workspace/install/object_detection_package:/home/mechatronics/junebug_workspace/install/mapping_package:/home/mechatronics/junebug_workspace/install/depth_package:/home/mechatronics/junebug_workspace/install/controller_translator:/home/mechatronics/junebug_workspace/install/cam_track_package:/home/mechatronics/junebug_workspace/install/body_track_package:/home/mechatronics/junebug_workspace/install/ahr:/opt/ros/foxy /usr/bin/cmake --install /home/mechatronics/master/Mechatronics-2023/ros2_ws/build/zed_interfaces
