-- Found ament_cmake: 0.9.11 (/opt/ros/foxy/share/ament_cmake/cmake)
-- Found PythonInterp: /usr/bin/python3 (found suitable version "3.8.10", minimum required is "3") 
-- Using PYTHON_EXECUTABLE: /usr/bin/python3
-- Found rclcpp: 2.4.2 (/opt/ros/foxy/share/rclcpp/cmake)
-- Using all available rosidl_typesupport_c: rosidl_typesupport_fastrtps_c;rosidl_typesupport_introspection_c
-- Found rosidl_adapter: 1.3.0 (/opt/ros/foxy/share/rosidl_adapter/cmake)
-- Using all available rosidl_typesupport_cpp: rosidl_typesupport_fastrtps_cpp;rosidl_typesupport_introspection_cpp
-- Found rmw_implementation_cmake: 1.0.3 (/opt/ros/foxy/share/rmw_implementation_cmake/cmake)
-- Using RMW implementation 'rmw_fastrtps_cpp' as default
-- Found geometry_msgs: 2.0.5 (/opt/ros/foxy/share/geometry_msgs/cmake)
-- Found shape_msgs: 2.0.5 (/opt/ros/foxy/share/shape_msgs/cmake)
-- Found rosidl_default_generators: 1.0.1 (/opt/ros/foxy/share/rosidl_default_generators/cmake)
-- Found PythonInterp: /usr/bin/python3 (found version "3.8.10") 
-- Found ament_cmake_ros: 0.9.2 (/opt/ros/foxy/share/ament_cmake_ros/cmake)
-- Using all available rosidl_typesupport_c: rosidl_typesupport_fastrtps_c;rosidl_typesupport_introspection_c
-- Using all available rosidl_typesupport_cpp: rosidl_typesupport_fastrtps_cpp;rosidl_typesupport_introspection_cpp
-- Found PythonInterp: /usr/bin/python3 (found suitable version "3.8.10", minimum required is "3.5") 
-- Found python_cmake_module: 0.8.1 (/opt/ros/foxy/share/python_cmake_module/cmake)
-- Using PYTHON_EXECUTABLE: /usr/bin/python3
-- Using PYTHON_INCLUDE_DIRS: /usr/include/python3.8
-- Using PYTHON_LIBRARIES: /usr/lib/aarch64-linux-gnu/libpython3.8.so
-- Configuring done
-- Generating done
-- Build files have been written to: /home/mechatronics/master/Mechatronics-2023/ros2_ws/build/scion_types
[35m[1mScanning dependencies of target scion_types__cpp[0m
[35m[1mScanning dependencies of target scion_types__rosidl_generator_c[0m
[  1%] Built target scion_types__cpp
[  3%] [32m[1mLinking C shared library libscion_types__rosidl_generator_c.so[0m
[35m[1mScanning dependencies of target scion_types__rosidl_typesupport_cpp[0m
[35m[1mScanning dependencies of target scion_types__rosidl_typesupport_fastrtps_cpp[0m
[35m[1mScanning dependencies of target scion_types__rosidl_typesupport_introspection_cpp[0m
[  6%] [32m[1mLinking CXX shared library libscion_types__rosidl_typesupport_introspection_cpp.so[0m
[  6%] [32m[1mLinking CXX shared library libscion_types__rosidl_typesupport_cpp.so[0m
[  7%] [32m[1mLinking CXX shared library libscion_types__rosidl_typesupport_fastrtps_cpp.so[0m
[ 17%] Built target scion_types__rosidl_generator_c
[35m[1mScanning dependencies of target scion_types__rosidl_typesupport_c[0m
[35m[1mScanning dependencies of target scion_types__rosidl_typesupport_introspection_c[0m
[ 22%] [32m[1mLinking CXX shared library libscion_types__rosidl_typesupport_c.so[0m
[ 30%] [32m[1mLinking C shared library libscion_types__rosidl_typesupport_introspection_c.so[0m
[ 30%] Built target scion_types__rosidl_typesupport_cpp
[ 39%] Built target scion_types__rosidl_typesupport_introspection_c
[ 58%] Built target scion_types__rosidl_typesupport_introspection_cpp
[ 58%] Built target scion_types__rosidl_typesupport_c
[ 68%] Built target scion_types__rosidl_typesupport_fastrtps_cpp
[35m[1mScanning dependencies of target scion_types__rosidl_typesupport_fastrtps_c[0m
[ 69%] [32m[1mLinking CXX shared library libscion_types__rosidl_typesupport_fastrtps_c.so[0m
[ 79%] Built target scion_types__rosidl_typesupport_fastrtps_c
[ 79%] Built target scion_types
[35m[1mScanning dependencies of target scion_types__py[0m
[ 80%] Built target scion_types__py
[35m[1mScanning dependencies of target scion_types__python[0m
[ 82%] [32m[1mLinking C shared library rosidl_generator_py/scion_types/libscion_types__python.so[0m
[ 90%] Built target scion_types__python
[ 92%] [32m[1mLinking C shared library rosidl_generator_py/scion_types/scion_types_s__rosidl_typesupport_c.cpython-38-aarch64-linux-gnu.so[0m
[ 95%] [32m[1mLinking CXX shared library rosidl_generator_py/scion_types/scion_types_s__rosidl_typesupport_fastrtps_c.cpython-38-aarch64-linux-gnu.so[0m
[ 95%] [32m[1mLinking C shared library rosidl_generator_py/scion_types/scion_types_s__rosidl_typesupport_introspection_c.cpython-38-aarch64-linux-gnu.so[0m
[ 98%] Built target scion_types__rosidl_typesupport_c__pyext
[ 98%] Built target scion_types__rosidl_typesupport_introspection_c__pyext
[100%] Built target scion_types__rosidl_typesupport_fastrtps_c__pyext
