[0.153s] Invoking command in '/home/mechatronics/master/Mechatronics-2023/ros2_ws/build/scion_types': CMAKE_PREFIX_PATH=${CMAKE_PREFIX_PATH}:/home/mechatronics/master/Mechatronics-2023/ros2_ws/install/zed_vision_node:/home/mechatronics/master/Mechatronics-2023/ros2_ws/install/ahrs_node:/home/mechatronics/junebug_workspace/install/zed_temp:/home/mechatronics/junebug_workspace/install/zed_imu2:/home/mechatronics/junebug_workspace/install/zed_imu:/home/mechatronics/junebug_workspace/install/top_view_package:/home/mechatronics/junebug_workspace/install/py_pubsub:/home/mechatronics/junebug_workspace/install/object_detection_package:/home/mechatronics/junebug_workspace/install/mapping_package:/home/mechatronics/junebug_workspace/install/depth_package:/home/mechatronics/junebug_workspace/install/controller_translator:/home/mechatronics/junebug_workspace/install/cam_track_package:/home/mechatronics/junebug_workspace/install/body_track_package:/home/mechatronics/junebug_workspace/install/ahr:/opt/ros/foxy /usr/bin/cmake --build /home/mechatronics/master/Mechatronics-2023/ros2_ws/build/scion_types -- -j12 -l12
[0.208s] -- Found ament_cmake: 0.9.11 (/opt/ros/foxy/share/ament_cmake/cmake)
[0.267s] -- Found PythonInterp: /usr/bin/python3 (found suitable version "3.8.10", minimum required is "3") 
[0.268s] -- Using PYTHON_EXECUTABLE: /usr/bin/python3
[0.676s] -- Found rclcpp: 2.4.2 (/opt/ros/foxy/share/rclcpp/cmake)
[0.725s] -- Using all available rosidl_typesupport_c: rosidl_typesupport_fastrtps_c;rosidl_typesupport_introspection_c
[0.729s] -- Found rosidl_adapter: 1.3.0 (/opt/ros/foxy/share/rosidl_adapter/cmake)
[0.915s] -- Using all available rosidl_typesupport_cpp: rosidl_typesupport_fastrtps_cpp;rosidl_typesupport_introspection_cpp
[0.976s] -- Found rmw_implementation_cmake: 1.0.3 (/opt/ros/foxy/share/rmw_implementation_cmake/cmake)
[0.980s] -- Using RMW implementation 'rmw_fastrtps_cpp' as default
[1.155s] -- Found geometry_msgs: 2.0.5 (/opt/ros/foxy/share/geometry_msgs/cmake)
[1.195s] -- Found shape_msgs: 2.0.5 (/opt/ros/foxy/share/shape_msgs/cmake)
[1.271s] -- Found rosidl_default_generators: 1.0.1 (/opt/ros/foxy/share/rosidl_default_generators/cmake)
[1.347s] -- Found PythonInterp: /usr/bin/python3 (found version "3.8.10") 
[1.604s] -- Found ament_cmake_ros: 0.9.2 (/opt/ros/foxy/share/ament_cmake_ros/cmake)
[1.782s] -- Using all available rosidl_typesupport_c: rosidl_typesupport_fastrtps_c;rosidl_typesupport_introspection_c
[1.798s] -- Using all available rosidl_typesupport_cpp: rosidl_typesupport_fastrtps_cpp;rosidl_typesupport_introspection_cpp
[1.858s] -- Found PythonInterp: /usr/bin/python3 (found suitable version "3.8.10", minimum required is "3.5") 
[1.858s] -- Found python_cmake_module: 0.8.1 (/opt/ros/foxy/share/python_cmake_module/cmake)
[1.913s] -- Using PYTHON_EXECUTABLE: /usr/bin/python3
[1.913s] -- Using PYTHON_INCLUDE_DIRS: /usr/include/python3.8
[1.913s] -- Using PYTHON_LIBRARIES: /usr/lib/aarch64-linux-gnu/libpython3.8.so
[1.960s] -- Configuring done
[2.010s] -- Generating done
[2.015s] -- Build files have been written to: /home/mechatronics/master/Mechatronics-2023/ros2_ws/build/scion_types
[2.071s] [35m[1mScanning dependencies of target scion_types__cpp[0m
[2.071s] [35m[1mScanning dependencies of target scion_types__rosidl_generator_c[0m
[2.091s] [  1%] Built target scion_types__cpp
[2.092s] [  3%] [32m[1mLinking C shared library libscion_types__rosidl_generator_c.so[0m
[2.110s] [35m[1mScanning dependencies of target scion_types__rosidl_typesupport_cpp[0m
[2.110s] [35m[1mScanning dependencies of target scion_types__rosidl_typesupport_fastrtps_cpp[0m
[2.111s] [35m[1mScanning dependencies of target scion_types__rosidl_typesupport_introspection_cpp[0m
[2.133s] [  6%] [32m[1mLinking CXX shared library libscion_types__rosidl_typesupport_introspection_cpp.so[0m
[2.133s] [  6%] [32m[1mLinking CXX shared library libscion_types__rosidl_typesupport_cpp.so[0m
[2.145s] [  7%] [32m[1mLinking CXX shared library libscion_types__rosidl_typesupport_fastrtps_cpp.so[0m
[2.148s] [ 17%] Built target scion_types__rosidl_generator_c
[2.169s] [35m[1mScanning dependencies of target scion_types__rosidl_typesupport_c[0m
[2.170s] [35m[1mScanning dependencies of target scion_types__rosidl_typesupport_introspection_c[0m
[2.193s] [ 22%] [32m[1mLinking CXX shared library libscion_types__rosidl_typesupport_c.so[0m
[2.193s] [ 30%] [32m[1mLinking C shared library libscion_types__rosidl_typesupport_introspection_c.so[0m
[2.193s] [ 30%] Built target scion_types__rosidl_typesupport_cpp
[2.247s] [ 39%] Built target scion_types__rosidl_typesupport_introspection_c
[2.253s] [ 58%] Built target scion_types__rosidl_typesupport_introspection_cpp
[2.254s] [ 58%] Built target scion_types__rosidl_typesupport_c
[2.284s] [ 68%] Built target scion_types__rosidl_typesupport_fastrtps_cpp
[2.307s] [35m[1mScanning dependencies of target scion_types__rosidl_typesupport_fastrtps_c[0m
[2.342s] [ 69%] [32m[1mLinking CXX shared library libscion_types__rosidl_typesupport_fastrtps_c.so[0m
[2.470s] [ 79%] Built target scion_types__rosidl_typesupport_fastrtps_c
[2.519s] [ 79%] Built target scion_types
[2.547s] [35m[1mScanning dependencies of target scion_types__py[0m
[2.571s] [ 80%] Built target scion_types__py
[2.594s] [35m[1mScanning dependencies of target scion_types__python[0m
[2.639s] [ 82%] [32m[1mLinking C shared library rosidl_generator_py/scion_types/libscion_types__python.so[0m
[2.705s] [ 90%] Built target scion_types__python
[2.753s] [ 92%] [32m[1mLinking C shared library rosidl_generator_py/scion_types/scion_types_s__rosidl_typesupport_c.cpython-38-aarch64-linux-gnu.so[0m
[2.753s] [ 95%] [32m[1mLinking CXX shared library rosidl_generator_py/scion_types/scion_types_s__rosidl_typesupport_fastrtps_c.cpython-38-aarch64-linux-gnu.so[0m
[2.753s] [ 95%] [32m[1mLinking C shared library rosidl_generator_py/scion_types/scion_types_s__rosidl_typesupport_introspection_c.cpython-38-aarch64-linux-gnu.so[0m
[2.810s] [ 98%] Built target scion_types__rosidl_typesupport_c__pyext
[2.811s] [ 98%] Built target scion_types__rosidl_typesupport_introspection_c__pyext
[2.843s] [100%] Built target scion_types__rosidl_typesupport_fastrtps_c__pyext
