[0.651s] Invoking command in '/home/conner/nodes/Mechatronics-2023/ros2_ws/src/ahrs_node': PYTHONPATH=/home/conner/nodes/Mechatronics-2023/build/ahrs_node/prefix_override:/home/conner/nodes/Mechatronics-2023/install/ahrs_node/lib/python3.8/site-packages:${PYTHONPATH} /usr/bin/python3 setup.py egg_info --egg-base ../../../build/ahrs_node build --build-base /home/conner/nodes/Mechatronics-2023/build/ahrs_node/build install --record /home/conner/nodes/Mechatronics-2023/build/ahrs_node/install.log --install-scripts $base/lib/ahrs_node --single-version-externally-managed
[0.830s] running egg_info
[0.830s] creating ../../../build/ahrs_node/ahrs_node.egg-info
[0.831s] writing ../../../build/ahrs_node/ahrs_node.egg-info/PKG-INFO
[0.831s] writing dependency_links to ../../../build/ahrs_node/ahrs_node.egg-info/dependency_links.txt
[0.831s] writing entry points to ../../../build/ahrs_node/ahrs_node.egg-info/entry_points.txt
[0.832s] writing requirements to ../../../build/ahrs_node/ahrs_node.egg-info/requires.txt
[0.832s] writing top-level names to ../../../build/ahrs_node/ahrs_node.egg-info/top_level.txt
[0.833s] writing manifest file '../../../build/ahrs_node/ahrs_node.egg-info/SOURCES.txt'
[0.862s] reading manifest file '../../../build/ahrs_node/ahrs_node.egg-info/SOURCES.txt'
[0.863s] writing manifest file '../../../build/ahrs_node/ahrs_node.egg-info/SOURCES.txt'
[0.863s] running build
[0.864s] running build_py
[0.864s] creating /home/conner/nodes/Mechatronics-2023/build/ahrs_node/build
[0.865s] creating /home/conner/nodes/Mechatronics-2023/build/ahrs_node/build/lib
[0.865s] creating /home/conner/nodes/Mechatronics-2023/build/ahrs_node/build/lib/ahrs_node
[0.865s] copying ahrs_node/ahrs_publisher.py -> /home/conner/nodes/Mechatronics-2023/build/ahrs_node/build/lib/ahrs_node
[0.865s] copying ahrs_node/__init__.py -> /home/conner/nodes/Mechatronics-2023/build/ahrs_node/build/lib/ahrs_node
[0.865s] running install
[0.865s] running install_lib
[0.867s] creating /home/conner/nodes/Mechatronics-2023/install/ahrs_node/lib/python3.8/site-packages/ahrs_node
[0.867s] copying /home/conner/nodes/Mechatronics-2023/build/ahrs_node/build/lib/ahrs_node/ahrs_publisher.py -> /home/conner/nodes/Mechatronics-2023/install/ahrs_node/lib/python3.8/site-packages/ahrs_node
[0.868s] copying /home/conner/nodes/Mechatronics-2023/build/ahrs_node/build/lib/ahrs_node/__init__.py -> /home/conner/nodes/Mechatronics-2023/install/ahrs_node/lib/python3.8/site-packages/ahrs_node
[0.868s] byte-compiling /home/conner/nodes/Mechatronics-2023/install/ahrs_node/lib/python3.8/site-packages/ahrs_node/ahrs_publisher.py to ahrs_publisher.cpython-38.pyc
[0.870s] byte-compiling /home/conner/nodes/Mechatronics-2023/install/ahrs_node/lib/python3.8/site-packages/ahrs_node/__init__.py to __init__.cpython-38.pyc
[0.870s] running install_data
[0.871s] creating /home/conner/nodes/Mechatronics-2023/install/ahrs_node/share/ament_index
[0.871s] creating /home/conner/nodes/Mechatronics-2023/install/ahrs_node/share/ament_index/resource_index
[0.871s] creating /home/conner/nodes/Mechatronics-2023/install/ahrs_node/share/ament_index/resource_index/packages
[0.872s] copying resource/ahrs_node -> /home/conner/nodes/Mechatronics-2023/install/ahrs_node/share/ament_index/resource_index/packages
[0.872s] copying package.xml -> /home/conner/nodes/Mechatronics-2023/install/ahrs_node/share/ahrs_node
[0.872s] running install_egg_info
[0.873s] Copying ../../../build/ahrs_node/ahrs_node.egg-info to /home/conner/nodes/Mechatronics-2023/install/ahrs_node/lib/python3.8/site-packages/ahrs_node-0.0.0-py3.8.egg-info
[0.875s] running install_scripts
[0.897s] Installing ahrs script to /home/conner/nodes/Mechatronics-2023/install/ahrs_node/lib/ahrs_node
[0.898s] writing list of installed files to '/home/conner/nodes/Mechatronics-2023/build/ahrs_node/install.log'
[0.929s] Invoked command in '/home/conner/nodes/Mechatronics-2023/ros2_ws/src/ahrs_node' returned '0': PYTHONPATH=/home/conner/nodes/Mechatronics-2023/build/ahrs_node/prefix_override:/home/conner/nodes/Mechatronics-2023/install/ahrs_node/lib/python3.8/site-packages:${PYTHONPATH} /usr/bin/python3 setup.py egg_info --egg-base ../../../build/ahrs_node build --build-base /home/conner/nodes/Mechatronics-2023/build/ahrs_node/build install --record /home/conner/nodes/Mechatronics-2023/build/ahrs_node/install.log --install-scripts $base/lib/ahrs_node --single-version-externally-managed
