[0.040s] Invoking command in '/home/mechatronics/master/Mechatronics-2023/ros2_ws/build/zed_components': AMENT_PREFIX_PATH=/home/mechatronics/master/Mechatronics-2023/ros2_ws/install/zed_interfaces:${AMENT_PREFIX_PATH} CMAKE_PREFIX_PATH=/home/mechatronics/master/Mechatronics-2023/ros2_ws/install/zed_interfaces:/home/mechatronics/master/Mechatronics-2023/install/pid_node:/home/mechatronics/master/Mechatronics-2023/install/dres_ms5837_decode:/home/mechatronics/master/Mechatronics-2023/install/dres_dvl_decode:/home/mechatronics/master/Mechatronics-2023/install/can2ros_driver:/home/mechatronics/master/Mechatronics-2023/install/scion_types:/home/mechatronics/junebug_workspace/install/zed_ros2:/home/mechatronics/junebug_workspace/install/zed_multi_camera:/home/mechatronics/junebug_workspace/install/zed_display_rviz2:/home/mechatronics/junebug_workspace/install/zed_wrapper:/home/mechatronics/junebug_workspace/install/zed_tutorial_video:/home/mechatronics/junebug_workspace/install/zed_tutorial_pos_tracking:/home/mechatronics/junebug_workspace/install/zed_tutorial_depth:/home/mechatronics/junebug_workspace/install/zed_topic_benchmark_interfaces:/home/mechatronics/junebug_workspace/install/zed_rgb_convert:/home/mechatronics/junebug_workspace/install/zed_components:/home/mechatronics/junebug_workspace/install/rviz_plugin_zed_od:/home/mechatronics/junebug_workspace/install/zed_interfaces:/home/mechatronics/junebug_workspace/install/cppcode_package:/home/mechatronics/junebug_workspace/install/can_msg_interfaces:/home/mechatronics/junebug_workspace/install/can_msg_interface:/home/mechatronics/junebug_workspace/install/can_mbox_pubsub:/home/mechatronics/candriver_1.19.23/install/can_msg_interfaces:/home/mechatronics/candriver_1.19.23/install/can_mbox_pubsub:/home/mechatronics/master/Mechatronics-2023/install/zed_vision_node:/home/mechatronics/master/Mechatronics-2023/install/ahrs_node:/home/mechatronics/junebug_workspace/install/zed_temp:/home/mechatronics/junebug_workspace/install/zed_imu2:/home/mechatronics/junebug_workspace/install/zed_imu:/home/mechatronics/junebug_workspace/install/top_view_package:/home/mechatronics/junebug_workspace/install/py_pubsub:/home/mechatronics/junebug_workspace/install/object_detection_package:/home/mechatronics/junebug_workspace/install/mapping_package:/home/mechatronics/junebug_workspace/install/depth_package:/home/mechatronics/junebug_workspace/install/controller_translator:/home/mechatronics/junebug_workspace/install/cam_track_package:/home/mechatronics/junebug_workspace/install/body_track_package:/home/mechatronics/junebug_workspace/install/ahr:/opt/ros/foxy LD_LIBRARY_PATH=/home/mechatronics/master/Mechatronics-2023/ros2_ws/install/zed_interfaces/lib:/home/mechatronics/master/Mechatronics-2023/install/scion_types/lib:/home/mechatronics/junebug_workspace/install/zed_topic_benchmark_interfaces/lib:/home/mechatronics/junebug_workspace/install/zed_rgb_convert/lib:/home/mechatronics/junebug_workspace/install/zed_components/lib:/home/mechatronics/junebug_workspace/install/rviz_plugin_zed_od/lib:/home/mechatronics/junebug_workspace/install/zed_interfaces/lib:/home/mechatronics/junebug_workspace/install/can_msg_interfaces/lib:/home/mechatronics/junebug_workspace/install/can_msg_interface/lib:/home/mechatronics/candriver_1.19.23/install/can_msg_interfaces/lib:/opt/ros/foxy/opt/yaml_cpp_vendor/lib:/opt/ros/foxy/opt/rviz_ogre_vendor/lib:/opt/ros/foxy/lib/aarch64-linux-gnu:/opt/ros/foxy/lib:/usr/local/cuda-11.4/lib64 PYTHONPATH=/home/mechatronics/master/Mechatronics-2023/ros2_ws/install/zed_interfaces/lib/python3.8/site-packages:${PYTHONPATH} /usr/bin/cmake /home/mechatronics/master/Mechatronics-2023/ros2_ws/src/zed-ros2-wrapper/zed_components -DCMAKE_INSTALL_PREFIX=/home/mechatronics/master/Mechatronics-2023/ros2_ws/install/zed_components
[0.127s] -- The C compiler identification is GNU 9.4.0
[0.211s] -- The CXX compiler identification is GNU 9.4.0
[0.219s] -- Check for working C compiler: /usr/bin/cc
[0.330s] -- Check for working C compiler: /usr/bin/cc -- works
[0.331s] -- Detecting C compiler ABI info
[0.447s] -- Detecting C compiler ABI info - done
[0.460s] -- Detecting C compile features
[0.460s] -- Detecting C compile features - done
[0.464s] -- Check for working CXX compiler: /usr/bin/c++
[0.588s] -- Check for working CXX compiler: /usr/bin/c++ -- works
[0.598s] -- Detecting CXX compiler ABI info
[0.715s] -- Detecting CXX compiler ABI info - done
[0.729s] -- Detecting CXX compile features
[0.730s] -- Detecting CXX compile features - done
[0.744s] -- Looking for sgemm_
[0.857s] -- Looking for sgemm_ - not found
[0.859s] -- Looking for pthread.h
[0.974s] -- Looking for pthread.h - found
[0.974s] -- Performing Test CMAKE_HAVE_LIBC_PTHREAD
[1.095s] -- Performing Test CMAKE_HAVE_LIBC_PTHREAD - Failed
[1.095s] -- Looking for pthread_create in pthreads
[1.189s] -- Looking for pthread_create in pthreads - not found
[1.189s] -- Looking for pthread_create in pthread
[1.312s] -- Looking for pthread_create in pthread - found
[1.313s] -- Found Threads: TRUE  
[1.351s] -- Looking for sgemm_
[1.502s] -- Looking for sgemm_ - found
[1.502s] -- Found BLAS: /usr/lib/aarch64-linux-gnu/libopenblas.so  
[1.535s] -- Found CUDA: /usr/local/cuda-11.4 (found suitable version "11.4", minimum required is "11.4") 
[1.579s] -- Found CUDA: /usr/local/cuda-11.4 (found version "11.4") 
[1.587s] -- Found ament_cmake: 0.9.11 (/opt/ros/foxy/share/ament_cmake/cmake)
[1.666s] -- Found PythonInterp: /usr/bin/python3 (found suitable version "3.8.10", minimum required is "3") 
[1.666s] -- Using PYTHON_EXECUTABLE: /usr/bin/python3
[2.141s] -- Found rcutils: 1.1.4 (/opt/ros/foxy/share/rcutils/cmake)
[2.150s] -- Found zed_interfaces: 0.3.0 (/home/mechatronics/master/Mechatronics-2023/ros2_ws/install/zed_interfaces/share/zed_interfaces/cmake)
[2.202s] -- Using all available rosidl_typesupport_c: rosidl_typesupport_fastrtps_c;rosidl_typesupport_introspection_c
[2.222s] -- Found rosidl_adapter: 1.3.0 (/opt/ros/foxy/share/rosidl_adapter/cmake)
[2.396s] -- Found OpenSSL: /usr/lib/aarch64-linux-gnu/libcrypto.so (found version "1.1.1f")  
[2.443s] -- Found FastRTPS: /opt/ros/foxy/include  
[2.587s] -- Using all available rosidl_typesupport_cpp: rosidl_typesupport_fastrtps_cpp;rosidl_typesupport_introspection_cpp
[2.978s] -- Found rclcpp: 2.4.2 (/opt/ros/foxy/share/rclcpp/cmake)
[3.068s] -- Found rmw_implementation_cmake: 1.0.3 (/opt/ros/foxy/share/rmw_implementation_cmake/cmake)
[3.072s] -- Using RMW implementation 'rmw_fastrtps_cpp' as default
[3.284s] -- Found rclcpp_components: 2.4.2 (/opt/ros/foxy/share/rclcpp_components/cmake)
[3.392s] -- Found tf2: 0.13.13 (/opt/ros/foxy/share/tf2/cmake)
[3.409s] -- Found tf2_ros: 0.13.13 (/opt/ros/foxy/share/tf2_ros/cmake)
[3.800s] -- Found tf2_geometry_msgs: 0.13.13 (/opt/ros/foxy/share/tf2_geometry_msgs/cmake)
[3.820s] -- Found eigen3_cmake_module: 0.1.1 (/opt/ros/foxy/share/eigen3_cmake_module/cmake)
[3.829s] -- Found Eigen3: TRUE (found version "3.3.7") 
[3.868s] -- Found nav_msgs: 2.0.5 (/opt/ros/foxy/share/nav_msgs/cmake)
[3.967s] -- Found sensor_msgs: 2.0.5 (/opt/ros/foxy/share/sensor_msgs/cmake)
[4.064s] -- Found stereo_msgs: 2.0.5 (/opt/ros/foxy/share/stereo_msgs/cmake)
[4.214s] -- Found image_transport: 2.4.0 (/opt/ros/foxy/share/image_transport/cmake)
[4.283s] -- Found std_srvs: 2.0.5 (/opt/ros/foxy/share/std_srvs/cmake)
[4.303s] -- Found diagnostic_msgs: 2.0.5 (/opt/ros/foxy/share/diagnostic_msgs/cmake)
[4.357s] -- Found diagnostic_updater: 2.0.8 (/opt/ros/foxy/share/diagnostic_updater/cmake)
[4.390s] -- Found visualization_msgs: 2.0.5 (/opt/ros/foxy/share/visualization_msgs/cmake)
[4.488s] -- Found ament_lint_auto: 0.9.7 (/opt/ros/foxy/share/ament_lint_auto/cmake)
[4.690s] -- Added test 'copyright' to check source files copyright and LICENSE
[4.693s] -- Added test 'cppcheck' to perform static code analysis on C / C++ code
[4.694s] -- Configured cppcheck include dirs: /home/mechatronics/master/Mechatronics-2023/ros2_ws/src/zed-ros2-wrapper/zed_components/src/include;/home/mechatronics/master/Mechatronics-2023/ros2_ws/src/zed-ros2-wrapper/zed_components/src/zed_camera/include;/home/mechatronics/master/Mechatronics-2023/ros2_ws/src/zed-ros2-wrapper/zed_components/src/tools/include
[4.694s] -- Configured cppcheck exclude dirs and/or files: 
[4.696s] -- Added test 'lint_cmake' to check CMake code style
[4.698s] -- Added test 'uncrustify' to check C / C++ code style
[4.698s] -- Configured uncrustify additional arguments: 
[4.700s] -- Added test 'xmllint' to check XML markup files
[4.712s] -- Configuring done
[4.759s] -- Generating done
[4.763s] -- Build files have been written to: /home/mechatronics/master/Mechatronics-2023/ros2_ws/build/zed_components
[4.789s] Invoked command in '/home/mechatronics/master/Mechatronics-2023/ros2_ws/build/zed_components' returned '0': AMENT_PREFIX_PATH=/home/mechatronics/master/Mechatronics-2023/ros2_ws/install/zed_interfaces:${AMENT_PREFIX_PATH} CMAKE_PREFIX_PATH=/home/mechatronics/master/Mechatronics-2023/ros2_ws/install/zed_interfaces:/home/mechatronics/master/Mechatronics-2023/install/pid_node:/home/mechatronics/master/Mechatronics-2023/install/dres_ms5837_decode:/home/mechatronics/master/Mechatronics-2023/install/dres_dvl_decode:/home/mechatronics/master/Mechatronics-2023/install/can2ros_driver:/home/mechatronics/master/Mechatronics-2023/install/scion_types:/home/mechatronics/junebug_workspace/install/zed_ros2:/home/mechatronics/junebug_workspace/install/zed_multi_camera:/home/mechatronics/junebug_workspace/install/zed_display_rviz2:/home/mechatronics/junebug_workspace/install/zed_wrapper:/home/mechatronics/junebug_workspace/install/zed_tutorial_video:/home/mechatronics/junebug_workspace/install/zed_tutorial_pos_tracking:/home/mechatronics/junebug_workspace/install/zed_tutorial_depth:/home/mechatronics/junebug_workspace/install/zed_topic_benchmark_interfaces:/home/mechatronics/junebug_workspace/install/zed_rgb_convert:/home/mechatronics/junebug_workspace/install/zed_components:/home/mechatronics/junebug_workspace/install/rviz_plugin_zed_od:/home/mechatronics/junebug_workspace/install/zed_interfaces:/home/mechatronics/junebug_workspace/install/cppcode_package:/home/mechatronics/junebug_workspace/install/can_msg_interfaces:/home/mechatronics/junebug_workspace/install/can_msg_interface:/home/mechatronics/junebug_workspace/install/can_mbox_pubsub:/home/mechatronics/candriver_1.19.23/install/can_msg_interfaces:/home/mechatronics/candriver_1.19.23/install/can_mbox_pubsub:/home/mechatronics/master/Mechatronics-2023/install/zed_vision_node:/home/mechatronics/master/Mechatronics-2023/install/ahrs_node:/home/mechatronics/junebug_workspace/install/zed_temp:/home/mechatronics/junebug_workspace/install/zed_imu2:/home/mechatronics/junebug_workspace/install/zed_imu:/home/mechatronics/junebug_workspace/install/top_view_package:/home/mechatronics/junebug_workspace/install/py_pubsub:/home/mechatronics/junebug_workspace/install/object_detection_package:/home/mechatronics/junebug_workspace/install/mapping_package:/home/mechatronics/junebug_workspace/install/depth_package:/home/mechatronics/junebug_workspace/install/controller_translator:/home/mechatronics/junebug_workspace/install/cam_track_package:/home/mechatronics/junebug_workspace/install/body_track_package:/home/mechatronics/junebug_workspace/install/ahr:/opt/ros/foxy LD_LIBRARY_PATH=/home/mechatronics/master/Mechatronics-2023/ros2_ws/install/zed_interfaces/lib:/home/mechatronics/master/Mechatronics-2023/install/scion_types/lib:/home/mechatronics/junebug_workspace/install/zed_topic_benchmark_interfaces/lib:/home/mechatronics/junebug_workspace/install/zed_rgb_convert/lib:/home/mechatronics/junebug_workspace/install/zed_components/lib:/home/mechatronics/junebug_workspace/install/rviz_plugin_zed_od/lib:/home/mechatronics/junebug_workspace/install/zed_interfaces/lib:/home/mechatronics/junebug_workspace/install/can_msg_interfaces/lib:/home/mechatronics/junebug_workspace/install/can_msg_interface/lib:/home/mechatronics/candriver_1.19.23/install/can_msg_interfaces/lib:/opt/ros/foxy/opt/yaml_cpp_vendor/lib:/opt/ros/foxy/opt/rviz_ogre_vendor/lib:/opt/ros/foxy/lib/aarch64-linux-gnu:/opt/ros/foxy/lib:/usr/local/cuda-11.4/lib64 PYTHONPATH=/home/mechatronics/master/Mechatronics-2023/ros2_ws/install/zed_interfaces/lib/python3.8/site-packages:${PYTHONPATH} /usr/bin/cmake /home/mechatronics/master/Mechatronics-2023/ros2_ws/src/zed-ros2-wrapper/zed_components -DCMAKE_INSTALL_PREFIX=/home/mechatronics/master/Mechatronics-2023/ros2_ws/install/zed_components
[4.793s] Invoking command in '/home/mechatronics/master/Mechatronics-2023/ros2_ws/build/zed_components': AMENT_PREFIX_PATH=/home/mechatronics/master/Mechatronics-2023/ros2_ws/install/zed_interfaces:${AMENT_PREFIX_PATH} CMAKE_PREFIX_PATH=/home/mechatronics/master/Mechatronics-2023/ros2_ws/install/zed_interfaces:/home/mechatronics/master/Mechatronics-2023/install/pid_node:/home/mechatronics/master/Mechatronics-2023/install/dres_ms5837_decode:/home/mechatronics/master/Mechatronics-2023/install/dres_dvl_decode:/home/mechatronics/master/Mechatronics-2023/install/can2ros_driver:/home/mechatronics/master/Mechatronics-2023/install/scion_types:/home/mechatronics/junebug_workspace/install/zed_ros2:/home/mechatronics/junebug_workspace/install/zed_multi_camera:/home/mechatronics/junebug_workspace/install/zed_display_rviz2:/home/mechatronics/junebug_workspace/install/zed_wrapper:/home/mechatronics/junebug_workspace/install/zed_tutorial_video:/home/mechatronics/junebug_workspace/install/zed_tutorial_pos_tracking:/home/mechatronics/junebug_workspace/install/zed_tutorial_depth:/home/mechatronics/junebug_workspace/install/zed_topic_benchmark_interfaces:/home/mechatronics/junebug_workspace/install/zed_rgb_convert:/home/mechatronics/junebug_workspace/install/zed_components:/home/mechatronics/junebug_workspace/install/rviz_plugin_zed_od:/home/mechatronics/junebug_workspace/install/zed_interfaces:/home/mechatronics/junebug_workspace/install/cppcode_package:/home/mechatronics/junebug_workspace/install/can_msg_interfaces:/home/mechatronics/junebug_workspace/install/can_msg_interface:/home/mechatronics/junebug_workspace/install/can_mbox_pubsub:/home/mechatronics/candriver_1.19.23/install/can_msg_interfaces:/home/mechatronics/candriver_1.19.23/install/can_mbox_pubsub:/home/mechatronics/master/Mechatronics-2023/install/zed_vision_node:/home/mechatronics/master/Mechatronics-2023/install/ahrs_node:/home/mechatronics/junebug_workspace/install/zed_temp:/home/mechatronics/junebug_workspace/install/zed_imu2:/home/mechatronics/junebug_workspace/install/zed_imu:/home/mechatronics/junebug_workspace/install/top_view_package:/home/mechatronics/junebug_workspace/install/py_pubsub:/home/mechatronics/junebug_workspace/install/object_detection_package:/home/mechatronics/junebug_workspace/install/mapping_package:/home/mechatronics/junebug_workspace/install/depth_package:/home/mechatronics/junebug_workspace/install/controller_translator:/home/mechatronics/junebug_workspace/install/cam_track_package:/home/mechatronics/junebug_workspace/install/body_track_package:/home/mechatronics/junebug_workspace/install/ahr:/opt/ros/foxy LD_LIBRARY_PATH=/home/mechatronics/master/Mechatronics-2023/ros2_ws/install/zed_interfaces/lib:/home/mechatronics/master/Mechatronics-2023/install/scion_types/lib:/home/mechatronics/junebug_workspace/install/zed_topic_benchmark_interfaces/lib:/home/mechatronics/junebug_workspace/install/zed_rgb_convert/lib:/home/mechatronics/junebug_workspace/install/zed_components/lib:/home/mechatronics/junebug_workspace/install/rviz_plugin_zed_od/lib:/home/mechatronics/junebug_workspace/install/zed_interfaces/lib:/home/mechatronics/junebug_workspace/install/can_msg_interfaces/lib:/home/mechatronics/junebug_workspace/install/can_msg_interface/lib:/home/mechatronics/candriver_1.19.23/install/can_msg_interfaces/lib:/opt/ros/foxy/opt/yaml_cpp_vendor/lib:/opt/ros/foxy/opt/rviz_ogre_vendor/lib:/opt/ros/foxy/lib/aarch64-linux-gnu:/opt/ros/foxy/lib:/usr/local/cuda-11.4/lib64 PYTHONPATH=/home/mechatronics/master/Mechatronics-2023/ros2_ws/install/zed_interfaces/lib/python3.8/site-packages:${PYTHONPATH} /usr/bin/cmake --build /home/mechatronics/master/Mechatronics-2023/ros2_ws/build/zed_components -- -j12 -l12
[4.874s] [35m[1mScanning dependencies of target zed_camera_component[0m
[5.012s] [ 50%] [32mBuilding CXX object CMakeFiles/zed_camera_component.dir/src/tools/src/sl_tools.cpp.o[0m
[5.013s] [ 50%] [32mBuilding CXX object CMakeFiles/zed_camera_component.dir/src/tools/src/sl_win_avg.cpp.o[0m
[5.022s] [ 75%] [32mBuilding CXX object CMakeFiles/zed_camera_component.dir/src/zed_camera/src/zed_camera_component.cpp.o[0m
[75.987s] [100%] [32m[1mLinking CXX shared library libzed_camera_component.so[0m
[76.665s] [100%] Built target zed_camera_component
[76.687s] Invoked command in '/home/mechatronics/master/Mechatronics-2023/ros2_ws/build/zed_components' returned '0': AMENT_PREFIX_PATH=/home/mechatronics/master/Mechatronics-2023/ros2_ws/install/zed_interfaces:${AMENT_PREFIX_PATH} CMAKE_PREFIX_PATH=/home/mechatronics/master/Mechatronics-2023/ros2_ws/install/zed_interfaces:/home/mechatronics/master/Mechatronics-2023/install/pid_node:/home/mechatronics/master/Mechatronics-2023/install/dres_ms5837_decode:/home/mechatronics/master/Mechatronics-2023/install/dres_dvl_decode:/home/mechatronics/master/Mechatronics-2023/install/can2ros_driver:/home/mechatronics/master/Mechatronics-2023/install/scion_types:/home/mechatronics/junebug_workspace/install/zed_ros2:/home/mechatronics/junebug_workspace/install/zed_multi_camera:/home/mechatronics/junebug_workspace/install/zed_display_rviz2:/home/mechatronics/junebug_workspace/install/zed_wrapper:/home/mechatronics/junebug_workspace/install/zed_tutorial_video:/home/mechatronics/junebug_workspace/install/zed_tutorial_pos_tracking:/home/mechatronics/junebug_workspace/install/zed_tutorial_depth:/home/mechatronics/junebug_workspace/install/zed_topic_benchmark_interfaces:/home/mechatronics/junebug_workspace/install/zed_rgb_convert:/home/mechatronics/junebug_workspace/install/zed_components:/home/mechatronics/junebug_workspace/install/rviz_plugin_zed_od:/home/mechatronics/junebug_workspace/install/zed_interfaces:/home/mechatronics/junebug_workspace/install/cppcode_package:/home/mechatronics/junebug_workspace/install/can_msg_interfaces:/home/mechatronics/junebug_workspace/install/can_msg_interface:/home/mechatronics/junebug_workspace/install/can_mbox_pubsub:/home/mechatronics/candriver_1.19.23/install/can_msg_interfaces:/home/mechatronics/candriver_1.19.23/install/can_mbox_pubsub:/home/mechatronics/master/Mechatronics-2023/install/zed_vision_node:/home/mechatronics/master/Mechatronics-2023/install/ahrs_node:/home/mechatronics/junebug_workspace/install/zed_temp:/home/mechatronics/junebug_workspace/install/zed_imu2:/home/mechatronics/junebug_workspace/install/zed_imu:/home/mechatronics/junebug_workspace/install/top_view_package:/home/mechatronics/junebug_workspace/install/py_pubsub:/home/mechatronics/junebug_workspace/install/object_detection_package:/home/mechatronics/junebug_workspace/install/mapping_package:/home/mechatronics/junebug_workspace/install/depth_package:/home/mechatronics/junebug_workspace/install/controller_translator:/home/mechatronics/junebug_workspace/install/cam_track_package:/home/mechatronics/junebug_workspace/install/body_track_package:/home/mechatronics/junebug_workspace/install/ahr:/opt/ros/foxy LD_LIBRARY_PATH=/home/mechatronics/master/Mechatronics-2023/ros2_ws/install/zed_interfaces/lib:/home/mechatronics/master/Mechatronics-2023/install/scion_types/lib:/home/mechatronics/junebug_workspace/install/zed_topic_benchmark_interfaces/lib:/home/mechatronics/junebug_workspace/install/zed_rgb_convert/lib:/home/mechatronics/junebug_workspace/install/zed_components/lib:/home/mechatronics/junebug_workspace/install/rviz_plugin_zed_od/lib:/home/mechatronics/junebug_workspace/install/zed_interfaces/lib:/home/mechatronics/junebug_workspace/install/can_msg_interfaces/lib:/home/mechatronics/junebug_workspace/install/can_msg_interface/lib:/home/mechatronics/candriver_1.19.23/install/can_msg_interfaces/lib:/opt/ros/foxy/opt/yaml_cpp_vendor/lib:/opt/ros/foxy/opt/rviz_ogre_vendor/lib:/opt/ros/foxy/lib/aarch64-linux-gnu:/opt/ros/foxy/lib:/usr/local/cuda-11.4/lib64 PYTHONPATH=/home/mechatronics/master/Mechatronics-2023/ros2_ws/install/zed_interfaces/lib/python3.8/site-packages:${PYTHONPATH} /usr/bin/cmake --build /home/mechatronics/master/Mechatronics-2023/ros2_ws/build/zed_components -- -j12 -l12
[76.751s] Invoking command in '/home/mechatronics/master/Mechatronics-2023/ros2_ws/build/zed_components': AMENT_PREFIX_PATH=/home/mechatronics/master/Mechatronics-2023/ros2_ws/install/zed_interfaces:${AMENT_PREFIX_PATH} CMAKE_PREFIX_PATH=/home/mechatronics/master/Mechatronics-2023/ros2_ws/install/zed_interfaces:/home/mechatronics/master/Mechatronics-2023/install/pid_node:/home/mechatronics/master/Mechatronics-2023/install/dres_ms5837_decode:/home/mechatronics/master/Mechatronics-2023/install/dres_dvl_decode:/home/mechatronics/master/Mechatronics-2023/install/can2ros_driver:/home/mechatronics/master/Mechatronics-2023/install/scion_types:/home/mechatronics/junebug_workspace/install/zed_ros2:/home/mechatronics/junebug_workspace/install/zed_multi_camera:/home/mechatronics/junebug_workspace/install/zed_display_rviz2:/home/mechatronics/junebug_workspace/install/zed_wrapper:/home/mechatronics/junebug_workspace/install/zed_tutorial_video:/home/mechatronics/junebug_workspace/install/zed_tutorial_pos_tracking:/home/mechatronics/junebug_workspace/install/zed_tutorial_depth:/home/mechatronics/junebug_workspace/install/zed_topic_benchmark_interfaces:/home/mechatronics/junebug_workspace/install/zed_rgb_convert:/home/mechatronics/junebug_workspace/install/zed_components:/home/mechatronics/junebug_workspace/install/rviz_plugin_zed_od:/home/mechatronics/junebug_workspace/install/zed_interfaces:/home/mechatronics/junebug_workspace/install/cppcode_package:/home/mechatronics/junebug_workspace/install/can_msg_interfaces:/home/mechatronics/junebug_workspace/install/can_msg_interface:/home/mechatronics/junebug_workspace/install/can_mbox_pubsub:/home/mechatronics/candriver_1.19.23/install/can_msg_interfaces:/home/mechatronics/candriver_1.19.23/install/can_mbox_pubsub:/home/mechatronics/master/Mechatronics-2023/install/zed_vision_node:/home/mechatronics/master/Mechatronics-2023/install/ahrs_node:/home/mechatronics/junebug_workspace/install/zed_temp:/home/mechatronics/junebug_workspace/install/zed_imu2:/home/mechatronics/junebug_workspace/install/zed_imu:/home/mechatronics/junebug_workspace/install/top_view_package:/home/mechatronics/junebug_workspace/install/py_pubsub:/home/mechatronics/junebug_workspace/install/object_detection_package:/home/mechatronics/junebug_workspace/install/mapping_package:/home/mechatronics/junebug_workspace/install/depth_package:/home/mechatronics/junebug_workspace/install/controller_translator:/home/mechatronics/junebug_workspace/install/cam_track_package:/home/mechatronics/junebug_workspace/install/body_track_package:/home/mechatronics/junebug_workspace/install/ahr:/opt/ros/foxy LD_LIBRARY_PATH=/home/mechatronics/master/Mechatronics-2023/ros2_ws/install/zed_interfaces/lib:/home/mechatronics/master/Mechatronics-2023/install/scion_types/lib:/home/mechatronics/junebug_workspace/install/zed_topic_benchmark_interfaces/lib:/home/mechatronics/junebug_workspace/install/zed_rgb_convert/lib:/home/mechatronics/junebug_workspace/install/zed_components/lib:/home/mechatronics/junebug_workspace/install/rviz_plugin_zed_od/lib:/home/mechatronics/junebug_workspace/install/zed_interfaces/lib:/home/mechatronics/junebug_workspace/install/can_msg_interfaces/lib:/home/mechatronics/junebug_workspace/install/can_msg_interface/lib:/home/mechatronics/candriver_1.19.23/install/can_msg_interfaces/lib:/opt/ros/foxy/opt/yaml_cpp_vendor/lib:/opt/ros/foxy/opt/rviz_ogre_vendor/lib:/opt/ros/foxy/lib/aarch64-linux-gnu:/opt/ros/foxy/lib:/usr/local/cuda-11.4/lib64 PYTHONPATH=/home/mechatronics/master/Mechatronics-2023/ros2_ws/install/zed_interfaces/lib/python3.8/site-packages:${PYTHONPATH} /usr/bin/cmake --install /home/mechatronics/master/Mechatronics-2023/ros2_ws/build/zed_components
[76.772s] -- Install configuration: "Release"
[76.772s] -- Installing: /home/mechatronics/master/Mechatronics-2023/ros2_ws/install/zed_components/lib/libzed_camera_component.so
[76.777s] -- Set runtime path of "/home/mechatronics/master/Mechatronics-2023/ros2_ws/install/zed_components/lib/libzed_camera_component.so" to ""
[76.777s] -- Installing: /home/mechatronics/master/Mechatronics-2023/ros2_ws/install/zed_components/include/zed_components/
[76.778s] -- Installing: /home/mechatronics/master/Mechatronics-2023/ros2_ws/install/zed_components/include/zed_components//zed_camera_component.hpp
[76.778s] -- Up-to-date: /home/mechatronics/master/Mechatronics-2023/ros2_ws/install/zed_components/include/zed_components/
[76.778s] -- Installing: /home/mechatronics/master/Mechatronics-2023/ros2_ws/install/zed_components/include/zed_components//sl_win_avg.hpp
[76.778s] -- Installing: /home/mechatronics/master/Mechatronics-2023/ros2_ws/install/zed_components/include/zed_components//sl_tools.hpp
[76.779s] -- Up-to-date: /home/mechatronics/master/Mechatronics-2023/ros2_ws/install/zed_components/include/zed_components/
[76.779s] -- Installing: /home/mechatronics/master/Mechatronics-2023/ros2_ws/install/zed_components/include/zed_components//visibility_control.hpp
[76.779s] -- Installing: /home/mechatronics/master/Mechatronics-2023/ros2_ws/install/zed_components/share/zed_components/environment/library_path.sh
[76.779s] -- Installing: /home/mechatronics/master/Mechatronics-2023/ros2_ws/install/zed_components/share/zed_components/environment/library_path.dsv
[76.780s] -- Installing: /home/mechatronics/master/Mechatronics-2023/ros2_ws/install/zed_components/share/ament_index/resource_index/package_run_dependencies/zed_components
[76.780s] -- Installing: /home/mechatronics/master/Mechatronics-2023/ros2_ws/install/zed_components/share/ament_index/resource_index/parent_prefix_path/zed_components
[76.780s] -- Installing: /home/mechatronics/master/Mechatronics-2023/ros2_ws/install/zed_components/share/zed_components/environment/ament_prefix_path.sh
[76.781s] -- Installing: /home/mechatronics/master/Mechatronics-2023/ros2_ws/install/zed_components/share/zed_components/environment/ament_prefix_path.dsv
[76.781s] -- Installing: /home/mechatronics/master/Mechatronics-2023/ros2_ws/install/zed_components/share/zed_components/environment/path.sh
[76.781s] -- Installing: /home/mechatronics/master/Mechatronics-2023/ros2_ws/install/zed_components/share/zed_components/environment/path.dsv
[76.781s] -- Installing: /home/mechatronics/master/Mechatronics-2023/ros2_ws/install/zed_components/share/zed_components/local_setup.bash
[76.782s] -- Installing: /home/mechatronics/master/Mechatronics-2023/ros2_ws/install/zed_components/share/zed_components/local_setup.sh
[76.782s] -- Installing: /home/mechatronics/master/Mechatronics-2023/ros2_ws/install/zed_components/share/zed_components/local_setup.zsh
[76.782s] -- Installing: /home/mechatronics/master/Mechatronics-2023/ros2_ws/install/zed_components/share/zed_components/local_setup.dsv
[76.783s] -- Installing: /home/mechatronics/master/Mechatronics-2023/ros2_ws/install/zed_components/share/zed_components/package.dsv
[76.783s] -- Installing: /home/mechatronics/master/Mechatronics-2023/ros2_ws/install/zed_components/share/ament_index/resource_index/packages/zed_components
[76.783s] -- Installing: /home/mechatronics/master/Mechatronics-2023/ros2_ws/install/zed_components/share/ament_index/resource_index/rclcpp_components/zed_components
[76.783s] -- Installing: /home/mechatronics/master/Mechatronics-2023/ros2_ws/install/zed_components/share/zed_components/cmake/ament_cmake_export_include_directories-extras.cmake
[76.784s] -- Installing: /home/mechatronics/master/Mechatronics-2023/ros2_ws/install/zed_components/share/zed_components/cmake/ament_cmake_export_libraries-extras.cmake
[76.784s] -- Installing: /home/mechatronics/master/Mechatronics-2023/ros2_ws/install/zed_components/share/zed_components/cmake/ament_cmake_export_dependencies-extras.cmake
[76.784s] -- Installing: /home/mechatronics/master/Mechatronics-2023/ros2_ws/install/zed_components/share/zed_components/cmake/zed_componentsConfig.cmake
[76.784s] -- Installing: /home/mechatronics/master/Mechatronics-2023/ros2_ws/install/zed_components/share/zed_components/cmake/zed_componentsConfig-version.cmake
[76.785s] -- Installing: /home/mechatronics/master/Mechatronics-2023/ros2_ws/install/zed_components/share/zed_components/package.xml
[76.798s] Invoked command in '/home/mechatronics/master/Mechatronics-2023/ros2_ws/build/zed_components' returned '0': AMENT_PREFIX_PATH=/home/mechatronics/master/Mechatronics-2023/ros2_ws/install/zed_interfaces:${AMENT_PREFIX_PATH} CMAKE_PREFIX_PATH=/home/mechatronics/master/Mechatronics-2023/ros2_ws/install/zed_interfaces:/home/mechatronics/master/Mechatronics-2023/install/pid_node:/home/mechatronics/master/Mechatronics-2023/install/dres_ms5837_decode:/home/mechatronics/master/Mechatronics-2023/install/dres_dvl_decode:/home/mechatronics/master/Mechatronics-2023/install/can2ros_driver:/home/mechatronics/master/Mechatronics-2023/install/scion_types:/home/mechatronics/junebug_workspace/install/zed_ros2:/home/mechatronics/junebug_workspace/install/zed_multi_camera:/home/mechatronics/junebug_workspace/install/zed_display_rviz2:/home/mechatronics/junebug_workspace/install/zed_wrapper:/home/mechatronics/junebug_workspace/install/zed_tutorial_video:/home/mechatronics/junebug_workspace/install/zed_tutorial_pos_tracking:/home/mechatronics/junebug_workspace/install/zed_tutorial_depth:/home/mechatronics/junebug_workspace/install/zed_topic_benchmark_interfaces:/home/mechatronics/junebug_workspace/install/zed_rgb_convert:/home/mechatronics/junebug_workspace/install/zed_components:/home/mechatronics/junebug_workspace/install/rviz_plugin_zed_od:/home/mechatronics/junebug_workspace/install/zed_interfaces:/home/mechatronics/junebug_workspace/install/cppcode_package:/home/mechatronics/junebug_workspace/install/can_msg_interfaces:/home/mechatronics/junebug_workspace/install/can_msg_interface:/home/mechatronics/junebug_workspace/install/can_mbox_pubsub:/home/mechatronics/candriver_1.19.23/install/can_msg_interfaces:/home/mechatronics/candriver_1.19.23/install/can_mbox_pubsub:/home/mechatronics/master/Mechatronics-2023/install/zed_vision_node:/home/mechatronics/master/Mechatronics-2023/install/ahrs_node:/home/mechatronics/junebug_workspace/install/zed_temp:/home/mechatronics/junebug_workspace/install/zed_imu2:/home/mechatronics/junebug_workspace/install/zed_imu:/home/mechatronics/junebug_workspace/install/top_view_package:/home/mechatronics/junebug_workspace/install/py_pubsub:/home/mechatronics/junebug_workspace/install/object_detection_package:/home/mechatronics/junebug_workspace/install/mapping_package:/home/mechatronics/junebug_workspace/install/depth_package:/home/mechatronics/junebug_workspace/install/controller_translator:/home/mechatronics/junebug_workspace/install/cam_track_package:/home/mechatronics/junebug_workspace/install/body_track_package:/home/mechatronics/junebug_workspace/install/ahr:/opt/ros/foxy LD_LIBRARY_PATH=/home/mechatronics/master/Mechatronics-2023/ros2_ws/install/zed_interfaces/lib:/home/mechatronics/master/Mechatronics-2023/install/scion_types/lib:/home/mechatronics/junebug_workspace/install/zed_topic_benchmark_interfaces/lib:/home/mechatronics/junebug_workspace/install/zed_rgb_convert/lib:/home/mechatronics/junebug_workspace/install/zed_components/lib:/home/mechatronics/junebug_workspace/install/rviz_plugin_zed_od/lib:/home/mechatronics/junebug_workspace/install/zed_interfaces/lib:/home/mechatronics/junebug_workspace/install/can_msg_interfaces/lib:/home/mechatronics/junebug_workspace/install/can_msg_interface/lib:/home/mechatronics/candriver_1.19.23/install/can_msg_interfaces/lib:/opt/ros/foxy/opt/yaml_cpp_vendor/lib:/opt/ros/foxy/opt/rviz_ogre_vendor/lib:/opt/ros/foxy/lib/aarch64-linux-gnu:/opt/ros/foxy/lib:/usr/local/cuda-11.4/lib64 PYTHONPATH=/home/mechatronics/master/Mechatronics-2023/ros2_ws/install/zed_interfaces/lib/python3.8/site-packages:${PYTHONPATH} /usr/bin/cmake --install /home/mechatronics/master/Mechatronics-2023/ros2_ws/build/zed_components
