-- Found ament_cmake: 0.9.11 (/opt/ros/foxy/share/ament_cmake/cmake)
-- Using PYTHON_EXECUTABLE: /usr/bin/python3
-- Found rclcpp: 2.4.2 (/opt/ros/foxy/share/rclcpp/cmake)
-- Using all available rosidl_typesupport_c: rosidl_typesupport_fastrtps_c;rosidl_typesupport_introspection_c
-- Found rosidl_adapter: 1.3.0 (/opt/ros/foxy/share/rosidl_adapter/cmake)
-- Using all available rosidl_typesupport_cpp: rosidl_typesupport_fastrtps_cpp;rosidl_typesupport_introspection_cpp
-- Found rmw_implementation_cmake: 1.0.3 (/opt/ros/foxy/share/rmw_implementation_cmake/cmake)
-- Using RMW implementation 'rmw_fastrtps_cpp' as default
-- Found scion_types: 0.0.0 (/home/mechatronics/master/Mechatronics-2023/ros2_ws/install/scion_types/share/scion_types/cmake)
-- Found can2ros_driver: 0.0.2 (/home/mechatronics/master/Mechatronics-2023/ros2_ws/install/can2ros_driver/share/can2ros_driver/cmake)
-- Configuring done
-- Generating done
-- Build files have been written to: /home/mechatronics/master/Mechatronics-2023/ros2_ws/build/dres_dvl_decode
[35m[1mScanning dependencies of target dres_dvl_decode[0m
[ 50%] [32mBuilding CXX object CMakeFiles/dres_dvl_decode.dir/src/mbox_can.cpp.o[0m
[ 50%] [32mBuilding CXX object CMakeFiles/dres_dvl_decode.dir/src/dres_decode_node.cpp.o[0m
[ 75%] [32mBuilding CXX object CMakeFiles/dres_dvl_decode.dir/src/dvl_handler.cpp.o[0m
[100%] [32m[1mLinking CXX executable dres_dvl_decode[0m
[100%] Built target dres_dvl_decode
-- Install configuration: ""
-- Installing: /home/mechatronics/master/Mechatronics-2023/ros2_ws/install/dres_dvl_decode/lib/dres_dvl_decode/dres_dvl_decode
-- Set runtime path of "/home/mechatronics/master/Mechatronics-2023/ros2_ws/install/dres_dvl_decode/lib/dres_dvl_decode/dres_dvl_decode" to ""
-- Up-to-date: /home/mechatronics/master/Mechatronics-2023/ros2_ws/install/dres_dvl_decode/share/ament_index/resource_index/package_run_dependencies/dres_dvl_decode
-- Installing: /home/mechatronics/master/Mechatronics-2023/ros2_ws/install/dres_dvl_decode/share/ament_index/resource_index/parent_prefix_path/dres_dvl_decode
-- Up-to-date: /home/mechatronics/master/Mechatronics-2023/ros2_ws/install/dres_dvl_decode/share/dres_dvl_decode/environment/ament_prefix_path.sh
-- Installing: /home/mechatronics/master/Mechatronics-2023/ros2_ws/install/dres_dvl_decode/share/dres_dvl_decode/environment/ament_prefix_path.dsv
-- Up-to-date: /home/mechatronics/master/Mechatronics-2023/ros2_ws/install/dres_dvl_decode/share/dres_dvl_decode/environment/path.sh
-- Installing: /home/mechatronics/master/Mechatronics-2023/ros2_ws/install/dres_dvl_decode/share/dres_dvl_decode/environment/path.dsv
-- Up-to-date: /home/mechatronics/master/Mechatronics-2023/ros2_ws/install/dres_dvl_decode/share/dres_dvl_decode/local_setup.bash
-- Up-to-date: /home/mechatronics/master/Mechatronics-2023/ros2_ws/install/dres_dvl_decode/share/dres_dvl_decode/local_setup.sh
-- Up-to-date: /home/mechatronics/master/Mechatronics-2023/ros2_ws/install/dres_dvl_decode/share/dres_dvl_decode/local_setup.zsh
-- Installing: /home/mechatronics/master/Mechatronics-2023/ros2_ws/install/dres_dvl_decode/share/dres_dvl_decode/local_setup.dsv
-- Installing: /home/mechatronics/master/Mechatronics-2023/ros2_ws/install/dres_dvl_decode/share/dres_dvl_decode/package.dsv
-- Up-to-date: /home/mechatronics/master/Mechatronics-2023/ros2_ws/install/dres_dvl_decode/share/ament_index/resource_index/packages/dres_dvl_decode
-- Up-to-date: /home/mechatronics/master/Mechatronics-2023/ros2_ws/install/dres_dvl_decode/share/dres_dvl_decode/cmake/dres_dvl_decodeConfig.cmake
-- Up-to-date: /home/mechatronics/master/Mechatronics-2023/ros2_ws/install/dres_dvl_decode/share/dres_dvl_decode/cmake/dres_dvl_decodeConfig-version.cmake
-- Up-to-date: /home/mechatronics/master/Mechatronics-2023/ros2_ws/install/dres_dvl_decode/share/dres_dvl_decode/package.xml
