[0.093s] Invoking command in '/home/mechatronics/master/Mechatronics-2023/ros2_ws/build/dres_dvl_decode': CMAKE_PREFIX_PATH=${CMAKE_PREFIX_PATH}:/home/mechatronics/master/Mechatronics-2023/ros2_ws/install/zed_vision_node:/home/mechatronics/master/Mechatronics-2023/ros2_ws/install/ahrs_node:/home/mechatronics/master/Mechatronics-2023/install/zed_vision_node:/home/mechatronics/master/Mechatronics-2023/install/ahrs_node:/home/mechatronics/junebug_workspace/install/zed_temp:/home/mechatronics/junebug_workspace/install/zed_imu2:/home/mechatronics/junebug_workspace/install/zed_imu:/home/mechatronics/junebug_workspace/install/top_view_package:/home/mechatronics/junebug_workspace/install/py_pubsub:/home/mechatronics/junebug_workspace/install/object_detection_package:/home/mechatronics/junebug_workspace/install/mapping_package:/home/mechatronics/junebug_workspace/install/depth_package:/home/mechatronics/junebug_workspace/install/controller_translator:/home/mechatronics/junebug_workspace/install/cam_track_package:/home/mechatronics/junebug_workspace/install/body_track_package:/home/mechatronics/junebug_workspace/install/ahr:/opt/ros/foxy /usr/bin/cmake --build /home/mechatronics/master/Mechatronics-2023/ros2_ws/build/dres_dvl_decode -- -j12 -l12
[0.136s] -- Found ament_cmake: 0.9.11 (/opt/ros/foxy/share/ament_cmake/cmake)
[0.198s] -- Using PYTHON_EXECUTABLE: /usr/bin/python3
[0.585s] -- Found rclcpp: 2.4.2 (/opt/ros/foxy/share/rclcpp/cmake)
[0.637s] -- Using all available rosidl_typesupport_c: rosidl_typesupport_fastrtps_c;rosidl_typesupport_introspection_c
[0.642s] -- Found rosidl_adapter: 1.3.0 (/opt/ros/foxy/share/rosidl_adapter/cmake)
[0.835s] -- Using all available rosidl_typesupport_cpp: rosidl_typesupport_fastrtps_cpp;rosidl_typesupport_introspection_cpp
[0.900s] -- Found rmw_implementation_cmake: 1.0.3 (/opt/ros/foxy/share/rmw_implementation_cmake/cmake)
[0.905s] -- Using RMW implementation 'rmw_fastrtps_cpp' as default
[1.087s] -- Found scion_types: 0.0.0 (/home/mechatronics/master/Mechatronics-2023/ros2_ws/install/scion_types/share/scion_types/cmake)
[1.098s] -- Found can2ros_driver: 0.0.2 (/home/mechatronics/master/Mechatronics-2023/ros2_ws/install/can2ros_driver/share/can2ros_driver/cmake)
[1.226s] -- Configuring done
[1.238s] -- Generating done
[1.240s] -- Build files have been written to: /home/mechatronics/master/Mechatronics-2023/ros2_ws/build/dres_dvl_decode
[1.298s] [35m[1mScanning dependencies of target dres_dvl_decode[0m
[1.354s] [ 50%] [32mBuilding CXX object CMakeFiles/dres_dvl_decode.dir/src/mbox_can.cpp.o[0m
[1.354s] [ 50%] [32mBuilding CXX object CMakeFiles/dres_dvl_decode.dir/src/dres_decode_node.cpp.o[0m
[1.354s] [ 75%] [32mBuilding CXX object CMakeFiles/dres_dvl_decode.dir/src/dvl_handler.cpp.o[0m
[9.786s] [100%] [32m[1mLinking CXX executable dres_dvl_decode[0m
[10.210s] [100%] Built target dres_dvl_decode
[10.230s] Invoked command in '/home/mechatronics/master/Mechatronics-2023/ros2_ws/build/dres_dvl_decode' returned '0': CMAKE_PREFIX_PATH=${CMAKE_PREFIX_PATH}:/home/mechatronics/master/Mechatronics-2023/ros2_ws/install/zed_vision_node:/home/mechatronics/master/Mechatronics-2023/ros2_ws/install/ahrs_node:/home/mechatronics/master/Mechatronics-2023/install/zed_vision_node:/home/mechatronics/master/Mechatronics-2023/install/ahrs_node:/home/mechatronics/junebug_workspace/install/zed_temp:/home/mechatronics/junebug_workspace/install/zed_imu2:/home/mechatronics/junebug_workspace/install/zed_imu:/home/mechatronics/junebug_workspace/install/top_view_package:/home/mechatronics/junebug_workspace/install/py_pubsub:/home/mechatronics/junebug_workspace/install/object_detection_package:/home/mechatronics/junebug_workspace/install/mapping_package:/home/mechatronics/junebug_workspace/install/depth_package:/home/mechatronics/junebug_workspace/install/controller_translator:/home/mechatronics/junebug_workspace/install/cam_track_package:/home/mechatronics/junebug_workspace/install/body_track_package:/home/mechatronics/junebug_workspace/install/ahr:/opt/ros/foxy /usr/bin/cmake --build /home/mechatronics/master/Mechatronics-2023/ros2_ws/build/dres_dvl_decode -- -j12 -l12
[10.332s] Invoking command in '/home/mechatronics/master/Mechatronics-2023/ros2_ws/build/dres_dvl_decode': CMAKE_PREFIX_PATH=${CMAKE_PREFIX_PATH}:/home/mechatronics/master/Mechatronics-2023/ros2_ws/install/zed_vision_node:/home/mechatronics/master/Mechatronics-2023/ros2_ws/install/ahrs_node:/home/mechatronics/master/Mechatronics-2023/install/zed_vision_node:/home/mechatronics/master/Mechatronics-2023/install/ahrs_node:/home/mechatronics/junebug_workspace/install/zed_temp:/home/mechatronics/junebug_workspace/install/zed_imu2:/home/mechatronics/junebug_workspace/install/zed_imu:/home/mechatronics/junebug_workspace/install/top_view_package:/home/mechatronics/junebug_workspace/install/py_pubsub:/home/mechatronics/junebug_workspace/install/object_detection_package:/home/mechatronics/junebug_workspace/install/mapping_package:/home/mechatronics/junebug_workspace/install/depth_package:/home/mechatronics/junebug_workspace/install/controller_translator:/home/mechatronics/junebug_workspace/install/cam_track_package:/home/mechatronics/junebug_workspace/install/body_track_package:/home/mechatronics/junebug_workspace/install/ahr:/opt/ros/foxy /usr/bin/cmake --install /home/mechatronics/master/Mechatronics-2023/ros2_ws/build/dres_dvl_decode
[10.349s] -- Install configuration: ""
[10.349s] -- Installing: /home/mechatronics/master/Mechatronics-2023/ros2_ws/install/dres_dvl_decode/lib/dres_dvl_decode/dres_dvl_decode
[10.353s] -- Set runtime path of "/home/mechatronics/master/Mechatronics-2023/ros2_ws/install/dres_dvl_decode/lib/dres_dvl_decode/dres_dvl_decode" to ""
[10.353s] -- Up-to-date: /home/mechatronics/master/Mechatronics-2023/ros2_ws/install/dres_dvl_decode/share/ament_index/resource_index/package_run_dependencies/dres_dvl_decode
[10.353s] -- Installing: /home/mechatronics/master/Mechatronics-2023/ros2_ws/install/dres_dvl_decode/share/ament_index/resource_index/parent_prefix_path/dres_dvl_decode
[10.354s] -- Up-to-date: /home/mechatronics/master/Mechatronics-2023/ros2_ws/install/dres_dvl_decode/share/dres_dvl_decode/environment/ament_prefix_path.sh
[10.354s] -- Installing: /home/mechatronics/master/Mechatronics-2023/ros2_ws/install/dres_dvl_decode/share/dres_dvl_decode/environment/ament_prefix_path.dsv
[10.354s] -- Up-to-date: /home/mechatronics/master/Mechatronics-2023/ros2_ws/install/dres_dvl_decode/share/dres_dvl_decode/environment/path.sh
[10.354s] -- Installing: /home/mechatronics/master/Mechatronics-2023/ros2_ws/install/dres_dvl_decode/share/dres_dvl_decode/environment/path.dsv
[10.354s] -- Up-to-date: /home/mechatronics/master/Mechatronics-2023/ros2_ws/install/dres_dvl_decode/share/dres_dvl_decode/local_setup.bash
[10.354s] -- Up-to-date: /home/mechatronics/master/Mechatronics-2023/ros2_ws/install/dres_dvl_decode/share/dres_dvl_decode/local_setup.sh
[10.354s] -- Up-to-date: /home/mechatronics/master/Mechatronics-2023/ros2_ws/install/dres_dvl_decode/share/dres_dvl_decode/local_setup.zsh
[10.355s] -- Installing: /home/mechatronics/master/Mechatronics-2023/ros2_ws/install/dres_dvl_decode/share/dres_dvl_decode/local_setup.dsv
[10.355s] -- Installing: /home/mechatronics/master/Mechatronics-2023/ros2_ws/install/dres_dvl_decode/share/dres_dvl_decode/package.dsv
[10.355s] -- Up-to-date: /home/mechatronics/master/Mechatronics-2023/ros2_ws/install/dres_dvl_decode/share/ament_index/resource_index/packages/dres_dvl_decode
[10.355s] -- Up-to-date: /home/mechatronics/master/Mechatronics-2023/ros2_ws/install/dres_dvl_decode/share/dres_dvl_decode/cmake/dres_dvl_decodeConfig.cmake
[10.355s] -- Up-to-date: /home/mechatronics/master/Mechatronics-2023/ros2_ws/install/dres_dvl_decode/share/dres_dvl_decode/cmake/dres_dvl_decodeConfig-version.cmake
[10.355s] -- Up-to-date: /home/mechatronics/master/Mechatronics-2023/ros2_ws/install/dres_dvl_decode/share/dres_dvl_decode/package.xml
[10.368s] Invoked command in '/home/mechatronics/master/Mechatronics-2023/ros2_ws/build/dres_dvl_decode' returned '0': CMAKE_PREFIX_PATH=${CMAKE_PREFIX_PATH}:/home/mechatronics/master/Mechatronics-2023/ros2_ws/install/zed_vision_node:/home/mechatronics/master/Mechatronics-2023/ros2_ws/install/ahrs_node:/home/mechatronics/master/Mechatronics-2023/install/zed_vision_node:/home/mechatronics/master/Mechatronics-2023/install/ahrs_node:/home/mechatronics/junebug_workspace/install/zed_temp:/home/mechatronics/junebug_workspace/install/zed_imu2:/home/mechatronics/junebug_workspace/install/zed_imu:/home/mechatronics/junebug_workspace/install/top_view_package:/home/mechatronics/junebug_workspace/install/py_pubsub:/home/mechatronics/junebug_workspace/install/object_detection_package:/home/mechatronics/junebug_workspace/install/mapping_package:/home/mechatronics/junebug_workspace/install/depth_package:/home/mechatronics/junebug_workspace/install/controller_translator:/home/mechatronics/junebug_workspace/install/cam_track_package:/home/mechatronics/junebug_workspace/install/body_track_package:/home/mechatronics/junebug_workspace/install/ahr:/opt/ros/foxy /usr/bin/cmake --install /home/mechatronics/master/Mechatronics-2023/ros2_ws/build/dres_dvl_decode
