[0.633s] DEBUG:colcon:Command line arguments: ['/usr/bin/colcon', 'build', '--packages-select', 'scion_types']
[0.634s] DEBUG:colcon:Parsed command line arguments: Namespace(allow_overriding=[], ament_cmake_args=None, base_paths=['.'], build_base='build', catkin_cmake_args=None, catkin_skip_building_tests=False, cmake_args=None, cmake_clean_cache=False, cmake_clean_first=False, cmake_force_configure=False, cmake_target=None, cmake_target_skip_unavailable=False, continue_on_error=False, event_handlers=None, executor='parallel', ignore_user_meta=False, install_base='install', log_base=None, log_level=None, main=<bound method BuildVerb.main of <colcon_core.verb.build.BuildVerb object at 0xffff8a255310>>, merge_install=False, metas=['./colcon.meta'], packages_above=None, packages_above_and_dependencies=None, packages_above_depth=None, packages_end=None, packages_ignore=None, packages_ignore_regex=None, packages_select=['scion_types'], packages_select_build_failed=False, packages_select_by_dep=None, packages_select_regex=None, packages_select_test_failures=False, packages_skip=None, packages_skip_build_finished=False, packages_skip_by_dep=None, packages_skip_regex=None, packages_skip_test_passed=False, packages_skip_up_to=None, packages_start=None, packages_up_to=None, packages_up_to_regex=None, parallel_workers=12, paths=None, symlink_install=False, test_result_base=None, verb_extension=<colcon_core.verb.build.BuildVerb object at 0xffff8a255310>, verb_name='build', verb_parser=<colcon_defaults.argument_parser.defaults.DefaultArgumentsDecorator object at 0xffff8a255850>)
[0.680s] Level 1:colcon.colcon_core.package_discovery:discover_packages(colcon_meta) check parameters
[0.680s] Level 1:colcon.colcon_core.package_discovery:discover_packages(recursive) check parameters
[0.680s] Level 1:colcon.colcon_core.package_discovery:discover_packages(ignore) check parameters
[0.680s] Level 1:colcon.colcon_core.package_discovery:discover_packages(path) check parameters
[0.680s] Level 1:colcon.colcon_core.package_discovery:discover_packages(colcon_meta) discover
[0.680s] Level 1:colcon.colcon_core.package_discovery:discover_packages(recursive) discover
[0.680s] INFO:colcon.colcon_core.package_discovery:Crawling recursively for packages in '/home/mechatronics/master/Mechatronics-2023/ros2_ws'
[0.681s] Level 1:colcon.colcon_core.package_identification:_identify(.) by extensions ['ignore', 'ignore_ament_install']
[0.681s] Level 1:colcon.colcon_core.package_identification:_identify(.) by extension 'ignore'
[0.681s] Level 1:colcon.colcon_core.package_identification:_identify(.) by extension 'ignore_ament_install'
[0.681s] Level 1:colcon.colcon_core.package_identification:_identify(.) by extensions ['colcon_pkg']
[0.681s] Level 1:colcon.colcon_core.package_identification:_identify(.) by extension 'colcon_pkg'
[0.681s] Level 1:colcon.colcon_core.package_identification:_identify(.) by extensions ['colcon_meta']
[0.681s] Level 1:colcon.colcon_core.package_identification:_identify(.) by extension 'colcon_meta'
[0.681s] Level 1:colcon.colcon_core.package_identification:_identify(.) by extensions ['ros']
[0.681s] Level 1:colcon.colcon_core.package_identification:_identify(.) by extension 'ros'
[0.697s] Level 1:colcon.colcon_core.package_identification:_identify(.) by extensions ['cmake', 'python']
[0.697s] Level 1:colcon.colcon_core.package_identification:_identify(.) by extension 'cmake'
[0.697s] Level 1:colcon.colcon_core.package_identification:_identify(.) by extension 'python'
[0.698s] Level 1:colcon.colcon_core.package_identification:_identify(.) by extensions ['python_setup_py']
[0.698s] Level 1:colcon.colcon_core.package_identification:_identify(.) by extension 'python_setup_py'
[0.698s] Level 1:colcon.colcon_core.package_identification:_identify(build) by extensions ['ignore', 'ignore_ament_install']
[0.698s] Level 1:colcon.colcon_core.package_identification:_identify(build) by extension 'ignore'
[0.698s] Level 1:colcon.colcon_core.package_identification:_identify(build) ignored
[0.698s] Level 1:colcon.colcon_core.package_identification:_identify(install) by extensions ['ignore', 'ignore_ament_install']
[0.698s] Level 1:colcon.colcon_core.package_identification:_identify(install) by extension 'ignore'
[0.699s] Level 1:colcon.colcon_core.package_identification:_identify(install) ignored
[0.699s] Level 1:colcon.colcon_core.package_identification:_identify(log) by extensions ['ignore', 'ignore_ament_install']
[0.699s] Level 1:colcon.colcon_core.package_identification:_identify(log) by extension 'ignore'
[0.699s] Level 1:colcon.colcon_core.package_identification:_identify(log) ignored
[0.699s] Level 1:colcon.colcon_core.package_identification:_identify(src) by extensions ['ignore', 'ignore_ament_install']
[0.699s] Level 1:colcon.colcon_core.package_identification:_identify(src) by extension 'ignore'
[0.699s] Level 1:colcon.colcon_core.package_identification:_identify(src) by extension 'ignore_ament_install'
[0.699s] Level 1:colcon.colcon_core.package_identification:_identify(src) by extensions ['colcon_pkg']
[0.699s] Level 1:colcon.colcon_core.package_identification:_identify(src) by extension 'colcon_pkg'
[0.700s] Level 1:colcon.colcon_core.package_identification:_identify(src) by extensions ['colcon_meta']
[0.700s] Level 1:colcon.colcon_core.package_identification:_identify(src) by extension 'colcon_meta'
[0.700s] Level 1:colcon.colcon_core.package_identification:_identify(src) by extensions ['ros']
[0.700s] Level 1:colcon.colcon_core.package_identification:_identify(src) by extension 'ros'
[0.700s] Level 1:colcon.colcon_core.package_identification:_identify(src) by extensions ['cmake', 'python']
[0.700s] Level 1:colcon.colcon_core.package_identification:_identify(src) by extension 'cmake'
[0.700s] Level 1:colcon.colcon_core.package_identification:_identify(src) by extension 'python'
[0.700s] Level 1:colcon.colcon_core.package_identification:_identify(src) by extensions ['python_setup_py']
[0.700s] Level 1:colcon.colcon_core.package_identification:_identify(src) by extension 'python_setup_py'
[0.700s] Level 1:colcon.colcon_core.package_identification:_identify(src/__pycache__) by extensions ['ignore', 'ignore_ament_install']
[0.700s] Level 1:colcon.colcon_core.package_identification:_identify(src/__pycache__) by extension 'ignore'
[0.700s] Level 1:colcon.colcon_core.package_identification:_identify(src/__pycache__) by extension 'ignore_ament_install'
[0.701s] Level 1:colcon.colcon_core.package_identification:_identify(src/__pycache__) by extensions ['colcon_pkg']
[0.701s] Level 1:colcon.colcon_core.package_identification:_identify(src/__pycache__) by extension 'colcon_pkg'
[0.701s] Level 1:colcon.colcon_core.package_identification:_identify(src/__pycache__) by extensions ['colcon_meta']
[0.701s] Level 1:colcon.colcon_core.package_identification:_identify(src/__pycache__) by extension 'colcon_meta'
[0.701s] Level 1:colcon.colcon_core.package_identification:_identify(src/__pycache__) by extensions ['ros']
[0.701s] Level 1:colcon.colcon_core.package_identification:_identify(src/__pycache__) by extension 'ros'
[0.701s] Level 1:colcon.colcon_core.package_identification:_identify(src/__pycache__) by extensions ['cmake', 'python']
[0.701s] Level 1:colcon.colcon_core.package_identification:_identify(src/__pycache__) by extension 'cmake'
[0.701s] Level 1:colcon.colcon_core.package_identification:_identify(src/__pycache__) by extension 'python'
[0.701s] Level 1:colcon.colcon_core.package_identification:_identify(src/__pycache__) by extensions ['python_setup_py']
[0.701s] Level 1:colcon.colcon_core.package_identification:_identify(src/__pycache__) by extension 'python_setup_py'
[0.701s] Level 1:colcon.colcon_core.package_identification:_identify(src/ahrs_node) by extensions ['ignore', 'ignore_ament_install']
[0.702s] Level 1:colcon.colcon_core.package_identification:_identify(src/ahrs_node) by extension 'ignore'
[0.702s] Level 1:colcon.colcon_core.package_identification:_identify(src/ahrs_node) by extension 'ignore_ament_install'
[0.702s] Level 1:colcon.colcon_core.package_identification:_identify(src/ahrs_node) by extensions ['colcon_pkg']
[0.702s] Level 1:colcon.colcon_core.package_identification:_identify(src/ahrs_node) by extension 'colcon_pkg'
[0.702s] Level 1:colcon.colcon_core.package_identification:_identify(src/ahrs_node) by extensions ['colcon_meta']
[0.702s] Level 1:colcon.colcon_core.package_identification:_identify(src/ahrs_node) by extension 'colcon_meta'
[0.702s] Level 1:colcon.colcon_core.package_identification:_identify(src/ahrs_node) by extensions ['ros']
[0.702s] Level 1:colcon.colcon_core.package_identification:_identify(src/ahrs_node) by extension 'ros'
[0.706s] DEBUG:colcon.colcon_core.package_identification:Package 'src/ahrs_node' with type 'ros.ament_python' and name 'ahrs_node'
[0.706s] Level 1:colcon.colcon_core.package_identification:_identify(src/build) by extensions ['ignore', 'ignore_ament_install']
[0.706s] Level 1:colcon.colcon_core.package_identification:_identify(src/build) by extension 'ignore'
[0.706s] Level 1:colcon.colcon_core.package_identification:_identify(src/build) ignored
[0.706s] Level 1:colcon.colcon_core.package_identification:_identify(src/can2ros_driver) by extensions ['ignore', 'ignore_ament_install']
[0.707s] Level 1:colcon.colcon_core.package_identification:_identify(src/can2ros_driver) by extension 'ignore'
[0.707s] Level 1:colcon.colcon_core.package_identification:_identify(src/can2ros_driver) by extension 'ignore_ament_install'
[0.707s] Level 1:colcon.colcon_core.package_identification:_identify(src/can2ros_driver) by extensions ['colcon_pkg']
[0.707s] Level 1:colcon.colcon_core.package_identification:_identify(src/can2ros_driver) by extension 'colcon_pkg'
[0.707s] Level 1:colcon.colcon_core.package_identification:_identify(src/can2ros_driver) by extensions ['colcon_meta']
[0.707s] Level 1:colcon.colcon_core.package_identification:_identify(src/can2ros_driver) by extension 'colcon_meta'
[0.707s] Level 1:colcon.colcon_core.package_identification:_identify(src/can2ros_driver) by extensions ['ros']
[0.707s] Level 1:colcon.colcon_core.package_identification:_identify(src/can2ros_driver) by extension 'ros'
[0.708s] DEBUG:colcon.colcon_core.package_identification:Package 'src/can2ros_driver' with type 'ros.ament_cmake' and name 'can2ros_driver'
[0.708s] Level 1:colcon.colcon_core.package_identification:_identify(src/dres_dvl_decode) by extensions ['ignore', 'ignore_ament_install']
[0.708s] Level 1:colcon.colcon_core.package_identification:_identify(src/dres_dvl_decode) by extension 'ignore'
[0.708s] Level 1:colcon.colcon_core.package_identification:_identify(src/dres_dvl_decode) by extension 'ignore_ament_install'
[0.708s] Level 1:colcon.colcon_core.package_identification:_identify(src/dres_dvl_decode) by extensions ['colcon_pkg']
[0.708s] Level 1:colcon.colcon_core.package_identification:_identify(src/dres_dvl_decode) by extension 'colcon_pkg'
[0.708s] Level 1:colcon.colcon_core.package_identification:_identify(src/dres_dvl_decode) by extensions ['colcon_meta']
[0.709s] Level 1:colcon.colcon_core.package_identification:_identify(src/dres_dvl_decode) by extension 'colcon_meta'
[0.709s] Level 1:colcon.colcon_core.package_identification:_identify(src/dres_dvl_decode) by extensions ['ros']
[0.709s] Level 1:colcon.colcon_core.package_identification:_identify(src/dres_dvl_decode) by extension 'ros'
[0.709s] DEBUG:colcon.colcon_core.package_identification:Package 'src/dres_dvl_decode' with type 'ros.ament_cmake' and name 'dres_dvl_decode'
[0.709s] Level 1:colcon.colcon_core.package_identification:_identify(src/dres_ms5837_decode) by extensions ['ignore', 'ignore_ament_install']
[0.710s] Level 1:colcon.colcon_core.package_identification:_identify(src/dres_ms5837_decode) by extension 'ignore'
[0.710s] Level 1:colcon.colcon_core.package_identification:_identify(src/dres_ms5837_decode) by extension 'ignore_ament_install'
[0.710s] Level 1:colcon.colcon_core.package_identification:_identify(src/dres_ms5837_decode) by extensions ['colcon_pkg']
[0.710s] Level 1:colcon.colcon_core.package_identification:_identify(src/dres_ms5837_decode) by extension 'colcon_pkg'
[0.710s] Level 1:colcon.colcon_core.package_identification:_identify(src/dres_ms5837_decode) by extensions ['colcon_meta']
[0.710s] Level 1:colcon.colcon_core.package_identification:_identify(src/dres_ms5837_decode) by extension 'colcon_meta'
[0.710s] Level 1:colcon.colcon_core.package_identification:_identify(src/dres_ms5837_decode) by extensions ['ros']
[0.710s] Level 1:colcon.colcon_core.package_identification:_identify(src/dres_ms5837_decode) by extension 'ros'
[0.711s] DEBUG:colcon.colcon_core.package_identification:Package 'src/dres_ms5837_decode' with type 'ros.ament_cmake' and name 'dres_ms5837_decode'
[0.711s] Level 1:colcon.colcon_core.package_identification:_identify(src/install) by extensions ['ignore', 'ignore_ament_install']
[0.711s] Level 1:colcon.colcon_core.package_identification:_identify(src/install) by extension 'ignore'
[0.711s] Level 1:colcon.colcon_core.package_identification:_identify(src/install) ignored
[0.711s] Level 1:colcon.colcon_core.package_identification:_identify(src/log) by extensions ['ignore', 'ignore_ament_install']
[0.712s] Level 1:colcon.colcon_core.package_identification:_identify(src/log) by extension 'ignore'
[0.712s] Level 1:colcon.colcon_core.package_identification:_identify(src/log) ignored
[0.712s] Level 1:colcon.colcon_core.package_identification:_identify(src/pid_node) by extensions ['ignore', 'ignore_ament_install']
[0.712s] Level 1:colcon.colcon_core.package_identification:_identify(src/pid_node) by extension 'ignore'
[0.712s] Level 1:colcon.colcon_core.package_identification:_identify(src/pid_node) by extension 'ignore_ament_install'
[0.712s] Level 1:colcon.colcon_core.package_identification:_identify(src/pid_node) by extensions ['colcon_pkg']
[0.712s] Level 1:colcon.colcon_core.package_identification:_identify(src/pid_node) by extension 'colcon_pkg'
[0.712s] Level 1:colcon.colcon_core.package_identification:_identify(src/pid_node) by extensions ['colcon_meta']
[0.712s] Level 1:colcon.colcon_core.package_identification:_identify(src/pid_node) by extension 'colcon_meta'
[0.712s] Level 1:colcon.colcon_core.package_identification:_identify(src/pid_node) by extensions ['ros']
[0.712s] Level 1:colcon.colcon_core.package_identification:_identify(src/pid_node) by extension 'ros'
[0.713s] DEBUG:colcon.colcon_core.package_identification:Package 'src/pid_node' with type 'ros.ament_cmake' and name 'pid_node'
[0.713s] Level 1:colcon.colcon_core.package_identification:_identify(src/scion_types) by extensions ['ignore', 'ignore_ament_install']
[0.714s] Level 1:colcon.colcon_core.package_identification:_identify(src/scion_types) by extension 'ignore'
[0.714s] Level 1:colcon.colcon_core.package_identification:_identify(src/scion_types) by extension 'ignore_ament_install'
[0.714s] Level 1:colcon.colcon_core.package_identification:_identify(src/scion_types) by extensions ['colcon_pkg']
[0.714s] Level 1:colcon.colcon_core.package_identification:_identify(src/scion_types) by extension 'colcon_pkg'
[0.714s] Level 1:colcon.colcon_core.package_identification:_identify(src/scion_types) by extensions ['colcon_meta']
[0.714s] Level 1:colcon.colcon_core.package_identification:_identify(src/scion_types) by extension 'colcon_meta'
[0.714s] Level 1:colcon.colcon_core.package_identification:_identify(src/scion_types) by extensions ['ros']
[0.714s] Level 1:colcon.colcon_core.package_identification:_identify(src/scion_types) by extension 'ros'
[0.715s] DEBUG:colcon.colcon_core.package_identification:Package 'src/scion_types' with type 'ros.ament_cmake' and name 'scion_types'
[0.715s] Level 1:colcon.colcon_core.package_identification:_identify(src/zed-ros2-wrapper) by extensions ['ignore', 'ignore_ament_install']
[0.716s] Level 1:colcon.colcon_core.package_identification:_identify(src/zed-ros2-wrapper) by extension 'ignore'
[0.716s] Level 1:colcon.colcon_core.package_identification:_identify(src/zed-ros2-wrapper) by extension 'ignore_ament_install'
[0.716s] Level 1:colcon.colcon_core.package_identification:_identify(src/zed-ros2-wrapper) by extensions ['colcon_pkg']
[0.716s] Level 1:colcon.colcon_core.package_identification:_identify(src/zed-ros2-wrapper) by extension 'colcon_pkg'
[0.716s] Level 1:colcon.colcon_core.package_identification:_identify(src/zed-ros2-wrapper) by extensions ['colcon_meta']
[0.716s] Level 1:colcon.colcon_core.package_identification:_identify(src/zed-ros2-wrapper) by extension 'colcon_meta'
[0.716s] Level 1:colcon.colcon_core.package_identification:_identify(src/zed-ros2-wrapper) by extensions ['ros']
[0.716s] Level 1:colcon.colcon_core.package_identification:_identify(src/zed-ros2-wrapper) by extension 'ros'
[0.716s] Level 1:colcon.colcon_core.package_identification:_identify(src/zed-ros2-wrapper) by extensions ['cmake', 'python']
[0.716s] Level 1:colcon.colcon_core.package_identification:_identify(src/zed-ros2-wrapper) by extension 'cmake'
[0.716s] Level 1:colcon.colcon_core.package_identification:_identify(src/zed-ros2-wrapper) by extension 'python'
[0.716s] Level 1:colcon.colcon_core.package_identification:_identify(src/zed-ros2-wrapper) by extensions ['python_setup_py']
[0.716s] Level 1:colcon.colcon_core.package_identification:_identify(src/zed-ros2-wrapper) by extension 'python_setup_py'
[0.717s] Level 1:colcon.colcon_core.package_identification:_identify(src/zed-ros2-wrapper/docker) by extensions ['ignore', 'ignore_ament_install']
[0.717s] Level 1:colcon.colcon_core.package_identification:_identify(src/zed-ros2-wrapper/docker) by extension 'ignore'
[0.717s] Level 1:colcon.colcon_core.package_identification:_identify(src/zed-ros2-wrapper/docker) by extension 'ignore_ament_install'
[0.717s] Level 1:colcon.colcon_core.package_identification:_identify(src/zed-ros2-wrapper/docker) by extensions ['colcon_pkg']
[0.717s] Level 1:colcon.colcon_core.package_identification:_identify(src/zed-ros2-wrapper/docker) by extension 'colcon_pkg'
[0.717s] Level 1:colcon.colcon_core.package_identification:_identify(src/zed-ros2-wrapper/docker) by extensions ['colcon_meta']
[0.717s] Level 1:colcon.colcon_core.package_identification:_identify(src/zed-ros2-wrapper/docker) by extension 'colcon_meta'
[0.717s] Level 1:colcon.colcon_core.package_identification:_identify(src/zed-ros2-wrapper/docker) by extensions ['ros']
[0.717s] Level 1:colcon.colcon_core.package_identification:_identify(src/zed-ros2-wrapper/docker) by extension 'ros'
[0.717s] Level 1:colcon.colcon_core.package_identification:_identify(src/zed-ros2-wrapper/docker) by extensions ['cmake', 'python']
[0.717s] Level 1:colcon.colcon_core.package_identification:_identify(src/zed-ros2-wrapper/docker) by extension 'cmake'
[0.718s] Level 1:colcon.colcon_core.package_identification:_identify(src/zed-ros2-wrapper/docker) by extension 'python'
[0.718s] Level 1:colcon.colcon_core.package_identification:_identify(src/zed-ros2-wrapper/docker) by extensions ['python_setup_py']
[0.718s] Level 1:colcon.colcon_core.package_identification:_identify(src/zed-ros2-wrapper/docker) by extension 'python_setup_py'
[0.718s] Level 1:colcon.colcon_core.package_identification:_identify(src/zed-ros2-wrapper/images) by extensions ['ignore', 'ignore_ament_install']
[0.718s] Level 1:colcon.colcon_core.package_identification:_identify(src/zed-ros2-wrapper/images) by extension 'ignore'
[0.718s] Level 1:colcon.colcon_core.package_identification:_identify(src/zed-ros2-wrapper/images) by extension 'ignore_ament_install'
[0.718s] Level 1:colcon.colcon_core.package_identification:_identify(src/zed-ros2-wrapper/images) by extensions ['colcon_pkg']
[0.718s] Level 1:colcon.colcon_core.package_identification:_identify(src/zed-ros2-wrapper/images) by extension 'colcon_pkg'
[0.718s] Level 1:colcon.colcon_core.package_identification:_identify(src/zed-ros2-wrapper/images) by extensions ['colcon_meta']
[0.718s] Level 1:colcon.colcon_core.package_identification:_identify(src/zed-ros2-wrapper/images) by extension 'colcon_meta'
[0.718s] Level 1:colcon.colcon_core.package_identification:_identify(src/zed-ros2-wrapper/images) by extensions ['ros']
[0.718s] Level 1:colcon.colcon_core.package_identification:_identify(src/zed-ros2-wrapper/images) by extension 'ros'
[0.719s] Level 1:colcon.colcon_core.package_identification:_identify(src/zed-ros2-wrapper/images) by extensions ['cmake', 'python']
[0.719s] Level 1:colcon.colcon_core.package_identification:_identify(src/zed-ros2-wrapper/images) by extension 'cmake'
[0.719s] Level 1:colcon.colcon_core.package_identification:_identify(src/zed-ros2-wrapper/images) by extension 'python'
[0.719s] Level 1:colcon.colcon_core.package_identification:_identify(src/zed-ros2-wrapper/images) by extensions ['python_setup_py']
[0.719s] Level 1:colcon.colcon_core.package_identification:_identify(src/zed-ros2-wrapper/images) by extension 'python_setup_py'
[0.719s] Level 1:colcon.colcon_core.package_identification:_identify(src/zed-ros2-wrapper/zed-ros2-interfaces) by extensions ['ignore', 'ignore_ament_install']
[0.719s] Level 1:colcon.colcon_core.package_identification:_identify(src/zed-ros2-wrapper/zed-ros2-interfaces) by extension 'ignore'
[0.719s] Level 1:colcon.colcon_core.package_identification:_identify(src/zed-ros2-wrapper/zed-ros2-interfaces) by extension 'ignore_ament_install'
[0.719s] Level 1:colcon.colcon_core.package_identification:_identify(src/zed-ros2-wrapper/zed-ros2-interfaces) by extensions ['colcon_pkg']
[0.719s] Level 1:colcon.colcon_core.package_identification:_identify(src/zed-ros2-wrapper/zed-ros2-interfaces) by extension 'colcon_pkg'
[0.719s] Level 1:colcon.colcon_core.package_identification:_identify(src/zed-ros2-wrapper/zed-ros2-interfaces) by extensions ['colcon_meta']
[0.719s] Level 1:colcon.colcon_core.package_identification:_identify(src/zed-ros2-wrapper/zed-ros2-interfaces) by extension 'colcon_meta'
[0.719s] Level 1:colcon.colcon_core.package_identification:_identify(src/zed-ros2-wrapper/zed-ros2-interfaces) by extensions ['ros']
[0.720s] Level 1:colcon.colcon_core.package_identification:_identify(src/zed-ros2-wrapper/zed-ros2-interfaces) by extension 'ros'
[0.720s] DEBUG:colcon.colcon_core.package_identification:Package 'src/zed-ros2-wrapper/zed-ros2-interfaces' with type 'ros.ament_cmake' and name 'zed_interfaces'
[0.721s] Level 1:colcon.colcon_core.package_identification:_identify(src/zed-ros2-wrapper/zed_components) by extensions ['ignore', 'ignore_ament_install']
[0.721s] Level 1:colcon.colcon_core.package_identification:_identify(src/zed-ros2-wrapper/zed_components) by extension 'ignore'
[0.721s] Level 1:colcon.colcon_core.package_identification:_identify(src/zed-ros2-wrapper/zed_components) by extension 'ignore_ament_install'
[0.721s] Level 1:colcon.colcon_core.package_identification:_identify(src/zed-ros2-wrapper/zed_components) by extensions ['colcon_pkg']
[0.721s] Level 1:colcon.colcon_core.package_identification:_identify(src/zed-ros2-wrapper/zed_components) by extension 'colcon_pkg'
[0.721s] Level 1:colcon.colcon_core.package_identification:_identify(src/zed-ros2-wrapper/zed_components) by extensions ['colcon_meta']
[0.721s] Level 1:colcon.colcon_core.package_identification:_identify(src/zed-ros2-wrapper/zed_components) by extension 'colcon_meta'
[0.721s] Level 1:colcon.colcon_core.package_identification:_identify(src/zed-ros2-wrapper/zed_components) by extensions ['ros']
[0.721s] Level 1:colcon.colcon_core.package_identification:_identify(src/zed-ros2-wrapper/zed_components) by extension 'ros'
[0.723s] DEBUG:colcon.colcon_core.package_identification:Package 'src/zed-ros2-wrapper/zed_components' with type 'ros.ament_cmake' and name 'zed_components'
[0.723s] Level 1:colcon.colcon_core.package_identification:_identify(src/zed-ros2-wrapper/zed_ros2) by extensions ['ignore', 'ignore_ament_install']
[0.723s] Level 1:colcon.colcon_core.package_identification:_identify(src/zed-ros2-wrapper/zed_ros2) by extension 'ignore'
[0.723s] Level 1:colcon.colcon_core.package_identification:_identify(src/zed-ros2-wrapper/zed_ros2) by extension 'ignore_ament_install'
[0.723s] Level 1:colcon.colcon_core.package_identification:_identify(src/zed-ros2-wrapper/zed_ros2) by extensions ['colcon_pkg']
[0.723s] Level 1:colcon.colcon_core.package_identification:_identify(src/zed-ros2-wrapper/zed_ros2) by extension 'colcon_pkg'
[0.723s] Level 1:colcon.colcon_core.package_identification:_identify(src/zed-ros2-wrapper/zed_ros2) by extensions ['colcon_meta']
[0.723s] Level 1:colcon.colcon_core.package_identification:_identify(src/zed-ros2-wrapper/zed_ros2) by extension 'colcon_meta'
[0.724s] Level 1:colcon.colcon_core.package_identification:_identify(src/zed-ros2-wrapper/zed_ros2) by extensions ['ros']
[0.724s] Level 1:colcon.colcon_core.package_identification:_identify(src/zed-ros2-wrapper/zed_ros2) by extension 'ros'
[0.724s] DEBUG:colcon.colcon_core.package_identification:Package 'src/zed-ros2-wrapper/zed_ros2' with type 'ros.ament_cmake' and name 'zed_ros2'
[0.725s] Level 1:colcon.colcon_core.package_identification:_identify(src/zed-ros2-wrapper/zed_wrapper) by extensions ['ignore', 'ignore_ament_install']
[0.725s] Level 1:colcon.colcon_core.package_identification:_identify(src/zed-ros2-wrapper/zed_wrapper) by extension 'ignore'
[0.725s] Level 1:colcon.colcon_core.package_identification:_identify(src/zed-ros2-wrapper/zed_wrapper) by extension 'ignore_ament_install'
[0.725s] Level 1:colcon.colcon_core.package_identification:_identify(src/zed-ros2-wrapper/zed_wrapper) by extensions ['colcon_pkg']
[0.725s] Level 1:colcon.colcon_core.package_identification:_identify(src/zed-ros2-wrapper/zed_wrapper) by extension 'colcon_pkg'
[0.725s] Level 1:colcon.colcon_core.package_identification:_identify(src/zed-ros2-wrapper/zed_wrapper) by extensions ['colcon_meta']
[0.725s] Level 1:colcon.colcon_core.package_identification:_identify(src/zed-ros2-wrapper/zed_wrapper) by extension 'colcon_meta'
[0.725s] Level 1:colcon.colcon_core.package_identification:_identify(src/zed-ros2-wrapper/zed_wrapper) by extensions ['ros']
[0.725s] Level 1:colcon.colcon_core.package_identification:_identify(src/zed-ros2-wrapper/zed_wrapper) by extension 'ros'
[0.726s] DEBUG:colcon.colcon_core.package_identification:Package 'src/zed-ros2-wrapper/zed_wrapper' with type 'ros.ament_cmake' and name 'zed_wrapper'
[0.726s] Level 1:colcon.colcon_core.package_identification:_identify(src/zed_pos_node) by extensions ['ignore', 'ignore_ament_install']
[0.726s] Level 1:colcon.colcon_core.package_identification:_identify(src/zed_pos_node) by extension 'ignore'
[0.726s] Level 1:colcon.colcon_core.package_identification:_identify(src/zed_pos_node) by extension 'ignore_ament_install'
[0.727s] Level 1:colcon.colcon_core.package_identification:_identify(src/zed_pos_node) by extensions ['colcon_pkg']
[0.727s] Level 1:colcon.colcon_core.package_identification:_identify(src/zed_pos_node) by extension 'colcon_pkg'
[0.727s] Level 1:colcon.colcon_core.package_identification:_identify(src/zed_pos_node) by extensions ['colcon_meta']
[0.727s] Level 1:colcon.colcon_core.package_identification:_identify(src/zed_pos_node) by extension 'colcon_meta'
[0.727s] Level 1:colcon.colcon_core.package_identification:_identify(src/zed_pos_node) by extensions ['ros']
[0.727s] Level 1:colcon.colcon_core.package_identification:_identify(src/zed_pos_node) by extension 'ros'
[0.728s] DEBUG:colcon.colcon_core.package_identification:Package 'src/zed_pos_node' with type 'ros.ament_cmake' and name 'zed_pos_node'
[0.728s] Level 1:colcon.colcon_core.package_identification:_identify(src/zed_vision_node) by extensions ['ignore', 'ignore_ament_install']
[0.728s] Level 1:colcon.colcon_core.package_identification:_identify(src/zed_vision_node) by extension 'ignore'
[0.728s] Level 1:colcon.colcon_core.package_identification:_identify(src/zed_vision_node) by extension 'ignore_ament_install'
[0.728s] Level 1:colcon.colcon_core.package_identification:_identify(src/zed_vision_node) by extensions ['colcon_pkg']
[0.728s] Level 1:colcon.colcon_core.package_identification:_identify(src/zed_vision_node) by extension 'colcon_pkg'
[0.728s] Level 1:colcon.colcon_core.package_identification:_identify(src/zed_vision_node) by extensions ['colcon_meta']
[0.728s] Level 1:colcon.colcon_core.package_identification:_identify(src/zed_vision_node) by extension 'colcon_meta'
[0.728s] Level 1:colcon.colcon_core.package_identification:_identify(src/zed_vision_node) by extensions ['ros']
[0.728s] Level 1:colcon.colcon_core.package_identification:_identify(src/zed_vision_node) by extension 'ros'
[0.729s] DEBUG:colcon.colcon_core.package_identification:Package 'src/zed_vision_node' with type 'ros.ament_python' and name 'zed_vision_node'
[0.729s] Level 1:colcon.colcon_core.package_discovery:discover_packages(recursive) using defaults
[0.729s] Level 1:colcon.colcon_core.package_discovery:discover_packages(ignore) discover
[0.729s] Level 1:colcon.colcon_core.package_discovery:discover_packages(ignore) using defaults
[0.730s] Level 1:colcon.colcon_core.package_discovery:discover_packages(path) discover
[0.730s] Level 1:colcon.colcon_core.package_discovery:discover_packages(path) using defaults
[0.776s] INFO:colcon.colcon_core.package_selection:Skipping not selected package 'can2ros_driver' in 'src/can2ros_driver'
[0.776s] INFO:colcon.colcon_core.package_selection:Skipping not selected package 'dres_dvl_decode' in 'src/dres_dvl_decode'
[0.776s] INFO:colcon.colcon_core.package_selection:Skipping not selected package 'dres_ms5837_decode' in 'src/dres_ms5837_decode'
[0.776s] INFO:colcon.colcon_core.package_selection:Skipping not selected package 'zed_interfaces' in 'src/zed-ros2-wrapper/zed-ros2-interfaces'
[0.776s] INFO:colcon.colcon_core.package_selection:Skipping not selected package 'ahrs_node' in 'src/ahrs_node'
[0.776s] INFO:colcon.colcon_core.package_selection:Skipping not selected package 'pid_node' in 'src/pid_node'
[0.776s] INFO:colcon.colcon_core.package_selection:Skipping not selected package 'zed_components' in 'src/zed-ros2-wrapper/zed_components'
[0.776s] INFO:colcon.colcon_core.package_selection:Skipping not selected package 'zed_pos_node' in 'src/zed_pos_node'
[0.776s] INFO:colcon.colcon_core.package_selection:Skipping not selected package 'zed_vision_node' in 'src/zed_vision_node'
[0.776s] INFO:colcon.colcon_core.package_selection:Skipping not selected package 'zed_wrapper' in 'src/zed-ros2-wrapper/zed_wrapper'
[0.776s] INFO:colcon.colcon_core.package_selection:Skipping not selected package 'zed_ros2' in 'src/zed-ros2-wrapper/zed_ros2'
[0.777s] Level 1:colcon.colcon_core.package_discovery:discover_packages(prefix_path) check parameters
[0.778s] Level 1:colcon.colcon_core.package_discovery:discover_packages(prefix_path) discover
[0.787s] DEBUG:colcon.colcon_installed_package_information.package_discovery:Found 12 installed packages in /home/mechatronics/test/Mechatronics-2023/ros2_ws/install
[0.790s] DEBUG:colcon.colcon_installed_package_information.package_discovery:Found 12 installed packages in /home/mechatronics/master/Mechatronics-2023/ros2_ws/install
[0.795s] DEBUG:colcon.colcon_installed_package_information.package_discovery:Found 37 installed packages in /home/mechatronics/junebug_workspace/install
[0.799s] DEBUG:colcon.colcon_installed_package_information.package_discovery:Found 2 installed packages in /home/mechatronics/candriver_1.19.23/install
[0.802s] DEBUG:colcon.colcon_installed_package_information.package_discovery:Found 260 installed packages in /opt/ros/foxy
[0.804s] Level 1:colcon.colcon_core.package_discovery:discover_packages(prefix_path) using defaults
[0.904s] WARNING:colcon.colcon_core.package_selection:Some selected packages are already built in one or more underlay workspaces:
	'scion_types' is in: /home/mechatronics/test/Mechatronics-2023/ros2_ws/install/scion_types, /home/mechatronics/master/Mechatronics-2023/ros2_ws/install/scion_types
If a package in a merged underlay workspace is overridden and it installs headers, then all packages in the overlay must sort their include directories by workspace order. Failure to do so may result in build failures or undefined behavior at run time.
If the overridden package is used by another package in any underlay, then the overriding package in the overlay must be API and ABI compatible or undefined behavior at run time may occur.

If you understand the risks and want to override a package anyways, add the following to the command line:
	--allow-overriding scion_types

This may be promoted to an error in a future release of colcon-override-check.
[0.908s] Level 5:colcon.colcon_core.verb:set package 'scion_types' build argument 'cmake_args' from command line to 'None'
[0.908s] Level 5:colcon.colcon_core.verb:set package 'scion_types' build argument 'cmake_target' from command line to 'None'
[0.908s] Level 5:colcon.colcon_core.verb:set package 'scion_types' build argument 'cmake_target_skip_unavailable' from command line to 'False'
[0.908s] Level 5:colcon.colcon_core.verb:set package 'scion_types' build argument 'cmake_clean_cache' from command line to 'False'
[0.908s] Level 5:colcon.colcon_core.verb:set package 'scion_types' build argument 'cmake_clean_first' from command line to 'False'
[0.908s] Level 5:colcon.colcon_core.verb:set package 'scion_types' build argument 'cmake_force_configure' from command line to 'False'
[0.908s] Level 5:colcon.colcon_core.verb:set package 'scion_types' build argument 'ament_cmake_args' from command line to 'None'
[0.908s] Level 5:colcon.colcon_core.verb:set package 'scion_types' build argument 'catkin_cmake_args' from command line to 'None'
[0.908s] Level 5:colcon.colcon_core.verb:set package 'scion_types' build argument 'catkin_skip_building_tests' from command line to 'False'
[0.908s] DEBUG:colcon.colcon_core.verb:Building package 'scion_types' with the following arguments: {'ament_cmake_args': None, 'build_base': '/home/mechatronics/master/Mechatronics-2023/ros2_ws/build/scion_types', 'catkin_cmake_args': None, 'catkin_skip_building_tests': False, 'cmake_args': None, 'cmake_clean_cache': False, 'cmake_clean_first': False, 'cmake_force_configure': False, 'cmake_target': None, 'cmake_target_skip_unavailable': False, 'install_base': '/home/mechatronics/master/Mechatronics-2023/ros2_ws/install/scion_types', 'merge_install': False, 'path': '/home/mechatronics/master/Mechatronics-2023/ros2_ws/src/scion_types', 'symlink_install': False, 'test_result_base': None}
[0.911s] INFO:colcon.colcon_core.executor:Executing jobs using 'parallel' executor
[0.923s] DEBUG:colcon.colcon_parallel_executor.executor.parallel:run_until_complete
[0.924s] INFO:colcon.colcon_ros.task.ament_cmake.build:Building ROS package in '/home/mechatronics/master/Mechatronics-2023/ros2_ws/src/scion_types' with build type 'ament_cmake'
[0.924s] INFO:colcon.colcon_cmake.task.cmake.build:Building CMake package in '/home/mechatronics/master/Mechatronics-2023/ros2_ws/src/scion_types'
[0.937s] INFO:colcon.colcon_core.plugin_system:Skipping extension 'colcon_core.shell.bat': Not used on non-Windows systems
[0.937s] INFO:colcon.colcon_core.shell:Skip shell extension 'powershell' for command environment: Not usable outside of PowerShell
[0.937s] DEBUG:colcon.colcon_core.shell:Skip shell extension 'dsv' for command environment
[0.978s] DEBUG:colcon.colcon_core.event_handler.log_command:Invoking command in '/home/mechatronics/master/Mechatronics-2023/ros2_ws/build/scion_types': CMAKE_PREFIX_PATH=${CMAKE_PREFIX_PATH}:/home/mechatronics/test/Mechatronics-2023/ros2_ws/install/zed_vision_node:/home/mechatronics/test/Mechatronics-2023/ros2_ws/install/ahrs_node:/home/mechatronics/master/Mechatronics-2023/ros2_ws/install/zed_vision_node:/home/mechatronics/master/Mechatronics-2023/ros2_ws/install/ahrs_node:/home/mechatronics/junebug_workspace/install/zed_temp:/home/mechatronics/junebug_workspace/install/zed_imu2:/home/mechatronics/junebug_workspace/install/zed_imu:/home/mechatronics/junebug_workspace/install/top_view_package:/home/mechatronics/junebug_workspace/install/py_pubsub:/home/mechatronics/junebug_workspace/install/object_detection_package:/home/mechatronics/junebug_workspace/install/mapping_package:/home/mechatronics/junebug_workspace/install/depth_package:/home/mechatronics/junebug_workspace/install/controller_translator:/home/mechatronics/junebug_workspace/install/cam_track_package:/home/mechatronics/junebug_workspace/install/body_track_package:/home/mechatronics/junebug_workspace/install/ahr:/opt/ros/foxy /usr/bin/cmake --build /home/mechatronics/master/Mechatronics-2023/ros2_ws/build/scion_types -- -j12 -l12
[3.765s] DEBUG:colcon.colcon_core.event_handler.log_command:Invoked command in '/home/mechatronics/master/Mechatronics-2023/ros2_ws/build/scion_types' returned '0': CMAKE_PREFIX_PATH=${CMAKE_PREFIX_PATH}:/home/mechatronics/test/Mechatronics-2023/ros2_ws/install/zed_vision_node:/home/mechatronics/test/Mechatronics-2023/ros2_ws/install/ahrs_node:/home/mechatronics/master/Mechatronics-2023/ros2_ws/install/zed_vision_node:/home/mechatronics/master/Mechatronics-2023/ros2_ws/install/ahrs_node:/home/mechatronics/junebug_workspace/install/zed_temp:/home/mechatronics/junebug_workspace/install/zed_imu2:/home/mechatronics/junebug_workspace/install/zed_imu:/home/mechatronics/junebug_workspace/install/top_view_package:/home/mechatronics/junebug_workspace/install/py_pubsub:/home/mechatronics/junebug_workspace/install/object_detection_package:/home/mechatronics/junebug_workspace/install/mapping_package:/home/mechatronics/junebug_workspace/install/depth_package:/home/mechatronics/junebug_workspace/install/controller_translator:/home/mechatronics/junebug_workspace/install/cam_track_package:/home/mechatronics/junebug_workspace/install/body_track_package:/home/mechatronics/junebug_workspace/install/ahr:/opt/ros/foxy /usr/bin/cmake --build /home/mechatronics/master/Mechatronics-2023/ros2_ws/build/scion_types -- -j12 -l12
[4.031s] DEBUG:colcon.colcon_core.event_handler.log_command:Invoking command in '/home/mechatronics/master/Mechatronics-2023/ros2_ws/build/scion_types': CMAKE_PREFIX_PATH=${CMAKE_PREFIX_PATH}:/home/mechatronics/test/Mechatronics-2023/ros2_ws/install/zed_vision_node:/home/mechatronics/test/Mechatronics-2023/ros2_ws/install/ahrs_node:/home/mechatronics/master/Mechatronics-2023/ros2_ws/install/zed_vision_node:/home/mechatronics/master/Mechatronics-2023/ros2_ws/install/ahrs_node:/home/mechatronics/junebug_workspace/install/zed_temp:/home/mechatronics/junebug_workspace/install/zed_imu2:/home/mechatronics/junebug_workspace/install/zed_imu:/home/mechatronics/junebug_workspace/install/top_view_package:/home/mechatronics/junebug_workspace/install/py_pubsub:/home/mechatronics/junebug_workspace/install/object_detection_package:/home/mechatronics/junebug_workspace/install/mapping_package:/home/mechatronics/junebug_workspace/install/depth_package:/home/mechatronics/junebug_workspace/install/controller_translator:/home/mechatronics/junebug_workspace/install/cam_track_package:/home/mechatronics/junebug_workspace/install/body_track_package:/home/mechatronics/junebug_workspace/install/ahr:/opt/ros/foxy /usr/bin/cmake --install /home/mechatronics/master/Mechatronics-2023/ros2_ws/build/scion_types
[4.171s] Level 1:colcon.colcon_core.environment:create_environment_scripts_only(scion_types)
[4.179s] DEBUG:colcon.colcon_core.event_handler.log_command:Invoked command in '/home/mechatronics/master/Mechatronics-2023/ros2_ws/build/scion_types' returned '0': CMAKE_PREFIX_PATH=${CMAKE_PREFIX_PATH}:/home/mechatronics/test/Mechatronics-2023/ros2_ws/install/zed_vision_node:/home/mechatronics/test/Mechatronics-2023/ros2_ws/install/ahrs_node:/home/mechatronics/master/Mechatronics-2023/ros2_ws/install/zed_vision_node:/home/mechatronics/master/Mechatronics-2023/ros2_ws/install/ahrs_node:/home/mechatronics/junebug_workspace/install/zed_temp:/home/mechatronics/junebug_workspace/install/zed_imu2:/home/mechatronics/junebug_workspace/install/zed_imu:/home/mechatronics/junebug_workspace/install/top_view_package:/home/mechatronics/junebug_workspace/install/py_pubsub:/home/mechatronics/junebug_workspace/install/object_detection_package:/home/mechatronics/junebug_workspace/install/mapping_package:/home/mechatronics/junebug_workspace/install/depth_package:/home/mechatronics/junebug_workspace/install/controller_translator:/home/mechatronics/junebug_workspace/install/cam_track_package:/home/mechatronics/junebug_workspace/install/body_track_package:/home/mechatronics/junebug_workspace/install/ahr:/opt/ros/foxy /usr/bin/cmake --install /home/mechatronics/master/Mechatronics-2023/ros2_ws/build/scion_types
[4.198s] Level 1:colcon.colcon_core.environment:checking '/home/mechatronics/master/Mechatronics-2023/ros2_ws/install/scion_types' for CMake module files
[4.199s] Level 1:colcon.colcon_core.environment:checking '/home/mechatronics/master/Mechatronics-2023/ros2_ws/install/scion_types' for CMake config files
[4.200s] Level 1:colcon.colcon_core.shell:create_environment_hook('scion_types', 'cmake_prefix_path')
[4.207s] INFO:colcon.colcon_core.shell:Creating environment hook '/home/mechatronics/master/Mechatronics-2023/ros2_ws/install/scion_types/share/scion_types/hook/cmake_prefix_path.ps1'
[4.209s] INFO:colcon.colcon_core.shell:Creating environment descriptor '/home/mechatronics/master/Mechatronics-2023/ros2_ws/install/scion_types/share/scion_types/hook/cmake_prefix_path.dsv'
[4.210s] INFO:colcon.colcon_core.shell:Creating environment hook '/home/mechatronics/master/Mechatronics-2023/ros2_ws/install/scion_types/share/scion_types/hook/cmake_prefix_path.sh'
[4.212s] Level 1:colcon.colcon_core.environment:checking '/home/mechatronics/master/Mechatronics-2023/ros2_ws/install/scion_types/lib'
[4.212s] Level 1:colcon.colcon_core.shell:create_environment_hook('scion_types', 'ld_library_path_lib')
[4.218s] INFO:colcon.colcon_core.shell:Creating environment hook '/home/mechatronics/master/Mechatronics-2023/ros2_ws/install/scion_types/share/scion_types/hook/ld_library_path_lib.ps1'
[4.219s] INFO:colcon.colcon_core.shell:Creating environment descriptor '/home/mechatronics/master/Mechatronics-2023/ros2_ws/install/scion_types/share/scion_types/hook/ld_library_path_lib.dsv'
[4.219s] INFO:colcon.colcon_core.shell:Creating environment hook '/home/mechatronics/master/Mechatronics-2023/ros2_ws/install/scion_types/share/scion_types/hook/ld_library_path_lib.sh'
[4.220s] Level 1:colcon.colcon_core.environment:checking '/home/mechatronics/master/Mechatronics-2023/ros2_ws/install/scion_types/bin'
[4.220s] Level 1:colcon.colcon_core.environment:checking '/home/mechatronics/master/Mechatronics-2023/ros2_ws/install/scion_types/lib/pkgconfig/scion_types.pc'
[4.220s] Level 1:colcon.colcon_core.environment:checking '/home/mechatronics/master/Mechatronics-2023/ros2_ws/install/scion_types/lib/python3.8/site-packages'
[4.221s] Level 1:colcon.colcon_core.shell:create_environment_hook('scion_types', 'pythonpath')
[4.226s] INFO:colcon.colcon_core.shell:Creating environment hook '/home/mechatronics/master/Mechatronics-2023/ros2_ws/install/scion_types/share/scion_types/hook/pythonpath.ps1'
[4.226s] INFO:colcon.colcon_core.shell:Creating environment descriptor '/home/mechatronics/master/Mechatronics-2023/ros2_ws/install/scion_types/share/scion_types/hook/pythonpath.dsv'
[4.227s] INFO:colcon.colcon_core.shell:Creating environment hook '/home/mechatronics/master/Mechatronics-2023/ros2_ws/install/scion_types/share/scion_types/hook/pythonpath.sh'
[4.227s] Level 1:colcon.colcon_core.environment:checking '/home/mechatronics/master/Mechatronics-2023/ros2_ws/install/scion_types/bin'
[4.232s] INFO:colcon.colcon_core.shell:Creating package script '/home/mechatronics/master/Mechatronics-2023/ros2_ws/install/scion_types/share/scion_types/package.ps1'
[4.234s] INFO:colcon.colcon_core.shell:Creating package descriptor '/home/mechatronics/master/Mechatronics-2023/ros2_ws/install/scion_types/share/scion_types/package.dsv'
[4.234s] INFO:colcon.colcon_core.shell:Creating package script '/home/mechatronics/master/Mechatronics-2023/ros2_ws/install/scion_types/share/scion_types/package.sh'
[4.236s] INFO:colcon.colcon_core.shell:Creating package script '/home/mechatronics/master/Mechatronics-2023/ros2_ws/install/scion_types/share/scion_types/package.bash'
[4.236s] INFO:colcon.colcon_core.shell:Creating package script '/home/mechatronics/master/Mechatronics-2023/ros2_ws/install/scion_types/share/scion_types/package.zsh'
[4.237s] Level 1:colcon.colcon_core.environment:create_file_with_runtime_dependencies(/home/mechatronics/master/Mechatronics-2023/ros2_ws/install/scion_types/share/colcon-core/packages/scion_types)
[4.460s] Level 1:colcon.colcon_core.environment:create_environment_scripts_only(scion_types)
[4.474s] Level 1:colcon.colcon_core.environment:checking '/home/mechatronics/master/Mechatronics-2023/ros2_ws/install/scion_types' for CMake module files
[4.476s] Level 1:colcon.colcon_core.environment:checking '/home/mechatronics/master/Mechatronics-2023/ros2_ws/install/scion_types' for CMake config files
[4.477s] Level 1:colcon.colcon_core.shell:create_environment_hook('scion_types', 'cmake_prefix_path')
[4.484s] INFO:colcon.colcon_core.shell:Creating environment hook '/home/mechatronics/master/Mechatronics-2023/ros2_ws/install/scion_types/share/scion_types/hook/cmake_prefix_path.ps1'
[4.486s] INFO:colcon.colcon_core.shell:Creating environment descriptor '/home/mechatronics/master/Mechatronics-2023/ros2_ws/install/scion_types/share/scion_types/hook/cmake_prefix_path.dsv'
[4.486s] INFO:colcon.colcon_core.shell:Creating environment hook '/home/mechatronics/master/Mechatronics-2023/ros2_ws/install/scion_types/share/scion_types/hook/cmake_prefix_path.sh'
[4.488s] Level 1:colcon.colcon_core.environment:checking '/home/mechatronics/master/Mechatronics-2023/ros2_ws/install/scion_types/lib'
[4.488s] Level 1:colcon.colcon_core.shell:create_environment_hook('scion_types', 'ld_library_path_lib')
[4.496s] INFO:colcon.colcon_core.shell:Creating environment hook '/home/mechatronics/master/Mechatronics-2023/ros2_ws/install/scion_types/share/scion_types/hook/ld_library_path_lib.ps1'
[4.497s] INFO:colcon.colcon_core.shell:Creating environment descriptor '/home/mechatronics/master/Mechatronics-2023/ros2_ws/install/scion_types/share/scion_types/hook/ld_library_path_lib.dsv'
[4.497s] INFO:colcon.colcon_core.shell:Creating environment hook '/home/mechatronics/master/Mechatronics-2023/ros2_ws/install/scion_types/share/scion_types/hook/ld_library_path_lib.sh'
[4.498s] Level 1:colcon.colcon_core.environment:checking '/home/mechatronics/master/Mechatronics-2023/ros2_ws/install/scion_types/bin'
[4.498s] Level 1:colcon.colcon_core.environment:checking '/home/mechatronics/master/Mechatronics-2023/ros2_ws/install/scion_types/lib/pkgconfig/scion_types.pc'
[4.499s] Level 1:colcon.colcon_core.environment:checking '/home/mechatronics/master/Mechatronics-2023/ros2_ws/install/scion_types/lib/python3.8/site-packages'
[4.499s] Level 1:colcon.colcon_core.shell:create_environment_hook('scion_types', 'pythonpath')
[4.504s] INFO:colcon.colcon_core.shell:Creating environment hook '/home/mechatronics/master/Mechatronics-2023/ros2_ws/install/scion_types/share/scion_types/hook/pythonpath.ps1'
[4.505s] INFO:colcon.colcon_core.shell:Creating environment descriptor '/home/mechatronics/master/Mechatronics-2023/ros2_ws/install/scion_types/share/scion_types/hook/pythonpath.dsv'
[4.505s] INFO:colcon.colcon_core.shell:Creating environment hook '/home/mechatronics/master/Mechatronics-2023/ros2_ws/install/scion_types/share/scion_types/hook/pythonpath.sh'
[4.506s] Level 1:colcon.colcon_core.environment:checking '/home/mechatronics/master/Mechatronics-2023/ros2_ws/install/scion_types/bin'
[4.511s] INFO:colcon.colcon_core.shell:Creating package script '/home/mechatronics/master/Mechatronics-2023/ros2_ws/install/scion_types/share/scion_types/package.ps1'
[4.512s] INFO:colcon.colcon_core.shell:Creating package descriptor '/home/mechatronics/master/Mechatronics-2023/ros2_ws/install/scion_types/share/scion_types/package.dsv'
[4.513s] INFO:colcon.colcon_core.shell:Creating package script '/home/mechatronics/master/Mechatronics-2023/ros2_ws/install/scion_types/share/scion_types/package.sh'
[4.513s] INFO:colcon.colcon_core.shell:Creating package script '/home/mechatronics/master/Mechatronics-2023/ros2_ws/install/scion_types/share/scion_types/package.bash'
[4.514s] INFO:colcon.colcon_core.shell:Creating package script '/home/mechatronics/master/Mechatronics-2023/ros2_ws/install/scion_types/share/scion_types/package.zsh'
[4.514s] Level 1:colcon.colcon_core.environment:create_file_with_runtime_dependencies(/home/mechatronics/master/Mechatronics-2023/ros2_ws/install/scion_types/share/colcon-core/packages/scion_types)
[4.515s] DEBUG:colcon.colcon_parallel_executor.executor.parallel:closing loop
[4.515s] DEBUG:colcon.colcon_parallel_executor.executor.parallel:loop closed
[4.516s] DEBUG:colcon.colcon_parallel_executor.executor.parallel:run_until_complete finished with '0'
[4.516s] DEBUG:colcon.colcon_core.event_reactor:joining thread
[4.531s] INFO:colcon.colcon_core.plugin_system:Skipping extension 'colcon_notification.desktop_notification.terminal_notifier': Not used on non-Darwin systems
[4.532s] INFO:colcon.colcon_core.plugin_system:Skipping extension 'colcon_notification.desktop_notification.win32': Not used on non-Windows systems
[4.532s] INFO:colcon.colcon_notification.desktop_notification:Sending desktop notification using 'notify2'
[4.575s] DEBUG:colcon.colcon_core.event_reactor:joined thread
[4.584s] INFO:colcon.colcon_core.shell:Creating prefix script '/home/mechatronics/master/Mechatronics-2023/ros2_ws/install/local_setup.ps1'
[4.586s] INFO:colcon.colcon_core.shell:Creating prefix util module '/home/mechatronics/master/Mechatronics-2023/ros2_ws/install/_local_setup_util_ps1.py'
[4.588s] INFO:colcon.colcon_core.shell:Creating prefix chain script '/home/mechatronics/master/Mechatronics-2023/ros2_ws/install/setup.ps1'
[4.595s] INFO:colcon.colcon_core.shell:Creating prefix script '/home/mechatronics/master/Mechatronics-2023/ros2_ws/install/local_setup.sh'
[4.595s] INFO:colcon.colcon_core.shell:Creating prefix util module '/home/mechatronics/master/Mechatronics-2023/ros2_ws/install/_local_setup_util_sh.py'
[4.596s] INFO:colcon.colcon_core.shell:Creating prefix chain script '/home/mechatronics/master/Mechatronics-2023/ros2_ws/install/setup.sh'
[4.602s] INFO:colcon.colcon_core.shell:Creating prefix script '/home/mechatronics/master/Mechatronics-2023/ros2_ws/install/local_setup.bash'
[4.602s] INFO:colcon.colcon_core.shell:Creating prefix chain script '/home/mechatronics/master/Mechatronics-2023/ros2_ws/install/setup.bash'
[4.608s] INFO:colcon.colcon_core.shell:Creating prefix script '/home/mechatronics/master/Mechatronics-2023/ros2_ws/install/local_setup.zsh'
[4.609s] INFO:colcon.colcon_core.shell:Creating prefix chain script '/home/mechatronics/master/Mechatronics-2023/ros2_ws/install/setup.zsh'
