[0.623s] DEBUG:colcon:Command line arguments: ['/usr/bin/colcon', 'build', '--packages-select', 'ahrs_node']
[0.623s] DEBUG:colcon:Parsed command line arguments: Namespace(allow_overriding=[], ament_cmake_args=None, base_paths=['.'], build_base='build', catkin_cmake_args=None, catkin_skip_building_tests=False, cmake_args=None, cmake_clean_cache=False, cmake_clean_first=False, cmake_force_configure=False, cmake_target=None, cmake_target_skip_unavailable=False, continue_on_error=False, event_handlers=None, executor='parallel', ignore_user_meta=False, install_base='install', log_base=None, log_level=None, main=<bound method BuildVerb.main of <colcon_core.verb.build.BuildVerb object at 0xffffbcf54340>>, merge_install=False, metas=['./colcon.meta'], packages_above=None, packages_above_and_dependencies=None, packages_above_depth=None, packages_end=None, packages_ignore=None, packages_ignore_regex=None, packages_select=['ahrs_node'], packages_select_build_failed=False, packages_select_by_dep=None, packages_select_regex=None, packages_select_test_failures=False, packages_skip=None, packages_skip_build_finished=False, packages_skip_by_dep=None, packages_skip_regex=None, packages_skip_test_passed=False, packages_skip_up_to=None, packages_start=None, packages_up_to=None, packages_up_to_regex=None, parallel_workers=12, paths=None, symlink_install=False, test_result_base=None, verb_extension=<colcon_core.verb.build.BuildVerb object at 0xffffbcf54340>, verb_name='build', verb_parser=<colcon_defaults.argument_parser.defaults.DefaultArgumentsDecorator object at 0xffffbcf54880>)
[0.666s] Level 1:colcon.colcon_core.package_discovery:discover_packages(colcon_meta) check parameters
[0.666s] Level 1:colcon.colcon_core.package_discovery:discover_packages(recursive) check parameters
[0.666s] Level 1:colcon.colcon_core.package_discovery:discover_packages(ignore) check parameters
[0.666s] Level 1:colcon.colcon_core.package_discovery:discover_packages(path) check parameters
[0.666s] Level 1:colcon.colcon_core.package_discovery:discover_packages(colcon_meta) discover
[0.666s] Level 1:colcon.colcon_core.package_discovery:discover_packages(recursive) discover
[0.666s] INFO:colcon.colcon_core.package_discovery:Crawling recursively for packages in '/home/mechatronics/master/Mechatronics-2023/ros2_ws/src'
[0.666s] Level 1:colcon.colcon_core.package_identification:_identify(.) by extensions ['ignore', 'ignore_ament_install']
[0.666s] Level 1:colcon.colcon_core.package_identification:_identify(.) by extension 'ignore'
[0.667s] Level 1:colcon.colcon_core.package_identification:_identify(.) by extension 'ignore_ament_install'
[0.667s] Level 1:colcon.colcon_core.package_identification:_identify(.) by extensions ['colcon_pkg']
[0.667s] Level 1:colcon.colcon_core.package_identification:_identify(.) by extension 'colcon_pkg'
[0.667s] Level 1:colcon.colcon_core.package_identification:_identify(.) by extensions ['colcon_meta']
[0.667s] Level 1:colcon.colcon_core.package_identification:_identify(.) by extension 'colcon_meta'
[0.667s] Level 1:colcon.colcon_core.package_identification:_identify(.) by extensions ['ros']
[0.667s] Level 1:colcon.colcon_core.package_identification:_identify(.) by extension 'ros'
[0.683s] Level 1:colcon.colcon_core.package_identification:_identify(.) by extensions ['cmake', 'python']
[0.684s] Level 1:colcon.colcon_core.package_identification:_identify(.) by extension 'cmake'
[0.684s] Level 1:colcon.colcon_core.package_identification:_identify(.) by extension 'python'
[0.684s] Level 1:colcon.colcon_core.package_identification:_identify(.) by extensions ['python_setup_py']
[0.684s] Level 1:colcon.colcon_core.package_identification:_identify(.) by extension 'python_setup_py'
[0.684s] Level 1:colcon.colcon_core.package_identification:_identify(__pycache__) by extensions ['ignore', 'ignore_ament_install']
[0.684s] Level 1:colcon.colcon_core.package_identification:_identify(__pycache__) by extension 'ignore'
[0.684s] Level 1:colcon.colcon_core.package_identification:_identify(__pycache__) by extension 'ignore_ament_install'
[0.684s] Level 1:colcon.colcon_core.package_identification:_identify(__pycache__) by extensions ['colcon_pkg']
[0.684s] Level 1:colcon.colcon_core.package_identification:_identify(__pycache__) by extension 'colcon_pkg'
[0.684s] Level 1:colcon.colcon_core.package_identification:_identify(__pycache__) by extensions ['colcon_meta']
[0.684s] Level 1:colcon.colcon_core.package_identification:_identify(__pycache__) by extension 'colcon_meta'
[0.685s] Level 1:colcon.colcon_core.package_identification:_identify(__pycache__) by extensions ['ros']
[0.685s] Level 1:colcon.colcon_core.package_identification:_identify(__pycache__) by extension 'ros'
[0.685s] Level 1:colcon.colcon_core.package_identification:_identify(__pycache__) by extensions ['cmake', 'python']
[0.685s] Level 1:colcon.colcon_core.package_identification:_identify(__pycache__) by extension 'cmake'
[0.685s] Level 1:colcon.colcon_core.package_identification:_identify(__pycache__) by extension 'python'
[0.685s] Level 1:colcon.colcon_core.package_identification:_identify(__pycache__) by extensions ['python_setup_py']
[0.685s] Level 1:colcon.colcon_core.package_identification:_identify(__pycache__) by extension 'python_setup_py'
[0.685s] Level 1:colcon.colcon_core.package_identification:_identify(ahrs_node) by extensions ['ignore', 'ignore_ament_install']
[0.685s] Level 1:colcon.colcon_core.package_identification:_identify(ahrs_node) by extension 'ignore'
[0.685s] Level 1:colcon.colcon_core.package_identification:_identify(ahrs_node) by extension 'ignore_ament_install'
[0.685s] Level 1:colcon.colcon_core.package_identification:_identify(ahrs_node) by extensions ['colcon_pkg']
[0.685s] Level 1:colcon.colcon_core.package_identification:_identify(ahrs_node) by extension 'colcon_pkg'
[0.686s] Level 1:colcon.colcon_core.package_identification:_identify(ahrs_node) by extensions ['colcon_meta']
[0.686s] Level 1:colcon.colcon_core.package_identification:_identify(ahrs_node) by extension 'colcon_meta'
[0.686s] Level 1:colcon.colcon_core.package_identification:_identify(ahrs_node) by extensions ['ros']
[0.686s] Level 1:colcon.colcon_core.package_identification:_identify(ahrs_node) by extension 'ros'
[0.689s] DEBUG:colcon.colcon_core.package_identification:Package 'ahrs_node' with type 'ros.ament_python' and name 'ahrs_node'
[0.689s] Level 1:colcon.colcon_core.package_identification:_identify(build) by extensions ['ignore', 'ignore_ament_install']
[0.690s] Level 1:colcon.colcon_core.package_identification:_identify(build) by extension 'ignore'
[0.690s] Level 1:colcon.colcon_core.package_identification:_identify(build) ignored
[0.690s] Level 1:colcon.colcon_core.package_identification:_identify(can2ros_driver) by extensions ['ignore', 'ignore_ament_install']
[0.690s] Level 1:colcon.colcon_core.package_identification:_identify(can2ros_driver) by extension 'ignore'
[0.690s] Level 1:colcon.colcon_core.package_identification:_identify(can2ros_driver) by extension 'ignore_ament_install'
[0.690s] Level 1:colcon.colcon_core.package_identification:_identify(can2ros_driver) by extensions ['colcon_pkg']
[0.690s] Level 1:colcon.colcon_core.package_identification:_identify(can2ros_driver) by extension 'colcon_pkg'
[0.690s] Level 1:colcon.colcon_core.package_identification:_identify(can2ros_driver) by extensions ['colcon_meta']
[0.690s] Level 1:colcon.colcon_core.package_identification:_identify(can2ros_driver) by extension 'colcon_meta'
[0.690s] Level 1:colcon.colcon_core.package_identification:_identify(can2ros_driver) by extensions ['ros']
[0.690s] Level 1:colcon.colcon_core.package_identification:_identify(can2ros_driver) by extension 'ros'
[0.691s] DEBUG:colcon.colcon_core.package_identification:Package 'can2ros_driver' with type 'ros.ament_cmake' and name 'can2ros_driver'
[0.691s] Level 1:colcon.colcon_core.package_identification:_identify(dres_dvl_decode) by extensions ['ignore', 'ignore_ament_install']
[0.691s] Level 1:colcon.colcon_core.package_identification:_identify(dres_dvl_decode) by extension 'ignore'
[0.691s] Level 1:colcon.colcon_core.package_identification:_identify(dres_dvl_decode) by extension 'ignore_ament_install'
[0.692s] Level 1:colcon.colcon_core.package_identification:_identify(dres_dvl_decode) by extensions ['colcon_pkg']
[0.692s] Level 1:colcon.colcon_core.package_identification:_identify(dres_dvl_decode) by extension 'colcon_pkg'
[0.692s] Level 1:colcon.colcon_core.package_identification:_identify(dres_dvl_decode) by extensions ['colcon_meta']
[0.692s] Level 1:colcon.colcon_core.package_identification:_identify(dres_dvl_decode) by extension 'colcon_meta'
[0.692s] Level 1:colcon.colcon_core.package_identification:_identify(dres_dvl_decode) by extensions ['ros']
[0.692s] Level 1:colcon.colcon_core.package_identification:_identify(dres_dvl_decode) by extension 'ros'
[0.692s] DEBUG:colcon.colcon_core.package_identification:Package 'dres_dvl_decode' with type 'ros.ament_cmake' and name 'dres_dvl_decode'
[0.693s] Level 1:colcon.colcon_core.package_identification:_identify(dres_ms5837_decode) by extensions ['ignore', 'ignore_ament_install']
[0.693s] Level 1:colcon.colcon_core.package_identification:_identify(dres_ms5837_decode) by extension 'ignore'
[0.693s] Level 1:colcon.colcon_core.package_identification:_identify(dres_ms5837_decode) by extension 'ignore_ament_install'
[0.693s] Level 1:colcon.colcon_core.package_identification:_identify(dres_ms5837_decode) by extensions ['colcon_pkg']
[0.693s] Level 1:colcon.colcon_core.package_identification:_identify(dres_ms5837_decode) by extension 'colcon_pkg'
[0.693s] Level 1:colcon.colcon_core.package_identification:_identify(dres_ms5837_decode) by extensions ['colcon_meta']
[0.693s] Level 1:colcon.colcon_core.package_identification:_identify(dres_ms5837_decode) by extension 'colcon_meta'
[0.693s] Level 1:colcon.colcon_core.package_identification:_identify(dres_ms5837_decode) by extensions ['ros']
[0.693s] Level 1:colcon.colcon_core.package_identification:_identify(dres_ms5837_decode) by extension 'ros'
[0.694s] DEBUG:colcon.colcon_core.package_identification:Package 'dres_ms5837_decode' with type 'ros.ament_cmake' and name 'dres_ms5837_decode'
[0.694s] Level 1:colcon.colcon_core.package_identification:_identify(install) by extensions ['ignore', 'ignore_ament_install']
[0.694s] Level 1:colcon.colcon_core.package_identification:_identify(install) by extension 'ignore'
[0.694s] Level 1:colcon.colcon_core.package_identification:_identify(install) ignored
[0.694s] Level 1:colcon.colcon_core.package_identification:_identify(log) by extensions ['ignore', 'ignore_ament_install']
[0.694s] Level 1:colcon.colcon_core.package_identification:_identify(log) by extension 'ignore'
[0.694s] Level 1:colcon.colcon_core.package_identification:_identify(log) ignored
[0.695s] Level 1:colcon.colcon_core.package_identification:_identify(pid_node) by extensions ['ignore', 'ignore_ament_install']
[0.695s] Level 1:colcon.colcon_core.package_identification:_identify(pid_node) by extension 'ignore'
[0.695s] Level 1:colcon.colcon_core.package_identification:_identify(pid_node) by extension 'ignore_ament_install'
[0.695s] Level 1:colcon.colcon_core.package_identification:_identify(pid_node) by extensions ['colcon_pkg']
[0.695s] Level 1:colcon.colcon_core.package_identification:_identify(pid_node) by extension 'colcon_pkg'
[0.695s] Level 1:colcon.colcon_core.package_identification:_identify(pid_node) by extensions ['colcon_meta']
[0.695s] Level 1:colcon.colcon_core.package_identification:_identify(pid_node) by extension 'colcon_meta'
[0.695s] Level 1:colcon.colcon_core.package_identification:_identify(pid_node) by extensions ['ros']
[0.695s] Level 1:colcon.colcon_core.package_identification:_identify(pid_node) by extension 'ros'
[0.696s] DEBUG:colcon.colcon_core.package_identification:Package 'pid_node' with type 'ros.ament_cmake' and name 'pid_node'
[0.696s] Level 1:colcon.colcon_core.package_identification:_identify(scion_types) by extensions ['ignore', 'ignore_ament_install']
[0.696s] Level 1:colcon.colcon_core.package_identification:_identify(scion_types) by extension 'ignore'
[0.696s] Level 1:colcon.colcon_core.package_identification:_identify(scion_types) by extension 'ignore_ament_install'
[0.696s] Level 1:colcon.colcon_core.package_identification:_identify(scion_types) by extensions ['colcon_pkg']
[0.696s] Level 1:colcon.colcon_core.package_identification:_identify(scion_types) by extension 'colcon_pkg'
[0.697s] Level 1:colcon.colcon_core.package_identification:_identify(scion_types) by extensions ['colcon_meta']
[0.697s] Level 1:colcon.colcon_core.package_identification:_identify(scion_types) by extension 'colcon_meta'
[0.697s] Level 1:colcon.colcon_core.package_identification:_identify(scion_types) by extensions ['ros']
[0.697s] Level 1:colcon.colcon_core.package_identification:_identify(scion_types) by extension 'ros'
[0.698s] DEBUG:colcon.colcon_core.package_identification:Package 'scion_types' with type 'ros.ament_cmake' and name 'scion_types'
[0.698s] Level 1:colcon.colcon_core.package_identification:_identify(zed-ros2-wrapper) by extensions ['ignore', 'ignore_ament_install']
[0.698s] Level 1:colcon.colcon_core.package_identification:_identify(zed-ros2-wrapper) by extension 'ignore'
[0.698s] Level 1:colcon.colcon_core.package_identification:_identify(zed-ros2-wrapper) by extension 'ignore_ament_install'
[0.698s] Level 1:colcon.colcon_core.package_identification:_identify(zed-ros2-wrapper) by extensions ['colcon_pkg']
[0.698s] Level 1:colcon.colcon_core.package_identification:_identify(zed-ros2-wrapper) by extension 'colcon_pkg'
[0.698s] Level 1:colcon.colcon_core.package_identification:_identify(zed-ros2-wrapper) by extensions ['colcon_meta']
[0.698s] Level 1:colcon.colcon_core.package_identification:_identify(zed-ros2-wrapper) by extension 'colcon_meta'
[0.698s] Level 1:colcon.colcon_core.package_identification:_identify(zed-ros2-wrapper) by extensions ['ros']
[0.698s] Level 1:colcon.colcon_core.package_identification:_identify(zed-ros2-wrapper) by extension 'ros'
[0.699s] Level 1:colcon.colcon_core.package_identification:_identify(zed-ros2-wrapper) by extensions ['cmake', 'python']
[0.699s] Level 1:colcon.colcon_core.package_identification:_identify(zed-ros2-wrapper) by extension 'cmake'
[0.699s] Level 1:colcon.colcon_core.package_identification:_identify(zed-ros2-wrapper) by extension 'python'
[0.699s] Level 1:colcon.colcon_core.package_identification:_identify(zed-ros2-wrapper) by extensions ['python_setup_py']
[0.699s] Level 1:colcon.colcon_core.package_identification:_identify(zed-ros2-wrapper) by extension 'python_setup_py'
[0.699s] Level 1:colcon.colcon_core.package_identification:_identify(zed-ros2-wrapper/docker) by extensions ['ignore', 'ignore_ament_install']
[0.699s] Level 1:colcon.colcon_core.package_identification:_identify(zed-ros2-wrapper/docker) by extension 'ignore'
[0.699s] Level 1:colcon.colcon_core.package_identification:_identify(zed-ros2-wrapper/docker) by extension 'ignore_ament_install'
[0.699s] Level 1:colcon.colcon_core.package_identification:_identify(zed-ros2-wrapper/docker) by extensions ['colcon_pkg']
[0.699s] Level 1:colcon.colcon_core.package_identification:_identify(zed-ros2-wrapper/docker) by extension 'colcon_pkg'
[0.699s] Level 1:colcon.colcon_core.package_identification:_identify(zed-ros2-wrapper/docker) by extensions ['colcon_meta']
[0.699s] Level 1:colcon.colcon_core.package_identification:_identify(zed-ros2-wrapper/docker) by extension 'colcon_meta'
[0.699s] Level 1:colcon.colcon_core.package_identification:_identify(zed-ros2-wrapper/docker) by extensions ['ros']
[0.700s] Level 1:colcon.colcon_core.package_identification:_identify(zed-ros2-wrapper/docker) by extension 'ros'
[0.700s] Level 1:colcon.colcon_core.package_identification:_identify(zed-ros2-wrapper/docker) by extensions ['cmake', 'python']
[0.700s] Level 1:colcon.colcon_core.package_identification:_identify(zed-ros2-wrapper/docker) by extension 'cmake'
[0.700s] Level 1:colcon.colcon_core.package_identification:_identify(zed-ros2-wrapper/docker) by extension 'python'
[0.700s] Level 1:colcon.colcon_core.package_identification:_identify(zed-ros2-wrapper/docker) by extensions ['python_setup_py']
[0.700s] Level 1:colcon.colcon_core.package_identification:_identify(zed-ros2-wrapper/docker) by extension 'python_setup_py'
[0.700s] Level 1:colcon.colcon_core.package_identification:_identify(zed-ros2-wrapper/images) by extensions ['ignore', 'ignore_ament_install']
[0.700s] Level 1:colcon.colcon_core.package_identification:_identify(zed-ros2-wrapper/images) by extension 'ignore'
[0.700s] Level 1:colcon.colcon_core.package_identification:_identify(zed-ros2-wrapper/images) by extension 'ignore_ament_install'
[0.700s] Level 1:colcon.colcon_core.package_identification:_identify(zed-ros2-wrapper/images) by extensions ['colcon_pkg']
[0.700s] Level 1:colcon.colcon_core.package_identification:_identify(zed-ros2-wrapper/images) by extension 'colcon_pkg'
[0.700s] Level 1:colcon.colcon_core.package_identification:_identify(zed-ros2-wrapper/images) by extensions ['colcon_meta']
[0.700s] Level 1:colcon.colcon_core.package_identification:_identify(zed-ros2-wrapper/images) by extension 'colcon_meta'
[0.701s] Level 1:colcon.colcon_core.package_identification:_identify(zed-ros2-wrapper/images) by extensions ['ros']
[0.701s] Level 1:colcon.colcon_core.package_identification:_identify(zed-ros2-wrapper/images) by extension 'ros'
[0.701s] Level 1:colcon.colcon_core.package_identification:_identify(zed-ros2-wrapper/images) by extensions ['cmake', 'python']
[0.701s] Level 1:colcon.colcon_core.package_identification:_identify(zed-ros2-wrapper/images) by extension 'cmake'
[0.701s] Level 1:colcon.colcon_core.package_identification:_identify(zed-ros2-wrapper/images) by extension 'python'
[0.701s] Level 1:colcon.colcon_core.package_identification:_identify(zed-ros2-wrapper/images) by extensions ['python_setup_py']
[0.701s] Level 1:colcon.colcon_core.package_identification:_identify(zed-ros2-wrapper/images) by extension 'python_setup_py'
[0.701s] Level 1:colcon.colcon_core.package_identification:_identify(zed-ros2-wrapper/zed-ros2-interfaces) by extensions ['ignore', 'ignore_ament_install']
[0.701s] Level 1:colcon.colcon_core.package_identification:_identify(zed-ros2-wrapper/zed-ros2-interfaces) by extension 'ignore'
[0.701s] Level 1:colcon.colcon_core.package_identification:_identify(zed-ros2-wrapper/zed-ros2-interfaces) by extension 'ignore_ament_install'
[0.701s] Level 1:colcon.colcon_core.package_identification:_identify(zed-ros2-wrapper/zed-ros2-interfaces) by extensions ['colcon_pkg']
[0.701s] Level 1:colcon.colcon_core.package_identification:_identify(zed-ros2-wrapper/zed-ros2-interfaces) by extension 'colcon_pkg'
[0.701s] Level 1:colcon.colcon_core.package_identification:_identify(zed-ros2-wrapper/zed-ros2-interfaces) by extensions ['colcon_meta']
[0.701s] Level 1:colcon.colcon_core.package_identification:_identify(zed-ros2-wrapper/zed-ros2-interfaces) by extension 'colcon_meta'
[0.702s] Level 1:colcon.colcon_core.package_identification:_identify(zed-ros2-wrapper/zed-ros2-interfaces) by extensions ['ros']
[0.702s] Level 1:colcon.colcon_core.package_identification:_identify(zed-ros2-wrapper/zed-ros2-interfaces) by extension 'ros'
[0.703s] DEBUG:colcon.colcon_core.package_identification:Package 'zed-ros2-wrapper/zed-ros2-interfaces' with type 'ros.ament_cmake' and name 'zed_interfaces'
[0.703s] Level 1:colcon.colcon_core.package_identification:_identify(zed-ros2-wrapper/zed_components) by extensions ['ignore', 'ignore_ament_install']
[0.703s] Level 1:colcon.colcon_core.package_identification:_identify(zed-ros2-wrapper/zed_components) by extension 'ignore'
[0.703s] Level 1:colcon.colcon_core.package_identification:_identify(zed-ros2-wrapper/zed_components) by extension 'ignore_ament_install'
[0.703s] Level 1:colcon.colcon_core.package_identification:_identify(zed-ros2-wrapper/zed_components) by extensions ['colcon_pkg']
[0.703s] Level 1:colcon.colcon_core.package_identification:_identify(zed-ros2-wrapper/zed_components) by extension 'colcon_pkg'
[0.703s] Level 1:colcon.colcon_core.package_identification:_identify(zed-ros2-wrapper/zed_components) by extensions ['colcon_meta']
[0.703s] Level 1:colcon.colcon_core.package_identification:_identify(zed-ros2-wrapper/zed_components) by extension 'colcon_meta'
[0.703s] Level 1:colcon.colcon_core.package_identification:_identify(zed-ros2-wrapper/zed_components) by extensions ['ros']
[0.703s] Level 1:colcon.colcon_core.package_identification:_identify(zed-ros2-wrapper/zed_components) by extension 'ros'
[0.705s] DEBUG:colcon.colcon_core.package_identification:Package 'zed-ros2-wrapper/zed_components' with type 'ros.ament_cmake' and name 'zed_components'
[0.705s] Level 1:colcon.colcon_core.package_identification:_identify(zed-ros2-wrapper/zed_ros2) by extensions ['ignore', 'ignore_ament_install']
[0.705s] Level 1:colcon.colcon_core.package_identification:_identify(zed-ros2-wrapper/zed_ros2) by extension 'ignore'
[0.705s] Level 1:colcon.colcon_core.package_identification:_identify(zed-ros2-wrapper/zed_ros2) by extension 'ignore_ament_install'
[0.705s] Level 1:colcon.colcon_core.package_identification:_identify(zed-ros2-wrapper/zed_ros2) by extensions ['colcon_pkg']
[0.705s] Level 1:colcon.colcon_core.package_identification:_identify(zed-ros2-wrapper/zed_ros2) by extension 'colcon_pkg'
[0.705s] Level 1:colcon.colcon_core.package_identification:_identify(zed-ros2-wrapper/zed_ros2) by extensions ['colcon_meta']
[0.706s] Level 1:colcon.colcon_core.package_identification:_identify(zed-ros2-wrapper/zed_ros2) by extension 'colcon_meta'
[0.706s] Level 1:colcon.colcon_core.package_identification:_identify(zed-ros2-wrapper/zed_ros2) by extensions ['ros']
[0.706s] Level 1:colcon.colcon_core.package_identification:_identify(zed-ros2-wrapper/zed_ros2) by extension 'ros'
[0.706s] DEBUG:colcon.colcon_core.package_identification:Package 'zed-ros2-wrapper/zed_ros2' with type 'ros.ament_cmake' and name 'zed_ros2'
[0.707s] Level 1:colcon.colcon_core.package_identification:_identify(zed-ros2-wrapper/zed_wrapper) by extensions ['ignore', 'ignore_ament_install']
[0.707s] Level 1:colcon.colcon_core.package_identification:_identify(zed-ros2-wrapper/zed_wrapper) by extension 'ignore'
[0.707s] Level 1:colcon.colcon_core.package_identification:_identify(zed-ros2-wrapper/zed_wrapper) by extension 'ignore_ament_install'
[0.707s] Level 1:colcon.colcon_core.package_identification:_identify(zed-ros2-wrapper/zed_wrapper) by extensions ['colcon_pkg']
[0.707s] Level 1:colcon.colcon_core.package_identification:_identify(zed-ros2-wrapper/zed_wrapper) by extension 'colcon_pkg'
[0.707s] Level 1:colcon.colcon_core.package_identification:_identify(zed-ros2-wrapper/zed_wrapper) by extensions ['colcon_meta']
[0.707s] Level 1:colcon.colcon_core.package_identification:_identify(zed-ros2-wrapper/zed_wrapper) by extension 'colcon_meta'
[0.707s] Level 1:colcon.colcon_core.package_identification:_identify(zed-ros2-wrapper/zed_wrapper) by extensions ['ros']
[0.707s] Level 1:colcon.colcon_core.package_identification:_identify(zed-ros2-wrapper/zed_wrapper) by extension 'ros'
[0.708s] DEBUG:colcon.colcon_core.package_identification:Package 'zed-ros2-wrapper/zed_wrapper' with type 'ros.ament_cmake' and name 'zed_wrapper'
[0.708s] Level 1:colcon.colcon_core.package_identification:_identify(zed_pos_node) by extensions ['ignore', 'ignore_ament_install']
[0.708s] Level 1:colcon.colcon_core.package_identification:_identify(zed_pos_node) by extension 'ignore'
[0.708s] Level 1:colcon.colcon_core.package_identification:_identify(zed_pos_node) by extension 'ignore_ament_install'
[0.709s] Level 1:colcon.colcon_core.package_identification:_identify(zed_pos_node) by extensions ['colcon_pkg']
[0.709s] Level 1:colcon.colcon_core.package_identification:_identify(zed_pos_node) by extension 'colcon_pkg'
[0.709s] Level 1:colcon.colcon_core.package_identification:_identify(zed_pos_node) by extensions ['colcon_meta']
[0.709s] Level 1:colcon.colcon_core.package_identification:_identify(zed_pos_node) by extension 'colcon_meta'
[0.709s] Level 1:colcon.colcon_core.package_identification:_identify(zed_pos_node) by extensions ['ros']
[0.709s] Level 1:colcon.colcon_core.package_identification:_identify(zed_pos_node) by extension 'ros'
[0.710s] DEBUG:colcon.colcon_core.package_identification:Package 'zed_pos_node' with type 'ros.ament_cmake' and name 'zed_pos_node'
[0.710s] Level 1:colcon.colcon_core.package_identification:_identify(zed_vision_node) by extensions ['ignore', 'ignore_ament_install']
[0.710s] Level 1:colcon.colcon_core.package_identification:_identify(zed_vision_node) by extension 'ignore'
[0.710s] Level 1:colcon.colcon_core.package_identification:_identify(zed_vision_node) by extension 'ignore_ament_install'
[0.710s] Level 1:colcon.colcon_core.package_identification:_identify(zed_vision_node) by extensions ['colcon_pkg']
[0.710s] Level 1:colcon.colcon_core.package_identification:_identify(zed_vision_node) by extension 'colcon_pkg'
[0.710s] Level 1:colcon.colcon_core.package_identification:_identify(zed_vision_node) by extensions ['colcon_meta']
[0.710s] Level 1:colcon.colcon_core.package_identification:_identify(zed_vision_node) by extension 'colcon_meta'
[0.710s] Level 1:colcon.colcon_core.package_identification:_identify(zed_vision_node) by extensions ['ros']
[0.710s] Level 1:colcon.colcon_core.package_identification:_identify(zed_vision_node) by extension 'ros'
[0.711s] DEBUG:colcon.colcon_core.package_identification:Package 'zed_vision_node' with type 'ros.ament_python' and name 'zed_vision_node'
[0.711s] Level 1:colcon.colcon_core.package_discovery:discover_packages(recursive) using defaults
[0.711s] Level 1:colcon.colcon_core.package_discovery:discover_packages(ignore) discover
[0.711s] Level 1:colcon.colcon_core.package_discovery:discover_packages(ignore) using defaults
[0.712s] Level 1:colcon.colcon_core.package_discovery:discover_packages(path) discover
[0.712s] Level 1:colcon.colcon_core.package_discovery:discover_packages(path) using defaults
[0.760s] INFO:colcon.colcon_core.package_selection:Skipping not selected package 'can2ros_driver' in 'can2ros_driver'
[0.760s] INFO:colcon.colcon_core.package_selection:Skipping not selected package 'dres_dvl_decode' in 'dres_dvl_decode'
[0.760s] INFO:colcon.colcon_core.package_selection:Skipping not selected package 'dres_ms5837_decode' in 'dres_ms5837_decode'
[0.760s] INFO:colcon.colcon_core.package_selection:Skipping not selected package 'scion_types' in 'scion_types'
[0.760s] INFO:colcon.colcon_core.package_selection:Skipping not selected package 'zed_interfaces' in 'zed-ros2-wrapper/zed-ros2-interfaces'
[0.760s] INFO:colcon.colcon_core.package_selection:Skipping not selected package 'pid_node' in 'pid_node'
[0.760s] INFO:colcon.colcon_core.package_selection:Skipping not selected package 'zed_components' in 'zed-ros2-wrapper/zed_components'
[0.760s] INFO:colcon.colcon_core.package_selection:Skipping not selected package 'zed_pos_node' in 'zed_pos_node'
[0.760s] INFO:colcon.colcon_core.package_selection:Skipping not selected package 'zed_vision_node' in 'zed_vision_node'
[0.760s] INFO:colcon.colcon_core.package_selection:Skipping not selected package 'zed_wrapper' in 'zed-ros2-wrapper/zed_wrapper'
[0.760s] INFO:colcon.colcon_core.package_selection:Skipping not selected package 'zed_ros2' in 'zed-ros2-wrapper/zed_ros2'
[0.762s] Level 1:colcon.colcon_core.package_discovery:discover_packages(prefix_path) check parameters
[0.762s] Level 1:colcon.colcon_core.package_discovery:discover_packages(prefix_path) discover
[0.765s] WARNING:colcon.colcon_core.prefix_path.colcon:The path '/home/mechatronics/master/Mechatronics-2023/install' in the environment variable COLCON_PREFIX_PATH doesn't exist
[0.766s] WARNING:colcon.colcon_ros.prefix_path.ament:The path '/home/mechatronics/master/Mechatronics-2023/install/zed_vision_node' in the environment variable AMENT_PREFIX_PATH doesn't exist
[0.766s] WARNING:colcon.colcon_ros.prefix_path.ament:The path '/home/mechatronics/master/Mechatronics-2023/install/pid_node' in the environment variable AMENT_PREFIX_PATH doesn't exist
[0.766s] WARNING:colcon.colcon_ros.prefix_path.ament:The path '/home/mechatronics/master/Mechatronics-2023/install/dres_ms5837_decode' in the environment variable AMENT_PREFIX_PATH doesn't exist
[0.766s] WARNING:colcon.colcon_ros.prefix_path.ament:The path '/home/mechatronics/master/Mechatronics-2023/install/dres_dvl_decode' in the environment variable AMENT_PREFIX_PATH doesn't exist
[0.766s] WARNING:colcon.colcon_ros.prefix_path.ament:The path '/home/mechatronics/master/Mechatronics-2023/install/can2ros_driver' in the environment variable AMENT_PREFIX_PATH doesn't exist
[0.766s] WARNING:colcon.colcon_ros.prefix_path.ament:The path '/home/mechatronics/master/Mechatronics-2023/install/scion_types' in the environment variable AMENT_PREFIX_PATH doesn't exist
[0.766s] WARNING:colcon.colcon_ros.prefix_path.ament:The path '/home/mechatronics/master/Mechatronics-2023/install/ahrs_node' in the environment variable AMENT_PREFIX_PATH doesn't exist
[0.768s] WARNING:colcon.colcon_ros.prefix_path.catkin:The path '/home/mechatronics/master/Mechatronics-2023/install/pid_node' in the environment variable CMAKE_PREFIX_PATH doesn't exist
[0.769s] WARNING:colcon.colcon_ros.prefix_path.catkin:The path '/home/mechatronics/master/Mechatronics-2023/install/dres_ms5837_decode' in the environment variable CMAKE_PREFIX_PATH doesn't exist
[0.769s] WARNING:colcon.colcon_ros.prefix_path.catkin:The path '/home/mechatronics/master/Mechatronics-2023/install/dres_dvl_decode' in the environment variable CMAKE_PREFIX_PATH doesn't exist
[0.769s] WARNING:colcon.colcon_ros.prefix_path.catkin:The path '/home/mechatronics/master/Mechatronics-2023/install/can2ros_driver' in the environment variable CMAKE_PREFIX_PATH doesn't exist
[0.769s] WARNING:colcon.colcon_ros.prefix_path.catkin:The path '/home/mechatronics/master/Mechatronics-2023/install/scion_types' in the environment variable CMAKE_PREFIX_PATH doesn't exist
[0.773s] DEBUG:colcon.colcon_installed_package_information.package_discovery:Found 12 installed packages in /home/mechatronics/master/Mechatronics-2023/ros2_ws/install
[0.777s] DEBUG:colcon.colcon_installed_package_information.package_discovery:Found 37 installed packages in /home/mechatronics/junebug_workspace/install
[0.781s] DEBUG:colcon.colcon_installed_package_information.package_discovery:Found 2 installed packages in /home/mechatronics/candriver_1.19.23/install
[0.785s] DEBUG:colcon.colcon_installed_package_information.package_discovery:Found 260 installed packages in /opt/ros/foxy
[0.787s] Level 1:colcon.colcon_core.package_discovery:discover_packages(prefix_path) using defaults
[0.890s] Level 5:colcon.colcon_core.verb:set package 'ahrs_node' build argument 'cmake_args' from command line to 'None'
[0.890s] Level 5:colcon.colcon_core.verb:set package 'ahrs_node' build argument 'cmake_target' from command line to 'None'
[0.890s] Level 5:colcon.colcon_core.verb:set package 'ahrs_node' build argument 'cmake_target_skip_unavailable' from command line to 'False'
[0.890s] Level 5:colcon.colcon_core.verb:set package 'ahrs_node' build argument 'cmake_clean_cache' from command line to 'False'
[0.890s] Level 5:colcon.colcon_core.verb:set package 'ahrs_node' build argument 'cmake_clean_first' from command line to 'False'
[0.890s] Level 5:colcon.colcon_core.verb:set package 'ahrs_node' build argument 'cmake_force_configure' from command line to 'False'
[0.890s] Level 5:colcon.colcon_core.verb:set package 'ahrs_node' build argument 'ament_cmake_args' from command line to 'None'
[0.890s] Level 5:colcon.colcon_core.verb:set package 'ahrs_node' build argument 'catkin_cmake_args' from command line to 'None'
[0.890s] Level 5:colcon.colcon_core.verb:set package 'ahrs_node' build argument 'catkin_skip_building_tests' from command line to 'False'
[0.891s] DEBUG:colcon.colcon_core.verb:Building package 'ahrs_node' with the following arguments: {'ament_cmake_args': None, 'build_base': '/home/mechatronics/master/Mechatronics-2023/ros2_ws/src/build/ahrs_node', 'catkin_cmake_args': None, 'catkin_skip_building_tests': False, 'cmake_args': None, 'cmake_clean_cache': False, 'cmake_clean_first': False, 'cmake_force_configure': False, 'cmake_target': None, 'cmake_target_skip_unavailable': False, 'install_base': '/home/mechatronics/master/Mechatronics-2023/ros2_ws/src/install/ahrs_node', 'merge_install': False, 'path': '/home/mechatronics/master/Mechatronics-2023/ros2_ws/src/ahrs_node', 'symlink_install': False, 'test_result_base': None}
[0.893s] INFO:colcon.colcon_core.executor:Executing jobs using 'parallel' executor
[0.904s] DEBUG:colcon.colcon_parallel_executor.executor.parallel:run_until_complete
[0.905s] INFO:colcon.colcon_ros.task.ament_python.build:Building ROS package in '/home/mechatronics/master/Mechatronics-2023/ros2_ws/src/ahrs_node' with build type 'ament_python'
[0.905s] Level 1:colcon.colcon_core.shell:create_environment_hook('ahrs_node', 'ament_prefix_path')
[0.916s] INFO:colcon.colcon_core.plugin_system:Skipping extension 'colcon_core.shell.bat': Not used on non-Windows systems
[0.916s] INFO:colcon.colcon_core.shell:Creating environment hook '/home/mechatronics/master/Mechatronics-2023/ros2_ws/src/install/ahrs_node/share/ahrs_node/hook/ament_prefix_path.ps1'
[0.917s] INFO:colcon.colcon_core.shell:Creating environment descriptor '/home/mechatronics/master/Mechatronics-2023/ros2_ws/src/install/ahrs_node/share/ahrs_node/hook/ament_prefix_path.dsv'
[0.918s] INFO:colcon.colcon_core.shell:Creating environment hook '/home/mechatronics/master/Mechatronics-2023/ros2_ws/src/install/ahrs_node/share/ahrs_node/hook/ament_prefix_path.sh'
[0.923s] INFO:colcon.colcon_core.shell:Skip shell extension 'powershell' for command environment: Not usable outside of PowerShell
[0.923s] DEBUG:colcon.colcon_core.shell:Skip shell extension 'dsv' for command environment
[1.419s] INFO:colcon.colcon_core.task.python.build:Building Python package in '/home/mechatronics/master/Mechatronics-2023/ros2_ws/src/ahrs_node'
[1.425s] INFO:colcon.colcon_core.shell:Skip shell extension 'powershell' for command environment: Not usable outside of PowerShell
[1.425s] DEBUG:colcon.colcon_core.shell:Skip shell extension 'dsv' for command environment
[2.117s] DEBUG:colcon.colcon_core.event_handler.log_command:Invoking command in '/home/mechatronics/master/Mechatronics-2023/ros2_ws/src/ahrs_node': PYTHONPATH=/home/mechatronics/master/Mechatronics-2023/ros2_ws/src/build/ahrs_node/prefix_override:/home/mechatronics/master/Mechatronics-2023/ros2_ws/src/install/ahrs_node/lib/python3.8/site-packages:${PYTHONPATH} /usr/bin/python3 setup.py egg_info --egg-base ../build/ahrs_node build --build-base /home/mechatronics/master/Mechatronics-2023/ros2_ws/src/build/ahrs_node/build install --record /home/mechatronics/master/Mechatronics-2023/ros2_ws/src/build/ahrs_node/install.log --install-scripts $base/lib/ahrs_node --single-version-externally-managed
[2.654s] DEBUG:colcon.colcon_core.event_handler.log_command:Invoked command in '/home/mechatronics/master/Mechatronics-2023/ros2_ws/src/ahrs_node' returned '0': PYTHONPATH=/home/mechatronics/master/Mechatronics-2023/ros2_ws/src/build/ahrs_node/prefix_override:/home/mechatronics/master/Mechatronics-2023/ros2_ws/src/install/ahrs_node/lib/python3.8/site-packages:${PYTHONPATH} /usr/bin/python3 setup.py egg_info --egg-base ../build/ahrs_node build --build-base /home/mechatronics/master/Mechatronics-2023/ros2_ws/src/build/ahrs_node/build install --record /home/mechatronics/master/Mechatronics-2023/ros2_ws/src/build/ahrs_node/install.log --install-scripts $base/lib/ahrs_node --single-version-externally-managed
[2.684s] Level 1:colcon.colcon_core.environment:checking '/home/mechatronics/master/Mechatronics-2023/ros2_ws/src/install/ahrs_node' for CMake module files
[2.686s] Level 1:colcon.colcon_core.environment:checking '/home/mechatronics/master/Mechatronics-2023/ros2_ws/src/install/ahrs_node' for CMake config files
[2.688s] Level 1:colcon.colcon_core.environment:checking '/home/mechatronics/master/Mechatronics-2023/ros2_ws/src/install/ahrs_node/lib'
[2.689s] Level 1:colcon.colcon_core.environment:checking '/home/mechatronics/master/Mechatronics-2023/ros2_ws/src/install/ahrs_node/bin'
[2.689s] Level 1:colcon.colcon_core.environment:checking '/home/mechatronics/master/Mechatronics-2023/ros2_ws/src/install/ahrs_node/lib/pkgconfig/ahrs_node.pc'
[2.690s] Level 1:colcon.colcon_core.environment:checking '/home/mechatronics/master/Mechatronics-2023/ros2_ws/src/install/ahrs_node/lib/python3.8/site-packages'
[2.690s] Level 1:colcon.colcon_core.shell:create_environment_hook('ahrs_node', 'pythonpath')
[2.698s] INFO:colcon.colcon_core.shell:Creating environment hook '/home/mechatronics/master/Mechatronics-2023/ros2_ws/src/install/ahrs_node/share/ahrs_node/hook/pythonpath.ps1'
[2.699s] INFO:colcon.colcon_core.shell:Creating environment descriptor '/home/mechatronics/master/Mechatronics-2023/ros2_ws/src/install/ahrs_node/share/ahrs_node/hook/pythonpath.dsv'
[2.700s] INFO:colcon.colcon_core.shell:Creating environment hook '/home/mechatronics/master/Mechatronics-2023/ros2_ws/src/install/ahrs_node/share/ahrs_node/hook/pythonpath.sh'
[2.701s] Level 1:colcon.colcon_core.environment:checking '/home/mechatronics/master/Mechatronics-2023/ros2_ws/src/install/ahrs_node/bin'
[2.701s] Level 1:colcon.colcon_core.environment:create_environment_scripts_only(ahrs_node)
[2.708s] INFO:colcon.colcon_core.shell:Creating package script '/home/mechatronics/master/Mechatronics-2023/ros2_ws/src/install/ahrs_node/share/ahrs_node/package.ps1'
[2.710s] INFO:colcon.colcon_core.shell:Creating package descriptor '/home/mechatronics/master/Mechatronics-2023/ros2_ws/src/install/ahrs_node/share/ahrs_node/package.dsv'
[2.710s] INFO:colcon.colcon_core.shell:Creating package script '/home/mechatronics/master/Mechatronics-2023/ros2_ws/src/install/ahrs_node/share/ahrs_node/package.sh'
[2.712s] INFO:colcon.colcon_core.shell:Creating package script '/home/mechatronics/master/Mechatronics-2023/ros2_ws/src/install/ahrs_node/share/ahrs_node/package.bash'
[2.712s] INFO:colcon.colcon_core.shell:Creating package script '/home/mechatronics/master/Mechatronics-2023/ros2_ws/src/install/ahrs_node/share/ahrs_node/package.zsh'
[2.714s] Level 1:colcon.colcon_core.environment:create_file_with_runtime_dependencies(/home/mechatronics/master/Mechatronics-2023/ros2_ws/src/install/ahrs_node/share/colcon-core/packages/ahrs_node)
[2.715s] DEBUG:colcon.colcon_parallel_executor.executor.parallel:closing loop
[2.715s] DEBUG:colcon.colcon_parallel_executor.executor.parallel:loop closed
[2.715s] DEBUG:colcon.colcon_parallel_executor.executor.parallel:run_until_complete finished with '0'
[2.716s] DEBUG:colcon.colcon_core.event_reactor:joining thread
[2.736s] INFO:colcon.colcon_core.plugin_system:Skipping extension 'colcon_notification.desktop_notification.terminal_notifier': Not used on non-Darwin systems
[2.736s] INFO:colcon.colcon_core.plugin_system:Skipping extension 'colcon_notification.desktop_notification.win32': Not used on non-Windows systems
[2.737s] INFO:colcon.colcon_notification.desktop_notification:Sending desktop notification using 'notify2'
[2.785s] DEBUG:colcon.colcon_core.event_reactor:joined thread
[2.794s] INFO:colcon.colcon_core.shell:Creating prefix script '/home/mechatronics/master/Mechatronics-2023/ros2_ws/src/install/local_setup.ps1'
[2.796s] INFO:colcon.colcon_core.shell:Creating prefix util module '/home/mechatronics/master/Mechatronics-2023/ros2_ws/src/install/_local_setup_util_ps1.py'
[2.799s] INFO:colcon.colcon_core.shell:Creating prefix chain script '/home/mechatronics/master/Mechatronics-2023/ros2_ws/src/install/setup.ps1'
[2.806s] INFO:colcon.colcon_core.shell:Creating prefix script '/home/mechatronics/master/Mechatronics-2023/ros2_ws/src/install/local_setup.sh'
[2.807s] INFO:colcon.colcon_core.shell:Creating prefix util module '/home/mechatronics/master/Mechatronics-2023/ros2_ws/src/install/_local_setup_util_sh.py'
[2.808s] INFO:colcon.colcon_core.shell:Creating prefix chain script '/home/mechatronics/master/Mechatronics-2023/ros2_ws/src/install/setup.sh'
[2.814s] INFO:colcon.colcon_core.shell:Creating prefix script '/home/mechatronics/master/Mechatronics-2023/ros2_ws/src/install/local_setup.bash'
[2.815s] INFO:colcon.colcon_core.shell:Creating prefix chain script '/home/mechatronics/master/Mechatronics-2023/ros2_ws/src/install/setup.bash'
[2.821s] INFO:colcon.colcon_core.shell:Creating prefix script '/home/mechatronics/master/Mechatronics-2023/ros2_ws/src/install/local_setup.zsh'
[2.821s] INFO:colcon.colcon_core.shell:Creating prefix chain script '/home/mechatronics/master/Mechatronics-2023/ros2_ws/src/install/setup.zsh'
